"May 23, 2020 @ 12:44:35.491",9,"Windows Application error event","""Volume Shadow Copy Service information: The COM Server with CLSID {e579ab5f-1cc4-44b4-bed9-de0991ff0623} and name Coordinator cannot be started. [0x80070005, Access is denied.
] """,,
"May 23, 2020 @ 12:44:34.300",12,"Sysmon - Suspicious Process - explorer.exe","""Process Create:
RuleName: 
UtcTime: 2020-05-23 12:44:16.480
ProcessGuid: {df9fc3d3-1aa0-5ec9-0000-0010ffa40d00}
ProcessId: 7660
Image: C:\Windows\explorer.exe
FileVersion: 10.0.18362.693 (WinBuild.160101.0800)
Description: Windows Explorer
Product: Microsoft® Windows® Operating System
Company: Microsoft Corporation
OriginalFileName: EXPLORER.EXE
CommandLine: explorer.exe /LOADSAVEDWINDOWS
CurrentDirectory: C:\Windows\
User: DESKTOP-HUE026H\John Williams
LogonGuid: {df9fc3d3-1a6b-5ec9-0000-0020723c0300}
LogonId: 0x33C72
TerminalSessionId: 1
IntegrityLevel: Medium
Hashes: MD5=F7DC8A74E30E08B9510380274CFB9288,SHA256=C5E88D778C0B118D49BEF467ED059C09B61DEEA505D2A3D5CA1DCC0A5CDF752F,IMPHASH=FE6F775DD0C72FFD106F56930C60A452
ParentProcessGuid: {df9fc3d3-1a9b-5ec9-0000-0010c5100d00}
ParentProcessId: 7432
ParentImage: C:\Windows\System32\sihost.exe
ParentCommandLine: sihost.exe""","explorer.exe /LOADSAVEDWINDOWS","{""win"":{""system"":{""providerName"":""Microsoft-Windows-Sysmon"",""providerGuid"":""{5770385f-c22a-43e0-bf4c-06f5698ffbd9}"",""eventID"":""1"",""version"":""5"",""level"":""4"",""task"":""1"",""opcode"":""0"",""keywords"":""0x8000000000000000"",""systemTime"":""2020-05-23T12:44:16.488376700Z"",""eventRecordID"":""1649"",""processID"":""2100"",""threadID"":""3216"",""channel"":""Microsoft-Windows-Sysmon/Operational"",""computer"":""DESKTOP-HUE026H"",""severityValue"":""INFORMATION"",""message"":""\""Process Create:\r\nRuleName: \r\nUtcTime: 2020-05-23 12:44:16.480\r\nProcessGuid: {df9fc3d3-1aa0-5ec9-0000-0010ffa40d00}\r\nProcessId: 7660\r\nImage: C:\\Windows\\explorer.exe\r\nFileVersion: 10.0.18362.693 (WinBuild.160101.0800)\r\nDescription: Windows Explorer\r\nProduct: Microsoft® Windows® Operating System\r\nCompany: Microsoft Corporation\r\nOriginalFileName: EXPLORER.EXE\r\nCommandLine: explorer.exe /LOADSAVEDWINDOWS\r\nCurrentDirectory: C:\\Windows\\\r\nUser: DESKTOP-HUE026H\\John Williams\r\nLogonGuid: {df9fc3d3-1a6b-5ec9-0000-0020723c0300}\r\nLogonId: 0x33C72\r\nTerminalSessionId: 1\r\nIntegrityLevel: Medium\r\nHashes: MD5=F7DC8A74E30E08B9510380274CFB9288,SHA256=C5E88D778C0B118D49BEF467ED059C09B61DEEA505D2A3D5CA1DCC0A5CDF752F,IMPHASH=FE6F775DD0C72FFD106F56930C60A452\r\nParentProcessGuid: {df9fc3d3-1a9b-5ec9-0000-0010c5100d00}\r\nParentProcessId: 7432\r\nParentImage: C:\\Windows\\System32\\sihost.exe\r\nParentCommandLine: sihost.exe\""""},""eventdata"":{""utcTime"":""2020-05-23 12:44:16.480"",""processGuid"":""{df9fc3d3-1aa0-5ec9-0000-0010ffa40d00}"",""processId"":""7660"",""image"":""C:\\\\Windows\\\\explorer.exe"",""fileVersion"":""10.0.18362.693 (WinBuild.160101.0800)"",""description"":""Windows Explorer"",""product"":""Microsoft® Windows® Operating System"",""company"":""Microsoft Corporation"",""originalFileName"":""EXPLORER.EXE"",""commandLine"":""explorer.exe /LOADSAVEDWINDOWS"",""currentDirectory"":""C:\\\\Windows\\\\"",""user"":""DESKTOP-HUE026H\\\\John Williams"",""logonGuid"":""{df9fc3d3-1a6b-5ec9-0000-0020723c0300}"",""logonId"":""0x33c72"",""terminalSessionId"":""1"",""integrityLevel"":""Medium"",""hashes"":""MD5=F7DC8A74E30E08B9510380274CFB9288,SHA256=C5E88D778C0B118D49BEF467ED059C09B61DEEA505D2A3D5CA1DCC0A5CDF752F,IMPHASH=FE6F775DD0C72FFD106F56930C60A452"",""parentProcessGuid"":""{df9fc3d3-1a9b-5ec9-0000-0010c5100d00}"",""parentProcessId"":""7432"",""parentImage"":""C:\\\\Windows\\\\System32\\\\sihost.exe"",""parentCommandLine"":""sihost.exe""}}}"
"May 23, 2020 @ 12:44:34.248",9,"Windows Application error event","""Faulting application name: RuntimeBroker.exe, version: 10.0.18362.1, time stamp: 0x4539d5a0
Faulting module name: ntdll.dll, version: 10.0.18362.719, time stamp: 0x64d10ee0
Exception code: 0xc0000005
Fault offset: 0x000000000003b890
Faulting process id: 0xe94
Faulting application start time: 0x01d630ffccd5ad63
Faulting application path: C:\Windows\System32\RuntimeBroker.exe
Faulting module path: C:\Windows\SYSTEM32\ntdll.dll
Report Id: 14807a95-a99b-4365-b5f1-547eafcb6acb
Faulting package full name: Microsoft.YourPhone_1.20022.82.0_x64__8wekyb3d8bbwe
Faulting package-relative application ID: runtimebroker07f4358a809ac99a64a67c1""",,
"May 23, 2020 @ 12:44:28.051",9,"Windows Application error event","""Faulting application name: OneDrive.exe, version: 20.52.311.11, time stamp: 0x95f7bd77
Faulting module name: ntdll.dll, version: 10.0.18362.719, time stamp: 0x832e7bce
Exception code: 0xc0000409
Fault offset: 0x00088d30
Faulting process id: 0x1694
Faulting application start time: 0x01d630ffcd4bcc2a
Faulting application path: C:\Users\John Williams\AppData\Local\Microsoft\OneDrive\OneDrive.exe
Faulting module path: C:\Windows\SYSTEM32\ntdll.dll
Report Id: 6ced96b8-7591-427f-be66-ba2988f2d41b
Faulting package full name: 
Faulting package-relative application ID: """,,
"May 23, 2020 @ 12:44:21.366",8,"ATT&CK T1489: Stop Windows Service","""Process Create:
RuleName: 
UtcTime: 2020-05-23 12:44:09.137
ProcessGuid: {df9fc3d3-1a99-5ec9-0000-0010c0b70c00}
ProcessId: 7260
Image: C:\Windows\System32\net1.exe
FileVersion: 10.0.18362.1 (WinBuild.160101.0800)
Description: Net Command
Product: Microsoft® Windows® Operating System
Company: Microsoft Corporation
OriginalFileName: net1.exe
CommandLine: C:\Windows\system32\net1 stop ""audioendpointbuilder"" /y
CurrentDirectory: C:\Windows\system32\
User: DESKTOP-HUE026H\John Williams
LogonGuid: {df9fc3d3-1a6b-5ec9-0000-0020723c0300}
LogonId: 0x33C72
TerminalSessionId: 1
IntegrityLevel: Medium
Hashes: MD5=0F641F87A791AE07C00A725BBBD77724,SHA256=286E7F127B06386BD1CC9664851848F483A867F0F604AA352893151068715FAA,IMPHASH=41DBA1AF77E1A2260F0CE46D59ADCB5E
ParentProcessGuid: {df9fc3d3-1a97-5ec9-0000-0010aa7f0c00}
ParentProcessId: 6048
ParentImage: C:\Windows\System32\net.exe
ParentCommandLine: ""C:\Windows\System32\net.exe"" stop ""audioendpointbuilder"" /y""","C:\\Windows\\system32\\net1 stop \""audioendpointbuilder\"" /y","{""win"":{""system"":{""providerName"":""Microsoft-Windows-Sysmon"",""providerGuid"":""{5770385f-c22a-43e0-bf4c-06f5698ffbd9}"",""eventID"":""1"",""version"":""5"",""level"":""4"",""task"":""1"",""opcode"":""0"",""keywords"":""0x8000000000000000"",""systemTime"":""2020-05-23T12:44:09.157435500Z"",""eventRecordID"":""1634"",""processID"":""2100"",""threadID"":""3216"",""channel"":""Microsoft-Windows-Sysmon/Operational"",""computer"":""DESKTOP-HUE026H"",""severityValue"":""INFORMATION"",""message"":""\""Process Create:\r\nRuleName: \r\nUtcTime: 2020-05-23 12:44:09.137\r\nProcessGuid: {df9fc3d3-1a99-5ec9-0000-0010c0b70c00}\r\nProcessId: 7260\r\nImage: C:\\Windows\\System32\\net1.exe\r\nFileVersion: 10.0.18362.1 (WinBuild.160101.0800)\r\nDescription: Net Command\r\nProduct: Microsoft® Windows® Operating System\r\nCompany: Microsoft Corporation\r\nOriginalFileName: net1.exe\r\nCommandLine: C:\\Windows\\system32\\net1 stop \""audioendpointbuilder\"" /y\r\nCurrentDirectory: C:\\Windows\\system32\\\r\nUser: DESKTOP-HUE026H\\John Williams\r\nLogonGuid: {df9fc3d3-1a6b-5ec9-0000-0020723c0300}\r\nLogonId: 0x33C72\r\nTerminalSessionId: 1\r\nIntegrityLevel: Medium\r\nHashes: MD5=0F641F87A791AE07C00A725BBBD77724,SHA256=286E7F127B06386BD1CC9664851848F483A867F0F604AA352893151068715FAA,IMPHASH=41DBA1AF77E1A2260F0CE46D59ADCB5E\r\nParentProcessGuid: {df9fc3d3-1a97-5ec9-0000-0010aa7f0c00}\r\nParentProcessId: 6048\r\nParentImage: C:\\Windows\\System32\\net.exe\r\nParentCommandLine: \""C:\\Windows\\System32\\net.exe\"" stop \""audioendpointbuilder\"" /y\""""},""eventdata"":{""utcTime"":""2020-05-23 12:44:09.137"",""processGuid"":""{df9fc3d3-1a99-5ec9-0000-0010c0b70c00}"",""processId"":""7260"",""image"":""C:\\\\Windows\\\\System32\\\\net1.exe"",""fileVersion"":""10.0.18362.1 (WinBuild.160101.0800)"",""description"":""Net Command"",""product"":""Microsoft® Windows® Operating System"",""company"":""Microsoft Corporation"",""originalFileName"":""net1.exe"",""commandLine"":""C:\\\\Windows\\\\system32\\\\net1 stop \\\""audioendpointbuilder\\\"" /y"",""currentDirectory"":""C:\\\\Windows\\\\system32\\\\"",""user"":""DESKTOP-HUE026H\\\\John Williams"",""logonGuid"":""{df9fc3d3-1a6b-5ec9-0000-0020723c0300}"",""logonId"":""0x33c72"",""terminalSessionId"":""1"",""integrityLevel"":""Medium"",""hashes"":""MD5=0F641F87A791AE07C00A725BBBD77724,SHA256=286E7F127B06386BD1CC9664851848F483A867F0F604AA352893151068715FAA,IMPHASH=41DBA1AF77E1A2260F0CE46D59ADCB5E"",""parentProcessGuid"":""{df9fc3d3-1a97-5ec9-0000-0010aa7f0c00}"",""parentProcessId"":""6048"",""parentImage"":""C:\\\\Windows\\\\System32\\\\net.exe"",""parentCommandLine"":""\\\""C:\\\\Windows\\\\System32\\\\net.exe\\\"" stop \\\""audioendpointbuilder\\\"" /y""}}}"
"May 23, 2020 @ 12:44:21.274",8,"ATT&CK T1489: Stop Windows Service","""Process Create:
RuleName: 
UtcTime: 2020-05-23 12:44:08.839
ProcessGuid: {df9fc3d3-1a98-5ec9-0000-001079ae0c00}
ProcessId: 7224
Image: C:\Windows\System32\net1.exe
FileVersion: 10.0.18362.1 (WinBuild.160101.0800)
Description: Net Command
Product: Microsoft® Windows® Operating System
Company: Microsoft Corporation
OriginalFileName: net1.exe
CommandLine: C:\Windows\system32\net1 stop ""samss"" /y
CurrentDirectory: C:\Windows\system32\
User: DESKTOP-HUE026H\John Williams
LogonGuid: {df9fc3d3-1a6b-5ec9-0000-0020723c0300}
LogonId: 0x33C72
TerminalSessionId: 1
IntegrityLevel: Medium
Hashes: MD5=0F641F87A791AE07C00A725BBBD77724,SHA256=286E7F127B06386BD1CC9664851848F483A867F0F604AA352893151068715FAA,IMPHASH=41DBA1AF77E1A2260F0CE46D59ADCB5E
ParentProcessGuid: {df9fc3d3-1a98-5ec9-0000-0010e4880c00}
ParentProcessId: 6236
ParentImage: C:\Windows\System32\net.exe
ParentCommandLine: ""C:\Windows\System32\net.exe"" stop ""samss"" /y""","C:\\Windows\\system32\\net1 stop \""samss\"" /y","{""win"":{""system"":{""providerName"":""Microsoft-Windows-Sysmon"",""providerGuid"":""{5770385f-c22a-43e0-bf4c-06f5698ffbd9}"",""eventID"":""1"",""version"":""5"",""level"":""4"",""task"":""1"",""opcode"":""0"",""keywords"":""0x8000000000000000"",""systemTime"":""2020-05-23T12:44:08.883093600Z"",""eventRecordID"":""1630"",""processID"":""2100"",""threadID"":""3216"",""channel"":""Microsoft-Windows-Sysmon/Operational"",""computer"":""DESKTOP-HUE026H"",""severityValue"":""INFORMATION"",""message"":""\""Process Create:\r\nRuleName: \r\nUtcTime: 2020-05-23 12:44:08.839\r\nProcessGuid: {df9fc3d3-1a98-5ec9-0000-001079ae0c00}\r\nProcessId: 7224\r\nImage: C:\\Windows\\System32\\net1.exe\r\nFileVersion: 10.0.18362.1 (WinBuild.160101.0800)\r\nDescription: Net Command\r\nProduct: Microsoft® Windows® Operating System\r\nCompany: Microsoft Corporation\r\nOriginalFileName: net1.exe\r\nCommandLine: C:\\Windows\\system32\\net1 stop \""samss\"" /y\r\nCurrentDirectory: C:\\Windows\\system32\\\r\nUser: DESKTOP-HUE026H\\John Williams\r\nLogonGuid: {df9fc3d3-1a6b-5ec9-0000-0020723c0300}\r\nLogonId: 0x33C72\r\nTerminalSessionId: 1\r\nIntegrityLevel: Medium\r\nHashes: MD5=0F641F87A791AE07C00A725BBBD77724,SHA256=286E7F127B06386BD1CC9664851848F483A867F0F604AA352893151068715FAA,IMPHASH=41DBA1AF77E1A2260F0CE46D59ADCB5E\r\nParentProcessGuid: {df9fc3d3-1a98-5ec9-0000-0010e4880c00}\r\nParentProcessId: 6236\r\nParentImage: C:\\Windows\\System32\\net.exe\r\nParentCommandLine: \""C:\\Windows\\System32\\net.exe\"" stop \""samss\"" /y\""""},""eventdata"":{""utcTime"":""2020-05-23 12:44:08.839"",""processGuid"":""{df9fc3d3-1a98-5ec9-0000-001079ae0c00}"",""processId"":""7224"",""image"":""C:\\\\Windows\\\\System32\\\\net1.exe"",""fileVersion"":""10.0.18362.1 (WinBuild.160101.0800)"",""description"":""Net Command"",""product"":""Microsoft® Windows® Operating System"",""company"":""Microsoft Corporation"",""originalFileName"":""net1.exe"",""commandLine"":""C:\\\\Windows\\\\system32\\\\net1 stop \\\""samss\\\"" /y"",""currentDirectory"":""C:\\\\Windows\\\\system32\\\\"",""user"":""DESKTOP-HUE026H\\\\John Williams"",""logonGuid"":""{df9fc3d3-1a6b-5ec9-0000-0020723c0300}"",""logonId"":""0x33c72"",""terminalSessionId"":""1"",""integrityLevel"":""Medium"",""hashes"":""MD5=0F641F87A791AE07C00A725BBBD77724,SHA256=286E7F127B06386BD1CC9664851848F483A867F0F604AA352893151068715FAA,IMPHASH=41DBA1AF77E1A2260F0CE46D59ADCB5E"",""parentProcessGuid"":""{df9fc3d3-1a98-5ec9-0000-0010e4880c00}"",""parentProcessId"":""6236"",""parentImage"":""C:\\\\Windows\\\\System32\\\\net.exe"",""parentCommandLine"":""\\\""C:\\\\Windows\\\\System32\\\\net.exe\\\"" stop \\\""samss\\\"" /y""}}}"
"May 23, 2020 @ 12:44:19.587",8,"ATT&CK T1489: Stop Windows Service","""Process Create:
RuleName: 
UtcTime: 2020-05-23 12:44:08.013
ProcessGuid: {df9fc3d3-1a98-5ec9-0000-0010e4880c00}
ProcessId: 6236
Image: C:\Windows\System32\net.exe
FileVersion: 10.0.18362.1 (WinBuild.160101.0800)
Description: Net Command
Product: Microsoft® Windows® Operating System
Company: Microsoft Corporation
OriginalFileName: net.exe
CommandLine: ""C:\Windows\System32\net.exe"" stop ""samss"" /y
CurrentDirectory: C:\Windows\system32\
User: DESKTOP-HUE026H\John Williams
LogonGuid: {df9fc3d3-1a6b-5ec9-0000-0020723c0300}
LogonId: 0x33C72
TerminalSessionId: 1
IntegrityLevel: Medium
Hashes: MD5=A63DF9A6E9098CC189F2A3EFC37600F6,SHA256=96CDFD7B263947A6A7C0DB54141A6B8D7777DB0A03A17CBF95666D98422F937B,IMPHASH=57F0C47AE2A1A2C06C8B987372AB0B07
ParentProcessGuid: {df9fc3d3-1a8d-5ec9-0000-0010fd610b00}
ParentProcessId: 6352
ParentImage: C:\Users\John Williams\Downloads\cUIyKIO.exe
ParentCommandLine: ""C:\Users\John Williams\Downloads\cUIyKIO.exe"" 8 LAN""","\""C:\\Windows\\System32\\net.exe\"" stop \""samss\"" /y","{""win"":{""system"":{""providerName"":""Microsoft-Windows-Sysmon"",""providerGuid"":""{5770385f-c22a-43e0-bf4c-06f5698ffbd9}"",""eventID"":""1"",""version"":""5"",""level"":""4"",""task"":""1"",""opcode"":""0"",""keywords"":""0x8000000000000000"",""systemTime"":""2020-05-23T12:44:08.020210300Z"",""eventRecordID"":""1626"",""processID"":""2100"",""threadID"":""3216"",""channel"":""Microsoft-Windows-Sysmon/Operational"",""computer"":""DESKTOP-HUE026H"",""severityValue"":""INFORMATION"",""message"":""\""Process Create:\r\nRuleName: \r\nUtcTime: 2020-05-23 12:44:08.013\r\nProcessGuid: {df9fc3d3-1a98-5ec9-0000-0010e4880c00}\r\nProcessId: 6236\r\nImage: C:\\Windows\\System32\\net.exe\r\nFileVersion: 10.0.18362.1 (WinBuild.160101.0800)\r\nDescription: Net Command\r\nProduct: Microsoft® Windows® Operating System\r\nCompany: Microsoft Corporation\r\nOriginalFileName: net.exe\r\nCommandLine: \""C:\\Windows\\System32\\net.exe\"" stop \""samss\"" /y\r\nCurrentDirectory: C:\\Windows\\system32\\\r\nUser: DESKTOP-HUE026H\\John Williams\r\nLogonGuid: {df9fc3d3-1a6b-5ec9-0000-0020723c0300}\r\nLogonId: 0x33C72\r\nTerminalSessionId: 1\r\nIntegrityLevel: Medium\r\nHashes: MD5=A63DF9A6E9098CC189F2A3EFC37600F6,SHA256=96CDFD7B263947A6A7C0DB54141A6B8D7777DB0A03A17CBF95666D98422F937B,IMPHASH=57F0C47AE2A1A2C06C8B987372AB0B07\r\nParentProcessGuid: {df9fc3d3-1a8d-5ec9-0000-0010fd610b00}\r\nParentProcessId: 6352\r\nParentImage: C:\\Users\\John Williams\\Downloads\\cUIyKIO.exe\r\nParentCommandLine: \""C:\\Users\\John Williams\\Downloads\\cUIyKIO.exe\"" 8 LAN\""""},""eventdata"":{""utcTime"":""2020-05-23 12:44:08.013"",""processGuid"":""{df9fc3d3-1a98-5ec9-0000-0010e4880c00}"",""processId"":""6236"",""image"":""C:\\\\Windows\\\\System32\\\\net.exe"",""fileVersion"":""10.0.18362.1 (WinBuild.160101.0800)"",""description"":""Net Command"",""product"":""Microsoft® Windows® Operating System"",""company"":""Microsoft Corporation"",""originalFileName"":""net.exe"",""commandLine"":""\\\""C:\\\\Windows\\\\System32\\\\net.exe\\\"" stop \\\""samss\\\"" /y"",""currentDirectory"":""C:\\\\Windows\\\\system32\\\\"",""user"":""DESKTOP-HUE026H\\\\John Williams"",""logonGuid"":""{df9fc3d3-1a6b-5ec9-0000-0020723c0300}"",""logonId"":""0x33c72"",""terminalSessionId"":""1"",""integrityLevel"":""Medium"",""hashes"":""MD5=A63DF9A6E9098CC189F2A3EFC37600F6,SHA256=96CDFD7B263947A6A7C0DB54141A6B8D7777DB0A03A17CBF95666D98422F937B,IMPHASH=57F0C47AE2A1A2C06C8B987372AB0B07"",""parentProcessGuid"":""{df9fc3d3-1a8d-5ec9-0000-0010fd610b00}"",""parentProcessId"":""6352"",""parentImage"":""C:\\\\Users\\\\John Williams\\\\Downloads\\\\cUIyKIO.exe"",""parentCommandLine"":""\\\""C:\\\\Users\\\\John Williams\\\\Downloads\\\\cUIyKIO.exe\\\"" 8 LAN""}}}"
"May 23, 2020 @ 12:44:19.493",8,"ATT&CK T1489: Stop Windows Service","""Process Create:
RuleName: 
UtcTime: 2020-05-23 12:44:07.673
ProcessGuid: {df9fc3d3-1a97-5ec9-0000-0010aa7f0c00}
ProcessId: 6048
Image: C:\Windows\System32\net.exe
FileVersion: 10.0.18362.1 (WinBuild.160101.0800)
Description: Net Command
Product: Microsoft® Windows® Operating System
Company: Microsoft Corporation
OriginalFileName: net.exe
CommandLine: ""C:\Windows\System32\net.exe"" stop ""audioendpointbuilder"" /y
CurrentDirectory: C:\Windows\system32\
User: DESKTOP-HUE026H\John Williams
LogonGuid: {df9fc3d3-1a6b-5ec9-0000-0020723c0300}
LogonId: 0x33C72
TerminalSessionId: 1
IntegrityLevel: Medium
Hashes: MD5=A63DF9A6E9098CC189F2A3EFC37600F6,SHA256=96CDFD7B263947A6A7C0DB54141A6B8D7777DB0A03A17CBF95666D98422F937B,IMPHASH=57F0C47AE2A1A2C06C8B987372AB0B07
ParentProcessGuid: {df9fc3d3-1a8d-5ec9-0000-0010fd610b00}
ParentProcessId: 6352
ParentImage: C:\Users\John Williams\Downloads\cUIyKIO.exe
ParentCommandLine: ""C:\Users\John Williams\Downloads\cUIyKIO.exe"" 8 LAN""","\""C:\\Windows\\System32\\net.exe\"" stop \""audioendpointbuilder\"" /y","{""win"":{""system"":{""providerName"":""Microsoft-Windows-Sysmon"",""providerGuid"":""{5770385f-c22a-43e0-bf4c-06f5698ffbd9}"",""eventID"":""1"",""version"":""5"",""level"":""4"",""task"":""1"",""opcode"":""0"",""keywords"":""0x8000000000000000"",""systemTime"":""2020-05-23T12:44:07.834345700Z"",""eventRecordID"":""1623"",""processID"":""2100"",""threadID"":""3216"",""channel"":""Microsoft-Windows-Sysmon/Operational"",""computer"":""DESKTOP-HUE026H"",""severityValue"":""INFORMATION"",""message"":""\""Process Create:\r\nRuleName: \r\nUtcTime: 2020-05-23 12:44:07.673\r\nProcessGuid: {df9fc3d3-1a97-5ec9-0000-0010aa7f0c00}\r\nProcessId: 6048\r\nImage: C:\\Windows\\System32\\net.exe\r\nFileVersion: 10.0.18362.1 (WinBuild.160101.0800)\r\nDescription: Net Command\r\nProduct: Microsoft® Windows® Operating System\r\nCompany: Microsoft Corporation\r\nOriginalFileName: net.exe\r\nCommandLine: \""C:\\Windows\\System32\\net.exe\"" stop \""audioendpointbuilder\"" /y\r\nCurrentDirectory: C:\\Windows\\system32\\\r\nUser: DESKTOP-HUE026H\\John Williams\r\nLogonGuid: {df9fc3d3-1a6b-5ec9-0000-0020723c0300}\r\nLogonId: 0x33C72\r\nTerminalSessionId: 1\r\nIntegrityLevel: Medium\r\nHashes: MD5=A63DF9A6E9098CC189F2A3EFC37600F6,SHA256=96CDFD7B263947A6A7C0DB54141A6B8D7777DB0A03A17CBF95666D98422F937B,IMPHASH=57F0C47AE2A1A2C06C8B987372AB0B07\r\nParentProcessGuid: {df9fc3d3-1a8d-5ec9-0000-0010fd610b00}\r\nParentProcessId: 6352\r\nParentImage: C:\\Users\\John Williams\\Downloads\\cUIyKIO.exe\r\nParentCommandLine: \""C:\\Users\\John Williams\\Downloads\\cUIyKIO.exe\"" 8 LAN\""""},""eventdata"":{""utcTime"":""2020-05-23 12:44:07.673"",""processGuid"":""{df9fc3d3-1a97-5ec9-0000-0010aa7f0c00}"",""processId"":""6048"",""image"":""C:\\\\Windows\\\\System32\\\\net.exe"",""fileVersion"":""10.0.18362.1 (WinBuild.160101.0800)"",""description"":""Net Command"",""product"":""Microsoft® Windows® Operating System"",""company"":""Microsoft Corporation"",""originalFileName"":""net.exe"",""commandLine"":""\\\""C:\\\\Windows\\\\System32\\\\net.exe\\\"" stop \\\""audioendpointbuilder\\\"" /y"",""currentDirectory"":""C:\\\\Windows\\\\system32\\\\"",""user"":""DESKTOP-HUE026H\\\\John Williams"",""logonGuid"":""{df9fc3d3-1a6b-5ec9-0000-0020723c0300}"",""logonId"":""0x33c72"",""terminalSessionId"":""1"",""integrityLevel"":""Medium"",""hashes"":""MD5=A63DF9A6E9098CC189F2A3EFC37600F6,SHA256=96CDFD7B263947A6A7C0DB54141A6B8D7777DB0A03A17CBF95666D98422F937B,IMPHASH=57F0C47AE2A1A2C06C8B987372AB0B07"",""parentProcessGuid"":""{df9fc3d3-1a8d-5ec9-0000-0010fd610b00}"",""parentProcessId"":""6352"",""parentImage"":""C:\\\\Users\\\\John Williams\\\\Downloads\\\\cUIyKIO.exe"",""parentCommandLine"":""\\\""C:\\\\Users\\\\John Williams\\\\Downloads\\\\cUIyKIO.exe\\\"" 8 LAN""}}}"
"May 23, 2020 @ 12:44:18.058",9,"Windows Application error event","""Volume Shadow Copy Service information: The COM Server with CLSID {e579ab5f-1cc4-44b4-bed9-de0991ff0623} and name Coordinator cannot be started. [0x80070005, Access is denied.
] """,,
"May 23, 2020 @ 12:44:17.302",9,"Windows Application error event","""Faulting application name: StartMenuExperienceHost.exe, version: 0.0.0.0, time stamp: 0x5d65fb6a
Faulting module name: ntdll.dll, version: 10.0.18362.719, time stamp: 0x64d10ee0
Exception code: 0xc0000005
Fault offset: 0x000000000003b890
Faulting process id: 0x11d8
Faulting application start time: 0x01d630ffc3edb2c7
Faulting application path: C:\Windows\SystemApps\Microsoft.Windows.StartMenuExperienceHost_cw5n1h2txyewy\StartMenuExperienceHost.exe
Faulting module path: C:\Windows\SYSTEM32\ntdll.dll
Report Id: e22519a7-e804-4b68-a44a-3aaf0ab24d16
Faulting package full name: Microsoft.Windows.StartMenuExperienceHost_10.0.18362.449_neutral_neutral_cw5n1h2txyewy
Faulting package-relative application ID: App""",,
"May 23, 2020 @ 12:44:17.108",15,"ATT&CK: WannaCry Ransomware","""Process Create:
RuleName: 
UtcTime: 2020-05-23 12:44:05.013
ProcessGuid: {df9fc3d3-1a95-5ec9-0000-0010d3590c00}
ProcessId: 7040
Image: C:\Windows\System32\bcdedit.exe
FileVersion: 10.0.18362.295 (WinBuild.160101.0800)
Description: Boot Configuration Data Editor
Product: Microsoft® Windows® Operating System
Company: Microsoft Corporation
OriginalFileName: bcdedit.exe
CommandLine: bcdedit /set {default} recoveryenabled No & bcdedit /set {default}
CurrentDirectory: C:\Windows\system32\
User: DESKTOP-HUE026H\John Williams
LogonGuid: {df9fc3d3-1a6b-5ec9-0000-0020723c0300}
LogonId: 0x33C72
TerminalSessionId: 1
IntegrityLevel: Medium
Hashes: MD5=66E4F813624DF01D67CF03616760A7AC,SHA256=1EE229900C128119A122F9A7B3FF8CA2AB35154B314FC6B37CDA6CE041E4277D,IMPHASH=0DEEFF11123C4A14A058E9390224FECE
ParentProcessGuid: {df9fc3d3-1a8d-5ec9-0000-0010fd610b00}
ParentProcessId: 6352
ParentImage: C:\Users\John Williams\Downloads\cUIyKIO.exe
ParentCommandLine: ""C:\Users\John Williams\Downloads\cUIyKIO.exe"" 8 LAN""","bcdedit /set {default} recoveryenabled No &amp; bcdedit /set {default}","{""win"":{""system"":{""providerName"":""Microsoft-Windows-Sysmon"",""providerGuid"":""{5770385f-c22a-43e0-bf4c-06f5698ffbd9}"",""eventID"":""1"",""version"":""5"",""level"":""4"",""task"":""1"",""opcode"":""0"",""keywords"":""0x8000000000000000"",""systemTime"":""2020-05-23T12:44:05.164693700Z"",""eventRecordID"":""1616"",""processID"":""2100"",""threadID"":""3216"",""channel"":""Microsoft-Windows-Sysmon/Operational"",""computer"":""DESKTOP-HUE026H"",""severityValue"":""INFORMATION"",""message"":""\""Process Create:\r\nRuleName: \r\nUtcTime: 2020-05-23 12:44:05.013\r\nProcessGuid: {df9fc3d3-1a95-5ec9-0000-0010d3590c00}\r\nProcessId: 7040\r\nImage: C:\\Windows\\System32\\bcdedit.exe\r\nFileVersion: 10.0.18362.295 (WinBuild.160101.0800)\r\nDescription: Boot Configuration Data Editor\r\nProduct: Microsoft® Windows® Operating System\r\nCompany: Microsoft Corporation\r\nOriginalFileName: bcdedit.exe\r\nCommandLine: bcdedit /set {default} recoveryenabled No & bcdedit /set {default}\r\nCurrentDirectory: C:\\Windows\\system32\\\r\nUser: DESKTOP-HUE026H\\John Williams\r\nLogonGuid: {df9fc3d3-1a6b-5ec9-0000-0020723c0300}\r\nLogonId: 0x33C72\r\nTerminalSessionId: 1\r\nIntegrityLevel: Medium\r\nHashes: MD5=66E4F813624DF01D67CF03616760A7AC,SHA256=1EE229900C128119A122F9A7B3FF8CA2AB35154B314FC6B37CDA6CE041E4277D,IMPHASH=0DEEFF11123C4A14A058E9390224FECE\r\nParentProcessGuid: {df9fc3d3-1a8d-5ec9-0000-0010fd610b00}\r\nParentProcessId: 6352\r\nParentImage: C:\\Users\\John Williams\\Downloads\\cUIyKIO.exe\r\nParentCommandLine: \""C:\\Users\\John Williams\\Downloads\\cUIyKIO.exe\"" 8 LAN\""""},""eventdata"":{""utcTime"":""2020-05-23 12:44:05.013"",""processGuid"":""{df9fc3d3-1a95-5ec9-0000-0010d3590c00}"",""processId"":""7040"",""image"":""C:\\\\Windows\\\\System32\\\\bcdedit.exe"",""fileVersion"":""10.0.18362.295 (WinBuild.160101.0800)"",""description"":""Boot Configuration Data Editor"",""product"":""Microsoft® Windows® Operating System"",""company"":""Microsoft Corporation"",""originalFileName"":""bcdedit.exe"",""commandLine"":""bcdedit /set {default} recoveryenabled No &amp; bcdedit /set {default}"",""currentDirectory"":""C:\\\\Windows\\\\system32\\\\"",""user"":""DESKTOP-HUE026H\\\\John Williams"",""logonGuid"":""{df9fc3d3-1a6b-5ec9-0000-0020723c0300}"",""logonId"":""0x33c72"",""terminalSessionId"":""1"",""integrityLevel"":""Medium"",""hashes"":""MD5=66E4F813624DF01D67CF03616760A7AC,SHA256=1EE229900C128119A122F9A7B3FF8CA2AB35154B314FC6B37CDA6CE041E4277D,IMPHASH=0DEEFF11123C4A14A058E9390224FECE"",""parentProcessGuid"":""{df9fc3d3-1a8d-5ec9-0000-0010fd610b00}"",""parentProcessId"":""6352"",""parentImage"":""C:\\\\Users\\\\John Williams\\\\Downloads\\\\cUIyKIO.exe"",""parentCommandLine"":""\\\""C:\\\\Users\\\\John Williams\\\\Downloads\\\\cUIyKIO.exe\\\"" 8 LAN""}}}"
"May 23, 2020 @ 12:44:17.098",15,"ATT&CK T1070 T1490: Shadow Copies Deletion Using Operating Systems Utilities","""Process Create:
RuleName: 
UtcTime: 2020-05-23 12:44:04.964
ProcessGuid: {df9fc3d3-1a94-5ec9-0000-001070590c00}
ProcessId: 7024
Image: C:\Windows\System32\vssadmin.exe
FileVersion: 10.0.18362.1 (WinBuild.160101.0800)
Description: Command Line Interface for Microsoft® Volume Shadow Copy Service 
Product: Microsoft® Windows® Operating System
Company: Microsoft Corporation
OriginalFileName: VSSADMIN.EXE
CommandLine: vssadmin.exe Delete Shadows /all /quiet
CurrentDirectory: C:\Windows\system32\
User: DESKTOP-HUE026H\John Williams
LogonGuid: {df9fc3d3-1a6b-5ec9-0000-0020723c0300}
LogonId: 0x33C72
TerminalSessionId: 1
IntegrityLevel: Medium
Hashes: MD5=02A10DBF904883B1F8EE9F3CC70F5EB8,SHA256=ACDCC96D628EE8FF7F07FC5D795A05C22EB239BE0D44A9F01727B6124A9619A9,IMPHASH=C1EDC431CD345F0A0F32019895D13FCE
ParentProcessGuid: {df9fc3d3-1a8d-5ec9-0000-0010fd610b00}
ParentProcessId: 6352
ParentImage: C:\Users\John Williams\Downloads\cUIyKIO.exe
ParentCommandLine: ""C:\Users\John Williams\Downloads\cUIyKIO.exe"" 8 LAN""","vssadmin.exe Delete Shadows /all /quiet","{""win"":{""system"":{""providerName"":""Microsoft-Windows-Sysmon"",""providerGuid"":""{5770385f-c22a-43e0-bf4c-06f5698ffbd9}"",""eventID"":""1"",""version"":""5"",""level"":""4"",""task"":""1"",""opcode"":""0"",""keywords"":""0x8000000000000000"",""systemTime"":""2020-05-23T12:44:05.160426800Z"",""eventRecordID"":""1615"",""processID"":""2100"",""threadID"":""3216"",""channel"":""Microsoft-Windows-Sysmon/Operational"",""computer"":""DESKTOP-HUE026H"",""severityValue"":""INFORMATION"",""message"":""\""Process Create:\r\nRuleName: \r\nUtcTime: 2020-05-23 12:44:04.964\r\nProcessGuid: {df9fc3d3-1a94-5ec9-0000-001070590c00}\r\nProcessId: 7024\r\nImage: C:\\Windows\\System32\\vssadmin.exe\r\nFileVersion: 10.0.18362.1 (WinBuild.160101.0800)\r\nDescription: Command Line Interface for Microsoft® Volume Shadow Copy Service \r\nProduct: Microsoft® Windows® Operating System\r\nCompany: Microsoft Corporation\r\nOriginalFileName: VSSADMIN.EXE\r\nCommandLine: vssadmin.exe Delete Shadows /all /quiet\r\nCurrentDirectory: C:\\Windows\\system32\\\r\nUser: DESKTOP-HUE026H\\John Williams\r\nLogonGuid: {df9fc3d3-1a6b-5ec9-0000-0020723c0300}\r\nLogonId: 0x33C72\r\nTerminalSessionId: 1\r\nIntegrityLevel: Medium\r\nHashes: MD5=02A10DBF904883B1F8EE9F3CC70F5EB8,SHA256=ACDCC96D628EE8FF7F07FC5D795A05C22EB239BE0D44A9F01727B6124A9619A9,IMPHASH=C1EDC431CD345F0A0F32019895D13FCE\r\nParentProcessGuid: {df9fc3d3-1a8d-5ec9-0000-0010fd610b00}\r\nParentProcessId: 6352\r\nParentImage: C:\\Users\\John Williams\\Downloads\\cUIyKIO.exe\r\nParentCommandLine: \""C:\\Users\\John Williams\\Downloads\\cUIyKIO.exe\"" 8 LAN\""""},""eventdata"":{""utcTime"":""2020-05-23 12:44:04.964"",""processGuid"":""{df9fc3d3-1a94-5ec9-0000-001070590c00}"",""processId"":""7024"",""image"":""C:\\\\Windows\\\\System32\\\\vssadmin.exe"",""fileVersion"":""10.0.18362.1 (WinBuild.160101.0800)"",""description"":""Command Line Interface for Microsoft® Volume Shadow Copy Service"",""product"":""Microsoft® Windows® Operating System"",""company"":""Microsoft Corporation"",""originalFileName"":""VSSADMIN.EXE"",""commandLine"":""vssadmin.exe Delete Shadows /all /quiet"",""currentDirectory"":""C:\\\\Windows\\\\system32\\\\"",""user"":""DESKTOP-HUE026H\\\\John Williams"",""logonGuid"":""{df9fc3d3-1a6b-5ec9-0000-0020723c0300}"",""logonId"":""0x33c72"",""terminalSessionId"":""1"",""integrityLevel"":""Medium"",""hashes"":""MD5=02A10DBF904883B1F8EE9F3CC70F5EB8,SHA256=ACDCC96D628EE8FF7F07FC5D795A05C22EB239BE0D44A9F01727B6124A9619A9,IMPHASH=C1EDC431CD345F0A0F32019895D13FCE"",""parentProcessGuid"":""{df9fc3d3-1a8d-5ec9-0000-0010fd610b00}"",""parentProcessId"":""6352"",""parentImage"":""C:\\\\Users\\\\John Williams\\\\Downloads\\\\cUIyKIO.exe"",""parentCommandLine"":""\\\""C:\\\\Users\\\\John Williams\\\\Downloads\\\\cUIyKIO.exe\\\"" 8 LAN""}}}"
"May 23, 2020 @ 12:44:17.064",15,"ATT&CK: WannaCry Ransomware","""Process Create:
RuleName: 
UtcTime: 2020-05-23 12:44:04.844
ProcessGuid: {df9fc3d3-1a94-5ec9-0000-00100e580c00}
ProcessId: 6820
Image: C:\Windows\System32\icacls.exe
FileVersion: 10.0.18362.1 (WinBuild.160101.0800)
Description: 
Product: Microsoft® Windows® Operating System
Company: Microsoft Corporation
OriginalFileName: iCACLS.EXE
CommandLine: icacls ""C:\*"" /grant Everyone:F /T /C /Q
CurrentDirectory: C:\Windows\system32\
User: DESKTOP-HUE026H\John Williams
LogonGuid: {df9fc3d3-1a6b-5ec9-0000-0020723c0300}
LogonId: 0x33C72
TerminalSessionId: 1
IntegrityLevel: Medium
Hashes: MD5=D8B5077F15576983CB8D344F21FD1309,SHA256=3524EDE090FE503A30DEC8F629A74B8F720C9A230E5C4E49A3BB151C8AC1424A,IMPHASH=446163A548337B5BCF2727BCD1CFB399
ParentProcessGuid: {df9fc3d3-1a8d-5ec9-0000-0010fd610b00}
ParentProcessId: 6352
ParentImage: C:\Users\John Williams\Downloads\cUIyKIO.exe
ParentCommandLine: ""C:\Users\John Williams\Downloads\cUIyKIO.exe"" 8 LAN""","icacls \""C:\\*\"" /grant Everyone:F /T /C /Q","{""win"":{""system"":{""providerName"":""Microsoft-Windows-Sysmon"",""providerGuid"":""{5770385f-c22a-43e0-bf4c-06f5698ffbd9}"",""eventID"":""1"",""version"":""5"",""level"":""4"",""task"":""1"",""opcode"":""0"",""keywords"":""0x8000000000000000"",""systemTime"":""2020-05-23T12:44:04.924985800Z"",""eventRecordID"":""1613"",""processID"":""2100"",""threadID"":""3216"",""channel"":""Microsoft-Windows-Sysmon/Operational"",""computer"":""DESKTOP-HUE026H"",""severityValue"":""INFORMATION"",""message"":""\""Process Create:\r\nRuleName: \r\nUtcTime: 2020-05-23 12:44:04.844\r\nProcessGuid: {df9fc3d3-1a94-5ec9-0000-00100e580c00}\r\nProcessId: 6820\r\nImage: C:\\Windows\\System32\\icacls.exe\r\nFileVersion: 10.0.18362.1 (WinBuild.160101.0800)\r\nDescription: \r\nProduct: Microsoft® Windows® Operating System\r\nCompany: Microsoft Corporation\r\nOriginalFileName: iCACLS.EXE\r\nCommandLine: icacls \""C:\\*\"" /grant Everyone:F /T /C /Q\r\nCurrentDirectory: C:\\Windows\\system32\\\r\nUser: DESKTOP-HUE026H\\John Williams\r\nLogonGuid: {df9fc3d3-1a6b-5ec9-0000-0020723c0300}\r\nLogonId: 0x33C72\r\nTerminalSessionId: 1\r\nIntegrityLevel: Medium\r\nHashes: MD5=D8B5077F15576983CB8D344F21FD1309,SHA256=3524EDE090FE503A30DEC8F629A74B8F720C9A230E5C4E49A3BB151C8AC1424A,IMPHASH=446163A548337B5BCF2727BCD1CFB399\r\nParentProcessGuid: {df9fc3d3-1a8d-5ec9-0000-0010fd610b00}\r\nParentProcessId: 6352\r\nParentImage: C:\\Users\\John Williams\\Downloads\\cUIyKIO.exe\r\nParentCommandLine: \""C:\\Users\\John Williams\\Downloads\\cUIyKIO.exe\"" 8 LAN\""""},""eventdata"":{""utcTime"":""2020-05-23 12:44:04.844"",""processGuid"":""{df9fc3d3-1a94-5ec9-0000-00100e580c00}"",""processId"":""6820"",""image"":""C:\\\\Windows\\\\System32\\\\icacls.exe"",""fileVersion"":""10.0.18362.1 (WinBuild.160101.0800)"",""product"":""Microsoft® Windows® Operating System"",""company"":""Microsoft Corporation"",""originalFileName"":""iCACLS.EXE"",""commandLine"":""icacls \\\""C:\\\\*\\\"" /grant Everyone:F /T /C /Q"",""currentDirectory"":""C:\\\\Windows\\\\system32\\\\"",""user"":""DESKTOP-HUE026H\\\\John Williams"",""logonGuid"":""{df9fc3d3-1a6b-5ec9-0000-0020723c0300}"",""logonId"":""0x33c72"",""terminalSessionId"":""1"",""integrityLevel"":""Medium"",""hashes"":""MD5=D8B5077F15576983CB8D344F21FD1309,SHA256=3524EDE090FE503A30DEC8F629A74B8F720C9A230E5C4E49A3BB151C8AC1424A,IMPHASH=446163A548337B5BCF2727BCD1CFB399"",""parentProcessGuid"":""{df9fc3d3-1a8d-5ec9-0000-0010fd610b00}"",""parentProcessId"":""6352"",""parentImage"":""C:\\\\Users\\\\John Williams\\\\Downloads\\\\cUIyKIO.exe"",""parentCommandLine"":""\\\""C:\\\\Users\\\\John Williams\\\\Downloads\\\\cUIyKIO.exe\\\"" 8 LAN""}}}"
"May 23, 2020 @ 12:44:15.358",9,"Windows Application error event","""Faulting application name: sihost.exe, version: 10.0.18362.1, time stamp: 0xe9587576
Faulting module name: ntdll.dll, version: 10.0.18362.719, time stamp: 0x64d10ee0
Exception code: 0xc0000005
Fault offset: 0x000000000003b890
Faulting process id: 0xe10
Faulting application start time: 0x01d630ffc1053bff
Faulting application path: C:\Windows\system32\sihost.exe
Faulting module path: C:\Windows\SYSTEM32\ntdll.dll
Report Id: e0bbd6c8-ffc1-49b3-b717-c3512b541a5a
Faulting package full name: 
Faulting package-relative application ID: """,,
"May 23, 2020 @ 12:44:10.918",8,"ATT&CK T1489: Stop Windows Service","""Process Create:
RuleName: 
UtcTime: 2020-05-23 12:43:59.058
ProcessGuid: {df9fc3d3-1a8f-5ec9-0000-001044a70b00}
ProcessId: 6560
Image: C:\Windows\System32\net1.exe
FileVersion: 10.0.18362.1 (WinBuild.160101.0800)
Description: Net Command
Product: Microsoft® Windows® Operating System
Company: Microsoft Corporation
OriginalFileName: net1.exe
CommandLine: C:\Windows\system32\net1 stop ""samss"" /y
CurrentDirectory: C:\Windows\system32\
User: DESKTOP-HUE026H\John Williams
LogonGuid: {df9fc3d3-1a6b-5ec9-0000-0020723c0300}
LogonId: 0x33C72
TerminalSessionId: 1
IntegrityLevel: Medium
Hashes: MD5=0F641F87A791AE07C00A725BBBD77724,SHA256=286E7F127B06386BD1CC9664851848F483A867F0F604AA352893151068715FAA,IMPHASH=41DBA1AF77E1A2260F0CE46D59ADCB5E
ParentProcessGuid: {df9fc3d3-1a8e-5ec9-0000-0010967b0b00}
ParentProcessId: 6420
ParentImage: C:\Windows\System32\net.exe
ParentCommandLine: ""C:\Windows\System32\net.exe"" stop ""samss"" /y""","C:\\Windows\\system32\\net1 stop \""samss\"" /y","{""win"":{""system"":{""providerName"":""Microsoft-Windows-Sysmon"",""providerGuid"":""{5770385f-c22a-43e0-bf4c-06f5698ffbd9}"",""eventID"":""1"",""version"":""5"",""level"":""4"",""task"":""1"",""opcode"":""0"",""keywords"":""0x8000000000000000"",""systemTime"":""2020-05-23T12:43:59.101506700Z"",""eventRecordID"":""1586"",""processID"":""2100"",""threadID"":""3216"",""channel"":""Microsoft-Windows-Sysmon/Operational"",""computer"":""DESKTOP-HUE026H"",""severityValue"":""INFORMATION"",""message"":""\""Process Create:\r\nRuleName: \r\nUtcTime: 2020-05-23 12:43:59.058\r\nProcessGuid: {df9fc3d3-1a8f-5ec9-0000-001044a70b00}\r\nProcessId: 6560\r\nImage: C:\\Windows\\System32\\net1.exe\r\nFileVersion: 10.0.18362.1 (WinBuild.160101.0800)\r\nDescription: Net Command\r\nProduct: Microsoft® Windows® Operating System\r\nCompany: Microsoft Corporation\r\nOriginalFileName: net1.exe\r\nCommandLine: C:\\Windows\\system32\\net1 stop \""samss\"" /y\r\nCurrentDirectory: C:\\Windows\\system32\\\r\nUser: DESKTOP-HUE026H\\John Williams\r\nLogonGuid: {df9fc3d3-1a6b-5ec9-0000-0020723c0300}\r\nLogonId: 0x33C72\r\nTerminalSessionId: 1\r\nIntegrityLevel: Medium\r\nHashes: MD5=0F641F87A791AE07C00A725BBBD77724,SHA256=286E7F127B06386BD1CC9664851848F483A867F0F604AA352893151068715FAA,IMPHASH=41DBA1AF77E1A2260F0CE46D59ADCB5E\r\nParentProcessGuid: {df9fc3d3-1a8e-5ec9-0000-0010967b0b00}\r\nParentProcessId: 6420\r\nParentImage: C:\\Windows\\System32\\net.exe\r\nParentCommandLine: \""C:\\Windows\\System32\\net.exe\"" stop \""samss\"" /y\""""},""eventdata"":{""utcTime"":""2020-05-23 12:43:59.058"",""processGuid"":""{df9fc3d3-1a8f-5ec9-0000-001044a70b00}"",""processId"":""6560"",""image"":""C:\\\\Windows\\\\System32\\\\net1.exe"",""fileVersion"":""10.0.18362.1 (WinBuild.160101.0800)"",""description"":""Net Command"",""product"":""Microsoft® Windows® Operating System"",""company"":""Microsoft Corporation"",""originalFileName"":""net1.exe"",""commandLine"":""C:\\\\Windows\\\\system32\\\\net1 stop \\\""samss\\\"" /y"",""currentDirectory"":""C:\\\\Windows\\\\system32\\\\"",""user"":""DESKTOP-HUE026H\\\\John Williams"",""logonGuid"":""{df9fc3d3-1a6b-5ec9-0000-0020723c0300}"",""logonId"":""0x33c72"",""terminalSessionId"":""1"",""integrityLevel"":""Medium"",""hashes"":""MD5=0F641F87A791AE07C00A725BBBD77724,SHA256=286E7F127B06386BD1CC9664851848F483A867F0F604AA352893151068715FAA,IMPHASH=41DBA1AF77E1A2260F0CE46D59ADCB5E"",""parentProcessGuid"":""{df9fc3d3-1a8e-5ec9-0000-0010967b0b00}"",""parentProcessId"":""6420"",""parentImage"":""C:\\\\Windows\\\\System32\\\\net.exe"",""parentCommandLine"":""\\\""C:\\\\Windows\\\\System32\\\\net.exe\\\"" stop \\\""samss\\\"" /y""}}}"
"May 23, 2020 @ 12:44:10.912",8,"ATT&CK T1489: Stop Windows Service","""Process Create:
RuleName: 
UtcTime: 2020-05-23 12:43:58.730
ProcessGuid: {df9fc3d3-1a8e-5ec9-0000-00103c8e0b00}
ProcessId: 6504
Image: C:\Windows\System32\net1.exe
FileVersion: 10.0.18362.1 (WinBuild.160101.0800)
Description: Net Command
Product: Microsoft® Windows® Operating System
Company: Microsoft Corporation
OriginalFileName: net1.exe
CommandLine: C:\Windows\system32\net1 stop ""audioendpointbuilder"" /y
CurrentDirectory: C:\Windows\system32\
User: DESKTOP-HUE026H\John Williams
LogonGuid: {df9fc3d3-1a6b-5ec9-0000-0020723c0300}
LogonId: 0x33C72
TerminalSessionId: 1
IntegrityLevel: Medium
Hashes: MD5=0F641F87A791AE07C00A725BBBD77724,SHA256=286E7F127B06386BD1CC9664851848F483A867F0F604AA352893151068715FAA,IMPHASH=41DBA1AF77E1A2260F0CE46D59ADCB5E
ParentProcessGuid: {df9fc3d3-1a8e-5ec9-0000-0010df6b0b00}
ParentProcessId: 6380
ParentImage: C:\Windows\System32\net.exe
ParentCommandLine: ""C:\Windows\System32\net.exe"" stop ""audioendpointbuilder"" /y""","C:\\Windows\\system32\\net1 stop \""audioendpointbuilder\"" /y","{""win"":{""system"":{""providerName"":""Microsoft-Windows-Sysmon"",""providerGuid"":""{5770385f-c22a-43e0-bf4c-06f5698ffbd9}"",""eventID"":""1"",""version"":""5"",""level"":""4"",""task"":""1"",""opcode"":""0"",""keywords"":""0x8000000000000000"",""systemTime"":""2020-05-23T12:43:58.757889900Z"",""eventRecordID"":""1585"",""processID"":""2100"",""threadID"":""3216"",""channel"":""Microsoft-Windows-Sysmon/Operational"",""computer"":""DESKTOP-HUE026H"",""severityValue"":""INFORMATION"",""message"":""\""Process Create:\r\nRuleName: \r\nUtcTime: 2020-05-23 12:43:58.730\r\nProcessGuid: {df9fc3d3-1a8e-5ec9-0000-00103c8e0b00}\r\nProcessId: 6504\r\nImage: C:\\Windows\\System32\\net1.exe\r\nFileVersion: 10.0.18362.1 (WinBuild.160101.0800)\r\nDescription: Net Command\r\nProduct: Microsoft® Windows® Operating System\r\nCompany: Microsoft Corporation\r\nOriginalFileName: net1.exe\r\nCommandLine: C:\\Windows\\system32\\net1 stop \""audioendpointbuilder\"" /y\r\nCurrentDirectory: C:\\Windows\\system32\\\r\nUser: DESKTOP-HUE026H\\John Williams\r\nLogonGuid: {df9fc3d3-1a6b-5ec9-0000-0020723c0300}\r\nLogonId: 0x33C72\r\nTerminalSessionId: 1\r\nIntegrityLevel: Medium\r\nHashes: MD5=0F641F87A791AE07C00A725BBBD77724,SHA256=286E7F127B06386BD1CC9664851848F483A867F0F604AA352893151068715FAA,IMPHASH=41DBA1AF77E1A2260F0CE46D59ADCB5E\r\nParentProcessGuid: {df9fc3d3-1a8e-5ec9-0000-0010df6b0b00}\r\nParentProcessId: 6380\r\nParentImage: C:\\Windows\\System32\\net.exe\r\nParentCommandLine: \""C:\\Windows\\System32\\net.exe\"" stop \""audioendpointbuilder\"" /y\""""},""eventdata"":{""utcTime"":""2020-05-23 12:43:58.730"",""processGuid"":""{df9fc3d3-1a8e-5ec9-0000-00103c8e0b00}"",""processId"":""6504"",""image"":""C:\\\\Windows\\\\System32\\\\net1.exe"",""fileVersion"":""10.0.18362.1 (WinBuild.160101.0800)"",""description"":""Net Command"",""product"":""Microsoft® Windows® Operating System"",""company"":""Microsoft Corporation"",""originalFileName"":""net1.exe"",""commandLine"":""C:\\\\Windows\\\\system32\\\\net1 stop \\\""audioendpointbuilder\\\"" /y"",""currentDirectory"":""C:\\\\Windows\\\\system32\\\\"",""user"":""DESKTOP-HUE026H\\\\John Williams"",""logonGuid"":""{df9fc3d3-1a6b-5ec9-0000-0020723c0300}"",""logonId"":""0x33c72"",""terminalSessionId"":""1"",""integrityLevel"":""Medium"",""hashes"":""MD5=0F641F87A791AE07C00A725BBBD77724,SHA256=286E7F127B06386BD1CC9664851848F483A867F0F604AA352893151068715FAA,IMPHASH=41DBA1AF77E1A2260F0CE46D59ADCB5E"",""parentProcessGuid"":""{df9fc3d3-1a8e-5ec9-0000-0010df6b0b00}"",""parentProcessId"":""6380"",""parentImage"":""C:\\\\Windows\\\\System32\\\\net.exe"",""parentCommandLine"":""\\\""C:\\\\Windows\\\\System32\\\\net.exe\\\"" stop \\\""audioendpointbuilder\\\"" /y""}}}"
"May 23, 2020 @ 12:44:10.851",8,"ATT&CK T1489: Stop Windows Service","""Process Create:
RuleName: 
UtcTime: 2020-05-23 12:43:58.412
ProcessGuid: {df9fc3d3-1a8e-5ec9-0000-0010967b0b00}
ProcessId: 6420
Image: C:\Windows\System32\net.exe
FileVersion: 10.0.18362.1 (WinBuild.160101.0800)
Description: Net Command
Product: Microsoft® Windows® Operating System
Company: Microsoft Corporation
OriginalFileName: net.exe
CommandLine: ""C:\Windows\System32\net.exe"" stop ""samss"" /y
CurrentDirectory: C:\Windows\system32\
User: DESKTOP-HUE026H\John Williams
LogonGuid: {df9fc3d3-1a6b-5ec9-0000-0020723c0300}
LogonId: 0x33C72
TerminalSessionId: 1
IntegrityLevel: Medium
Hashes: MD5=A63DF9A6E9098CC189F2A3EFC37600F6,SHA256=96CDFD7B263947A6A7C0DB54141A6B8D7777DB0A03A17CBF95666D98422F937B,IMPHASH=57F0C47AE2A1A2C06C8B987372AB0B07
ParentProcessGuid: {df9fc3d3-1a8d-5ec9-0000-001047510b00}
ParentProcessId: 6312
ParentImage: C:\Users\John Williams\Downloads\sQCMgCG.exe
ParentCommandLine: ""C:\Users\John Williams\Downloads\sQCMgCG.exe"" ""","\""C:\\Windows\\System32\\net.exe\"" stop \""samss\"" /y","{""win"":{""system"":{""providerName"":""Microsoft-Windows-Sysmon"",""providerGuid"":""{5770385f-c22a-43e0-bf4c-06f5698ffbd9}"",""eventID"":""1"",""version"":""5"",""level"":""4"",""task"":""1"",""opcode"":""0"",""keywords"":""0x8000000000000000"",""systemTime"":""2020-05-23T12:43:58.436877100Z"",""eventRecordID"":""1581"",""processID"":""2100"",""threadID"":""3216"",""channel"":""Microsoft-Windows-Sysmon/Operational"",""computer"":""DESKTOP-HUE026H"",""severityValue"":""INFORMATION"",""message"":""\""Process Create:\r\nRuleName: \r\nUtcTime: 2020-05-23 12:43:58.412\r\nProcessGuid: {df9fc3d3-1a8e-5ec9-0000-0010967b0b00}\r\nProcessId: 6420\r\nImage: C:\\Windows\\System32\\net.exe\r\nFileVersion: 10.0.18362.1 (WinBuild.160101.0800)\r\nDescription: Net Command\r\nProduct: Microsoft® Windows® Operating System\r\nCompany: Microsoft Corporation\r\nOriginalFileName: net.exe\r\nCommandLine: \""C:\\Windows\\System32\\net.exe\"" stop \""samss\"" /y\r\nCurrentDirectory: C:\\Windows\\system32\\\r\nUser: DESKTOP-HUE026H\\John Williams\r\nLogonGuid: {df9fc3d3-1a6b-5ec9-0000-0020723c0300}\r\nLogonId: 0x33C72\r\nTerminalSessionId: 1\r\nIntegrityLevel: Medium\r\nHashes: MD5=A63DF9A6E9098CC189F2A3EFC37600F6,SHA256=96CDFD7B263947A6A7C0DB54141A6B8D7777DB0A03A17CBF95666D98422F937B,IMPHASH=57F0C47AE2A1A2C06C8B987372AB0B07\r\nParentProcessGuid: {df9fc3d3-1a8d-5ec9-0000-001047510b00}\r\nParentProcessId: 6312\r\nParentImage: C:\\Users\\John Williams\\Downloads\\sQCMgCG.exe\r\nParentCommandLine: \""C:\\Users\\John Williams\\Downloads\\sQCMgCG.exe\"" \""""},""eventdata"":{""utcTime"":""2020-05-23 12:43:58.412"",""processGuid"":""{df9fc3d3-1a8e-5ec9-0000-0010967b0b00}"",""processId"":""6420"",""image"":""C:\\\\Windows\\\\System32\\\\net.exe"",""fileVersion"":""10.0.18362.1 (WinBuild.160101.0800)"",""description"":""Net Command"",""product"":""Microsoft® Windows® Operating System"",""company"":""Microsoft Corporation"",""originalFileName"":""net.exe"",""commandLine"":""\\\""C:\\\\Windows\\\\System32\\\\net.exe\\\"" stop \\\""samss\\\"" /y"",""currentDirectory"":""C:\\\\Windows\\\\system32\\\\"",""user"":""DESKTOP-HUE026H\\\\John Williams"",""logonGuid"":""{df9fc3d3-1a6b-5ec9-0000-0020723c0300}"",""logonId"":""0x33c72"",""terminalSessionId"":""1"",""integrityLevel"":""Medium"",""hashes"":""MD5=A63DF9A6E9098CC189F2A3EFC37600F6,SHA256=96CDFD7B263947A6A7C0DB54141A6B8D7777DB0A03A17CBF95666D98422F937B,IMPHASH=57F0C47AE2A1A2C06C8B987372AB0B07"",""parentProcessGuid"":""{df9fc3d3-1a8d-5ec9-0000-001047510b00}"",""parentProcessId"":""6312"",""parentImage"":""C:\\\\Users\\\\John Williams\\\\Downloads\\\\sQCMgCG.exe"",""parentCommandLine"":""\\\""C:\\\\Users\\\\John Williams\\\\Downloads\\\\sQCMgCG.exe\\\""""}}}"
"May 23, 2020 @ 12:44:05.183",8,"ATT&CK T1489: Stop Windows Service","""Process Create:
RuleName: 
UtcTime: 2020-05-23 12:43:58.082
ProcessGuid: {df9fc3d3-1a8e-5ec9-0000-0010df6b0b00}
ProcessId: 6380
Image: C:\Windows\System32\net.exe
FileVersion: 10.0.18362.1 (WinBuild.160101.0800)
Description: Net Command
Product: Microsoft® Windows® Operating System
Company: Microsoft Corporation
OriginalFileName: net.exe
CommandLine: ""C:\Windows\System32\net.exe"" stop ""audioendpointbuilder"" /y
CurrentDirectory: C:\Windows\system32\
User: DESKTOP-HUE026H\John Williams
LogonGuid: {df9fc3d3-1a6b-5ec9-0000-0020723c0300}
LogonId: 0x33C72
TerminalSessionId: 1
IntegrityLevel: Medium
Hashes: MD5=A63DF9A6E9098CC189F2A3EFC37600F6,SHA256=96CDFD7B263947A6A7C0DB54141A6B8D7777DB0A03A17CBF95666D98422F937B,IMPHASH=57F0C47AE2A1A2C06C8B987372AB0B07
ParentProcessGuid: {df9fc3d3-1a8d-5ec9-0000-001047510b00}
ParentProcessId: 6312
ParentImage: C:\Users\John Williams\Downloads\sQCMgCG.exe
ParentCommandLine: ""C:\Users\John Williams\Downloads\sQCMgCG.exe"" ""","\""C:\\Windows\\System32\\net.exe\"" stop \""audioendpointbuilder\"" /y","{""win"":{""system"":{""providerName"":""Microsoft-Windows-Sysmon"",""providerGuid"":""{5770385f-c22a-43e0-bf4c-06f5698ffbd9}"",""eventID"":""1"",""version"":""5"",""level"":""4"",""task"":""1"",""opcode"":""0"",""keywords"":""0x8000000000000000"",""systemTime"":""2020-05-23T12:43:58.133212600Z"",""eventRecordID"":""1580"",""processID"":""2100"",""threadID"":""3216"",""channel"":""Microsoft-Windows-Sysmon/Operational"",""computer"":""DESKTOP-HUE026H"",""severityValue"":""INFORMATION"",""message"":""\""Process Create:\r\nRuleName: \r\nUtcTime: 2020-05-23 12:43:58.082\r\nProcessGuid: {df9fc3d3-1a8e-5ec9-0000-0010df6b0b00}\r\nProcessId: 6380\r\nImage: C:\\Windows\\System32\\net.exe\r\nFileVersion: 10.0.18362.1 (WinBuild.160101.0800)\r\nDescription: Net Command\r\nProduct: Microsoft® Windows® Operating System\r\nCompany: Microsoft Corporation\r\nOriginalFileName: net.exe\r\nCommandLine: \""C:\\Windows\\System32\\net.exe\"" stop \""audioendpointbuilder\"" /y\r\nCurrentDirectory: C:\\Windows\\system32\\\r\nUser: DESKTOP-HUE026H\\John Williams\r\nLogonGuid: {df9fc3d3-1a6b-5ec9-0000-0020723c0300}\r\nLogonId: 0x33C72\r\nTerminalSessionId: 1\r\nIntegrityLevel: Medium\r\nHashes: MD5=A63DF9A6E9098CC189F2A3EFC37600F6,SHA256=96CDFD7B263947A6A7C0DB54141A6B8D7777DB0A03A17CBF95666D98422F937B,IMPHASH=57F0C47AE2A1A2C06C8B987372AB0B07\r\nParentProcessGuid: {df9fc3d3-1a8d-5ec9-0000-001047510b00}\r\nParentProcessId: 6312\r\nParentImage: C:\\Users\\John Williams\\Downloads\\sQCMgCG.exe\r\nParentCommandLine: \""C:\\Users\\John Williams\\Downloads\\sQCMgCG.exe\"" \""""},""eventdata"":{""utcTime"":""2020-05-23 12:43:58.082"",""processGuid"":""{df9fc3d3-1a8e-5ec9-0000-0010df6b0b00}"",""processId"":""6380"",""image"":""C:\\\\Windows\\\\System32\\\\net.exe"",""fileVersion"":""10.0.18362.1 (WinBuild.160101.0800)"",""description"":""Net Command"",""product"":""Microsoft® Windows® Operating System"",""company"":""Microsoft Corporation"",""originalFileName"":""net.exe"",""commandLine"":""\\\""C:\\\\Windows\\\\System32\\\\net.exe\\\"" stop \\\""audioendpointbuilder\\\"" /y"",""currentDirectory"":""C:\\\\Windows\\\\system32\\\\"",""user"":""DESKTOP-HUE026H\\\\John Williams"",""logonGuid"":""{df9fc3d3-1a6b-5ec9-0000-0020723c0300}"",""logonId"":""0x33c72"",""terminalSessionId"":""1"",""integrityLevel"":""Medium"",""hashes"":""MD5=A63DF9A6E9098CC189F2A3EFC37600F6,SHA256=96CDFD7B263947A6A7C0DB54141A6B8D7777DB0A03A17CBF95666D98422F937B,IMPHASH=57F0C47AE2A1A2C06C8B987372AB0B07"",""parentProcessGuid"":""{df9fc3d3-1a8d-5ec9-0000-001047510b00}"",""parentProcessId"":""6312"",""parentImage"":""C:\\\\Users\\\\John Williams\\\\Downloads\\\\sQCMgCG.exe"",""parentCommandLine"":""\\\""C:\\\\Users\\\\John Williams\\\\Downloads\\\\sQCMgCG.exe\\\""""}}}"
