"Apr 24, 2020 @ 13:10:53.878",9,"ATT&CK T1058:Registry edit for new service","{""win"":{""system"":{""providerName"":""Microsoft-Windows-Sysmon"",""providerGuid"":""{5770385f-c22a-43e0-bf4c-06f5698ffbd9}"",""eventID"":""13"",""version"":""2"",""level"":""4"",""task"":""13"",""opcode"":""0"",""keywords"":""0x8000000000000000"",""systemTime"":""2020-04-24T13:10:50.611322300Z"",""eventRecordID"":""3330"",""processID"":""2112"",""threadID"":""2072"",""channel"":""Microsoft-Windows-Sysmon/Operational"",""computer"":""DESKTOP-HUE026H"",""severityValue"":""INFORMATION"",""message"":""\""Registry value set:\r\nRuleName: T1031,T1050\r\nEventType: SetValue\r\nUtcTime: 2020-04-24 13:10:50.604\r\nProcessGuid: {df9fc3d3-e544-5ea2-0000-00100ca80000}\r\nProcessId: 584\r\nImage: C:\\Windows\\system32\\services.exe\r\nTargetObject: HKLM\\System\\CurrentControlSet\\Services\\AarSvc_69cbe\\Start\r\nDetails: DWORD (0x00000003)\""""},""eventdata"":{""ruleName"":""T1031,T1050"",""eventType"":""SetValue"",""utcTime"":""2020-04-24 13:10:50.604"",""processGuid"":""{df9fc3d3-e544-5ea2-0000-00100ca80000}"",""processId"":""584"",""image"":""C:\\\\Windows\\\\system32\\\\services.exe"",""targetObject"":""HKLM\\\\System\\\\CurrentControlSet\\\\Services\\\\AarSvc_69cbe\\\\Start"",""details"":""DWORD (0x00000003)""}}}","""Registry value set:
RuleName: T1031,T1050
EventType: SetValue
UtcTime: 2020-04-24 13:10:50.604
ProcessGuid: {df9fc3d3-e544-5ea2-0000-00100ca80000}
ProcessId: 584
Image: C:\Windows\system32\services.exe
TargetObject: HKLM\System\CurrentControlSet\Services\AarSvc_69cbe\Start
Details: DWORD (0x00000003)"""
"Apr 24, 2020 @ 13:10:53.099",5,"SessionEnv was unavailable to handle a notification event",,"""The winlogon notification subscriber <SessionEnv> was unavailable to handle a notification event."""
"Apr 24, 2020 @ 13:10:52.539",7,"SessionEnv was unavailable to handle a critical notification event",,"""The winlogon notification subscriber <SessionEnv> was unavailable to handle a critical notification event."""
"Apr 24, 2020 @ 13:10:40.556",3,"Windows Logon Success",,"""An account was successfully logged on.

Subject:
	Security ID:		S-1-5-18
	Account Name:		DESKTOP-HUE026H$
	Account Domain:		WORKGROUP
	Logon ID:		0x3E7

Logon Information:
	Logon Type:		5
	Restricted Admin Mode:	-
	Virtual Account:		No
	Elevated Token:		Yes

Impersonation Level:		Impersonation

New Logon:
	Security ID:		S-1-5-18
	Account Name:		SYSTEM
	Account Domain:		NT AUTHORITY
	Logon ID:		0x3E7
	Linked Logon ID:		0x0
	Network Account Name:	-
	Network Account Domain:	-
	Logon GUID:		{00000000-0000-0000-0000-000000000000}

Process Information:
	Process ID:		0x248
	Process Name:		C:\Windows\System32\services.exe

Network Information:
	Workstation Name:	-
	Source Network Address:	-
	Source Port:		-

Detailed Authentication Information:
	Logon Process:		Advapi  
	Authentication Package:	Negotiate
	Transited Services:	-
	Package Name (NTLM only):	-
	Key Length:		0

This event is generated when a logon session is created. It is generated on the computer that was accessed.

The subject fields indicate the account on the local system which requested the logon. This is most commonly a service such as the Server service, or a local process such as Winlogon.exe or Services.exe.

The logon type field indicates the kind of logon that occurred. The most common types are 2 (interactive) and 3 (network).

The New Logon fields indicate the account for whom the new logon was created, i.e. the account that was logged on.

The network fields indicate where a remote logon request originated. Workstation name is not always available and may be left blank in some cases.

The impersonation level field indicates the extent to which a process in the logon session can impersonate.

The authentication information fields provide detailed information about this specific logon request.
	- Logon GUID is a unique identifier that can be used to correlate this event with a KDC event.
	- Transited services indicate which intermediate services have participated in this logon request.
	- Package name indicates which sub-protocol was used among the NTLM protocols.
	- Key length indicates the length of the generated session key. This will be 0 if no session key was requested."""
"Apr 24, 2020 @ 13:10:36.678",3,"Ossec agent started.","ossec: Agent started: 'windows-10->any'.",
"Apr 24, 2020 @ 13:10:02.226",9,"Windows Application error event",,
"Apr 24, 2020 @ 13:09:49.459",5,"SCA summary: Benchmark for Windows audit: Score less than 80% (66)",,
"Apr 24, 2020 @ 13:09:46.413",9,"Benchmark for Windows audit: Ensure 'MSS: (AutoAdminLogon) Enable Automatic Logon (not recommended)' is set to 'Disabled': Status changed from 'not applicable' to failed",,
"Apr 24, 2020 @ 13:09:15.290",3,"Windows Logon Success",,"""An account was successfully logged on.

Subject:
	Security ID:		S-1-5-18
	Account Name:		DESKTOP-HUE026H$
	Account Domain:		WORKGROUP
	Logon ID:		0x3E7

Logon Information:
	Logon Type:		5
	Restricted Admin Mode:	-
	Virtual Account:		No
	Elevated Token:		Yes

Impersonation Level:		Impersonation

New Logon:
	Security ID:		S-1-5-18
	Account Name:		SYSTEM
	Account Domain:		NT AUTHORITY
	Logon ID:		0x3E7
	Linked Logon ID:		0x0
	Network Account Name:	-
	Network Account Domain:	-
	Logon GUID:		{00000000-0000-0000-0000-000000000000}

Process Information:
	Process ID:		0x24c
	Process Name:		C:\Windows\System32\services.exe

Network Information:
	Workstation Name:	-
	Source Network Address:	-
	Source Port:		-

Detailed Authentication Information:
	Logon Process:		Advapi  
	Authentication Package:	Negotiate
	Transited Services:	-
	Package Name (NTLM only):	-
	Key Length:		0

This event is generated when a logon session is created. It is generated on the computer that was accessed.

The subject fields indicate the account on the local system which requested the logon. This is most commonly a service such as the Server service, or a local process such as Winlogon.exe or Services.exe.

The logon type field indicates the kind of logon that occurred. The most common types are 2 (interactive) and 3 (network).

The New Logon fields indicate the account for whom the new logon was created, i.e. the account that was logged on.

The network fields indicate where a remote logon request originated. Workstation name is not always available and may be left blank in some cases.

The impersonation level field indicates the extent to which a process in the logon session can impersonate.

The authentication information fields provide detailed information about this specific logon request.
	- Logon GUID is a unique identifier that can be used to correlate this event with a KDC event.
	- Transited services indicate which intermediate services have participated in this logon request.
	- Package name indicates which sub-protocol was used among the NTLM protocols.
	- Key length indicates the length of the generated session key. This will be 0 if no session key was requested."""
"Apr 24, 2020 @ 13:09:15.243",3,"Windows Logon Success",,"""An account was successfully logged on.

Subject:
	Security ID:		S-1-5-18
	Account Name:		DESKTOP-HUE026H$
	Account Domain:		WORKGROUP
	Logon ID:		0x3E7

Logon Information:
	Logon Type:		5
	Restricted Admin Mode:	-
	Virtual Account:		No
	Elevated Token:		Yes

Impersonation Level:		Impersonation

New Logon:
	Security ID:		S-1-5-18
	Account Name:		SYSTEM
	Account Domain:		NT AUTHORITY
	Logon ID:		0x3E7
	Linked Logon ID:		0x0
	Network Account Name:	-
	Network Account Domain:	-
	Logon GUID:		{00000000-0000-0000-0000-000000000000}

Process Information:
	Process ID:		0x24c
	Process Name:		C:\Windows\System32\services.exe

Network Information:
	Workstation Name:	-
	Source Network Address:	-
	Source Port:		-

Detailed Authentication Information:
	Logon Process:		Advapi  
	Authentication Package:	Negotiate
	Transited Services:	-
	Package Name (NTLM only):	-
	Key Length:		0

This event is generated when a logon session is created. It is generated on the computer that was accessed.

The subject fields indicate the account on the local system which requested the logon. This is most commonly a service such as the Server service, or a local process such as Winlogon.exe or Services.exe.

The logon type field indicates the kind of logon that occurred. The most common types are 2 (interactive) and 3 (network).

The New Logon fields indicate the account for whom the new logon was created, i.e. the account that was logged on.

The network fields indicate where a remote logon request originated. Workstation name is not always available and may be left blank in some cases.

The impersonation level field indicates the extent to which a process in the logon session can impersonate.

The authentication information fields provide detailed information about this specific logon request.
	- Logon GUID is a unique identifier that can be used to correlate this event with a KDC event.
	- Transited services indicate which intermediate services have participated in this logon request.
	- Package name indicates which sub-protocol was used among the NTLM protocols.
	- Key length indicates the length of the generated session key. This will be 0 if no session key was requested."""
"Apr 24, 2020 @ 13:08:34.446",7,"Integrity checksum changed.","File '[x64] HKEY_LOCAL_MACHINE\Software\Microsoft\Windows NT\CurrentVersion\Winlogon' checksum changed.
Old md5sum was: 'ae65b80d3aa8d32f38dfcf0fd6c6b1b0'
New md5sum is : 'cf3754ae4c53bb01ca8f4706679eb2c1'
Old sha1sum was: 'bab24ad7745b947cdd2101c926f3699e6f6cbe15'
New sha1sum is : 'e6b6ed8af81664d49dc704d5d1fe570c44b0494f'
",
"Apr 24, 2020 @ 13:08:23.353",7,"Integrity checksum changed.","File 'HKEY_LOCAL_MACHINE\System\CurrentControlSet\Services\W32Time\SecureTimeLimits' checksum changed.
Old md5sum was: '16592ee3e500fdaa4ac162c843a5eccb'
New md5sum is : 'f3f5f5fdd6f39cf62e69610c4b6eeae1'
Old sha1sum was: 'c944e39eece978e13da14874c3db94c6dac81dde'
New sha1sum is : '260824863a974bdbdbfd3edb7f0e7b125a50d50d'
",
"Apr 24, 2020 @ 13:08:23.338",7,"Integrity checksum changed.","File 'HKEY_LOCAL_MACHINE\System\CurrentControlSet\Services\W32Time\SecureTimeLimits\RunTime' checksum changed.
Old md5sum was: '405cffbdc5c111b423667c5f1506f4b3'
New md5sum is : '1ae2be33276cc123ae315374ecb4bbdb'
Old sha1sum was: '12f9b0ff3cbe3b2f46df3ea4a991699671150a61'
New sha1sum is : '70a0b632322092d49ef0d93a8084c6c74562b3dd'
",
"Apr 24, 2020 @ 13:08:01.229",7,"Integrity checksum changed.","File 'HKEY_LOCAL_MACHINE\System\CurrentControlSet\Services\NlaSvc\Parameters\Cache' checksum changed.
Old md5sum was: '50e564d651df4ed3711c530cb99d635a'
New md5sum is : '8879c1edeb0f0361bd37d770e7639bb2'
Old sha1sum was: '9f85b67a6c52e8312f838e2577ad0927a069eeda'
New sha1sum is : '17ce46a3267c30cb6b7fdcabb90044e72d2e065c'
",
"Apr 24, 2020 @ 13:07:58.682",7,"Integrity checksum changed.","File 'HKEY_LOCAL_MACHINE\System\CurrentControlSet\Services\NcbService\NCBKapiNlmCache\4' checksum changed.
Old md5sum was: '041ceda52ac74d2f1c17260400a6ccd7'
New md5sum is : 'b58c019384b3299402dbe5a0e22d2728'
Old sha1sum was: '71b098fd2ebae082d988fdb8ccb8812878a44c57'
New sha1sum is : 'adf5c3a1c0ff6a1ecdcd328f5d2ad52bb15b804a'
",
"Apr 24, 2020 @ 13:07:24.965",7,"Integrity checksum changed.","File 'HKEY_LOCAL_MACHINE\System\CurrentControlSet\Services\bam\State\UserSettings\S-1-5-21-438079597-2123118846-2669748851-1001' checksum changed.
Old md5sum was: '32e1b6b1065e3ef22843b8e6000b5ef2'
New md5sum is : '0605cdb24f1ff5338bc41392ba73d94f'
Old sha1sum was: '904e5ecf7a5a42f73ad788fd88d72fd51230a9ec'
New sha1sum is : 'f486515c8d4c93497c80cacf50cdf5c398a099e9'
",
"Apr 24, 2020 @ 13:07:21.901",3,"Windows User Logoff",,"""User initiated logoff:

Subject:
	Security ID:		S-1-5-21-438079597-2123118846-2669748851-1001
	Account Name:		John Williams
	Account Domain:		DESKTOP-HUE026H
	Logon ID:		0x36A3A

This event is generated when a logoff is initiated. No further user-initiated activity can occur. This event can be interpreted as a logoff event."""
"Apr 24, 2020 @ 13:07:21.309",5,"SessionEnv was unavailable to handle a notification event",,"""The winlogon notification subscriber <SessionEnv> was unavailable to handle a notification event."""
"Apr 24, 2020 @ 13:07:21.089",5,"WSearch was unavailable to handle a notification event",,"""The winlogon notification subscriber <WSearch> was unavailable to handle a notification event."""
"Apr 24, 2020 @ 13:07:15.481",5,"Windows System error event",,"""The server Microsoft.Windows.ContentDeliveryManager_10.0.18362.449_neutral_neutral_cw5n1h2txyewy!App.AppXwdz8g2fxr36xz0tdtagygnvemf85s7gg.mca did not register with DCOM within the required timeout."""
"Apr 24, 2020 @ 13:04:50.766",4,"Summary event of the report's signatures",,"""Fault bucket 1998781362923138110, type 5
Event Name: RADAR_PRE_LEAK_64
Response: Not available
Cab Id: 0

Problem signature:
P1: TiWorker.exe
P2: 10.0.18362.772
P3: 10.0.18363.2.0.0
P4: 
P5: 
P6: 
P7: 
P8: 
P9: 
P10: 

Attached files:
\\?\C:\Users\JOHNWI~1\AppData\Local\Temp\RDRDE6.tmp\empty.txt
\\?\C:\ProgramData\Microsoft\Windows\WER\Temp\WERDE7.tmp.WERInternalMetadata.xml
\\?\C:\ProgramData\Microsoft\Windows\WER\Temp\WERE36.tmp.xml
\\?\C:\ProgramData\Microsoft\Windows\WER\Temp\WERE73.tmp.csv
\\?\C:\ProgramData\Microsoft\Windows\WER\Temp\WERE83.tmp.txt

These files may be available here:


Analysis symbol: 
Rechecking for solution: 0
Report Id: 34968c9b-6f96-4335-b7d4-c016c57719fb
Report Status: 268435456
Hashed bucket: 3ced26c211921b339bbd190f40b46c3e
Cab Guid: 0"""
"Apr 24, 2020 @ 13:04:47.758",3,"Windows Logon Success",,"""An account was successfully logged on.

Subject:
	Security ID:		S-1-5-18
	Account Name:		DESKTOP-HUE026H$
	Account Domain:		WORKGROUP
	Logon ID:		0x3E7

Logon Information:
	Logon Type:		5
	Restricted Admin Mode:	-
	Virtual Account:		No
	Elevated Token:		Yes

Impersonation Level:		Impersonation

New Logon:
	Security ID:		S-1-5-18
	Account Name:		SYSTEM
	Account Domain:		NT AUTHORITY
	Logon ID:		0x3E7
	Linked Logon ID:		0x0
	Network Account Name:	-
	Network Account Domain:	-
	Logon GUID:		{00000000-0000-0000-0000-000000000000}

Process Information:
	Process ID:		0x24c
	Process Name:		C:\Windows\System32\services.exe

Network Information:
	Workstation Name:	-
	Source Network Address:	-
	Source Port:		-

Detailed Authentication Information:
	Logon Process:		Advapi  
	Authentication Package:	Negotiate
	Transited Services:	-
	Package Name (NTLM only):	-
	Key Length:		0

This event is generated when a logon session is created. It is generated on the computer that was accessed.

The subject fields indicate the account on the local system which requested the logon. This is most commonly a service such as the Server service, or a local process such as Winlogon.exe or Services.exe.

The logon type field indicates the kind of logon that occurred. The most common types are 2 (interactive) and 3 (network).

The New Logon fields indicate the account for whom the new logon was created, i.e. the account that was logged on.

The network fields indicate where a remote logon request originated. Workstation name is not always available and may be left blank in some cases.

The impersonation level field indicates the extent to which a process in the logon session can impersonate.

The authentication information fields provide detailed information about this specific logon request.
	- Logon GUID is a unique identifier that can be used to correlate this event with a KDC event.
	- Transited services indicate which intermediate services have participated in this logon request.
	- Package name indicates which sub-protocol was used among the NTLM protocols.
	- Key length indicates the length of the generated session key. This will be 0 if no session key was requested."""
"Apr 24, 2020 @ 13:04:20.660",3,"Software Protection service scheduled successfully",,"""Successfully scheduled Software Protection service for re-start at 2020-04-25T12:49:04Z. Reason: RulesEngine."""
