"May 23, 2020 @ 12:39:00.138",9,"Windows Application error event","""Faulting application name: RuntimeBroker.exe, version: 10.0.18362.1, time stamp: 0x4539d5a0
Faulting module name: ntdll.dll, version: 10.0.18362.719, time stamp: 0x64d10ee0
Exception code: 0xc0000005
Fault offset: 0x000000000003b890
Faulting process id: 0x15c0
Faulting application start time: 0x01d6303b54371e58
Faulting application path: C:\Windows\System32\RuntimeBroker.exe
Faulting module path: C:\Windows\SYSTEM32\ntdll.dll
Report Id: 036530cd-198c-4ed1-8988-ab9b151b6211
Faulting package full name: 
Faulting package-relative application ID: """,,
"May 23, 2020 @ 12:38:57.133",9,"Windows Application error event","""Faulting application name: svchost.exe, version: 10.0.18362.1, time stamp: 0x32d6c210
Faulting module name: ntdll.dll, version: 10.0.18362.719, time stamp: 0x64d10ee0
Exception code: 0xc0000005
Fault offset: 0x000000000003b890
Faulting process id: 0xc60
Faulting application start time: 0x01d6303b4f421e75
Faulting application path: C:\Windows\system32\svchost.exe
Faulting module path: C:\Windows\SYSTEM32\ntdll.dll
Report Id: 946ba657-bd34-4b02-ba1a-50e461afe2ea
Faulting package full name: 
Faulting package-relative application ID: """,,
"May 23, 2020 @ 12:38:46.198",8,"ATT&CK T1489: Stop Windows Service","""Process Create:
RuleName: 
UtcTime: 2020-05-22 13:20:37.336
ProcessGuid: {df9fc3d3-d1a5-5ec7-0000-00104d192700}
ProcessId: 104352
Image: C:\Windows\System32\net1.exe
FileVersion: 10.0.18362.1 (WinBuild.160101.0800)
Description: Net Command
Product: Microsoft® Windows® Operating System
Company: Microsoft Corporation
OriginalFileName: net1.exe
CommandLine: C:\Windows\system32\net1 stop ""samss"" /y
CurrentDirectory: C:\Users\John Williams\Downloads\
User: DESKTOP-HUE026H\John Williams
LogonGuid: {df9fc3d3-d0d4-5ec7-0000-002021020300}
LogonId: 0x30221
TerminalSessionId: 1
IntegrityLevel: Medium
Hashes: MD5=0F641F87A791AE07C00A725BBBD77724,SHA256=286E7F127B06386BD1CC9664851848F483A867F0F604AA352893151068715FAA,IMPHASH=41DBA1AF77E1A2260F0CE46D59ADCB5E
ParentProcessGuid: {df9fc3d3-d1a3-5ec7-0000-0010dab72600}
ParentProcessId: 102756
ParentImage: C:\Windows\System32\net.exe
ParentCommandLine: ""C:\Windows\System32\net.exe"" stop ""samss"" /y""","C:\\Windows\\system32\\net1 stop \""samss\"" /y","{""win"":{""system"":{""providerName"":""Microsoft-Windows-Sysmon"",""providerGuid"":""{5770385f-c22a-43e0-bf4c-06f5698ffbd9}"",""eventID"":""1"",""version"":""5"",""level"":""4"",""task"":""1"",""opcode"":""0"",""keywords"":""0x8000000000000000"",""systemTime"":""2020-05-22T13:20:37.408323700Z"",""eventRecordID"":""1114"",""processID"":""2292"",""threadID"":""3260"",""channel"":""Microsoft-Windows-Sysmon/Operational"",""computer"":""DESKTOP-HUE026H"",""severityValue"":""INFORMATION"",""message"":""\""Process Create:\r\nRuleName: \r\nUtcTime: 2020-05-22 13:20:37.336\r\nProcessGuid: {df9fc3d3-d1a5-5ec7-0000-00104d192700}\r\nProcessId: 104352\r\nImage: C:\\Windows\\System32\\net1.exe\r\nFileVersion: 10.0.18362.1 (WinBuild.160101.0800)\r\nDescription: Net Command\r\nProduct: Microsoft® Windows® Operating System\r\nCompany: Microsoft Corporation\r\nOriginalFileName: net1.exe\r\nCommandLine: C:\\Windows\\system32\\net1 stop \""samss\"" /y\r\nCurrentDirectory: C:\\Users\\John Williams\\Downloads\\\r\nUser: DESKTOP-HUE026H\\John Williams\r\nLogonGuid: {df9fc3d3-d0d4-5ec7-0000-002021020300}\r\nLogonId: 0x30221\r\nTerminalSessionId: 1\r\nIntegrityLevel: Medium\r\nHashes: MD5=0F641F87A791AE07C00A725BBBD77724,SHA256=286E7F127B06386BD1CC9664851848F483A867F0F604AA352893151068715FAA,IMPHASH=41DBA1AF77E1A2260F0CE46D59ADCB5E\r\nParentProcessGuid: {df9fc3d3-d1a3-5ec7-0000-0010dab72600}\r\nParentProcessId: 102756\r\nParentImage: C:\\Windows\\System32\\net.exe\r\nParentCommandLine: \""C:\\Windows\\System32\\net.exe\"" stop \""samss\"" /y\""""},""eventdata"":{""utcTime"":""2020-05-22 13:20:37.336"",""processGuid"":""{df9fc3d3-d1a5-5ec7-0000-00104d192700}"",""processId"":""104352"",""image"":""C:\\\\Windows\\\\System32\\\\net1.exe"",""fileVersion"":""10.0.18362.1 (WinBuild.160101.0800)"",""description"":""Net Command"",""product"":""Microsoft® Windows® Operating System"",""company"":""Microsoft Corporation"",""originalFileName"":""net1.exe"",""commandLine"":""C:\\\\Windows\\\\system32\\\\net1 stop \\\""samss\\\"" /y"",""currentDirectory"":""C:\\\\Users\\\\John Williams\\\\Downloads\\\\"",""user"":""DESKTOP-HUE026H\\\\John Williams"",""logonGuid"":""{df9fc3d3-d0d4-5ec7-0000-002021020300}"",""logonId"":""0x30221"",""terminalSessionId"":""1"",""integrityLevel"":""Medium"",""hashes"":""MD5=0F641F87A791AE07C00A725BBBD77724,SHA256=286E7F127B06386BD1CC9664851848F483A867F0F604AA352893151068715FAA,IMPHASH=41DBA1AF77E1A2260F0CE46D59ADCB5E"",""parentProcessGuid"":""{df9fc3d3-d1a3-5ec7-0000-0010dab72600}"",""parentProcessId"":""102756"",""parentImage"":""C:\\\\Windows\\\\System32\\\\net.exe"",""parentCommandLine"":""\\\""C:\\\\Windows\\\\System32\\\\net.exe\\\"" stop \\\""samss\\\"" /y""}}}"
"May 23, 2020 @ 12:38:44.653",8,"ATT&CK T1489: Stop Windows Service","""Process Create:
RuleName: 
UtcTime: 2020-05-22 13:20:35.758
ProcessGuid: {df9fc3d3-d1a3-5ec7-0000-00108dcb2600}
ProcessId: 102880
Image: C:\Windows\System32\net1.exe
FileVersion: 10.0.18362.1 (WinBuild.160101.0800)
Description: Net Command
Product: Microsoft® Windows® Operating System
Company: Microsoft Corporation
OriginalFileName: net1.exe
CommandLine: C:\Windows\system32\net1 stop ""audioendpointbuilder"" /y
CurrentDirectory: C:\Users\John Williams\Downloads\
User: DESKTOP-HUE026H\John Williams
LogonGuid: {df9fc3d3-d0d4-5ec7-0000-002021020300}
LogonId: 0x30221
TerminalSessionId: 1
IntegrityLevel: Medium
Hashes: MD5=0F641F87A791AE07C00A725BBBD77724,SHA256=286E7F127B06386BD1CC9664851848F483A867F0F604AA352893151068715FAA,IMPHASH=41DBA1AF77E1A2260F0CE46D59ADCB5E
ParentProcessGuid: {df9fc3d3-d1a3-5ec7-0000-0010c89e2600}
ParentProcessId: 102620
ParentImage: C:\Windows\System32\net.exe
ParentCommandLine: ""C:\Windows\System32\net.exe"" stop ""audioendpointbuilder"" /y""","C:\\Windows\\system32\\net1 stop \""audioendpointbuilder\"" /y","{""win"":{""system"":{""providerName"":""Microsoft-Windows-Sysmon"",""providerGuid"":""{5770385f-c22a-43e0-bf4c-06f5698ffbd9}"",""eventID"":""1"",""version"":""5"",""level"":""4"",""task"":""1"",""opcode"":""0"",""keywords"":""0x8000000000000000"",""systemTime"":""2020-05-22T13:20:35.793568100Z"",""eventRecordID"":""1110"",""processID"":""2292"",""threadID"":""3260"",""channel"":""Microsoft-Windows-Sysmon/Operational"",""computer"":""DESKTOP-HUE026H"",""severityValue"":""INFORMATION"",""message"":""\""Process Create:\r\nRuleName: \r\nUtcTime: 2020-05-22 13:20:35.758\r\nProcessGuid: {df9fc3d3-d1a3-5ec7-0000-00108dcb2600}\r\nProcessId: 102880\r\nImage: C:\\Windows\\System32\\net1.exe\r\nFileVersion: 10.0.18362.1 (WinBuild.160101.0800)\r\nDescription: Net Command\r\nProduct: Microsoft® Windows® Operating System\r\nCompany: Microsoft Corporation\r\nOriginalFileName: net1.exe\r\nCommandLine: C:\\Windows\\system32\\net1 stop \""audioendpointbuilder\"" /y\r\nCurrentDirectory: C:\\Users\\John Williams\\Downloads\\\r\nUser: DESKTOP-HUE026H\\John Williams\r\nLogonGuid: {df9fc3d3-d0d4-5ec7-0000-002021020300}\r\nLogonId: 0x30221\r\nTerminalSessionId: 1\r\nIntegrityLevel: Medium\r\nHashes: MD5=0F641F87A791AE07C00A725BBBD77724,SHA256=286E7F127B06386BD1CC9664851848F483A867F0F604AA352893151068715FAA,IMPHASH=41DBA1AF77E1A2260F0CE46D59ADCB5E\r\nParentProcessGuid: {df9fc3d3-d1a3-5ec7-0000-0010c89e2600}\r\nParentProcessId: 102620\r\nParentImage: C:\\Windows\\System32\\net.exe\r\nParentCommandLine: \""C:\\Windows\\System32\\net.exe\"" stop \""audioendpointbuilder\"" /y\""""},""eventdata"":{""utcTime"":""2020-05-22 13:20:35.758"",""processGuid"":""{df9fc3d3-d1a3-5ec7-0000-00108dcb2600}"",""processId"":""102880"",""image"":""C:\\\\Windows\\\\System32\\\\net1.exe"",""fileVersion"":""10.0.18362.1 (WinBuild.160101.0800)"",""description"":""Net Command"",""product"":""Microsoft® Windows® Operating System"",""company"":""Microsoft Corporation"",""originalFileName"":""net1.exe"",""commandLine"":""C:\\\\Windows\\\\system32\\\\net1 stop \\\""audioendpointbuilder\\\"" /y"",""currentDirectory"":""C:\\\\Users\\\\John Williams\\\\Downloads\\\\"",""user"":""DESKTOP-HUE026H\\\\John Williams"",""logonGuid"":""{df9fc3d3-d0d4-5ec7-0000-002021020300}"",""logonId"":""0x30221"",""terminalSessionId"":""1"",""integrityLevel"":""Medium"",""hashes"":""MD5=0F641F87A791AE07C00A725BBBD77724,SHA256=286E7F127B06386BD1CC9664851848F483A867F0F604AA352893151068715FAA,IMPHASH=41DBA1AF77E1A2260F0CE46D59ADCB5E"",""parentProcessGuid"":""{df9fc3d3-d1a3-5ec7-0000-0010c89e2600}"",""parentProcessId"":""102620"",""parentImage"":""C:\\\\Windows\\\\System32\\\\net.exe"",""parentCommandLine"":""\\\""C:\\\\Windows\\\\System32\\\\net.exe\\\"" stop \\\""audioendpointbuilder\\\"" /y""}}}"
"May 23, 2020 @ 12:38:43.581",8,"ATT&CK T1489: Stop Windows Service","""Process Create:
RuleName: 
UtcTime: 2020-05-22 13:20:35.458
ProcessGuid: {df9fc3d3-d1a3-5ec7-0000-0010dab72600}
ProcessId: 102756
Image: C:\Windows\System32\net.exe
FileVersion: 10.0.18362.1 (WinBuild.160101.0800)
Description: Net Command
Product: Microsoft® Windows® Operating System
Company: Microsoft Corporation
OriginalFileName: net.exe
CommandLine: ""C:\Windows\System32\net.exe"" stop ""samss"" /y
CurrentDirectory: C:\Users\John Williams\Downloads\
User: DESKTOP-HUE026H\John Williams
LogonGuid: {df9fc3d3-d0d4-5ec7-0000-002021020300}
LogonId: 0x30221
TerminalSessionId: 1
IntegrityLevel: Medium
Hashes: MD5=A63DF9A6E9098CC189F2A3EFC37600F6,SHA256=96CDFD7B263947A6A7C0DB54141A6B8D7777DB0A03A17CBF95666D98422F937B,IMPHASH=57F0C47AE2A1A2C06C8B987372AB0B07
ParentProcessGuid: {df9fc3d3-d15d-5ec7-0000-00103e661900}
ParentProcessId: 2284
ParentImage: C:\Users\John Williams\Downloads\progam18.exe
ParentCommandLine: ""C:\Users\John Williams\Downloads\progam18.exe"" ""","\""C:\\Windows\\System32\\net.exe\"" stop \""samss\"" /y","{""win"":{""system"":{""providerName"":""Microsoft-Windows-Sysmon"",""providerGuid"":""{5770385f-c22a-43e0-bf4c-06f5698ffbd9}"",""eventID"":""1"",""version"":""5"",""level"":""4"",""task"":""1"",""opcode"":""0"",""keywords"":""0x8000000000000000"",""systemTime"":""2020-05-22T13:20:35.479790400Z"",""eventRecordID"":""1109"",""processID"":""2292"",""threadID"":""3260"",""channel"":""Microsoft-Windows-Sysmon/Operational"",""computer"":""DESKTOP-HUE026H"",""severityValue"":""INFORMATION"",""message"":""\""Process Create:\r\nRuleName: \r\nUtcTime: 2020-05-22 13:20:35.458\r\nProcessGuid: {df9fc3d3-d1a3-5ec7-0000-0010dab72600}\r\nProcessId: 102756\r\nImage: C:\\Windows\\System32\\net.exe\r\nFileVersion: 10.0.18362.1 (WinBuild.160101.0800)\r\nDescription: Net Command\r\nProduct: Microsoft® Windows® Operating System\r\nCompany: Microsoft Corporation\r\nOriginalFileName: net.exe\r\nCommandLine: \""C:\\Windows\\System32\\net.exe\"" stop \""samss\"" /y\r\nCurrentDirectory: C:\\Users\\John Williams\\Downloads\\\r\nUser: DESKTOP-HUE026H\\John Williams\r\nLogonGuid: {df9fc3d3-d0d4-5ec7-0000-002021020300}\r\nLogonId: 0x30221\r\nTerminalSessionId: 1\r\nIntegrityLevel: Medium\r\nHashes: MD5=A63DF9A6E9098CC189F2A3EFC37600F6,SHA256=96CDFD7B263947A6A7C0DB54141A6B8D7777DB0A03A17CBF95666D98422F937B,IMPHASH=57F0C47AE2A1A2C06C8B987372AB0B07\r\nParentProcessGuid: {df9fc3d3-d15d-5ec7-0000-00103e661900}\r\nParentProcessId: 2284\r\nParentImage: C:\\Users\\John Williams\\Downloads\\progam18.exe\r\nParentCommandLine: \""C:\\Users\\John Williams\\Downloads\\progam18.exe\"" \""""},""eventdata"":{""utcTime"":""2020-05-22 13:20:35.458"",""processGuid"":""{df9fc3d3-d1a3-5ec7-0000-0010dab72600}"",""processId"":""102756"",""image"":""C:\\\\Windows\\\\System32\\\\net.exe"",""fileVersion"":""10.0.18362.1 (WinBuild.160101.0800)"",""description"":""Net Command"",""product"":""Microsoft® Windows® Operating System"",""company"":""Microsoft Corporation"",""originalFileName"":""net.exe"",""commandLine"":""\\\""C:\\\\Windows\\\\System32\\\\net.exe\\\"" stop \\\""samss\\\"" /y"",""currentDirectory"":""C:\\\\Users\\\\John Williams\\\\Downloads\\\\"",""user"":""DESKTOP-HUE026H\\\\John Williams"",""logonGuid"":""{df9fc3d3-d0d4-5ec7-0000-002021020300}"",""logonId"":""0x30221"",""terminalSessionId"":""1"",""integrityLevel"":""Medium"",""hashes"":""MD5=A63DF9A6E9098CC189F2A3EFC37600F6,SHA256=96CDFD7B263947A6A7C0DB54141A6B8D7777DB0A03A17CBF95666D98422F937B,IMPHASH=57F0C47AE2A1A2C06C8B987372AB0B07"",""parentProcessGuid"":""{df9fc3d3-d15d-5ec7-0000-00103e661900}"",""parentProcessId"":""2284"",""parentImage"":""C:\\\\Users\\\\John Williams\\\\Downloads\\\\progam18.exe"",""parentCommandLine"":""\\\""C:\\\\Users\\\\John Williams\\\\Downloads\\\\progam18.exe\\\""""}}}"
"May 23, 2020 @ 12:38:43.564",8,"ATT&CK T1489: Stop Windows Service","""Process Create:
RuleName: 
UtcTime: 2020-05-22 13:20:35.139
ProcessGuid: {df9fc3d3-d1a3-5ec7-0000-0010c89e2600}
ProcessId: 102620
Image: C:\Windows\System32\net.exe
FileVersion: 10.0.18362.1 (WinBuild.160101.0800)
Description: Net Command
Product: Microsoft® Windows® Operating System
Company: Microsoft Corporation
OriginalFileName: net.exe
CommandLine: ""C:\Windows\System32\net.exe"" stop ""audioendpointbuilder"" /y
CurrentDirectory: C:\Users\John Williams\Downloads\
User: DESKTOP-HUE026H\John Williams
LogonGuid: {df9fc3d3-d0d4-5ec7-0000-002021020300}
LogonId: 0x30221
TerminalSessionId: 1
IntegrityLevel: Medium
Hashes: MD5=A63DF9A6E9098CC189F2A3EFC37600F6,SHA256=96CDFD7B263947A6A7C0DB54141A6B8D7777DB0A03A17CBF95666D98422F937B,IMPHASH=57F0C47AE2A1A2C06C8B987372AB0B07
ParentProcessGuid: {df9fc3d3-d15d-5ec7-0000-00103e661900}
ParentProcessId: 2284
ParentImage: C:\Users\John Williams\Downloads\progam18.exe
ParentCommandLine: ""C:\Users\John Williams\Downloads\progam18.exe"" ""","\""C:\\Windows\\System32\\net.exe\"" stop \""audioendpointbuilder\"" /y","{""win"":{""system"":{""providerName"":""Microsoft-Windows-Sysmon"",""providerGuid"":""{5770385f-c22a-43e0-bf4c-06f5698ffbd9}"",""eventID"":""1"",""version"":""5"",""level"":""4"",""task"":""1"",""opcode"":""0"",""keywords"":""0x8000000000000000"",""systemTime"":""2020-05-22T13:20:35.184575300Z"",""eventRecordID"":""1108"",""processID"":""2292"",""threadID"":""3260"",""channel"":""Microsoft-Windows-Sysmon/Operational"",""computer"":""DESKTOP-HUE026H"",""severityValue"":""INFORMATION"",""message"":""\""Process Create:\r\nRuleName: \r\nUtcTime: 2020-05-22 13:20:35.139\r\nProcessGuid: {df9fc3d3-d1a3-5ec7-0000-0010c89e2600}\r\nProcessId: 102620\r\nImage: C:\\Windows\\System32\\net.exe\r\nFileVersion: 10.0.18362.1 (WinBuild.160101.0800)\r\nDescription: Net Command\r\nProduct: Microsoft® Windows® Operating System\r\nCompany: Microsoft Corporation\r\nOriginalFileName: net.exe\r\nCommandLine: \""C:\\Windows\\System32\\net.exe\"" stop \""audioendpointbuilder\"" /y\r\nCurrentDirectory: C:\\Users\\John Williams\\Downloads\\\r\nUser: DESKTOP-HUE026H\\John Williams\r\nLogonGuid: {df9fc3d3-d0d4-5ec7-0000-002021020300}\r\nLogonId: 0x30221\r\nTerminalSessionId: 1\r\nIntegrityLevel: Medium\r\nHashes: MD5=A63DF9A6E9098CC189F2A3EFC37600F6,SHA256=96CDFD7B263947A6A7C0DB54141A6B8D7777DB0A03A17CBF95666D98422F937B,IMPHASH=57F0C47AE2A1A2C06C8B987372AB0B07\r\nParentProcessGuid: {df9fc3d3-d15d-5ec7-0000-00103e661900}\r\nParentProcessId: 2284\r\nParentImage: C:\\Users\\John Williams\\Downloads\\progam18.exe\r\nParentCommandLine: \""C:\\Users\\John Williams\\Downloads\\progam18.exe\"" \""""},""eventdata"":{""utcTime"":""2020-05-22 13:20:35.139"",""processGuid"":""{df9fc3d3-d1a3-5ec7-0000-0010c89e2600}"",""processId"":""102620"",""image"":""C:\\\\Windows\\\\System32\\\\net.exe"",""fileVersion"":""10.0.18362.1 (WinBuild.160101.0800)"",""description"":""Net Command"",""product"":""Microsoft® Windows® Operating System"",""company"":""Microsoft Corporation"",""originalFileName"":""net.exe"",""commandLine"":""\\\""C:\\\\Windows\\\\System32\\\\net.exe\\\"" stop \\\""audioendpointbuilder\\\"" /y"",""currentDirectory"":""C:\\\\Users\\\\John Williams\\\\Downloads\\\\"",""user"":""DESKTOP-HUE026H\\\\John Williams"",""logonGuid"":""{df9fc3d3-d0d4-5ec7-0000-002021020300}"",""logonId"":""0x30221"",""terminalSessionId"":""1"",""integrityLevel"":""Medium"",""hashes"":""MD5=A63DF9A6E9098CC189F2A3EFC37600F6,SHA256=96CDFD7B263947A6A7C0DB54141A6B8D7777DB0A03A17CBF95666D98422F937B,IMPHASH=57F0C47AE2A1A2C06C8B987372AB0B07"",""parentProcessGuid"":""{df9fc3d3-d15d-5ec7-0000-00103e661900}"",""parentProcessId"":""2284"",""parentImage"":""C:\\\\Users\\\\John Williams\\\\Downloads\\\\progam18.exe"",""parentCommandLine"":""\\\""C:\\\\Users\\\\John Williams\\\\Downloads\\\\progam18.exe\\\""""}}}"
"May 23, 2020 @ 12:38:41.805",9,"Windows Application error event","""Faulting application name: GameBarFTServer.exe, version: 3.38.2002.25003, time stamp: 0x5e5603d7
Faulting module name: unknown, version: 0.0.0.0, time stamp: 0x00000000
Exception code: 0xc0000005
Fault offset: 0x00007ff75b59e38d
Faulting process id: 0x18b0
Faulting application start time: 0x01d6303b6919b3f9
Faulting application path: C:\Program Files\WindowsApps\Microsoft.XboxGamingOverlay_3.38.25003.0_x64__8wekyb3d8bbwe\GameBarFTServer.exe
Faulting module path: unknown
Report Id: 14cdca0f-6a98-4c3b-ab89-acde7038f8e1
Faulting package full name: Microsoft.XboxGamingOverlay_3.38.25003.0_x64__8wekyb3d8bbwe
Faulting package-relative application ID: App""",,
"May 23, 2020 @ 12:38:34.234",8,"ATT&CK T1489: Stop Windows Service","""Process Create:
RuleName: 
UtcTime: 2020-05-22 13:20:26.104
ProcessGuid: {df9fc3d3-d19a-5ec7-0000-001061332500}
ProcessId: 88516
Image: C:\Windows\System32\net1.exe
FileVersion: 10.0.18362.1 (WinBuild.160101.0800)
Description: Net Command
Product: Microsoft® Windows® Operating System
Company: Microsoft Corporation
OriginalFileName: net1.exe
CommandLine: C:\Windows\system32\net1 stop ""samss"" /y
CurrentDirectory: C:\Users\John Williams\Downloads\
User: DESKTOP-HUE026H\John Williams
LogonGuid: {df9fc3d3-d0d4-5ec7-0000-002021020300}
LogonId: 0x30221
TerminalSessionId: 1
IntegrityLevel: Medium
Hashes: MD5=0F641F87A791AE07C00A725BBBD77724,SHA256=286E7F127B06386BD1CC9664851848F483A867F0F604AA352893151068715FAA,IMPHASH=41DBA1AF77E1A2260F0CE46D59ADCB5E
ParentProcessGuid: {df9fc3d3-d198-5ec7-0000-001007f72400}
ParentProcessId: 86532
ParentImage: C:\Windows\System32\net.exe
ParentCommandLine: ""C:\Windows\System32\net.exe"" stop ""samss"" /y""","C:\\Windows\\system32\\net1 stop \""samss\"" /y","{""win"":{""system"":{""providerName"":""Microsoft-Windows-Sysmon"",""providerGuid"":""{5770385f-c22a-43e0-bf4c-06f5698ffbd9}"",""eventID"":""1"",""version"":""5"",""level"":""4"",""task"":""1"",""opcode"":""0"",""keywords"":""0x8000000000000000"",""systemTime"":""2020-05-22T13:20:26.147811400Z"",""eventRecordID"":""1103"",""processID"":""2292"",""threadID"":""3260"",""channel"":""Microsoft-Windows-Sysmon/Operational"",""computer"":""DESKTOP-HUE026H"",""severityValue"":""INFORMATION"",""message"":""\""Process Create:\r\nRuleName: \r\nUtcTime: 2020-05-22 13:20:26.104\r\nProcessGuid: {df9fc3d3-d19a-5ec7-0000-001061332500}\r\nProcessId: 88516\r\nImage: C:\\Windows\\System32\\net1.exe\r\nFileVersion: 10.0.18362.1 (WinBuild.160101.0800)\r\nDescription: Net Command\r\nProduct: Microsoft® Windows® Operating System\r\nCompany: Microsoft Corporation\r\nOriginalFileName: net1.exe\r\nCommandLine: C:\\Windows\\system32\\net1 stop \""samss\"" /y\r\nCurrentDirectory: C:\\Users\\John Williams\\Downloads\\\r\nUser: DESKTOP-HUE026H\\John Williams\r\nLogonGuid: {df9fc3d3-d0d4-5ec7-0000-002021020300}\r\nLogonId: 0x30221\r\nTerminalSessionId: 1\r\nIntegrityLevel: Medium\r\nHashes: MD5=0F641F87A791AE07C00A725BBBD77724,SHA256=286E7F127B06386BD1CC9664851848F483A867F0F604AA352893151068715FAA,IMPHASH=41DBA1AF77E1A2260F0CE46D59ADCB5E\r\nParentProcessGuid: {df9fc3d3-d198-5ec7-0000-001007f72400}\r\nParentProcessId: 86532\r\nParentImage: C:\\Windows\\System32\\net.exe\r\nParentCommandLine: \""C:\\Windows\\System32\\net.exe\"" stop \""samss\"" /y\""""},""eventdata"":{""utcTime"":""2020-05-22 13:20:26.104"",""processGuid"":""{df9fc3d3-d19a-5ec7-0000-001061332500}"",""processId"":""88516"",""image"":""C:\\\\Windows\\\\System32\\\\net1.exe"",""fileVersion"":""10.0.18362.1 (WinBuild.160101.0800)"",""description"":""Net Command"",""product"":""Microsoft® Windows® Operating System"",""company"":""Microsoft Corporation"",""originalFileName"":""net1.exe"",""commandLine"":""C:\\\\Windows\\\\system32\\\\net1 stop \\\""samss\\\"" /y"",""currentDirectory"":""C:\\\\Users\\\\John Williams\\\\Downloads\\\\"",""user"":""DESKTOP-HUE026H\\\\John Williams"",""logonGuid"":""{df9fc3d3-d0d4-5ec7-0000-002021020300}"",""logonId"":""0x30221"",""terminalSessionId"":""1"",""integrityLevel"":""Medium"",""hashes"":""MD5=0F641F87A791AE07C00A725BBBD77724,SHA256=286E7F127B06386BD1CC9664851848F483A867F0F604AA352893151068715FAA,IMPHASH=41DBA1AF77E1A2260F0CE46D59ADCB5E"",""parentProcessGuid"":""{df9fc3d3-d198-5ec7-0000-001007f72400}"",""parentProcessId"":""86532"",""parentImage"":""C:\\\\Windows\\\\System32\\\\net.exe"",""parentCommandLine"":""\\\""C:\\\\Windows\\\\System32\\\\net.exe\\\"" stop \\\""samss\\\"" /y""}}}"
"May 23, 2020 @ 12:38:34.217",8,"ATT&CK T1489: Stop Windows Service","""Process Create:
RuleName: 
UtcTime: 2020-05-22 13:20:25.908
ProcessGuid: {df9fc3d3-d199-5ec7-0000-00108c302500}
ProcessId: 88508
Image: C:\Windows\System32\net1.exe
FileVersion: 10.0.18362.1 (WinBuild.160101.0800)
Description: Net Command
Product: Microsoft® Windows® Operating System
Company: Microsoft Corporation
OriginalFileName: net1.exe
CommandLine: C:\Windows\system32\net1 stop ""audioendpointbuilder"" /y
CurrentDirectory: C:\Users\John Williams\Downloads\
User: DESKTOP-HUE026H\John Williams
LogonGuid: {df9fc3d3-d0d4-5ec7-0000-002021020300}
LogonId: 0x30221
TerminalSessionId: 1
IntegrityLevel: Medium
Hashes: MD5=0F641F87A791AE07C00A725BBBD77724,SHA256=286E7F127B06386BD1CC9664851848F483A867F0F604AA352893151068715FAA,IMPHASH=41DBA1AF77E1A2260F0CE46D59ADCB5E
ParentProcessGuid: {df9fc3d3-d197-5ec7-0000-001040e52400}
ParentProcessId: 85008
ParentImage: C:\Windows\System32\net.exe
ParentCommandLine: ""C:\Windows\System32\net.exe"" stop ""audioendpointbuilder"" /y""","C:\\Windows\\system32\\net1 stop \""audioendpointbuilder\"" /y","{""win"":{""system"":{""providerName"":""Microsoft-Windows-Sysmon"",""providerGuid"":""{5770385f-c22a-43e0-bf4c-06f5698ffbd9}"",""eventID"":""1"",""version"":""5"",""level"":""4"",""task"":""1"",""opcode"":""0"",""keywords"":""0x8000000000000000"",""systemTime"":""2020-05-22T13:20:26.102796300Z"",""eventRecordID"":""1102"",""processID"":""2292"",""threadID"":""3260"",""channel"":""Microsoft-Windows-Sysmon/Operational"",""computer"":""DESKTOP-HUE026H"",""severityValue"":""INFORMATION"",""message"":""\""Process Create:\r\nRuleName: \r\nUtcTime: 2020-05-22 13:20:25.908\r\nProcessGuid: {df9fc3d3-d199-5ec7-0000-00108c302500}\r\nProcessId: 88508\r\nImage: C:\\Windows\\System32\\net1.exe\r\nFileVersion: 10.0.18362.1 (WinBuild.160101.0800)\r\nDescription: Net Command\r\nProduct: Microsoft® Windows® Operating System\r\nCompany: Microsoft Corporation\r\nOriginalFileName: net1.exe\r\nCommandLine: C:\\Windows\\system32\\net1 stop \""audioendpointbuilder\"" /y\r\nCurrentDirectory: C:\\Users\\John Williams\\Downloads\\\r\nUser: DESKTOP-HUE026H\\John Williams\r\nLogonGuid: {df9fc3d3-d0d4-5ec7-0000-002021020300}\r\nLogonId: 0x30221\r\nTerminalSessionId: 1\r\nIntegrityLevel: Medium\r\nHashes: MD5=0F641F87A791AE07C00A725BBBD77724,SHA256=286E7F127B06386BD1CC9664851848F483A867F0F604AA352893151068715FAA,IMPHASH=41DBA1AF77E1A2260F0CE46D59ADCB5E\r\nParentProcessGuid: {df9fc3d3-d197-5ec7-0000-001040e52400}\r\nParentProcessId: 85008\r\nParentImage: C:\\Windows\\System32\\net.exe\r\nParentCommandLine: \""C:\\Windows\\System32\\net.exe\"" stop \""audioendpointbuilder\"" /y\""""},""eventdata"":{""utcTime"":""2020-05-22 13:20:25.908"",""processGuid"":""{df9fc3d3-d199-5ec7-0000-00108c302500}"",""processId"":""88508"",""image"":""C:\\\\Windows\\\\System32\\\\net1.exe"",""fileVersion"":""10.0.18362.1 (WinBuild.160101.0800)"",""description"":""Net Command"",""product"":""Microsoft® Windows® Operating System"",""company"":""Microsoft Corporation"",""originalFileName"":""net1.exe"",""commandLine"":""C:\\\\Windows\\\\system32\\\\net1 stop \\\""audioendpointbuilder\\\"" /y"",""currentDirectory"":""C:\\\\Users\\\\John Williams\\\\Downloads\\\\"",""user"":""DESKTOP-HUE026H\\\\John Williams"",""logonGuid"":""{df9fc3d3-d0d4-5ec7-0000-002021020300}"",""logonId"":""0x30221"",""terminalSessionId"":""1"",""integrityLevel"":""Medium"",""hashes"":""MD5=0F641F87A791AE07C00A725BBBD77724,SHA256=286E7F127B06386BD1CC9664851848F483A867F0F604AA352893151068715FAA,IMPHASH=41DBA1AF77E1A2260F0CE46D59ADCB5E"",""parentProcessGuid"":""{df9fc3d3-d197-5ec7-0000-001040e52400}"",""parentProcessId"":""85008"",""parentImage"":""C:\\\\Windows\\\\System32\\\\net.exe"",""parentCommandLine"":""\\\""C:\\\\Windows\\\\System32\\\\net.exe\\\"" stop \\\""audioendpointbuilder\\\"" /y""}}}"
"May 23, 2020 @ 12:38:32.964",8,"ATT&CK T1489: Stop Windows Service","""Process Create:
RuleName: 
UtcTime: 2020-05-22 13:20:24.042
ProcessGuid: {df9fc3d3-d198-5ec7-0000-001007f72400}
ProcessId: 86532
Image: C:\Windows\System32\net.exe
FileVersion: 10.0.18362.1 (WinBuild.160101.0800)
Description: Net Command
Product: Microsoft® Windows® Operating System
Company: Microsoft Corporation
OriginalFileName: net.exe
CommandLine: ""C:\Windows\System32\net.exe"" stop ""samss"" /y
CurrentDirectory: C:\Users\John Williams\Downloads\
User: DESKTOP-HUE026H\John Williams
LogonGuid: {df9fc3d3-d0d4-5ec7-0000-002021020300}
LogonId: 0x30221
TerminalSessionId: 1
IntegrityLevel: Medium
Hashes: MD5=A63DF9A6E9098CC189F2A3EFC37600F6,SHA256=96CDFD7B263947A6A7C0DB54141A6B8D7777DB0A03A17CBF95666D98422F937B,IMPHASH=57F0C47AE2A1A2C06C8B987372AB0B07
ParentProcessGuid: {df9fc3d3-d15d-5ec7-0000-001031791900}
ParentProcessId: 5232
ParentImage: C:\Users\John Williams\Downloads\sQCMgCG.exe
ParentCommandLine: ""C:\Users\John Williams\Downloads\sQCMgCG.exe"" 8 LAN""","\""C:\\Windows\\System32\\net.exe\"" stop \""samss\"" /y","{""win"":{""system"":{""providerName"":""Microsoft-Windows-Sysmon"",""providerGuid"":""{5770385f-c22a-43e0-bf4c-06f5698ffbd9}"",""eventID"":""1"",""version"":""5"",""level"":""4"",""task"":""1"",""opcode"":""0"",""keywords"":""0x8000000000000000"",""systemTime"":""2020-05-22T13:20:24.055193400Z"",""eventRecordID"":""1100"",""processID"":""2292"",""threadID"":""3260"",""channel"":""Microsoft-Windows-Sysmon/Operational"",""computer"":""DESKTOP-HUE026H"",""severityValue"":""INFORMATION"",""message"":""\""Process Create:\r\nRuleName: \r\nUtcTime: 2020-05-22 13:20:24.042\r\nProcessGuid: {df9fc3d3-d198-5ec7-0000-001007f72400}\r\nProcessId: 86532\r\nImage: C:\\Windows\\System32\\net.exe\r\nFileVersion: 10.0.18362.1 (WinBuild.160101.0800)\r\nDescription: Net Command\r\nProduct: Microsoft® Windows® Operating System\r\nCompany: Microsoft Corporation\r\nOriginalFileName: net.exe\r\nCommandLine: \""C:\\Windows\\System32\\net.exe\"" stop \""samss\"" /y\r\nCurrentDirectory: C:\\Users\\John Williams\\Downloads\\\r\nUser: DESKTOP-HUE026H\\John Williams\r\nLogonGuid: {df9fc3d3-d0d4-5ec7-0000-002021020300}\r\nLogonId: 0x30221\r\nTerminalSessionId: 1\r\nIntegrityLevel: Medium\r\nHashes: MD5=A63DF9A6E9098CC189F2A3EFC37600F6,SHA256=96CDFD7B263947A6A7C0DB54141A6B8D7777DB0A03A17CBF95666D98422F937B,IMPHASH=57F0C47AE2A1A2C06C8B987372AB0B07\r\nParentProcessGuid: {df9fc3d3-d15d-5ec7-0000-001031791900}\r\nParentProcessId: 5232\r\nParentImage: C:\\Users\\John Williams\\Downloads\\sQCMgCG.exe\r\nParentCommandLine: \""C:\\Users\\John Williams\\Downloads\\sQCMgCG.exe\"" 8 LAN\""""},""eventdata"":{""utcTime"":""2020-05-22 13:20:24.042"",""processGuid"":""{df9fc3d3-d198-5ec7-0000-001007f72400}"",""processId"":""86532"",""image"":""C:\\\\Windows\\\\System32\\\\net.exe"",""fileVersion"":""10.0.18362.1 (WinBuild.160101.0800)"",""description"":""Net Command"",""product"":""Microsoft® Windows® Operating System"",""company"":""Microsoft Corporation"",""originalFileName"":""net.exe"",""commandLine"":""\\\""C:\\\\Windows\\\\System32\\\\net.exe\\\"" stop \\\""samss\\\"" /y"",""currentDirectory"":""C:\\\\Users\\\\John Williams\\\\Downloads\\\\"",""user"":""DESKTOP-HUE026H\\\\John Williams"",""logonGuid"":""{df9fc3d3-d0d4-5ec7-0000-002021020300}"",""logonId"":""0x30221"",""terminalSessionId"":""1"",""integrityLevel"":""Medium"",""hashes"":""MD5=A63DF9A6E9098CC189F2A3EFC37600F6,SHA256=96CDFD7B263947A6A7C0DB54141A6B8D7777DB0A03A17CBF95666D98422F937B,IMPHASH=57F0C47AE2A1A2C06C8B987372AB0B07"",""parentProcessGuid"":""{df9fc3d3-d15d-5ec7-0000-001031791900}"",""parentProcessId"":""5232"",""parentImage"":""C:\\\\Users\\\\John Williams\\\\Downloads\\\\sQCMgCG.exe"",""parentCommandLine"":""\\\""C:\\\\Users\\\\John Williams\\\\Downloads\\\\sQCMgCG.exe\\\"" 8 LAN""}}}"
"May 23, 2020 @ 12:38:32.129",9,"Windows Application error event","""Faulting application name: taskhostw.exe, version: 10.0.18362.387, time stamp: 0x5fefc7f9
Faulting module name: ntdll.dll, version: 10.0.18362.719, time stamp: 0x64d10ee0
Exception code: 0xc0000005
Fault offset: 0x000000000003b890
Faulting process id: 0xd6c
Faulting application start time: 0x01d6303b4db78973
Faulting application path: C:\Windows\system32\taskhostw.exe
Faulting module path: C:\Windows\SYSTEM32\ntdll.dll
Report Id: 4498a57d-5e80-4b6b-89ed-aa13bfe0863c
Faulting package full name: 
Faulting package-relative application ID: """,,
"May 23, 2020 @ 12:38:31.766",8,"ATT&CK T1489: Stop Windows Service","""Process Create:
RuleName: 
UtcTime: 2020-05-22 13:20:23.209
ProcessGuid: {df9fc3d3-d197-5ec7-0000-001040e52400}
ProcessId: 85008
Image: C:\Windows\System32\net.exe
FileVersion: 10.0.18362.1 (WinBuild.160101.0800)
Description: Net Command
Product: Microsoft® Windows® Operating System
Company: Microsoft Corporation
OriginalFileName: net.exe
CommandLine: ""C:\Windows\System32\net.exe"" stop ""audioendpointbuilder"" /y
CurrentDirectory: C:\Users\John Williams\Downloads\
User: DESKTOP-HUE026H\John Williams
LogonGuid: {df9fc3d3-d0d4-5ec7-0000-002021020300}
LogonId: 0x30221
TerminalSessionId: 1
IntegrityLevel: Medium
Hashes: MD5=A63DF9A6E9098CC189F2A3EFC37600F6,SHA256=96CDFD7B263947A6A7C0DB54141A6B8D7777DB0A03A17CBF95666D98422F937B,IMPHASH=57F0C47AE2A1A2C06C8B987372AB0B07
ParentProcessGuid: {df9fc3d3-d15d-5ec7-0000-001031791900}
ParentProcessId: 5232
ParentImage: C:\Users\John Williams\Downloads\sQCMgCG.exe
ParentCommandLine: ""C:\Users\John Williams\Downloads\sQCMgCG.exe"" 8 LAN""","\""C:\\Windows\\System32\\net.exe\"" stop \""audioendpointbuilder\"" /y","{""win"":{""system"":{""providerName"":""Microsoft-Windows-Sysmon"",""providerGuid"":""{5770385f-c22a-43e0-bf4c-06f5698ffbd9}"",""eventID"":""1"",""version"":""5"",""level"":""4"",""task"":""1"",""opcode"":""0"",""keywords"":""0x8000000000000000"",""systemTime"":""2020-05-22T13:20:23.216784400Z"",""eventRecordID"":""1099"",""processID"":""2292"",""threadID"":""3260"",""channel"":""Microsoft-Windows-Sysmon/Operational"",""computer"":""DESKTOP-HUE026H"",""severityValue"":""INFORMATION"",""message"":""\""Process Create:\r\nRuleName: \r\nUtcTime: 2020-05-22 13:20:23.209\r\nProcessGuid: {df9fc3d3-d197-5ec7-0000-001040e52400}\r\nProcessId: 85008\r\nImage: C:\\Windows\\System32\\net.exe\r\nFileVersion: 10.0.18362.1 (WinBuild.160101.0800)\r\nDescription: Net Command\r\nProduct: Microsoft® Windows® Operating System\r\nCompany: Microsoft Corporation\r\nOriginalFileName: net.exe\r\nCommandLine: \""C:\\Windows\\System32\\net.exe\"" stop \""audioendpointbuilder\"" /y\r\nCurrentDirectory: C:\\Users\\John Williams\\Downloads\\\r\nUser: DESKTOP-HUE026H\\John Williams\r\nLogonGuid: {df9fc3d3-d0d4-5ec7-0000-002021020300}\r\nLogonId: 0x30221\r\nTerminalSessionId: 1\r\nIntegrityLevel: Medium\r\nHashes: MD5=A63DF9A6E9098CC189F2A3EFC37600F6,SHA256=96CDFD7B263947A6A7C0DB54141A6B8D7777DB0A03A17CBF95666D98422F937B,IMPHASH=57F0C47AE2A1A2C06C8B987372AB0B07\r\nParentProcessGuid: {df9fc3d3-d15d-5ec7-0000-001031791900}\r\nParentProcessId: 5232\r\nParentImage: C:\\Users\\John Williams\\Downloads\\sQCMgCG.exe\r\nParentCommandLine: \""C:\\Users\\John Williams\\Downloads\\sQCMgCG.exe\"" 8 LAN\""""},""eventdata"":{""utcTime"":""2020-05-22 13:20:23.209"",""processGuid"":""{df9fc3d3-d197-5ec7-0000-001040e52400}"",""processId"":""85008"",""image"":""C:\\\\Windows\\\\System32\\\\net.exe"",""fileVersion"":""10.0.18362.1 (WinBuild.160101.0800)"",""description"":""Net Command"",""product"":""Microsoft® Windows® Operating System"",""company"":""Microsoft Corporation"",""originalFileName"":""net.exe"",""commandLine"":""\\\""C:\\\\Windows\\\\System32\\\\net.exe\\\"" stop \\\""audioendpointbuilder\\\"" /y"",""currentDirectory"":""C:\\\\Users\\\\John Williams\\\\Downloads\\\\"",""user"":""DESKTOP-HUE026H\\\\John Williams"",""logonGuid"":""{df9fc3d3-d0d4-5ec7-0000-002021020300}"",""logonId"":""0x30221"",""terminalSessionId"":""1"",""integrityLevel"":""Medium"",""hashes"":""MD5=A63DF9A6E9098CC189F2A3EFC37600F6,SHA256=96CDFD7B263947A6A7C0DB54141A6B8D7777DB0A03A17CBF95666D98422F937B,IMPHASH=57F0C47AE2A1A2C06C8B987372AB0B07"",""parentProcessGuid"":""{df9fc3d3-d15d-5ec7-0000-001031791900}"",""parentProcessId"":""5232"",""parentImage"":""C:\\\\Users\\\\John Williams\\\\Downloads\\\\sQCMgCG.exe"",""parentCommandLine"":""\\\""C:\\\\Users\\\\John Williams\\\\Downloads\\\\sQCMgCG.exe\\\"" 8 LAN""}}}"
"May 23, 2020 @ 12:38:25.881",8,"ATT&CK T1489: Stop Windows Service","""Process Create:
RuleName: 
UtcTime: 2020-05-22 13:20:17.278
ProcessGuid: {df9fc3d3-d191-5ec7-0000-001024f02300}
ProcessId: 72068
Image: C:\Windows\System32\net1.exe
FileVersion: 10.0.18362.1 (WinBuild.160101.0800)
Description: Net Command
Product: Microsoft® Windows® Operating System
Company: Microsoft Corporation
OriginalFileName: net1.exe
CommandLine: C:\Windows\system32\net1 stop ""samss"" /y
CurrentDirectory: C:\Users\John Williams\Downloads\
User: DESKTOP-HUE026H\John Williams
LogonGuid: {df9fc3d3-d0d4-5ec7-0000-002021020300}
LogonId: 0x30221
TerminalSessionId: 1
IntegrityLevel: Medium
Hashes: MD5=0F641F87A791AE07C00A725BBBD77724,SHA256=286E7F127B06386BD1CC9664851848F483A867F0F604AA352893151068715FAA,IMPHASH=41DBA1AF77E1A2260F0CE46D59ADCB5E
ParentProcessGuid: {df9fc3d3-d190-5ec7-0000-001004d72300}
ParentProcessId: 70160
ParentImage: C:\Windows\System32\net.exe
ParentCommandLine: ""C:\Windows\System32\net.exe"" stop ""samss"" /y""","C:\\Windows\\system32\\net1 stop \""samss\"" /y","{""win"":{""system"":{""providerName"":""Microsoft-Windows-Sysmon"",""providerGuid"":""{5770385f-c22a-43e0-bf4c-06f5698ffbd9}"",""eventID"":""1"",""version"":""5"",""level"":""4"",""task"":""1"",""opcode"":""0"",""keywords"":""0x8000000000000000"",""systemTime"":""2020-05-22T13:20:17.295002800Z"",""eventRecordID"":""1096"",""processID"":""2292"",""threadID"":""3260"",""channel"":""Microsoft-Windows-Sysmon/Operational"",""computer"":""DESKTOP-HUE026H"",""severityValue"":""INFORMATION"",""message"":""\""Process Create:\r\nRuleName: \r\nUtcTime: 2020-05-22 13:20:17.278\r\nProcessGuid: {df9fc3d3-d191-5ec7-0000-001024f02300}\r\nProcessId: 72068\r\nImage: C:\\Windows\\System32\\net1.exe\r\nFileVersion: 10.0.18362.1 (WinBuild.160101.0800)\r\nDescription: Net Command\r\nProduct: Microsoft® Windows® Operating System\r\nCompany: Microsoft Corporation\r\nOriginalFileName: net1.exe\r\nCommandLine: C:\\Windows\\system32\\net1 stop \""samss\"" /y\r\nCurrentDirectory: C:\\Users\\John Williams\\Downloads\\\r\nUser: DESKTOP-HUE026H\\John Williams\r\nLogonGuid: {df9fc3d3-d0d4-5ec7-0000-002021020300}\r\nLogonId: 0x30221\r\nTerminalSessionId: 1\r\nIntegrityLevel: Medium\r\nHashes: MD5=0F641F87A791AE07C00A725BBBD77724,SHA256=286E7F127B06386BD1CC9664851848F483A867F0F604AA352893151068715FAA,IMPHASH=41DBA1AF77E1A2260F0CE46D59ADCB5E\r\nParentProcessGuid: {df9fc3d3-d190-5ec7-0000-001004d72300}\r\nParentProcessId: 70160\r\nParentImage: C:\\Windows\\System32\\net.exe\r\nParentCommandLine: \""C:\\Windows\\System32\\net.exe\"" stop \""samss\"" /y\""""},""eventdata"":{""utcTime"":""2020-05-22 13:20:17.278"",""processGuid"":""{df9fc3d3-d191-5ec7-0000-001024f02300}"",""processId"":""72068"",""image"":""C:\\\\Windows\\\\System32\\\\net1.exe"",""fileVersion"":""10.0.18362.1 (WinBuild.160101.0800)"",""description"":""Net Command"",""product"":""Microsoft® Windows® Operating System"",""company"":""Microsoft Corporation"",""originalFileName"":""net1.exe"",""commandLine"":""C:\\\\Windows\\\\system32\\\\net1 stop \\\""samss\\\"" /y"",""currentDirectory"":""C:\\\\Users\\\\John Williams\\\\Downloads\\\\"",""user"":""DESKTOP-HUE026H\\\\John Williams"",""logonGuid"":""{df9fc3d3-d0d4-5ec7-0000-002021020300}"",""logonId"":""0x30221"",""terminalSessionId"":""1"",""integrityLevel"":""Medium"",""hashes"":""MD5=0F641F87A791AE07C00A725BBBD77724,SHA256=286E7F127B06386BD1CC9664851848F483A867F0F604AA352893151068715FAA,IMPHASH=41DBA1AF77E1A2260F0CE46D59ADCB5E"",""parentProcessGuid"":""{df9fc3d3-d190-5ec7-0000-001004d72300}"",""parentProcessId"":""70160"",""parentImage"":""C:\\\\Windows\\\\System32\\\\net.exe"",""parentCommandLine"":""\\\""C:\\\\Windows\\\\System32\\\\net.exe\\\"" stop \\\""samss\\\"" /y""}}}"
"May 23, 2020 @ 12:38:25.517",8,"ATT&CK T1489: Stop Windows Service","""Process Create:
RuleName: 
UtcTime: 2020-05-22 13:20:17.019
ProcessGuid: {df9fc3d3-d191-5ec7-0000-0010c8df2300}
ProcessId: 70884
Image: C:\Windows\System32\net1.exe
FileVersion: 10.0.18362.1 (WinBuild.160101.0800)
Description: Net Command
Product: Microsoft® Windows® Operating System
Company: Microsoft Corporation
OriginalFileName: net1.exe
CommandLine: C:\Windows\system32\net1 stop ""audioendpointbuilder"" /y
CurrentDirectory: C:\Users\John Williams\Downloads\
User: DESKTOP-HUE026H\John Williams
LogonGuid: {df9fc3d3-d0d4-5ec7-0000-002021020300}
LogonId: 0x30221
TerminalSessionId: 1
IntegrityLevel: Medium
Hashes: MD5=0F641F87A791AE07C00A725BBBD77724,SHA256=286E7F127B06386BD1CC9664851848F483A867F0F604AA352893151068715FAA,IMPHASH=41DBA1AF77E1A2260F0CE46D59ADCB5E
ParentProcessGuid: {df9fc3d3-d190-5ec7-0000-00109cc32300}
ParentProcessId: 68684
ParentImage: C:\Windows\System32\net.exe
ParentCommandLine: ""C:\Windows\System32\net.exe"" stop ""audioendpointbuilder"" /y""","C:\\Windows\\system32\\net1 stop \""audioendpointbuilder\"" /y","{""win"":{""system"":{""providerName"":""Microsoft-Windows-Sysmon"",""providerGuid"":""{5770385f-c22a-43e0-bf4c-06f5698ffbd9}"",""eventID"":""1"",""version"":""5"",""level"":""4"",""task"":""1"",""opcode"":""0"",""keywords"":""0x8000000000000000"",""systemTime"":""2020-05-22T13:20:17.024798500Z"",""eventRecordID"":""1095"",""processID"":""2292"",""threadID"":""3260"",""channel"":""Microsoft-Windows-Sysmon/Operational"",""computer"":""DESKTOP-HUE026H"",""severityValue"":""INFORMATION"",""message"":""\""Process Create:\r\nRuleName: \r\nUtcTime: 2020-05-22 13:20:17.019\r\nProcessGuid: {df9fc3d3-d191-5ec7-0000-0010c8df2300}\r\nProcessId: 70884\r\nImage: C:\\Windows\\System32\\net1.exe\r\nFileVersion: 10.0.18362.1 (WinBuild.160101.0800)\r\nDescription: Net Command\r\nProduct: Microsoft® Windows® Operating System\r\nCompany: Microsoft Corporation\r\nOriginalFileName: net1.exe\r\nCommandLine: C:\\Windows\\system32\\net1 stop \""audioendpointbuilder\"" /y\r\nCurrentDirectory: C:\\Users\\John Williams\\Downloads\\\r\nUser: DESKTOP-HUE026H\\John Williams\r\nLogonGuid: {df9fc3d3-d0d4-5ec7-0000-002021020300}\r\nLogonId: 0x30221\r\nTerminalSessionId: 1\r\nIntegrityLevel: Medium\r\nHashes: MD5=0F641F87A791AE07C00A725BBBD77724,SHA256=286E7F127B06386BD1CC9664851848F483A867F0F604AA352893151068715FAA,IMPHASH=41DBA1AF77E1A2260F0CE46D59ADCB5E\r\nParentProcessGuid: {df9fc3d3-d190-5ec7-0000-00109cc32300}\r\nParentProcessId: 68684\r\nParentImage: C:\\Windows\\System32\\net.exe\r\nParentCommandLine: \""C:\\Windows\\System32\\net.exe\"" stop \""audioendpointbuilder\"" /y\""""},""eventdata"":{""utcTime"":""2020-05-22 13:20:17.019"",""processGuid"":""{df9fc3d3-d191-5ec7-0000-0010c8df2300}"",""processId"":""70884"",""image"":""C:\\\\Windows\\\\System32\\\\net1.exe"",""fileVersion"":""10.0.18362.1 (WinBuild.160101.0800)"",""description"":""Net Command"",""product"":""Microsoft® Windows® Operating System"",""company"":""Microsoft Corporation"",""originalFileName"":""net1.exe"",""commandLine"":""C:\\\\Windows\\\\system32\\\\net1 stop \\\""audioendpointbuilder\\\"" /y"",""currentDirectory"":""C:\\\\Users\\\\John Williams\\\\Downloads\\\\"",""user"":""DESKTOP-HUE026H\\\\John Williams"",""logonGuid"":""{df9fc3d3-d0d4-5ec7-0000-002021020300}"",""logonId"":""0x30221"",""terminalSessionId"":""1"",""integrityLevel"":""Medium"",""hashes"":""MD5=0F641F87A791AE07C00A725BBBD77724,SHA256=286E7F127B06386BD1CC9664851848F483A867F0F604AA352893151068715FAA,IMPHASH=41DBA1AF77E1A2260F0CE46D59ADCB5E"",""parentProcessGuid"":""{df9fc3d3-d190-5ec7-0000-00109cc32300}"",""parentProcessId"":""68684"",""parentImage"":""C:\\\\Windows\\\\System32\\\\net.exe"",""parentCommandLine"":""\\\""C:\\\\Windows\\\\System32\\\\net.exe\\\"" stop \\\""audioendpointbuilder\\\"" /y""}}}"
"May 23, 2020 @ 12:38:25.414",8,"ATT&CK T1489: Stop Windows Service","""Process Create:
RuleName: 
UtcTime: 2020-05-22 13:20:16.888
ProcessGuid: {df9fc3d3-d190-5ec7-0000-001004d72300}
ProcessId: 70160
Image: C:\Windows\System32\net.exe
FileVersion: 10.0.18362.1 (WinBuild.160101.0800)
Description: Net Command
Product: Microsoft® Windows® Operating System
Company: Microsoft Corporation
OriginalFileName: net.exe
CommandLine: ""C:\Windows\System32\net.exe"" stop ""samss"" /y
CurrentDirectory: C:\Users\John Williams\Downloads\
User: DESKTOP-HUE026H\John Williams
LogonGuid: {df9fc3d3-d0d4-5ec7-0000-002021020300}
LogonId: 0x30221
TerminalSessionId: 1
IntegrityLevel: Medium
Hashes: MD5=A63DF9A6E9098CC189F2A3EFC37600F6,SHA256=96CDFD7B263947A6A7C0DB54141A6B8D7777DB0A03A17CBF95666D98422F937B,IMPHASH=57F0C47AE2A1A2C06C8B987372AB0B07
ParentProcessGuid: {df9fc3d3-d15d-5ec7-0000-00103e661900}
ParentProcessId: 2284
ParentImage: C:\Users\John Williams\Downloads\progam18.exe
ParentCommandLine: ""C:\Users\John Williams\Downloads\progam18.exe"" ""","\""C:\\Windows\\System32\\net.exe\"" stop \""samss\"" /y","{""win"":{""system"":{""providerName"":""Microsoft-Windows-Sysmon"",""providerGuid"":""{5770385f-c22a-43e0-bf4c-06f5698ffbd9}"",""eventID"":""1"",""version"":""5"",""level"":""4"",""task"":""1"",""opcode"":""0"",""keywords"":""0x8000000000000000"",""systemTime"":""2020-05-22T13:20:16.923482900Z"",""eventRecordID"":""1094"",""processID"":""2292"",""threadID"":""3260"",""channel"":""Microsoft-Windows-Sysmon/Operational"",""computer"":""DESKTOP-HUE026H"",""severityValue"":""INFORMATION"",""message"":""\""Process Create:\r\nRuleName: \r\nUtcTime: 2020-05-22 13:20:16.888\r\nProcessGuid: {df9fc3d3-d190-5ec7-0000-001004d72300}\r\nProcessId: 70160\r\nImage: C:\\Windows\\System32\\net.exe\r\nFileVersion: 10.0.18362.1 (WinBuild.160101.0800)\r\nDescription: Net Command\r\nProduct: Microsoft® Windows® Operating System\r\nCompany: Microsoft Corporation\r\nOriginalFileName: net.exe\r\nCommandLine: \""C:\\Windows\\System32\\net.exe\"" stop \""samss\"" /y\r\nCurrentDirectory: C:\\Users\\John Williams\\Downloads\\\r\nUser: DESKTOP-HUE026H\\John Williams\r\nLogonGuid: {df9fc3d3-d0d4-5ec7-0000-002021020300}\r\nLogonId: 0x30221\r\nTerminalSessionId: 1\r\nIntegrityLevel: Medium\r\nHashes: MD5=A63DF9A6E9098CC189F2A3EFC37600F6,SHA256=96CDFD7B263947A6A7C0DB54141A6B8D7777DB0A03A17CBF95666D98422F937B,IMPHASH=57F0C47AE2A1A2C06C8B987372AB0B07\r\nParentProcessGuid: {df9fc3d3-d15d-5ec7-0000-00103e661900}\r\nParentProcessId: 2284\r\nParentImage: C:\\Users\\John Williams\\Downloads\\progam18.exe\r\nParentCommandLine: \""C:\\Users\\John Williams\\Downloads\\progam18.exe\"" \""""},""eventdata"":{""utcTime"":""2020-05-22 13:20:16.888"",""processGuid"":""{df9fc3d3-d190-5ec7-0000-001004d72300}"",""processId"":""70160"",""image"":""C:\\\\Windows\\\\System32\\\\net.exe"",""fileVersion"":""10.0.18362.1 (WinBuild.160101.0800)"",""description"":""Net Command"",""product"":""Microsoft® Windows® Operating System"",""company"":""Microsoft Corporation"",""originalFileName"":""net.exe"",""commandLine"":""\\\""C:\\\\Windows\\\\System32\\\\net.exe\\\"" stop \\\""samss\\\"" /y"",""currentDirectory"":""C:\\\\Users\\\\John Williams\\\\Downloads\\\\"",""user"":""DESKTOP-HUE026H\\\\John Williams"",""logonGuid"":""{df9fc3d3-d0d4-5ec7-0000-002021020300}"",""logonId"":""0x30221"",""terminalSessionId"":""1"",""integrityLevel"":""Medium"",""hashes"":""MD5=A63DF9A6E9098CC189F2A3EFC37600F6,SHA256=96CDFD7B263947A6A7C0DB54141A6B8D7777DB0A03A17CBF95666D98422F937B,IMPHASH=57F0C47AE2A1A2C06C8B987372AB0B07"",""parentProcessGuid"":""{df9fc3d3-d15d-5ec7-0000-00103e661900}"",""parentProcessId"":""2284"",""parentImage"":""C:\\\\Users\\\\John Williams\\\\Downloads\\\\progam18.exe"",""parentCommandLine"":""\\\""C:\\\\Users\\\\John Williams\\\\Downloads\\\\progam18.exe\\\""""}}}"
"May 23, 2020 @ 12:38:25.368",8,"ATT&CK T1489: Stop Windows Service","""Process Create:
RuleName: 
UtcTime: 2020-05-22 13:20:16.457
ProcessGuid: {df9fc3d3-d190-5ec7-0000-00109cc32300}
ProcessId: 68684
Image: C:\Windows\System32\net.exe
FileVersion: 10.0.18362.1 (WinBuild.160101.0800)
Description: Net Command
Product: Microsoft® Windows® Operating System
Company: Microsoft Corporation
OriginalFileName: net.exe
CommandLine: ""C:\Windows\System32\net.exe"" stop ""audioendpointbuilder"" /y
CurrentDirectory: C:\Users\John Williams\Downloads\
User: DESKTOP-HUE026H\John Williams
LogonGuid: {df9fc3d3-d0d4-5ec7-0000-002021020300}
LogonId: 0x30221
TerminalSessionId: 1
IntegrityLevel: Medium
Hashes: MD5=A63DF9A6E9098CC189F2A3EFC37600F6,SHA256=96CDFD7B263947A6A7C0DB54141A6B8D7777DB0A03A17CBF95666D98422F937B,IMPHASH=57F0C47AE2A1A2C06C8B987372AB0B07
ParentProcessGuid: {df9fc3d3-d15d-5ec7-0000-00103e661900}
ParentProcessId: 2284
ParentImage: C:\Users\John Williams\Downloads\progam18.exe
ParentCommandLine: ""C:\Users\John Williams\Downloads\progam18.exe"" ""","\""C:\\Windows\\System32\\net.exe\"" stop \""audioendpointbuilder\"" /y","{""win"":{""system"":{""providerName"":""Microsoft-Windows-Sysmon"",""providerGuid"":""{5770385f-c22a-43e0-bf4c-06f5698ffbd9}"",""eventID"":""1"",""version"":""5"",""level"":""4"",""task"":""1"",""opcode"":""0"",""keywords"":""0x8000000000000000"",""systemTime"":""2020-05-22T13:20:16.480866900Z"",""eventRecordID"":""1093"",""processID"":""2292"",""threadID"":""3260"",""channel"":""Microsoft-Windows-Sysmon/Operational"",""computer"":""DESKTOP-HUE026H"",""severityValue"":""INFORMATION"",""message"":""\""Process Create:\r\nRuleName: \r\nUtcTime: 2020-05-22 13:20:16.457\r\nProcessGuid: {df9fc3d3-d190-5ec7-0000-00109cc32300}\r\nProcessId: 68684\r\nImage: C:\\Windows\\System32\\net.exe\r\nFileVersion: 10.0.18362.1 (WinBuild.160101.0800)\r\nDescription: Net Command\r\nProduct: Microsoft® Windows® Operating System\r\nCompany: Microsoft Corporation\r\nOriginalFileName: net.exe\r\nCommandLine: \""C:\\Windows\\System32\\net.exe\"" stop \""audioendpointbuilder\"" /y\r\nCurrentDirectory: C:\\Users\\John Williams\\Downloads\\\r\nUser: DESKTOP-HUE026H\\John Williams\r\nLogonGuid: {df9fc3d3-d0d4-5ec7-0000-002021020300}\r\nLogonId: 0x30221\r\nTerminalSessionId: 1\r\nIntegrityLevel: Medium\r\nHashes: MD5=A63DF9A6E9098CC189F2A3EFC37600F6,SHA256=96CDFD7B263947A6A7C0DB54141A6B8D7777DB0A03A17CBF95666D98422F937B,IMPHASH=57F0C47AE2A1A2C06C8B987372AB0B07\r\nParentProcessGuid: {df9fc3d3-d15d-5ec7-0000-00103e661900}\r\nParentProcessId: 2284\r\nParentImage: C:\\Users\\John Williams\\Downloads\\progam18.exe\r\nParentCommandLine: \""C:\\Users\\John Williams\\Downloads\\progam18.exe\"" \""""},""eventdata"":{""utcTime"":""2020-05-22 13:20:16.457"",""processGuid"":""{df9fc3d3-d190-5ec7-0000-00109cc32300}"",""processId"":""68684"",""image"":""C:\\\\Windows\\\\System32\\\\net.exe"",""fileVersion"":""10.0.18362.1 (WinBuild.160101.0800)"",""description"":""Net Command"",""product"":""Microsoft® Windows® Operating System"",""company"":""Microsoft Corporation"",""originalFileName"":""net.exe"",""commandLine"":""\\\""C:\\\\Windows\\\\System32\\\\net.exe\\\"" stop \\\""audioendpointbuilder\\\"" /y"",""currentDirectory"":""C:\\\\Users\\\\John Williams\\\\Downloads\\\\"",""user"":""DESKTOP-HUE026H\\\\John Williams"",""logonGuid"":""{df9fc3d3-d0d4-5ec7-0000-002021020300}"",""logonId"":""0x30221"",""terminalSessionId"":""1"",""integrityLevel"":""Medium"",""hashes"":""MD5=A63DF9A6E9098CC189F2A3EFC37600F6,SHA256=96CDFD7B263947A6A7C0DB54141A6B8D7777DB0A03A17CBF95666D98422F937B,IMPHASH=57F0C47AE2A1A2C06C8B987372AB0B07"",""parentProcessGuid"":""{df9fc3d3-d15d-5ec7-0000-00103e661900}"",""parentProcessId"":""2284"",""parentImage"":""C:\\\\Users\\\\John Williams\\\\Downloads\\\\progam18.exe"",""parentCommandLine"":""\\\""C:\\\\Users\\\\John Williams\\\\Downloads\\\\progam18.exe\\\""""}}}"
