"May 23, 2020 @ 12:37:42.831",9,"Windows Application error event","""Faulting application name: OneDrive.exe, version: 20.52.311.11, time stamp: 0x95f7bd77
Faulting module name: ntdll.dll, version: 10.0.18362.719, time stamp: 0x832e7bce
Exception code: 0xc0000409
Fault offset: 0x00088d30
Faulting process id: 0x179c
Faulting application start time: 0x01d6303b638bb436
Faulting application path: C:\Users\John Williams\AppData\Local\Microsoft\OneDrive\OneDrive.exe
Faulting module path: C:\Windows\SYSTEM32\ntdll.dll
Report Id: d5d04867-127f-462f-a945-7fbd33b3f724
Faulting package full name: 
Faulting package-relative application ID: """,,
"May 23, 2020 @ 12:37:42.129",9,"Windows Application error event","""Faulting application name: jusched.exe, version: 2.8.241.7, time stamp: 0x5df0d8be
Faulting module name: unknown, version: 0.0.0.0, time stamp: 0x00000000
Exception code: 0xc0000005
Fault offset: 0x5b594484
Faulting process id: 0x1760
Faulting application start time: 0x01d6303b5fcacf9a
Faulting application path: C:\Program Files (x86)\Common Files\Java\Java Update\jusched.exe
Faulting module path: unknown
Report Id: 141e9797-87a5-42c1-b4cf-f8e9ab81c404
Faulting package full name: 
Faulting package-relative application ID: """,,
"May 23, 2020 @ 12:37:41.137",9,"Windows Application error event","""Faulting application name: StartMenuExperienceHost.exe, version: 0.0.0.0, time stamp: 0x5d65fb6a
Faulting module name: ntdll.dll, version: 10.0.18362.719, time stamp: 0x64d10ee0
Exception code: 0xc0000005
Fault offset: 0x000000000003b890
Faulting process id: 0x1028
Faulting application start time: 0x01d6303b502d106f
Faulting application path: C:\Windows\SystemApps\Microsoft.Windows.StartMenuExperienceHost_cw5n1h2txyewy\StartMenuExperienceHost.exe
Faulting module path: C:\Windows\SYSTEM32\ntdll.dll
Report Id: 4ea2aed0-dfa4-4504-92f5-5d0618a30e83
Faulting package full name: Microsoft.Windows.StartMenuExperienceHost_10.0.18362.449_neutral_neutral_cw5n1h2txyewy
Faulting package-relative application ID: App""",,
"May 23, 2020 @ 12:37:41.063",8,"ATT&CK T1489: Stop Windows Service","""Process Create:
RuleName: 
UtcTime: 2020-05-22 13:19:32.818
ProcessGuid: {df9fc3d3-d164-5ec7-0000-001038241a00}
ProcessId: 6444
Image: C:\Windows\System32\net1.exe
FileVersion: 10.0.18362.1 (WinBuild.160101.0800)
Description: Net Command
Product: Microsoft® Windows® Operating System
Company: Microsoft Corporation
OriginalFileName: net1.exe
CommandLine: C:\Windows\system32\net1 stop ""samss"" /y
CurrentDirectory: C:\Users\John Williams\Downloads\
User: DESKTOP-HUE026H\John Williams
LogonGuid: {df9fc3d3-d0d4-5ec7-0000-002021020300}
LogonId: 0x30221
TerminalSessionId: 1
IntegrityLevel: Medium
Hashes: MD5=0F641F87A791AE07C00A725BBBD77724,SHA256=286E7F127B06386BD1CC9664851848F483A867F0F604AA352893151068715FAA,IMPHASH=41DBA1AF77E1A2260F0CE46D59ADCB5E
ParentProcessGuid: {df9fc3d3-d164-5ec7-0000-0010551e1a00}
ParentProcessId: 6356
ParentImage: C:\Windows\System32\net.exe
ParentCommandLine: ""C:\Windows\System32\net.exe"" stop ""samss"" /y""","C:\\Windows\\system32\\net1 stop \""samss\"" /y","{""win"":{""system"":{""providerName"":""Microsoft-Windows-Sysmon"",""providerGuid"":""{5770385f-c22a-43e0-bf4c-06f5698ffbd9}"",""eventID"":""1"",""version"":""5"",""level"":""4"",""task"":""1"",""opcode"":""0"",""keywords"":""0x8000000000000000"",""systemTime"":""2020-05-22T13:19:32.823233000Z"",""eventRecordID"":""976"",""processID"":""2292"",""threadID"":""3260"",""channel"":""Microsoft-Windows-Sysmon/Operational"",""computer"":""DESKTOP-HUE026H"",""severityValue"":""INFORMATION"",""message"":""\""Process Create:\r\nRuleName: \r\nUtcTime: 2020-05-22 13:19:32.818\r\nProcessGuid: {df9fc3d3-d164-5ec7-0000-001038241a00}\r\nProcessId: 6444\r\nImage: C:\\Windows\\System32\\net1.exe\r\nFileVersion: 10.0.18362.1 (WinBuild.160101.0800)\r\nDescription: Net Command\r\nProduct: Microsoft® Windows® Operating System\r\nCompany: Microsoft Corporation\r\nOriginalFileName: net1.exe\r\nCommandLine: C:\\Windows\\system32\\net1 stop \""samss\"" /y\r\nCurrentDirectory: C:\\Users\\John Williams\\Downloads\\\r\nUser: DESKTOP-HUE026H\\John Williams\r\nLogonGuid: {df9fc3d3-d0d4-5ec7-0000-002021020300}\r\nLogonId: 0x30221\r\nTerminalSessionId: 1\r\nIntegrityLevel: Medium\r\nHashes: MD5=0F641F87A791AE07C00A725BBBD77724,SHA256=286E7F127B06386BD1CC9664851848F483A867F0F604AA352893151068715FAA,IMPHASH=41DBA1AF77E1A2260F0CE46D59ADCB5E\r\nParentProcessGuid: {df9fc3d3-d164-5ec7-0000-0010551e1a00}\r\nParentProcessId: 6356\r\nParentImage: C:\\Windows\\System32\\net.exe\r\nParentCommandLine: \""C:\\Windows\\System32\\net.exe\"" stop \""samss\"" /y\""""},""eventdata"":{""utcTime"":""2020-05-22 13:19:32.818"",""processGuid"":""{df9fc3d3-d164-5ec7-0000-001038241a00}"",""processId"":""6444"",""image"":""C:\\\\Windows\\\\System32\\\\net1.exe"",""fileVersion"":""10.0.18362.1 (WinBuild.160101.0800)"",""description"":""Net Command"",""product"":""Microsoft® Windows® Operating System"",""company"":""Microsoft Corporation"",""originalFileName"":""net1.exe"",""commandLine"":""C:\\\\Windows\\\\system32\\\\net1 stop \\\""samss\\\"" /y"",""currentDirectory"":""C:\\\\Users\\\\John Williams\\\\Downloads\\\\"",""user"":""DESKTOP-HUE026H\\\\John Williams"",""logonGuid"":""{df9fc3d3-d0d4-5ec7-0000-002021020300}"",""logonId"":""0x30221"",""terminalSessionId"":""1"",""integrityLevel"":""Medium"",""hashes"":""MD5=0F641F87A791AE07C00A725BBBD77724,SHA256=286E7F127B06386BD1CC9664851848F483A867F0F604AA352893151068715FAA,IMPHASH=41DBA1AF77E1A2260F0CE46D59ADCB5E"",""parentProcessGuid"":""{df9fc3d3-d164-5ec7-0000-0010551e1a00}"",""parentProcessId"":""6356"",""parentImage"":""C:\\\\Windows\\\\System32\\\\net.exe"",""parentCommandLine"":""\\\""C:\\\\Windows\\\\System32\\\\net.exe\\\"" stop \\\""samss\\\"" /y""}}}"
"May 23, 2020 @ 12:37:40.980",8,"ATT&CK T1489: Stop Windows Service","""Process Create:
RuleName: 
UtcTime: 2020-05-22 13:19:32.509
ProcessGuid: {df9fc3d3-d164-5ec7-0000-0010551e1a00}
ProcessId: 6356
Image: C:\Windows\System32\net.exe
FileVersion: 10.0.18362.1 (WinBuild.160101.0800)
Description: Net Command
Product: Microsoft® Windows® Operating System
Company: Microsoft Corporation
OriginalFileName: net.exe
CommandLine: ""C:\Windows\System32\net.exe"" stop ""samss"" /y
CurrentDirectory: C:\Users\John Williams\Downloads\
User: DESKTOP-HUE026H\John Williams
LogonGuid: {df9fc3d3-d0d4-5ec7-0000-002021020300}
LogonId: 0x30221
TerminalSessionId: 1
IntegrityLevel: Medium
Hashes: MD5=A63DF9A6E9098CC189F2A3EFC37600F6,SHA256=96CDFD7B263947A6A7C0DB54141A6B8D7777DB0A03A17CBF95666D98422F937B,IMPHASH=57F0C47AE2A1A2C06C8B987372AB0B07
ParentProcessGuid: {df9fc3d3-d15d-5ec7-0000-001031791900}
ParentProcessId: 5232
ParentImage: C:\Users\John Williams\Downloads\sQCMgCG.exe
ParentCommandLine: ""C:\Users\John Williams\Downloads\sQCMgCG.exe"" 8 LAN""","\""C:\\Windows\\System32\\net.exe\"" stop \""samss\"" /y","{""win"":{""system"":{""providerName"":""Microsoft-Windows-Sysmon"",""providerGuid"":""{5770385f-c22a-43e0-bf4c-06f5698ffbd9}"",""eventID"":""1"",""version"":""5"",""level"":""4"",""task"":""1"",""opcode"":""0"",""keywords"":""0x8000000000000000"",""systemTime"":""2020-05-22T13:19:32.514619900Z"",""eventRecordID"":""974"",""processID"":""2292"",""threadID"":""3260"",""channel"":""Microsoft-Windows-Sysmon/Operational"",""computer"":""DESKTOP-HUE026H"",""severityValue"":""INFORMATION"",""message"":""\""Process Create:\r\nRuleName: \r\nUtcTime: 2020-05-22 13:19:32.509\r\nProcessGuid: {df9fc3d3-d164-5ec7-0000-0010551e1a00}\r\nProcessId: 6356\r\nImage: C:\\Windows\\System32\\net.exe\r\nFileVersion: 10.0.18362.1 (WinBuild.160101.0800)\r\nDescription: Net Command\r\nProduct: Microsoft® Windows® Operating System\r\nCompany: Microsoft Corporation\r\nOriginalFileName: net.exe\r\nCommandLine: \""C:\\Windows\\System32\\net.exe\"" stop \""samss\"" /y\r\nCurrentDirectory: C:\\Users\\John Williams\\Downloads\\\r\nUser: DESKTOP-HUE026H\\John Williams\r\nLogonGuid: {df9fc3d3-d0d4-5ec7-0000-002021020300}\r\nLogonId: 0x30221\r\nTerminalSessionId: 1\r\nIntegrityLevel: Medium\r\nHashes: MD5=A63DF9A6E9098CC189F2A3EFC37600F6,SHA256=96CDFD7B263947A6A7C0DB54141A6B8D7777DB0A03A17CBF95666D98422F937B,IMPHASH=57F0C47AE2A1A2C06C8B987372AB0B07\r\nParentProcessGuid: {df9fc3d3-d15d-5ec7-0000-001031791900}\r\nParentProcessId: 5232\r\nParentImage: C:\\Users\\John Williams\\Downloads\\sQCMgCG.exe\r\nParentCommandLine: \""C:\\Users\\John Williams\\Downloads\\sQCMgCG.exe\"" 8 LAN\""""},""eventdata"":{""utcTime"":""2020-05-22 13:19:32.509"",""processGuid"":""{df9fc3d3-d164-5ec7-0000-0010551e1a00}"",""processId"":""6356"",""image"":""C:\\\\Windows\\\\System32\\\\net.exe"",""fileVersion"":""10.0.18362.1 (WinBuild.160101.0800)"",""description"":""Net Command"",""product"":""Microsoft® Windows® Operating System"",""company"":""Microsoft Corporation"",""originalFileName"":""net.exe"",""commandLine"":""\\\""C:\\\\Windows\\\\System32\\\\net.exe\\\"" stop \\\""samss\\\"" /y"",""currentDirectory"":""C:\\\\Users\\\\John Williams\\\\Downloads\\\\"",""user"":""DESKTOP-HUE026H\\\\John Williams"",""logonGuid"":""{df9fc3d3-d0d4-5ec7-0000-002021020300}"",""logonId"":""0x30221"",""terminalSessionId"":""1"",""integrityLevel"":""Medium"",""hashes"":""MD5=A63DF9A6E9098CC189F2A3EFC37600F6,SHA256=96CDFD7B263947A6A7C0DB54141A6B8D7777DB0A03A17CBF95666D98422F937B,IMPHASH=57F0C47AE2A1A2C06C8B987372AB0B07"",""parentProcessGuid"":""{df9fc3d3-d15d-5ec7-0000-001031791900}"",""parentProcessId"":""5232"",""parentImage"":""C:\\\\Users\\\\John Williams\\\\Downloads\\\\sQCMgCG.exe"",""parentCommandLine"":""\\\""C:\\\\Users\\\\John Williams\\\\Downloads\\\\sQCMgCG.exe\\\"" 8 LAN""}}}"
"May 23, 2020 @ 12:37:40.891",8,"ATT&CK T1489: Stop Windows Service","""Process Create:
RuleName: 
UtcTime: 2020-05-22 13:19:32.415
ProcessGuid: {df9fc3d3-d164-5ec7-0000-0010cb161a00}
ProcessId: 6148
Image: C:\Windows\System32\net1.exe
FileVersion: 10.0.18362.1 (WinBuild.160101.0800)
Description: Net Command
Product: Microsoft® Windows® Operating System
Company: Microsoft Corporation
OriginalFileName: net1.exe
CommandLine: C:\Windows\system32\net1 stop ""audioendpointbuilder"" /y
CurrentDirectory: C:\Users\John Williams\Downloads\
User: DESKTOP-HUE026H\John Williams
LogonGuid: {df9fc3d3-d0d4-5ec7-0000-002021020300}
LogonId: 0x30221
TerminalSessionId: 1
IntegrityLevel: Medium
Hashes: MD5=0F641F87A791AE07C00A725BBBD77724,SHA256=286E7F127B06386BD1CC9664851848F483A867F0F604AA352893151068715FAA,IMPHASH=41DBA1AF77E1A2260F0CE46D59ADCB5E
ParentProcessGuid: {df9fc3d3-d164-5ec7-0000-0010bb101a00}
ParentProcessId: 6976
ParentImage: C:\Windows\System32\net.exe
ParentCommandLine: ""C:\Windows\System32\net.exe"" stop ""audioendpointbuilder"" /y""","C:\\Windows\\system32\\net1 stop \""audioendpointbuilder\"" /y","{""win"":{""system"":{""providerName"":""Microsoft-Windows-Sysmon"",""providerGuid"":""{5770385f-c22a-43e0-bf4c-06f5698ffbd9}"",""eventID"":""1"",""version"":""5"",""level"":""4"",""task"":""1"",""opcode"":""0"",""keywords"":""0x8000000000000000"",""systemTime"":""2020-05-22T13:19:32.448632500Z"",""eventRecordID"":""972"",""processID"":""2292"",""threadID"":""3260"",""channel"":""Microsoft-Windows-Sysmon/Operational"",""computer"":""DESKTOP-HUE026H"",""severityValue"":""INFORMATION"",""message"":""\""Process Create:\r\nRuleName: \r\nUtcTime: 2020-05-22 13:19:32.415\r\nProcessGuid: {df9fc3d3-d164-5ec7-0000-0010cb161a00}\r\nProcessId: 6148\r\nImage: C:\\Windows\\System32\\net1.exe\r\nFileVersion: 10.0.18362.1 (WinBuild.160101.0800)\r\nDescription: Net Command\r\nProduct: Microsoft® Windows® Operating System\r\nCompany: Microsoft Corporation\r\nOriginalFileName: net1.exe\r\nCommandLine: C:\\Windows\\system32\\net1 stop \""audioendpointbuilder\"" /y\r\nCurrentDirectory: C:\\Users\\John Williams\\Downloads\\\r\nUser: DESKTOP-HUE026H\\John Williams\r\nLogonGuid: {df9fc3d3-d0d4-5ec7-0000-002021020300}\r\nLogonId: 0x30221\r\nTerminalSessionId: 1\r\nIntegrityLevel: Medium\r\nHashes: MD5=0F641F87A791AE07C00A725BBBD77724,SHA256=286E7F127B06386BD1CC9664851848F483A867F0F604AA352893151068715FAA,IMPHASH=41DBA1AF77E1A2260F0CE46D59ADCB5E\r\nParentProcessGuid: {df9fc3d3-d164-5ec7-0000-0010bb101a00}\r\nParentProcessId: 6976\r\nParentImage: C:\\Windows\\System32\\net.exe\r\nParentCommandLine: \""C:\\Windows\\System32\\net.exe\"" stop \""audioendpointbuilder\"" /y\""""},""eventdata"":{""utcTime"":""2020-05-22 13:19:32.415"",""processGuid"":""{df9fc3d3-d164-5ec7-0000-0010cb161a00}"",""processId"":""6148"",""image"":""C:\\\\Windows\\\\System32\\\\net1.exe"",""fileVersion"":""10.0.18362.1 (WinBuild.160101.0800)"",""description"":""Net Command"",""product"":""Microsoft® Windows® Operating System"",""company"":""Microsoft Corporation"",""originalFileName"":""net1.exe"",""commandLine"":""C:\\\\Windows\\\\system32\\\\net1 stop \\\""audioendpointbuilder\\\"" /y"",""currentDirectory"":""C:\\\\Users\\\\John Williams\\\\Downloads\\\\"",""user"":""DESKTOP-HUE026H\\\\John Williams"",""logonGuid"":""{df9fc3d3-d0d4-5ec7-0000-002021020300}"",""logonId"":""0x30221"",""terminalSessionId"":""1"",""integrityLevel"":""Medium"",""hashes"":""MD5=0F641F87A791AE07C00A725BBBD77724,SHA256=286E7F127B06386BD1CC9664851848F483A867F0F604AA352893151068715FAA,IMPHASH=41DBA1AF77E1A2260F0CE46D59ADCB5E"",""parentProcessGuid"":""{df9fc3d3-d164-5ec7-0000-0010bb101a00}"",""parentProcessId"":""6976"",""parentImage"":""C:\\\\Windows\\\\System32\\\\net.exe"",""parentCommandLine"":""\\\""C:\\\\Windows\\\\System32\\\\net.exe\\\"" stop \\\""audioendpointbuilder\\\"" /y""}}}"
"May 23, 2020 @ 12:37:40.853",8,"ATT&CK T1489: Stop Windows Service","""Process Create:
RuleName: 
UtcTime: 2020-05-22 13:19:32.292
ProcessGuid: {df9fc3d3-d164-5ec7-0000-0010bb101a00}
ProcessId: 6976
Image: C:\Windows\System32\net.exe
FileVersion: 10.0.18362.1 (WinBuild.160101.0800)
Description: Net Command
Product: Microsoft® Windows® Operating System
Company: Microsoft Corporation
OriginalFileName: net.exe
CommandLine: ""C:\Windows\System32\net.exe"" stop ""audioendpointbuilder"" /y
CurrentDirectory: C:\Users\John Williams\Downloads\
User: DESKTOP-HUE026H\John Williams
LogonGuid: {df9fc3d3-d0d4-5ec7-0000-002021020300}
LogonId: 0x30221
TerminalSessionId: 1
IntegrityLevel: Medium
Hashes: MD5=A63DF9A6E9098CC189F2A3EFC37600F6,SHA256=96CDFD7B263947A6A7C0DB54141A6B8D7777DB0A03A17CBF95666D98422F937B,IMPHASH=57F0C47AE2A1A2C06C8B987372AB0B07
ParentProcessGuid: {df9fc3d3-d15d-5ec7-0000-001031791900}
ParentProcessId: 5232
ParentImage: C:\Users\John Williams\Downloads\sQCMgCG.exe
ParentCommandLine: ""C:\Users\John Williams\Downloads\sQCMgCG.exe"" 8 LAN""","\""C:\\Windows\\System32\\net.exe\"" stop \""audioendpointbuilder\"" /y","{""win"":{""system"":{""providerName"":""Microsoft-Windows-Sysmon"",""providerGuid"":""{5770385f-c22a-43e0-bf4c-06f5698ffbd9}"",""eventID"":""1"",""version"":""5"",""level"":""4"",""task"":""1"",""opcode"":""0"",""keywords"":""0x8000000000000000"",""systemTime"":""2020-05-22T13:19:32.302647400Z"",""eventRecordID"":""971"",""processID"":""2292"",""threadID"":""3260"",""channel"":""Microsoft-Windows-Sysmon/Operational"",""computer"":""DESKTOP-HUE026H"",""severityValue"":""INFORMATION"",""message"":""\""Process Create:\r\nRuleName: \r\nUtcTime: 2020-05-22 13:19:32.292\r\nProcessGuid: {df9fc3d3-d164-5ec7-0000-0010bb101a00}\r\nProcessId: 6976\r\nImage: C:\\Windows\\System32\\net.exe\r\nFileVersion: 10.0.18362.1 (WinBuild.160101.0800)\r\nDescription: Net Command\r\nProduct: Microsoft® Windows® Operating System\r\nCompany: Microsoft Corporation\r\nOriginalFileName: net.exe\r\nCommandLine: \""C:\\Windows\\System32\\net.exe\"" stop \""audioendpointbuilder\"" /y\r\nCurrentDirectory: C:\\Users\\John Williams\\Downloads\\\r\nUser: DESKTOP-HUE026H\\John Williams\r\nLogonGuid: {df9fc3d3-d0d4-5ec7-0000-002021020300}\r\nLogonId: 0x30221\r\nTerminalSessionId: 1\r\nIntegrityLevel: Medium\r\nHashes: MD5=A63DF9A6E9098CC189F2A3EFC37600F6,SHA256=96CDFD7B263947A6A7C0DB54141A6B8D7777DB0A03A17CBF95666D98422F937B,IMPHASH=57F0C47AE2A1A2C06C8B987372AB0B07\r\nParentProcessGuid: {df9fc3d3-d15d-5ec7-0000-001031791900}\r\nParentProcessId: 5232\r\nParentImage: C:\\Users\\John Williams\\Downloads\\sQCMgCG.exe\r\nParentCommandLine: \""C:\\Users\\John Williams\\Downloads\\sQCMgCG.exe\"" 8 LAN\""""},""eventdata"":{""utcTime"":""2020-05-22 13:19:32.292"",""processGuid"":""{df9fc3d3-d164-5ec7-0000-0010bb101a00}"",""processId"":""6976"",""image"":""C:\\\\Windows\\\\System32\\\\net.exe"",""fileVersion"":""10.0.18362.1 (WinBuild.160101.0800)"",""description"":""Net Command"",""product"":""Microsoft® Windows® Operating System"",""company"":""Microsoft Corporation"",""originalFileName"":""net.exe"",""commandLine"":""\\\""C:\\\\Windows\\\\System32\\\\net.exe\\\"" stop \\\""audioendpointbuilder\\\"" /y"",""currentDirectory"":""C:\\\\Users\\\\John Williams\\\\Downloads\\\\"",""user"":""DESKTOP-HUE026H\\\\John Williams"",""logonGuid"":""{df9fc3d3-d0d4-5ec7-0000-002021020300}"",""logonId"":""0x30221"",""terminalSessionId"":""1"",""integrityLevel"":""Medium"",""hashes"":""MD5=A63DF9A6E9098CC189F2A3EFC37600F6,SHA256=96CDFD7B263947A6A7C0DB54141A6B8D7777DB0A03A17CBF95666D98422F937B,IMPHASH=57F0C47AE2A1A2C06C8B987372AB0B07"",""parentProcessGuid"":""{df9fc3d3-d15d-5ec7-0000-001031791900}"",""parentProcessId"":""5232"",""parentImage"":""C:\\\\Users\\\\John Williams\\\\Downloads\\\\sQCMgCG.exe"",""parentCommandLine"":""\\\""C:\\\\Users\\\\John Williams\\\\Downloads\\\\sQCMgCG.exe\\\"" 8 LAN""}}}"
"May 23, 2020 @ 12:37:40.206",9,"Windows Application error event","""Volume Shadow Copy Service information: The COM Server with CLSID {e579ab5f-1cc4-44b4-bed9-de0991ff0623} and name Coordinator cannot be started. [0x80070005, Access is denied.
] """,,
"May 23, 2020 @ 12:37:40.145",15,"ATT&CK: WannaCry Ransomware","""Process Create:
RuleName: 
UtcTime: 2020-05-22 13:19:31.965
ProcessGuid: {df9fc3d3-d163-5ec7-0000-001044011a00}
ProcessId: 1644
Image: C:\Windows\System32\bcdedit.exe
FileVersion: 10.0.18362.295 (WinBuild.160101.0800)
Description: Boot Configuration Data Editor
Product: Microsoft® Windows® Operating System
Company: Microsoft Corporation
OriginalFileName: bcdedit.exe
CommandLine: bcdedit /set {default} recoveryenabled No & bcdedit /set {default}
CurrentDirectory: C:\Users\John Williams\Downloads\
User: DESKTOP-HUE026H\John Williams
LogonGuid: {df9fc3d3-d0d4-5ec7-0000-002021020300}
LogonId: 0x30221
TerminalSessionId: 1
IntegrityLevel: Medium
Hashes: MD5=66E4F813624DF01D67CF03616760A7AC,SHA256=1EE229900C128119A122F9A7B3FF8CA2AB35154B314FC6B37CDA6CE041E4277D,IMPHASH=0DEEFF11123C4A14A058E9390224FECE
ParentProcessGuid: {df9fc3d3-d15d-5ec7-0000-001031791900}
ParentProcessId: 5232
ParentImage: C:\Users\John Williams\Downloads\sQCMgCG.exe
ParentCommandLine: ""C:\Users\John Williams\Downloads\sQCMgCG.exe"" 8 LAN""","bcdedit /set {default} recoveryenabled No &amp; bcdedit /set {default}","{""win"":{""system"":{""providerName"":""Microsoft-Windows-Sysmon"",""providerGuid"":""{5770385f-c22a-43e0-bf4c-06f5698ffbd9}"",""eventID"":""1"",""version"":""5"",""level"":""4"",""task"":""1"",""opcode"":""0"",""keywords"":""0x8000000000000000"",""systemTime"":""2020-05-22T13:19:31.988412900Z"",""eventRecordID"":""969"",""processID"":""2292"",""threadID"":""3260"",""channel"":""Microsoft-Windows-Sysmon/Operational"",""computer"":""DESKTOP-HUE026H"",""severityValue"":""INFORMATION"",""message"":""\""Process Create:\r\nRuleName: \r\nUtcTime: 2020-05-22 13:19:31.965\r\nProcessGuid: {df9fc3d3-d163-5ec7-0000-001044011a00}\r\nProcessId: 1644\r\nImage: C:\\Windows\\System32\\bcdedit.exe\r\nFileVersion: 10.0.18362.295 (WinBuild.160101.0800)\r\nDescription: Boot Configuration Data Editor\r\nProduct: Microsoft® Windows® Operating System\r\nCompany: Microsoft Corporation\r\nOriginalFileName: bcdedit.exe\r\nCommandLine: bcdedit /set {default} recoveryenabled No & bcdedit /set {default}\r\nCurrentDirectory: C:\\Users\\John Williams\\Downloads\\\r\nUser: DESKTOP-HUE026H\\John Williams\r\nLogonGuid: {df9fc3d3-d0d4-5ec7-0000-002021020300}\r\nLogonId: 0x30221\r\nTerminalSessionId: 1\r\nIntegrityLevel: Medium\r\nHashes: MD5=66E4F813624DF01D67CF03616760A7AC,SHA256=1EE229900C128119A122F9A7B3FF8CA2AB35154B314FC6B37CDA6CE041E4277D,IMPHASH=0DEEFF11123C4A14A058E9390224FECE\r\nParentProcessGuid: {df9fc3d3-d15d-5ec7-0000-001031791900}\r\nParentProcessId: 5232\r\nParentImage: C:\\Users\\John Williams\\Downloads\\sQCMgCG.exe\r\nParentCommandLine: \""C:\\Users\\John Williams\\Downloads\\sQCMgCG.exe\"" 8 LAN\""""},""eventdata"":{""utcTime"":""2020-05-22 13:19:31.965"",""processGuid"":""{df9fc3d3-d163-5ec7-0000-001044011a00}"",""processId"":""1644"",""image"":""C:\\\\Windows\\\\System32\\\\bcdedit.exe"",""fileVersion"":""10.0.18362.295 (WinBuild.160101.0800)"",""description"":""Boot Configuration Data Editor"",""product"":""Microsoft® Windows® Operating System"",""company"":""Microsoft Corporation"",""originalFileName"":""bcdedit.exe"",""commandLine"":""bcdedit /set {default} recoveryenabled No &amp; bcdedit /set {default}"",""currentDirectory"":""C:\\\\Users\\\\John Williams\\\\Downloads\\\\"",""user"":""DESKTOP-HUE026H\\\\John Williams"",""logonGuid"":""{df9fc3d3-d0d4-5ec7-0000-002021020300}"",""logonId"":""0x30221"",""terminalSessionId"":""1"",""integrityLevel"":""Medium"",""hashes"":""MD5=66E4F813624DF01D67CF03616760A7AC,SHA256=1EE229900C128119A122F9A7B3FF8CA2AB35154B314FC6B37CDA6CE041E4277D,IMPHASH=0DEEFF11123C4A14A058E9390224FECE"",""parentProcessGuid"":""{df9fc3d3-d15d-5ec7-0000-001031791900}"",""parentProcessId"":""5232"",""parentImage"":""C:\\\\Users\\\\John Williams\\\\Downloads\\\\sQCMgCG.exe"",""parentCommandLine"":""\\\""C:\\\\Users\\\\John Williams\\\\Downloads\\\\sQCMgCG.exe\\\"" 8 LAN""}}}"
"May 23, 2020 @ 12:37:40.121",15,"ATT&CK T1070 T1490: Shadow Copies Deletion Using Operating Systems Utilities","""Process Create:
RuleName: 
UtcTime: 2020-05-22 13:19:31.956
ProcessGuid: {df9fc3d3-d163-5ec7-0000-00105d001a00}
ProcessId: 5712
Image: C:\Windows\System32\vssadmin.exe
FileVersion: 10.0.18362.1 (WinBuild.160101.0800)
Description: Command Line Interface for Microsoft® Volume Shadow Copy Service 
Product: Microsoft® Windows® Operating System
Company: Microsoft Corporation
OriginalFileName: VSSADMIN.EXE
CommandLine: vssadmin.exe Delete Shadows /all /quiet
CurrentDirectory: C:\Users\John Williams\Downloads\
User: DESKTOP-HUE026H\John Williams
LogonGuid: {df9fc3d3-d0d4-5ec7-0000-002021020300}
LogonId: 0x30221
TerminalSessionId: 1
IntegrityLevel: Medium
Hashes: MD5=02A10DBF904883B1F8EE9F3CC70F5EB8,SHA256=ACDCC96D628EE8FF7F07FC5D795A05C22EB239BE0D44A9F01727B6124A9619A9,IMPHASH=C1EDC431CD345F0A0F32019895D13FCE
ParentProcessGuid: {df9fc3d3-d15d-5ec7-0000-001031791900}
ParentProcessId: 5232
ParentImage: C:\Users\John Williams\Downloads\sQCMgCG.exe
ParentCommandLine: ""C:\Users\John Williams\Downloads\sQCMgCG.exe"" 8 LAN""","vssadmin.exe Delete Shadows /all /quiet","{""win"":{""system"":{""providerName"":""Microsoft-Windows-Sysmon"",""providerGuid"":""{5770385f-c22a-43e0-bf4c-06f5698ffbd9}"",""eventID"":""1"",""version"":""5"",""level"":""4"",""task"":""1"",""opcode"":""0"",""keywords"":""0x8000000000000000"",""systemTime"":""2020-05-22T13:19:31.971699300Z"",""eventRecordID"":""968"",""processID"":""2292"",""threadID"":""3260"",""channel"":""Microsoft-Windows-Sysmon/Operational"",""computer"":""DESKTOP-HUE026H"",""severityValue"":""INFORMATION"",""message"":""\""Process Create:\r\nRuleName: \r\nUtcTime: 2020-05-22 13:19:31.956\r\nProcessGuid: {df9fc3d3-d163-5ec7-0000-00105d001a00}\r\nProcessId: 5712\r\nImage: C:\\Windows\\System32\\vssadmin.exe\r\nFileVersion: 10.0.18362.1 (WinBuild.160101.0800)\r\nDescription: Command Line Interface for Microsoft® Volume Shadow Copy Service \r\nProduct: Microsoft® Windows® Operating System\r\nCompany: Microsoft Corporation\r\nOriginalFileName: VSSADMIN.EXE\r\nCommandLine: vssadmin.exe Delete Shadows /all /quiet\r\nCurrentDirectory: C:\\Users\\John Williams\\Downloads\\\r\nUser: DESKTOP-HUE026H\\John Williams\r\nLogonGuid: {df9fc3d3-d0d4-5ec7-0000-002021020300}\r\nLogonId: 0x30221\r\nTerminalSessionId: 1\r\nIntegrityLevel: Medium\r\nHashes: MD5=02A10DBF904883B1F8EE9F3CC70F5EB8,SHA256=ACDCC96D628EE8FF7F07FC5D795A05C22EB239BE0D44A9F01727B6124A9619A9,IMPHASH=C1EDC431CD345F0A0F32019895D13FCE\r\nParentProcessGuid: {df9fc3d3-d15d-5ec7-0000-001031791900}\r\nParentProcessId: 5232\r\nParentImage: C:\\Users\\John Williams\\Downloads\\sQCMgCG.exe\r\nParentCommandLine: \""C:\\Users\\John Williams\\Downloads\\sQCMgCG.exe\"" 8 LAN\""""},""eventdata"":{""utcTime"":""2020-05-22 13:19:31.956"",""processGuid"":""{df9fc3d3-d163-5ec7-0000-00105d001a00}"",""processId"":""5712"",""image"":""C:\\\\Windows\\\\System32\\\\vssadmin.exe"",""fileVersion"":""10.0.18362.1 (WinBuild.160101.0800)"",""description"":""Command Line Interface for Microsoft® Volume Shadow Copy Service"",""product"":""Microsoft® Windows® Operating System"",""company"":""Microsoft Corporation"",""originalFileName"":""VSSADMIN.EXE"",""commandLine"":""vssadmin.exe Delete Shadows /all /quiet"",""currentDirectory"":""C:\\\\Users\\\\John Williams\\\\Downloads\\\\"",""user"":""DESKTOP-HUE026H\\\\John Williams"",""logonGuid"":""{df9fc3d3-d0d4-5ec7-0000-002021020300}"",""logonId"":""0x30221"",""terminalSessionId"":""1"",""integrityLevel"":""Medium"",""hashes"":""MD5=02A10DBF904883B1F8EE9F3CC70F5EB8,SHA256=ACDCC96D628EE8FF7F07FC5D795A05C22EB239BE0D44A9F01727B6124A9619A9,IMPHASH=C1EDC431CD345F0A0F32019895D13FCE"",""parentProcessGuid"":""{df9fc3d3-d15d-5ec7-0000-001031791900}"",""parentProcessId"":""5232"",""parentImage"":""C:\\\\Users\\\\John Williams\\\\Downloads\\\\sQCMgCG.exe"",""parentCommandLine"":""\\\""C:\\\\Users\\\\John Williams\\\\Downloads\\\\sQCMgCG.exe\\\"" 8 LAN""}}}"
"May 23, 2020 @ 12:37:40.053",15,"ATT&CK: WannaCry Ransomware","""Process Create:
RuleName: 
UtcTime: 2020-05-22 13:19:31.947
ProcessGuid: {df9fc3d3-d163-5ec7-0000-0010bfff1900}
ProcessId: 5600
Image: C:\Windows\System32\icacls.exe
FileVersion: 10.0.18362.1 (WinBuild.160101.0800)
Description: 
Product: Microsoft® Windows® Operating System
Company: Microsoft Corporation
OriginalFileName: iCACLS.EXE
CommandLine: icacls ""C:\*"" /grant Everyone:F /T /C /Q
CurrentDirectory: C:\Users\John Williams\Downloads\
User: DESKTOP-HUE026H\John Williams
LogonGuid: {df9fc3d3-d0d4-5ec7-0000-002021020300}
LogonId: 0x30221
TerminalSessionId: 1
IntegrityLevel: Medium
Hashes: MD5=D8B5077F15576983CB8D344F21FD1309,SHA256=3524EDE090FE503A30DEC8F629A74B8F720C9A230E5C4E49A3BB151C8AC1424A,IMPHASH=446163A548337B5BCF2727BCD1CFB399
ParentProcessGuid: {df9fc3d3-d15d-5ec7-0000-001031791900}
ParentProcessId: 5232
ParentImage: C:\Users\John Williams\Downloads\sQCMgCG.exe
ParentCommandLine: ""C:\Users\John Williams\Downloads\sQCMgCG.exe"" 8 LAN""","icacls \""C:\\*\"" /grant Everyone:F /T /C /Q","{""win"":{""system"":{""providerName"":""Microsoft-Windows-Sysmon"",""providerGuid"":""{5770385f-c22a-43e0-bf4c-06f5698ffbd9}"",""eventID"":""1"",""version"":""5"",""level"":""4"",""task"":""1"",""opcode"":""0"",""keywords"":""0x8000000000000000"",""systemTime"":""2020-05-22T13:19:31.957005700Z"",""eventRecordID"":""966"",""processID"":""2292"",""threadID"":""3260"",""channel"":""Microsoft-Windows-Sysmon/Operational"",""computer"":""DESKTOP-HUE026H"",""severityValue"":""INFORMATION"",""message"":""\""Process Create:\r\nRuleName: \r\nUtcTime: 2020-05-22 13:19:31.947\r\nProcessGuid: {df9fc3d3-d163-5ec7-0000-0010bfff1900}\r\nProcessId: 5600\r\nImage: C:\\Windows\\System32\\icacls.exe\r\nFileVersion: 10.0.18362.1 (WinBuild.160101.0800)\r\nDescription: \r\nProduct: Microsoft® Windows® Operating System\r\nCompany: Microsoft Corporation\r\nOriginalFileName: iCACLS.EXE\r\nCommandLine: icacls \""C:\\*\"" /grant Everyone:F /T /C /Q\r\nCurrentDirectory: C:\\Users\\John Williams\\Downloads\\\r\nUser: DESKTOP-HUE026H\\John Williams\r\nLogonGuid: {df9fc3d3-d0d4-5ec7-0000-002021020300}\r\nLogonId: 0x30221\r\nTerminalSessionId: 1\r\nIntegrityLevel: Medium\r\nHashes: MD5=D8B5077F15576983CB8D344F21FD1309,SHA256=3524EDE090FE503A30DEC8F629A74B8F720C9A230E5C4E49A3BB151C8AC1424A,IMPHASH=446163A548337B5BCF2727BCD1CFB399\r\nParentProcessGuid: {df9fc3d3-d15d-5ec7-0000-001031791900}\r\nParentProcessId: 5232\r\nParentImage: C:\\Users\\John Williams\\Downloads\\sQCMgCG.exe\r\nParentCommandLine: \""C:\\Users\\John Williams\\Downloads\\sQCMgCG.exe\"" 8 LAN\""""},""eventdata"":{""utcTime"":""2020-05-22 13:19:31.947"",""processGuid"":""{df9fc3d3-d163-5ec7-0000-0010bfff1900}"",""processId"":""5600"",""image"":""C:\\\\Windows\\\\System32\\\\icacls.exe"",""fileVersion"":""10.0.18362.1 (WinBuild.160101.0800)"",""product"":""Microsoft® Windows® Operating System"",""company"":""Microsoft Corporation"",""originalFileName"":""iCACLS.EXE"",""commandLine"":""icacls \\\""C:\\\\*\\\"" /grant Everyone:F /T /C /Q"",""currentDirectory"":""C:\\\\Users\\\\John Williams\\\\Downloads\\\\"",""user"":""DESKTOP-HUE026H\\\\John Williams"",""logonGuid"":""{df9fc3d3-d0d4-5ec7-0000-002021020300}"",""logonId"":""0x30221"",""terminalSessionId"":""1"",""integrityLevel"":""Medium"",""hashes"":""MD5=D8B5077F15576983CB8D344F21FD1309,SHA256=3524EDE090FE503A30DEC8F629A74B8F720C9A230E5C4E49A3BB151C8AC1424A,IMPHASH=446163A548337B5BCF2727BCD1CFB399"",""parentProcessGuid"":""{df9fc3d3-d15d-5ec7-0000-001031791900}"",""parentProcessId"":""5232"",""parentImage"":""C:\\\\Users\\\\John Williams\\\\Downloads\\\\sQCMgCG.exe"",""parentCommandLine"":""\\\""C:\\\\Users\\\\John Williams\\\\Downloads\\\\sQCMgCG.exe\\\"" 8 LAN""}}}"
"May 23, 2020 @ 12:37:39.050",9,"Windows Application error event","""Faulting application name: sihost.exe, version: 10.0.18362.1, time stamp: 0xe9587576
Faulting module name: ntdll.dll, version: 10.0.18362.719, time stamp: 0x64d10ee0
Exception code: 0xc0000005
Fault offset: 0x000000000003b890
Faulting process id: 0xcf8
Faulting application start time: 0x01d6303b4d8c5702
Faulting application path: C:\Windows\system32\sihost.exe
Faulting module path: C:\Windows\SYSTEM32\ntdll.dll
Report Id: 79787ffd-717a-4b83-93f1-c28f8f7e0903
Faulting package full name: 
Faulting package-relative application ID: """,,
"May 23, 2020 @ 12:37:34.505",8,"ATT&CK T1489: Stop Windows Service","""Process Create:
RuleName: 
UtcTime: 2020-05-22 13:19:26.163
ProcessGuid: {df9fc3d3-d15e-5ec7-0000-0010809c1900}
ProcessId: 3376
Image: C:\Windows\System32\net1.exe
FileVersion: 10.0.18362.1 (WinBuild.160101.0800)
Description: Net Command
Product: Microsoft® Windows® Operating System
Company: Microsoft Corporation
OriginalFileName: net1.exe
CommandLine: C:\Windows\system32\net1 stop ""samss"" /y
CurrentDirectory: C:\Users\John Williams\Downloads\
User: DESKTOP-HUE026H\John Williams
LogonGuid: {df9fc3d3-d0d4-5ec7-0000-002021020300}
LogonId: 0x30221
TerminalSessionId: 1
IntegrityLevel: Medium
Hashes: MD5=0F641F87A791AE07C00A725BBBD77724,SHA256=286E7F127B06386BD1CC9664851848F483A867F0F604AA352893151068715FAA,IMPHASH=41DBA1AF77E1A2260F0CE46D59ADCB5E
ParentProcessGuid: {df9fc3d3-d15e-5ec7-0000-00104c941900}
ParentProcessId: 4540
ParentImage: C:\Windows\System32\net.exe
ParentCommandLine: ""C:\Windows\System32\net.exe"" stop ""samss"" /y""","C:\\Windows\\system32\\net1 stop \""samss\"" /y","{""win"":{""system"":{""providerName"":""Microsoft-Windows-Sysmon"",""providerGuid"":""{5770385f-c22a-43e0-bf4c-06f5698ffbd9}"",""eventID"":""1"",""version"":""5"",""level"":""4"",""task"":""1"",""opcode"":""0"",""keywords"":""0x8000000000000000"",""systemTime"":""2020-05-22T13:19:26.170507600Z"",""eventRecordID"":""951"",""processID"":""2292"",""threadID"":""3260"",""channel"":""Microsoft-Windows-Sysmon/Operational"",""computer"":""DESKTOP-HUE026H"",""severityValue"":""INFORMATION"",""message"":""\""Process Create:\r\nRuleName: \r\nUtcTime: 2020-05-22 13:19:26.163\r\nProcessGuid: {df9fc3d3-d15e-5ec7-0000-0010809c1900}\r\nProcessId: 3376\r\nImage: C:\\Windows\\System32\\net1.exe\r\nFileVersion: 10.0.18362.1 (WinBuild.160101.0800)\r\nDescription: Net Command\r\nProduct: Microsoft® Windows® Operating System\r\nCompany: Microsoft Corporation\r\nOriginalFileName: net1.exe\r\nCommandLine: C:\\Windows\\system32\\net1 stop \""samss\"" /y\r\nCurrentDirectory: C:\\Users\\John Williams\\Downloads\\\r\nUser: DESKTOP-HUE026H\\John Williams\r\nLogonGuid: {df9fc3d3-d0d4-5ec7-0000-002021020300}\r\nLogonId: 0x30221\r\nTerminalSessionId: 1\r\nIntegrityLevel: Medium\r\nHashes: MD5=0F641F87A791AE07C00A725BBBD77724,SHA256=286E7F127B06386BD1CC9664851848F483A867F0F604AA352893151068715FAA,IMPHASH=41DBA1AF77E1A2260F0CE46D59ADCB5E\r\nParentProcessGuid: {df9fc3d3-d15e-5ec7-0000-00104c941900}\r\nParentProcessId: 4540\r\nParentImage: C:\\Windows\\System32\\net.exe\r\nParentCommandLine: \""C:\\Windows\\System32\\net.exe\"" stop \""samss\"" /y\""""},""eventdata"":{""utcTime"":""2020-05-22 13:19:26.163"",""processGuid"":""{df9fc3d3-d15e-5ec7-0000-0010809c1900}"",""processId"":""3376"",""image"":""C:\\\\Windows\\\\System32\\\\net1.exe"",""fileVersion"":""10.0.18362.1 (WinBuild.160101.0800)"",""description"":""Net Command"",""product"":""Microsoft® Windows® Operating System"",""company"":""Microsoft Corporation"",""originalFileName"":""net1.exe"",""commandLine"":""C:\\\\Windows\\\\system32\\\\net1 stop \\\""samss\\\"" /y"",""currentDirectory"":""C:\\\\Users\\\\John Williams\\\\Downloads\\\\"",""user"":""DESKTOP-HUE026H\\\\John Williams"",""logonGuid"":""{df9fc3d3-d0d4-5ec7-0000-002021020300}"",""logonId"":""0x30221"",""terminalSessionId"":""1"",""integrityLevel"":""Medium"",""hashes"":""MD5=0F641F87A791AE07C00A725BBBD77724,SHA256=286E7F127B06386BD1CC9664851848F483A867F0F604AA352893151068715FAA,IMPHASH=41DBA1AF77E1A2260F0CE46D59ADCB5E"",""parentProcessGuid"":""{df9fc3d3-d15e-5ec7-0000-00104c941900}"",""parentProcessId"":""4540"",""parentImage"":""C:\\\\Windows\\\\System32\\\\net.exe"",""parentCommandLine"":""\\\""C:\\\\Windows\\\\System32\\\\net.exe\\\"" stop \\\""samss\\\"" /y""}}}"
"May 23, 2020 @ 12:37:34.495",8,"ATT&CK T1489: Stop Windows Service","""Process Create:
RuleName: 
UtcTime: 2020-05-22 13:19:26.113
ProcessGuid: {df9fc3d3-d15e-5ec7-0000-001060981900}
ProcessId: 3476
Image: C:\Windows\System32\net1.exe
FileVersion: 10.0.18362.1 (WinBuild.160101.0800)
Description: Net Command
Product: Microsoft® Windows® Operating System
Company: Microsoft Corporation
OriginalFileName: net1.exe
CommandLine: C:\Windows\system32\net1 stop ""audioendpointbuilder"" /y
CurrentDirectory: C:\Users\John Williams\Downloads\
User: DESKTOP-HUE026H\John Williams
LogonGuid: {df9fc3d3-d0d4-5ec7-0000-002021020300}
LogonId: 0x30221
TerminalSessionId: 1
IntegrityLevel: Medium
Hashes: MD5=0F641F87A791AE07C00A725BBBD77724,SHA256=286E7F127B06386BD1CC9664851848F483A867F0F604AA352893151068715FAA,IMPHASH=41DBA1AF77E1A2260F0CE46D59ADCB5E
ParentProcessGuid: {df9fc3d3-d15d-5ec7-0000-001099821900}
ParentProcessId: 5356
ParentImage: C:\Windows\System32\net.exe
ParentCommandLine: ""C:\Windows\System32\net.exe"" stop ""audioendpointbuilder"" /y""","C:\\Windows\\system32\\net1 stop \""audioendpointbuilder\"" /y","{""win"":{""system"":{""providerName"":""Microsoft-Windows-Sysmon"",""providerGuid"":""{5770385f-c22a-43e0-bf4c-06f5698ffbd9}"",""eventID"":""1"",""version"":""5"",""level"":""4"",""task"":""1"",""opcode"":""0"",""keywords"":""0x8000000000000000"",""systemTime"":""2020-05-22T13:19:26.128239200Z"",""eventRecordID"":""950"",""processID"":""2292"",""threadID"":""3260"",""channel"":""Microsoft-Windows-Sysmon/Operational"",""computer"":""DESKTOP-HUE026H"",""severityValue"":""INFORMATION"",""message"":""\""Process Create:\r\nRuleName: \r\nUtcTime: 2020-05-22 13:19:26.113\r\nProcessGuid: {df9fc3d3-d15e-5ec7-0000-001060981900}\r\nProcessId: 3476\r\nImage: C:\\Windows\\System32\\net1.exe\r\nFileVersion: 10.0.18362.1 (WinBuild.160101.0800)\r\nDescription: Net Command\r\nProduct: Microsoft® Windows® Operating System\r\nCompany: Microsoft Corporation\r\nOriginalFileName: net1.exe\r\nCommandLine: C:\\Windows\\system32\\net1 stop \""audioendpointbuilder\"" /y\r\nCurrentDirectory: C:\\Users\\John Williams\\Downloads\\\r\nUser: DESKTOP-HUE026H\\John Williams\r\nLogonGuid: {df9fc3d3-d0d4-5ec7-0000-002021020300}\r\nLogonId: 0x30221\r\nTerminalSessionId: 1\r\nIntegrityLevel: Medium\r\nHashes: MD5=0F641F87A791AE07C00A725BBBD77724,SHA256=286E7F127B06386BD1CC9664851848F483A867F0F604AA352893151068715FAA,IMPHASH=41DBA1AF77E1A2260F0CE46D59ADCB5E\r\nParentProcessGuid: {df9fc3d3-d15d-5ec7-0000-001099821900}\r\nParentProcessId: 5356\r\nParentImage: C:\\Windows\\System32\\net.exe\r\nParentCommandLine: \""C:\\Windows\\System32\\net.exe\"" stop \""audioendpointbuilder\"" /y\""""},""eventdata"":{""utcTime"":""2020-05-22 13:19:26.113"",""processGuid"":""{df9fc3d3-d15e-5ec7-0000-001060981900}"",""processId"":""3476"",""image"":""C:\\\\Windows\\\\System32\\\\net1.exe"",""fileVersion"":""10.0.18362.1 (WinBuild.160101.0800)"",""description"":""Net Command"",""product"":""Microsoft® Windows® Operating System"",""company"":""Microsoft Corporation"",""originalFileName"":""net1.exe"",""commandLine"":""C:\\\\Windows\\\\system32\\\\net1 stop \\\""audioendpointbuilder\\\"" /y"",""currentDirectory"":""C:\\\\Users\\\\John Williams\\\\Downloads\\\\"",""user"":""DESKTOP-HUE026H\\\\John Williams"",""logonGuid"":""{df9fc3d3-d0d4-5ec7-0000-002021020300}"",""logonId"":""0x30221"",""terminalSessionId"":""1"",""integrityLevel"":""Medium"",""hashes"":""MD5=0F641F87A791AE07C00A725BBBD77724,SHA256=286E7F127B06386BD1CC9664851848F483A867F0F604AA352893151068715FAA,IMPHASH=41DBA1AF77E1A2260F0CE46D59ADCB5E"",""parentProcessGuid"":""{df9fc3d3-d15d-5ec7-0000-001099821900}"",""parentProcessId"":""5356"",""parentImage"":""C:\\\\Windows\\\\System32\\\\net.exe"",""parentCommandLine"":""\\\""C:\\\\Windows\\\\System32\\\\net.exe\\\"" stop \\\""audioendpointbuilder\\\"" /y""}}}"
"May 23, 2020 @ 12:37:34.480",8,"ATT&CK T1489: Stop Windows Service","""Process Create:
RuleName: 
UtcTime: 2020-05-22 13:19:26.074
ProcessGuid: {df9fc3d3-d15e-5ec7-0000-00104c941900}
ProcessId: 4540
Image: C:\Windows\System32\net.exe
FileVersion: 10.0.18362.1 (WinBuild.160101.0800)
Description: Net Command
Product: Microsoft® Windows® Operating System
Company: Microsoft Corporation
OriginalFileName: net.exe
CommandLine: ""C:\Windows\System32\net.exe"" stop ""samss"" /y
CurrentDirectory: C:\Users\John Williams\Downloads\
User: DESKTOP-HUE026H\John Williams
LogonGuid: {df9fc3d3-d0d4-5ec7-0000-002021020300}
LogonId: 0x30221
TerminalSessionId: 1
IntegrityLevel: Medium
Hashes: MD5=A63DF9A6E9098CC189F2A3EFC37600F6,SHA256=96CDFD7B263947A6A7C0DB54141A6B8D7777DB0A03A17CBF95666D98422F937B,IMPHASH=57F0C47AE2A1A2C06C8B987372AB0B07
ParentProcessGuid: {df9fc3d3-d15d-5ec7-0000-00103e661900}
ParentProcessId: 2284
ParentImage: C:\Users\John Williams\Downloads\progam18.exe
ParentCommandLine: ""C:\Users\John Williams\Downloads\progam18.exe"" ""","\""C:\\Windows\\System32\\net.exe\"" stop \""samss\"" /y","{""win"":{""system"":{""providerName"":""Microsoft-Windows-Sysmon"",""providerGuid"":""{5770385f-c22a-43e0-bf4c-06f5698ffbd9}"",""eventID"":""1"",""version"":""5"",""level"":""4"",""task"":""1"",""opcode"":""0"",""keywords"":""0x8000000000000000"",""systemTime"":""2020-05-22T13:19:26.078154100Z"",""eventRecordID"":""949"",""processID"":""2292"",""threadID"":""3260"",""channel"":""Microsoft-Windows-Sysmon/Operational"",""computer"":""DESKTOP-HUE026H"",""severityValue"":""INFORMATION"",""message"":""\""Process Create:\r\nRuleName: \r\nUtcTime: 2020-05-22 13:19:26.074\r\nProcessGuid: {df9fc3d3-d15e-5ec7-0000-00104c941900}\r\nProcessId: 4540\r\nImage: C:\\Windows\\System32\\net.exe\r\nFileVersion: 10.0.18362.1 (WinBuild.160101.0800)\r\nDescription: Net Command\r\nProduct: Microsoft® Windows® Operating System\r\nCompany: Microsoft Corporation\r\nOriginalFileName: net.exe\r\nCommandLine: \""C:\\Windows\\System32\\net.exe\"" stop \""samss\"" /y\r\nCurrentDirectory: C:\\Users\\John Williams\\Downloads\\\r\nUser: DESKTOP-HUE026H\\John Williams\r\nLogonGuid: {df9fc3d3-d0d4-5ec7-0000-002021020300}\r\nLogonId: 0x30221\r\nTerminalSessionId: 1\r\nIntegrityLevel: Medium\r\nHashes: MD5=A63DF9A6E9098CC189F2A3EFC37600F6,SHA256=96CDFD7B263947A6A7C0DB54141A6B8D7777DB0A03A17CBF95666D98422F937B,IMPHASH=57F0C47AE2A1A2C06C8B987372AB0B07\r\nParentProcessGuid: {df9fc3d3-d15d-5ec7-0000-00103e661900}\r\nParentProcessId: 2284\r\nParentImage: C:\\Users\\John Williams\\Downloads\\progam18.exe\r\nParentCommandLine: \""C:\\Users\\John Williams\\Downloads\\progam18.exe\"" \""""},""eventdata"":{""utcTime"":""2020-05-22 13:19:26.074"",""processGuid"":""{df9fc3d3-d15e-5ec7-0000-00104c941900}"",""processId"":""4540"",""image"":""C:\\\\Windows\\\\System32\\\\net.exe"",""fileVersion"":""10.0.18362.1 (WinBuild.160101.0800)"",""description"":""Net Command"",""product"":""Microsoft® Windows® Operating System"",""company"":""Microsoft Corporation"",""originalFileName"":""net.exe"",""commandLine"":""\\\""C:\\\\Windows\\\\System32\\\\net.exe\\\"" stop \\\""samss\\\"" /y"",""currentDirectory"":""C:\\\\Users\\\\John Williams\\\\Downloads\\\\"",""user"":""DESKTOP-HUE026H\\\\John Williams"",""logonGuid"":""{df9fc3d3-d0d4-5ec7-0000-002021020300}"",""logonId"":""0x30221"",""terminalSessionId"":""1"",""integrityLevel"":""Medium"",""hashes"":""MD5=A63DF9A6E9098CC189F2A3EFC37600F6,SHA256=96CDFD7B263947A6A7C0DB54141A6B8D7777DB0A03A17CBF95666D98422F937B,IMPHASH=57F0C47AE2A1A2C06C8B987372AB0B07"",""parentProcessGuid"":""{df9fc3d3-d15d-5ec7-0000-00103e661900}"",""parentProcessId"":""2284"",""parentImage"":""C:\\\\Users\\\\John Williams\\\\Downloads\\\\progam18.exe"",""parentCommandLine"":""\\\""C:\\\\Users\\\\John Williams\\\\Downloads\\\\progam18.exe\\\""""}}}"
"May 23, 2020 @ 12:37:34.457",8,"ATT&CK T1489: Stop Windows Service","""Process Create:
RuleName: 
UtcTime: 2020-05-22 13:19:25.860
ProcessGuid: {df9fc3d3-d15d-5ec7-0000-001099821900}
ProcessId: 5356
Image: C:\Windows\System32\net.exe
FileVersion: 10.0.18362.1 (WinBuild.160101.0800)
Description: Net Command
Product: Microsoft® Windows® Operating System
Company: Microsoft Corporation
OriginalFileName: net.exe
CommandLine: ""C:\Windows\System32\net.exe"" stop ""audioendpointbuilder"" /y
CurrentDirectory: C:\Users\John Williams\Downloads\
User: DESKTOP-HUE026H\John Williams
LogonGuid: {df9fc3d3-d0d4-5ec7-0000-002021020300}
LogonId: 0x30221
TerminalSessionId: 1
IntegrityLevel: Medium
Hashes: MD5=A63DF9A6E9098CC189F2A3EFC37600F6,SHA256=96CDFD7B263947A6A7C0DB54141A6B8D7777DB0A03A17CBF95666D98422F937B,IMPHASH=57F0C47AE2A1A2C06C8B987372AB0B07
ParentProcessGuid: {df9fc3d3-d15d-5ec7-0000-00103e661900}
ParentProcessId: 2284
ParentImage: C:\Users\John Williams\Downloads\progam18.exe
ParentCommandLine: ""C:\Users\John Williams\Downloads\progam18.exe"" ""","\""C:\\Windows\\System32\\net.exe\"" stop \""audioendpointbuilder\"" /y","{""win"":{""system"":{""providerName"":""Microsoft-Windows-Sysmon"",""providerGuid"":""{5770385f-c22a-43e0-bf4c-06f5698ffbd9}"",""eventID"":""1"",""version"":""5"",""level"":""4"",""task"":""1"",""opcode"":""0"",""keywords"":""0x8000000000000000"",""systemTime"":""2020-05-22T13:19:25.897778800Z"",""eventRecordID"":""948"",""processID"":""2292"",""threadID"":""3260"",""channel"":""Microsoft-Windows-Sysmon/Operational"",""computer"":""DESKTOP-HUE026H"",""severityValue"":""INFORMATION"",""message"":""\""Process Create:\r\nRuleName: \r\nUtcTime: 2020-05-22 13:19:25.860\r\nProcessGuid: {df9fc3d3-d15d-5ec7-0000-001099821900}\r\nProcessId: 5356\r\nImage: C:\\Windows\\System32\\net.exe\r\nFileVersion: 10.0.18362.1 (WinBuild.160101.0800)\r\nDescription: Net Command\r\nProduct: Microsoft® Windows® Operating System\r\nCompany: Microsoft Corporation\r\nOriginalFileName: net.exe\r\nCommandLine: \""C:\\Windows\\System32\\net.exe\"" stop \""audioendpointbuilder\"" /y\r\nCurrentDirectory: C:\\Users\\John Williams\\Downloads\\\r\nUser: DESKTOP-HUE026H\\John Williams\r\nLogonGuid: {df9fc3d3-d0d4-5ec7-0000-002021020300}\r\nLogonId: 0x30221\r\nTerminalSessionId: 1\r\nIntegrityLevel: Medium\r\nHashes: MD5=A63DF9A6E9098CC189F2A3EFC37600F6,SHA256=96CDFD7B263947A6A7C0DB54141A6B8D7777DB0A03A17CBF95666D98422F937B,IMPHASH=57F0C47AE2A1A2C06C8B987372AB0B07\r\nParentProcessGuid: {df9fc3d3-d15d-5ec7-0000-00103e661900}\r\nParentProcessId: 2284\r\nParentImage: C:\\Users\\John Williams\\Downloads\\progam18.exe\r\nParentCommandLine: \""C:\\Users\\John Williams\\Downloads\\progam18.exe\"" \""""},""eventdata"":{""utcTime"":""2020-05-22 13:19:25.860"",""processGuid"":""{df9fc3d3-d15d-5ec7-0000-001099821900}"",""processId"":""5356"",""image"":""C:\\\\Windows\\\\System32\\\\net.exe"",""fileVersion"":""10.0.18362.1 (WinBuild.160101.0800)"",""description"":""Net Command"",""product"":""Microsoft® Windows® Operating System"",""company"":""Microsoft Corporation"",""originalFileName"":""net.exe"",""commandLine"":""\\\""C:\\\\Windows\\\\System32\\\\net.exe\\\"" stop \\\""audioendpointbuilder\\\"" /y"",""currentDirectory"":""C:\\\\Users\\\\John Williams\\\\Downloads\\\\"",""user"":""DESKTOP-HUE026H\\\\John Williams"",""logonGuid"":""{df9fc3d3-d0d4-5ec7-0000-002021020300}"",""logonId"":""0x30221"",""terminalSessionId"":""1"",""integrityLevel"":""Medium"",""hashes"":""MD5=A63DF9A6E9098CC189F2A3EFC37600F6,SHA256=96CDFD7B263947A6A7C0DB54141A6B8D7777DB0A03A17CBF95666D98422F937B,IMPHASH=57F0C47AE2A1A2C06C8B987372AB0B07"",""parentProcessGuid"":""{df9fc3d3-d15d-5ec7-0000-00103e661900}"",""parentProcessId"":""2284"",""parentImage"":""C:\\\\Users\\\\John Williams\\\\Downloads\\\\progam18.exe"",""parentCommandLine"":""\\\""C:\\\\Users\\\\John Williams\\\\Downloads\\\\progam18.exe\\\""""}}}"
