"May 23, 2020 @ 12:46:31.669",8,"ATT&CK T1489: Stop Windows Service","""Process Create:
RuleName: 
UtcTime: 2020-05-23 12:46:30.221
ProcessGuid: {df9fc3d3-1b26-5ec9-0000-0010a8a72500}
ProcessId: 246560
Image: C:\Windows\System32\net.exe
FileVersion: 10.0.18362.1 (WinBuild.160101.0800)
Description: Net Command
Product: Microsoft® Windows® Operating System
Company: Microsoft Corporation
OriginalFileName: net.exe
CommandLine: ""C:\Windows\System32\net.exe"" stop ""samss"" /y
CurrentDirectory: C:\Windows\system32\
User: DESKTOP-HUE026H\John Williams
LogonGuid: {df9fc3d3-1a6b-5ec9-0000-0020723c0300}
LogonId: 0x33C72
TerminalSessionId: 1
IntegrityLevel: Medium
Hashes: MD5=A63DF9A6E9098CC189F2A3EFC37600F6,SHA256=96CDFD7B263947A6A7C0DB54141A6B8D7777DB0A03A17CBF95666D98422F937B,IMPHASH=57F0C47AE2A1A2C06C8B987372AB0B07
ParentProcessGuid: {df9fc3d3-1a8d-5ec9-0000-001047510b00}
ParentProcessId: 6312
ParentImage: C:\Users\John Williams\Downloads\sQCMgCG.exe
ParentCommandLine: ""C:\Users\John Williams\Downloads\sQCMgCG.exe"" ""","\""C:\\Windows\\System32\\net.exe\"" stop \""samss\"" /y","{""win"":{""system"":{""providerName"":""Microsoft-Windows-Sysmon"",""providerGuid"":""{5770385f-c22a-43e0-bf4c-06f5698ffbd9}"",""eventID"":""1"",""version"":""5"",""level"":""4"",""task"":""1"",""opcode"":""0"",""keywords"":""0x8000000000000000"",""systemTime"":""2020-05-23T12:46:30.247574300Z"",""eventRecordID"":""1721"",""processID"":""2100"",""threadID"":""3216"",""channel"":""Microsoft-Windows-Sysmon/Operational"",""computer"":""DESKTOP-HUE026H"",""severityValue"":""INFORMATION"",""message"":""\""Process Create:\r\nRuleName: \r\nUtcTime: 2020-05-23 12:46:30.221\r\nProcessGuid: {df9fc3d3-1b26-5ec9-0000-0010a8a72500}\r\nProcessId: 246560\r\nImage: C:\\Windows\\System32\\net.exe\r\nFileVersion: 10.0.18362.1 (WinBuild.160101.0800)\r\nDescription: Net Command\r\nProduct: Microsoft® Windows® Operating System\r\nCompany: Microsoft Corporation\r\nOriginalFileName: net.exe\r\nCommandLine: \""C:\\Windows\\System32\\net.exe\"" stop \""samss\"" /y\r\nCurrentDirectory: C:\\Windows\\system32\\\r\nUser: DESKTOP-HUE026H\\John Williams\r\nLogonGuid: {df9fc3d3-1a6b-5ec9-0000-0020723c0300}\r\nLogonId: 0x33C72\r\nTerminalSessionId: 1\r\nIntegrityLevel: Medium\r\nHashes: MD5=A63DF9A6E9098CC189F2A3EFC37600F6,SHA256=96CDFD7B263947A6A7C0DB54141A6B8D7777DB0A03A17CBF95666D98422F937B,IMPHASH=57F0C47AE2A1A2C06C8B987372AB0B07\r\nParentProcessGuid: {df9fc3d3-1a8d-5ec9-0000-001047510b00}\r\nParentProcessId: 6312\r\nParentImage: C:\\Users\\John Williams\\Downloads\\sQCMgCG.exe\r\nParentCommandLine: \""C:\\Users\\John Williams\\Downloads\\sQCMgCG.exe\"" \""""},""eventdata"":{""utcTime"":""2020-05-23 12:46:30.221"",""processGuid"":""{df9fc3d3-1b26-5ec9-0000-0010a8a72500}"",""processId"":""246560"",""image"":""C:\\\\Windows\\\\System32\\\\net.exe"",""fileVersion"":""10.0.18362.1 (WinBuild.160101.0800)"",""description"":""Net Command"",""product"":""Microsoft® Windows® Operating System"",""company"":""Microsoft Corporation"",""originalFileName"":""net.exe"",""commandLine"":""\\\""C:\\\\Windows\\\\System32\\\\net.exe\\\"" stop \\\""samss\\\"" /y"",""currentDirectory"":""C:\\\\Windows\\\\system32\\\\"",""user"":""DESKTOP-HUE026H\\\\John Williams"",""logonGuid"":""{df9fc3d3-1a6b-5ec9-0000-0020723c0300}"",""logonId"":""0x33c72"",""terminalSessionId"":""1"",""integrityLevel"":""Medium"",""hashes"":""MD5=A63DF9A6E9098CC189F2A3EFC37600F6,SHA256=96CDFD7B263947A6A7C0DB54141A6B8D7777DB0A03A17CBF95666D98422F937B,IMPHASH=57F0C47AE2A1A2C06C8B987372AB0B07"",""parentProcessGuid"":""{df9fc3d3-1a8d-5ec9-0000-001047510b00}"",""parentProcessId"":""6312"",""parentImage"":""C:\\\\Users\\\\John Williams\\\\Downloads\\\\sQCMgCG.exe"",""parentCommandLine"":""\\\""C:\\\\Users\\\\John Williams\\\\Downloads\\\\sQCMgCG.exe\\\""""}}}"
"May 23, 2020 @ 12:46:31.653",8,"ATT&CK T1489: Stop Windows Service","""Process Create:
RuleName: 
UtcTime: 2020-05-23 12:46:30.212
ProcessGuid: {df9fc3d3-1b26-5ec9-0000-001026a72500}
ProcessId: 246552
Image: C:\Windows\System32\net1.exe
FileVersion: 10.0.18362.1 (WinBuild.160101.0800)
Description: Net Command
Product: Microsoft® Windows® Operating System
Company: Microsoft Corporation
OriginalFileName: net1.exe
CommandLine: C:\Windows\system32\net1 stop ""audioendpointbuilder"" /y
CurrentDirectory: C:\Windows\system32\
User: DESKTOP-HUE026H\John Williams
LogonGuid: {df9fc3d3-1a6b-5ec9-0000-0020723c0300}
LogonId: 0x33C72
TerminalSessionId: 1
IntegrityLevel: Medium
Hashes: MD5=0F641F87A791AE07C00A725BBBD77724,SHA256=286E7F127B06386BD1CC9664851848F483A867F0F604AA352893151068715FAA,IMPHASH=41DBA1AF77E1A2260F0CE46D59ADCB5E
ParentProcessGuid: {df9fc3d3-1b25-5ec9-0000-001054922500}
ParentProcessId: 246028
ParentImage: C:\Windows\System32\net.exe
ParentCommandLine: ""C:\Windows\System32\net.exe"" stop ""audioendpointbuilder"" /y""","C:\\Windows\\system32\\net1 stop \""audioendpointbuilder\"" /y","{""win"":{""system"":{""providerName"":""Microsoft-Windows-Sysmon"",""providerGuid"":""{5770385f-c22a-43e0-bf4c-06f5698ffbd9}"",""eventID"":""1"",""version"":""5"",""level"":""4"",""task"":""1"",""opcode"":""0"",""keywords"":""0x8000000000000000"",""systemTime"":""2020-05-23T12:46:30.244724000Z"",""eventRecordID"":""1720"",""processID"":""2100"",""threadID"":""3216"",""channel"":""Microsoft-Windows-Sysmon/Operational"",""computer"":""DESKTOP-HUE026H"",""severityValue"":""INFORMATION"",""message"":""\""Process Create:\r\nRuleName: \r\nUtcTime: 2020-05-23 12:46:30.212\r\nProcessGuid: {df9fc3d3-1b26-5ec9-0000-001026a72500}\r\nProcessId: 246552\r\nImage: C:\\Windows\\System32\\net1.exe\r\nFileVersion: 10.0.18362.1 (WinBuild.160101.0800)\r\nDescription: Net Command\r\nProduct: Microsoft® Windows® Operating System\r\nCompany: Microsoft Corporation\r\nOriginalFileName: net1.exe\r\nCommandLine: C:\\Windows\\system32\\net1 stop \""audioendpointbuilder\"" /y\r\nCurrentDirectory: C:\\Windows\\system32\\\r\nUser: DESKTOP-HUE026H\\John Williams\r\nLogonGuid: {df9fc3d3-1a6b-5ec9-0000-0020723c0300}\r\nLogonId: 0x33C72\r\nTerminalSessionId: 1\r\nIntegrityLevel: Medium\r\nHashes: MD5=0F641F87A791AE07C00A725BBBD77724,SHA256=286E7F127B06386BD1CC9664851848F483A867F0F604AA352893151068715FAA,IMPHASH=41DBA1AF77E1A2260F0CE46D59ADCB5E\r\nParentProcessGuid: {df9fc3d3-1b25-5ec9-0000-001054922500}\r\nParentProcessId: 246028\r\nParentImage: C:\\Windows\\System32\\net.exe\r\nParentCommandLine: \""C:\\Windows\\System32\\net.exe\"" stop \""audioendpointbuilder\"" /y\""""},""eventdata"":{""utcTime"":""2020-05-23 12:46:30.212"",""processGuid"":""{df9fc3d3-1b26-5ec9-0000-001026a72500}"",""processId"":""246552"",""image"":""C:\\\\Windows\\\\System32\\\\net1.exe"",""fileVersion"":""10.0.18362.1 (WinBuild.160101.0800)"",""description"":""Net Command"",""product"":""Microsoft® Windows® Operating System"",""company"":""Microsoft Corporation"",""originalFileName"":""net1.exe"",""commandLine"":""C:\\\\Windows\\\\system32\\\\net1 stop \\\""audioendpointbuilder\\\"" /y"",""currentDirectory"":""C:\\\\Windows\\\\system32\\\\"",""user"":""DESKTOP-HUE026H\\\\John Williams"",""logonGuid"":""{df9fc3d3-1a6b-5ec9-0000-0020723c0300}"",""logonId"":""0x33c72"",""terminalSessionId"":""1"",""integrityLevel"":""Medium"",""hashes"":""MD5=0F641F87A791AE07C00A725BBBD77724,SHA256=286E7F127B06386BD1CC9664851848F483A867F0F604AA352893151068715FAA,IMPHASH=41DBA1AF77E1A2260F0CE46D59ADCB5E"",""parentProcessGuid"":""{df9fc3d3-1b25-5ec9-0000-001054922500}"",""parentProcessId"":""246028"",""parentImage"":""C:\\\\Windows\\\\System32\\\\net.exe"",""parentCommandLine"":""\\\""C:\\\\Windows\\\\System32\\\\net.exe\\\"" stop \\\""audioendpointbuilder\\\"" /y""}}}"
"May 23, 2020 @ 12:46:31.640",8,"ATT&CK T1489: Stop Windows Service","""Process Create:
RuleName: 
UtcTime: 2020-05-23 12:46:29.830
ProcessGuid: {df9fc3d3-1b25-5ec9-0000-001054922500}
ProcessId: 246028
Image: C:\Windows\System32\net.exe
FileVersion: 10.0.18362.1 (WinBuild.160101.0800)
Description: Net Command
Product: Microsoft® Windows® Operating System
Company: Microsoft Corporation
OriginalFileName: net.exe
CommandLine: ""C:\Windows\System32\net.exe"" stop ""audioendpointbuilder"" /y
CurrentDirectory: C:\Windows\system32\
User: DESKTOP-HUE026H\John Williams
LogonGuid: {df9fc3d3-1a6b-5ec9-0000-0020723c0300}
LogonId: 0x33C72
TerminalSessionId: 1
IntegrityLevel: Medium
Hashes: MD5=A63DF9A6E9098CC189F2A3EFC37600F6,SHA256=96CDFD7B263947A6A7C0DB54141A6B8D7777DB0A03A17CBF95666D98422F937B,IMPHASH=57F0C47AE2A1A2C06C8B987372AB0B07
ParentProcessGuid: {df9fc3d3-1a8d-5ec9-0000-001047510b00}
ParentProcessId: 6312
ParentImage: C:\Users\John Williams\Downloads\sQCMgCG.exe
ParentCommandLine: ""C:\Users\John Williams\Downloads\sQCMgCG.exe"" ""","\""C:\\Windows\\System32\\net.exe\"" stop \""audioendpointbuilder\"" /y","{""win"":{""system"":{""providerName"":""Microsoft-Windows-Sysmon"",""providerGuid"":""{5770385f-c22a-43e0-bf4c-06f5698ffbd9}"",""eventID"":""1"",""version"":""5"",""level"":""4"",""task"":""1"",""opcode"":""0"",""keywords"":""0x8000000000000000"",""systemTime"":""2020-05-23T12:46:29.861731900Z"",""eventRecordID"":""1719"",""processID"":""2100"",""threadID"":""3216"",""channel"":""Microsoft-Windows-Sysmon/Operational"",""computer"":""DESKTOP-HUE026H"",""severityValue"":""INFORMATION"",""message"":""\""Process Create:\r\nRuleName: \r\nUtcTime: 2020-05-23 12:46:29.830\r\nProcessGuid: {df9fc3d3-1b25-5ec9-0000-001054922500}\r\nProcessId: 246028\r\nImage: C:\\Windows\\System32\\net.exe\r\nFileVersion: 10.0.18362.1 (WinBuild.160101.0800)\r\nDescription: Net Command\r\nProduct: Microsoft® Windows® Operating System\r\nCompany: Microsoft Corporation\r\nOriginalFileName: net.exe\r\nCommandLine: \""C:\\Windows\\System32\\net.exe\"" stop \""audioendpointbuilder\"" /y\r\nCurrentDirectory: C:\\Windows\\system32\\\r\nUser: DESKTOP-HUE026H\\John Williams\r\nLogonGuid: {df9fc3d3-1a6b-5ec9-0000-0020723c0300}\r\nLogonId: 0x33C72\r\nTerminalSessionId: 1\r\nIntegrityLevel: Medium\r\nHashes: MD5=A63DF9A6E9098CC189F2A3EFC37600F6,SHA256=96CDFD7B263947A6A7C0DB54141A6B8D7777DB0A03A17CBF95666D98422F937B,IMPHASH=57F0C47AE2A1A2C06C8B987372AB0B07\r\nParentProcessGuid: {df9fc3d3-1a8d-5ec9-0000-001047510b00}\r\nParentProcessId: 6312\r\nParentImage: C:\\Users\\John Williams\\Downloads\\sQCMgCG.exe\r\nParentCommandLine: \""C:\\Users\\John Williams\\Downloads\\sQCMgCG.exe\"" \""""},""eventdata"":{""utcTime"":""2020-05-23 12:46:29.830"",""processGuid"":""{df9fc3d3-1b25-5ec9-0000-001054922500}"",""processId"":""246028"",""image"":""C:\\\\Windows\\\\System32\\\\net.exe"",""fileVersion"":""10.0.18362.1 (WinBuild.160101.0800)"",""description"":""Net Command"",""product"":""Microsoft® Windows® Operating System"",""company"":""Microsoft Corporation"",""originalFileName"":""net.exe"",""commandLine"":""\\\""C:\\\\Windows\\\\System32\\\\net.exe\\\"" stop \\\""audioendpointbuilder\\\"" /y"",""currentDirectory"":""C:\\\\Windows\\\\system32\\\\"",""user"":""DESKTOP-HUE026H\\\\John Williams"",""logonGuid"":""{df9fc3d3-1a6b-5ec9-0000-0020723c0300}"",""logonId"":""0x33c72"",""terminalSessionId"":""1"",""integrityLevel"":""Medium"",""hashes"":""MD5=A63DF9A6E9098CC189F2A3EFC37600F6,SHA256=96CDFD7B263947A6A7C0DB54141A6B8D7777DB0A03A17CBF95666D98422F937B,IMPHASH=57F0C47AE2A1A2C06C8B987372AB0B07"",""parentProcessGuid"":""{df9fc3d3-1a8d-5ec9-0000-001047510b00}"",""parentProcessId"":""6312"",""parentImage"":""C:\\\\Users\\\\John Williams\\\\Downloads\\\\sQCMgCG.exe"",""parentCommandLine"":""\\\""C:\\\\Users\\\\John Williams\\\\Downloads\\\\sQCMgCG.exe\\\""""}}}"
"May 23, 2020 @ 12:46:04.341",8,"ATT&CK T1489: Stop Windows Service","""Process Create:
RuleName: 
UtcTime: 2020-05-23 12:46:02.602
ProcessGuid: {df9fc3d3-1b0a-5ec9-0000-0010dc5f2100}
ProcessId: 211924
Image: C:\Windows\System32\net1.exe
FileVersion: 10.0.18362.1 (WinBuild.160101.0800)
Description: Net Command
Product: Microsoft® Windows® Operating System
Company: Microsoft Corporation
OriginalFileName: net1.exe
CommandLine: C:\Windows\system32\net1 stop ""samss"" /y
CurrentDirectory: C:\Windows\system32\
User: DESKTOP-HUE026H\John Williams
LogonGuid: {df9fc3d3-1a6b-5ec9-0000-0020723c0300}
LogonId: 0x33C72
TerminalSessionId: 1
IntegrityLevel: Medium
Hashes: MD5=0F641F87A791AE07C00A725BBBD77724,SHA256=286E7F127B06386BD1CC9664851848F483A867F0F604AA352893151068715FAA,IMPHASH=41DBA1AF77E1A2260F0CE46D59ADCB5E
ParentProcessGuid: {df9fc3d3-1b09-5ec9-0000-001030572100}
ParentProcessId: 3320
ParentImage: C:\Windows\System32\net.exe
ParentCommandLine: ""C:\Windows\System32\net.exe"" stop ""samss"" /y""","C:\\Windows\\system32\\net1 stop \""samss\"" /y","{""win"":{""system"":{""providerName"":""Microsoft-Windows-Sysmon"",""providerGuid"":""{5770385f-c22a-43e0-bf4c-06f5698ffbd9}"",""eventID"":""1"",""version"":""5"",""level"":""4"",""task"":""1"",""opcode"":""0"",""keywords"":""0x8000000000000000"",""systemTime"":""2020-05-23T12:46:02.644967200Z"",""eventRecordID"":""1717"",""processID"":""2100"",""threadID"":""3216"",""channel"":""Microsoft-Windows-Sysmon/Operational"",""computer"":""DESKTOP-HUE026H"",""severityValue"":""INFORMATION"",""message"":""\""Process Create:\r\nRuleName: \r\nUtcTime: 2020-05-23 12:46:02.602\r\nProcessGuid: {df9fc3d3-1b0a-5ec9-0000-0010dc5f2100}\r\nProcessId: 211924\r\nImage: C:\\Windows\\System32\\net1.exe\r\nFileVersion: 10.0.18362.1 (WinBuild.160101.0800)\r\nDescription: Net Command\r\nProduct: Microsoft® Windows® Operating System\r\nCompany: Microsoft Corporation\r\nOriginalFileName: net1.exe\r\nCommandLine: C:\\Windows\\system32\\net1 stop \""samss\"" /y\r\nCurrentDirectory: C:\\Windows\\system32\\\r\nUser: DESKTOP-HUE026H\\John Williams\r\nLogonGuid: {df9fc3d3-1a6b-5ec9-0000-0020723c0300}\r\nLogonId: 0x33C72\r\nTerminalSessionId: 1\r\nIntegrityLevel: Medium\r\nHashes: MD5=0F641F87A791AE07C00A725BBBD77724,SHA256=286E7F127B06386BD1CC9664851848F483A867F0F604AA352893151068715FAA,IMPHASH=41DBA1AF77E1A2260F0CE46D59ADCB5E\r\nParentProcessGuid: {df9fc3d3-1b09-5ec9-0000-001030572100}\r\nParentProcessId: 3320\r\nParentImage: C:\\Windows\\System32\\net.exe\r\nParentCommandLine: \""C:\\Windows\\System32\\net.exe\"" stop \""samss\"" /y\""""},""eventdata"":{""utcTime"":""2020-05-23 12:46:02.602"",""processGuid"":""{df9fc3d3-1b0a-5ec9-0000-0010dc5f2100}"",""processId"":""211924"",""image"":""C:\\\\Windows\\\\System32\\\\net1.exe"",""fileVersion"":""10.0.18362.1 (WinBuild.160101.0800)"",""description"":""Net Command"",""product"":""Microsoft® Windows® Operating System"",""company"":""Microsoft Corporation"",""originalFileName"":""net1.exe"",""commandLine"":""C:\\\\Windows\\\\system32\\\\net1 stop \\\""samss\\\"" /y"",""currentDirectory"":""C:\\\\Windows\\\\system32\\\\"",""user"":""DESKTOP-HUE026H\\\\John Williams"",""logonGuid"":""{df9fc3d3-1a6b-5ec9-0000-0020723c0300}"",""logonId"":""0x33c72"",""terminalSessionId"":""1"",""integrityLevel"":""Medium"",""hashes"":""MD5=0F641F87A791AE07C00A725BBBD77724,SHA256=286E7F127B06386BD1CC9664851848F483A867F0F604AA352893151068715FAA,IMPHASH=41DBA1AF77E1A2260F0CE46D59ADCB5E"",""parentProcessGuid"":""{df9fc3d3-1b09-5ec9-0000-001030572100}"",""parentProcessId"":""3320"",""parentImage"":""C:\\\\Windows\\\\System32\\\\net.exe"",""parentCommandLine"":""\\\""C:\\\\Windows\\\\System32\\\\net.exe\\\"" stop \\\""samss\\\"" /y""}}}"
"May 23, 2020 @ 12:46:03.411",8,"ATT&CK T1489: Stop Windows Service","""Process Create:
RuleName: 
UtcTime: 2020-05-23 12:46:02.582
ProcessGuid: {df9fc3d3-1b0a-5ec9-0000-0010ac5e2100}
ProcessId: 211928
Image: C:\Windows\System32\net1.exe
FileVersion: 10.0.18362.1 (WinBuild.160101.0800)
Description: Net Command
Product: Microsoft® Windows® Operating System
Company: Microsoft Corporation
OriginalFileName: net1.exe
CommandLine: C:\Windows\system32\net1 stop ""audioendpointbuilder"" /y
CurrentDirectory: C:\Windows\system32\
User: DESKTOP-HUE026H\John Williams
LogonGuid: {df9fc3d3-1a6b-5ec9-0000-0020723c0300}
LogonId: 0x33C72
TerminalSessionId: 1
IntegrityLevel: Medium
Hashes: MD5=0F641F87A791AE07C00A725BBBD77724,SHA256=286E7F127B06386BD1CC9664851848F483A867F0F604AA352893151068715FAA,IMPHASH=41DBA1AF77E1A2260F0CE46D59ADCB5E
ParentProcessGuid: {df9fc3d3-1b09-5ec9-0000-001046522100}
ParentProcessId: 3920
ParentImage: C:\Windows\System32\net.exe
ParentCommandLine: ""C:\Windows\System32\net.exe"" stop ""audioendpointbuilder"" /y""","C:\\Windows\\system32\\net1 stop \""audioendpointbuilder\"" /y","{""win"":{""system"":{""providerName"":""Microsoft-Windows-Sysmon"",""providerGuid"":""{5770385f-c22a-43e0-bf4c-06f5698ffbd9}"",""eventID"":""1"",""version"":""5"",""level"":""4"",""task"":""1"",""opcode"":""0"",""keywords"":""0x8000000000000000"",""systemTime"":""2020-05-23T12:46:02.599019000Z"",""eventRecordID"":""1716"",""processID"":""2100"",""threadID"":""3216"",""channel"":""Microsoft-Windows-Sysmon/Operational"",""computer"":""DESKTOP-HUE026H"",""severityValue"":""INFORMATION"",""message"":""\""Process Create:\r\nRuleName: \r\nUtcTime: 2020-05-23 12:46:02.582\r\nProcessGuid: {df9fc3d3-1b0a-5ec9-0000-0010ac5e2100}\r\nProcessId: 211928\r\nImage: C:\\Windows\\System32\\net1.exe\r\nFileVersion: 10.0.18362.1 (WinBuild.160101.0800)\r\nDescription: Net Command\r\nProduct: Microsoft® Windows® Operating System\r\nCompany: Microsoft Corporation\r\nOriginalFileName: net1.exe\r\nCommandLine: C:\\Windows\\system32\\net1 stop \""audioendpointbuilder\"" /y\r\nCurrentDirectory: C:\\Windows\\system32\\\r\nUser: DESKTOP-HUE026H\\John Williams\r\nLogonGuid: {df9fc3d3-1a6b-5ec9-0000-0020723c0300}\r\nLogonId: 0x33C72\r\nTerminalSessionId: 1\r\nIntegrityLevel: Medium\r\nHashes: MD5=0F641F87A791AE07C00A725BBBD77724,SHA256=286E7F127B06386BD1CC9664851848F483A867F0F604AA352893151068715FAA,IMPHASH=41DBA1AF77E1A2260F0CE46D59ADCB5E\r\nParentProcessGuid: {df9fc3d3-1b09-5ec9-0000-001046522100}\r\nParentProcessId: 3920\r\nParentImage: C:\\Windows\\System32\\net.exe\r\nParentCommandLine: \""C:\\Windows\\System32\\net.exe\"" stop \""audioendpointbuilder\"" /y\""""},""eventdata"":{""utcTime"":""2020-05-23 12:46:02.582"",""processGuid"":""{df9fc3d3-1b0a-5ec9-0000-0010ac5e2100}"",""processId"":""211928"",""image"":""C:\\\\Windows\\\\System32\\\\net1.exe"",""fileVersion"":""10.0.18362.1 (WinBuild.160101.0800)"",""description"":""Net Command"",""product"":""Microsoft® Windows® Operating System"",""company"":""Microsoft Corporation"",""originalFileName"":""net1.exe"",""commandLine"":""C:\\\\Windows\\\\system32\\\\net1 stop \\\""audioendpointbuilder\\\"" /y"",""currentDirectory"":""C:\\\\Windows\\\\system32\\\\"",""user"":""DESKTOP-HUE026H\\\\John Williams"",""logonGuid"":""{df9fc3d3-1a6b-5ec9-0000-0020723c0300}"",""logonId"":""0x33c72"",""terminalSessionId"":""1"",""integrityLevel"":""Medium"",""hashes"":""MD5=0F641F87A791AE07C00A725BBBD77724,SHA256=286E7F127B06386BD1CC9664851848F483A867F0F604AA352893151068715FAA,IMPHASH=41DBA1AF77E1A2260F0CE46D59ADCB5E"",""parentProcessGuid"":""{df9fc3d3-1b09-5ec9-0000-001046522100}"",""parentProcessId"":""3920"",""parentImage"":""C:\\\\Windows\\\\System32\\\\net.exe"",""parentCommandLine"":""\\\""C:\\\\Windows\\\\System32\\\\net.exe\\\"" stop \\\""audioendpointbuilder\\\"" /y""}}}"
"May 23, 2020 @ 12:46:03.388",8,"ATT&CK T1489: Stop Windows Service","""Process Create:
RuleName: 
UtcTime: 2020-05-23 12:46:01.912
ProcessGuid: {df9fc3d3-1b09-5ec9-0000-001030572100}
ProcessId: 3320
Image: C:\Windows\System32\net.exe
FileVersion: 10.0.18362.1 (WinBuild.160101.0800)
Description: Net Command
Product: Microsoft® Windows® Operating System
Company: Microsoft Corporation
OriginalFileName: net.exe
CommandLine: ""C:\Windows\System32\net.exe"" stop ""samss"" /y
CurrentDirectory: C:\Windows\system32\
User: DESKTOP-HUE026H\John Williams
LogonGuid: {df9fc3d3-1a6b-5ec9-0000-0020723c0300}
LogonId: 0x33C72
TerminalSessionId: 1
IntegrityLevel: Medium
Hashes: MD5=A63DF9A6E9098CC189F2A3EFC37600F6,SHA256=96CDFD7B263947A6A7C0DB54141A6B8D7777DB0A03A17CBF95666D98422F937B,IMPHASH=57F0C47AE2A1A2C06C8B987372AB0B07
ParentProcessGuid: {df9fc3d3-1a8d-5ec9-0000-001047510b00}
ParentProcessId: 6312
ParentImage: C:\Users\John Williams\Downloads\sQCMgCG.exe
ParentCommandLine: ""C:\Users\John Williams\Downloads\sQCMgCG.exe"" ""","\""C:\\Windows\\System32\\net.exe\"" stop \""samss\"" /y","{""win"":{""system"":{""providerName"":""Microsoft-Windows-Sysmon"",""providerGuid"":""{5770385f-c22a-43e0-bf4c-06f5698ffbd9}"",""eventID"":""1"",""version"":""5"",""level"":""4"",""task"":""1"",""opcode"":""0"",""keywords"":""0x8000000000000000"",""systemTime"":""2020-05-23T12:46:02.070058900Z"",""eventRecordID"":""1715"",""processID"":""2100"",""threadID"":""3216"",""channel"":""Microsoft-Windows-Sysmon/Operational"",""computer"":""DESKTOP-HUE026H"",""severityValue"":""INFORMATION"",""message"":""\""Process Create:\r\nRuleName: \r\nUtcTime: 2020-05-23 12:46:01.912\r\nProcessGuid: {df9fc3d3-1b09-5ec9-0000-001030572100}\r\nProcessId: 3320\r\nImage: C:\\Windows\\System32\\net.exe\r\nFileVersion: 10.0.18362.1 (WinBuild.160101.0800)\r\nDescription: Net Command\r\nProduct: Microsoft® Windows® Operating System\r\nCompany: Microsoft Corporation\r\nOriginalFileName: net.exe\r\nCommandLine: \""C:\\Windows\\System32\\net.exe\"" stop \""samss\"" /y\r\nCurrentDirectory: C:\\Windows\\system32\\\r\nUser: DESKTOP-HUE026H\\John Williams\r\nLogonGuid: {df9fc3d3-1a6b-5ec9-0000-0020723c0300}\r\nLogonId: 0x33C72\r\nTerminalSessionId: 1\r\nIntegrityLevel: Medium\r\nHashes: MD5=A63DF9A6E9098CC189F2A3EFC37600F6,SHA256=96CDFD7B263947A6A7C0DB54141A6B8D7777DB0A03A17CBF95666D98422F937B,IMPHASH=57F0C47AE2A1A2C06C8B987372AB0B07\r\nParentProcessGuid: {df9fc3d3-1a8d-5ec9-0000-001047510b00}\r\nParentProcessId: 6312\r\nParentImage: C:\\Users\\John Williams\\Downloads\\sQCMgCG.exe\r\nParentCommandLine: \""C:\\Users\\John Williams\\Downloads\\sQCMgCG.exe\"" \""""},""eventdata"":{""utcTime"":""2020-05-23 12:46:01.912"",""processGuid"":""{df9fc3d3-1b09-5ec9-0000-001030572100}"",""processId"":""3320"",""image"":""C:\\\\Windows\\\\System32\\\\net.exe"",""fileVersion"":""10.0.18362.1 (WinBuild.160101.0800)"",""description"":""Net Command"",""product"":""Microsoft® Windows® Operating System"",""company"":""Microsoft Corporation"",""originalFileName"":""net.exe"",""commandLine"":""\\\""C:\\\\Windows\\\\System32\\\\net.exe\\\"" stop \\\""samss\\\"" /y"",""currentDirectory"":""C:\\\\Windows\\\\system32\\\\"",""user"":""DESKTOP-HUE026H\\\\John Williams"",""logonGuid"":""{df9fc3d3-1a6b-5ec9-0000-0020723c0300}"",""logonId"":""0x33c72"",""terminalSessionId"":""1"",""integrityLevel"":""Medium"",""hashes"":""MD5=A63DF9A6E9098CC189F2A3EFC37600F6,SHA256=96CDFD7B263947A6A7C0DB54141A6B8D7777DB0A03A17CBF95666D98422F937B,IMPHASH=57F0C47AE2A1A2C06C8B987372AB0B07"",""parentProcessGuid"":""{df9fc3d3-1a8d-5ec9-0000-001047510b00}"",""parentProcessId"":""6312"",""parentImage"":""C:\\\\Users\\\\John Williams\\\\Downloads\\\\sQCMgCG.exe"",""parentCommandLine"":""\\\""C:\\\\Users\\\\John Williams\\\\Downloads\\\\sQCMgCG.exe\\\""""}}}"
"May 23, 2020 @ 12:46:03.376",8,"ATT&CK T1489: Stop Windows Service","""Process Create:
RuleName: 
UtcTime: 2020-05-23 12:46:01.627
ProcessGuid: {df9fc3d3-1b09-5ec9-0000-001046522100}
ProcessId: 3920
Image: C:\Windows\System32\net.exe
FileVersion: 10.0.18362.1 (WinBuild.160101.0800)
Description: Net Command
Product: Microsoft® Windows® Operating System
Company: Microsoft Corporation
OriginalFileName: net.exe
CommandLine: ""C:\Windows\System32\net.exe"" stop ""audioendpointbuilder"" /y
CurrentDirectory: C:\Windows\system32\
User: DESKTOP-HUE026H\John Williams
LogonGuid: {df9fc3d3-1a6b-5ec9-0000-0020723c0300}
LogonId: 0x33C72
TerminalSessionId: 1
IntegrityLevel: Medium
Hashes: MD5=A63DF9A6E9098CC189F2A3EFC37600F6,SHA256=96CDFD7B263947A6A7C0DB54141A6B8D7777DB0A03A17CBF95666D98422F937B,IMPHASH=57F0C47AE2A1A2C06C8B987372AB0B07
ParentProcessGuid: {df9fc3d3-1a8d-5ec9-0000-001047510b00}
ParentProcessId: 6312
ParentImage: C:\Users\John Williams\Downloads\sQCMgCG.exe
ParentCommandLine: ""C:\Users\John Williams\Downloads\sQCMgCG.exe"" ""","\""C:\\Windows\\System32\\net.exe\"" stop \""audioendpointbuilder\"" /y","{""win"":{""system"":{""providerName"":""Microsoft-Windows-Sysmon"",""providerGuid"":""{5770385f-c22a-43e0-bf4c-06f5698ffbd9}"",""eventID"":""1"",""version"":""5"",""level"":""4"",""task"":""1"",""opcode"":""0"",""keywords"":""0x8000000000000000"",""systemTime"":""2020-05-23T12:46:01.635623200Z"",""eventRecordID"":""1714"",""processID"":""2100"",""threadID"":""3216"",""channel"":""Microsoft-Windows-Sysmon/Operational"",""computer"":""DESKTOP-HUE026H"",""severityValue"":""INFORMATION"",""message"":""\""Process Create:\r\nRuleName: \r\nUtcTime: 2020-05-23 12:46:01.627\r\nProcessGuid: {df9fc3d3-1b09-5ec9-0000-001046522100}\r\nProcessId: 3920\r\nImage: C:\\Windows\\System32\\net.exe\r\nFileVersion: 10.0.18362.1 (WinBuild.160101.0800)\r\nDescription: Net Command\r\nProduct: Microsoft® Windows® Operating System\r\nCompany: Microsoft Corporation\r\nOriginalFileName: net.exe\r\nCommandLine: \""C:\\Windows\\System32\\net.exe\"" stop \""audioendpointbuilder\"" /y\r\nCurrentDirectory: C:\\Windows\\system32\\\r\nUser: DESKTOP-HUE026H\\John Williams\r\nLogonGuid: {df9fc3d3-1a6b-5ec9-0000-0020723c0300}\r\nLogonId: 0x33C72\r\nTerminalSessionId: 1\r\nIntegrityLevel: Medium\r\nHashes: MD5=A63DF9A6E9098CC189F2A3EFC37600F6,SHA256=96CDFD7B263947A6A7C0DB54141A6B8D7777DB0A03A17CBF95666D98422F937B,IMPHASH=57F0C47AE2A1A2C06C8B987372AB0B07\r\nParentProcessGuid: {df9fc3d3-1a8d-5ec9-0000-001047510b00}\r\nParentProcessId: 6312\r\nParentImage: C:\\Users\\John Williams\\Downloads\\sQCMgCG.exe\r\nParentCommandLine: \""C:\\Users\\John Williams\\Downloads\\sQCMgCG.exe\"" \""""},""eventdata"":{""utcTime"":""2020-05-23 12:46:01.627"",""processGuid"":""{df9fc3d3-1b09-5ec9-0000-001046522100}"",""processId"":""3920"",""image"":""C:\\\\Windows\\\\System32\\\\net.exe"",""fileVersion"":""10.0.18362.1 (WinBuild.160101.0800)"",""description"":""Net Command"",""product"":""Microsoft® Windows® Operating System"",""company"":""Microsoft Corporation"",""originalFileName"":""net.exe"",""commandLine"":""\\\""C:\\\\Windows\\\\System32\\\\net.exe\\\"" stop \\\""audioendpointbuilder\\\"" /y"",""currentDirectory"":""C:\\\\Windows\\\\system32\\\\"",""user"":""DESKTOP-HUE026H\\\\John Williams"",""logonGuid"":""{df9fc3d3-1a6b-5ec9-0000-0020723c0300}"",""logonId"":""0x33c72"",""terminalSessionId"":""1"",""integrityLevel"":""Medium"",""hashes"":""MD5=A63DF9A6E9098CC189F2A3EFC37600F6,SHA256=96CDFD7B263947A6A7C0DB54141A6B8D7777DB0A03A17CBF95666D98422F937B,IMPHASH=57F0C47AE2A1A2C06C8B987372AB0B07"",""parentProcessGuid"":""{df9fc3d3-1a8d-5ec9-0000-001047510b00}"",""parentProcessId"":""6312"",""parentImage"":""C:\\\\Users\\\\John Williams\\\\Downloads\\\\sQCMgCG.exe"",""parentCommandLine"":""\\\""C:\\\\Users\\\\John Williams\\\\Downloads\\\\sQCMgCG.exe\\\""""}}}"
"May 23, 2020 @ 12:45:50.715",8,"ATT&CK T1489: Stop Windows Service","""Process Create:
RuleName: 
UtcTime: 2020-05-23 12:45:49.375
ProcessGuid: {df9fc3d3-1afd-5ec9-0000-00106f1a1f00}
ProcessId: 191128
Image: C:\Windows\System32\net1.exe
FileVersion: 10.0.18362.1 (WinBuild.160101.0800)
Description: Net Command
Product: Microsoft® Windows® Operating System
Company: Microsoft Corporation
OriginalFileName: net1.exe
CommandLine: C:\Windows\system32\net1 stop ""samss"" /y
CurrentDirectory: C:\Windows\system32\
User: DESKTOP-HUE026H\John Williams
LogonGuid: {df9fc3d3-1a6b-5ec9-0000-0020723c0300}
LogonId: 0x33C72
TerminalSessionId: 1
IntegrityLevel: Medium
Hashes: MD5=0F641F87A791AE07C00A725BBBD77724,SHA256=286E7F127B06386BD1CC9664851848F483A867F0F604AA352893151068715FAA,IMPHASH=41DBA1AF77E1A2260F0CE46D59ADCB5E
ParentProcessGuid: {df9fc3d3-1afd-5ec9-0000-0010d00f1f00}
ParentProcessId: 211964
ParentImage: C:\Windows\System32\net.exe
ParentCommandLine: ""C:\Windows\System32\net.exe"" stop ""samss"" /y""","C:\\Windows\\system32\\net1 stop \""samss\"" /y","{""win"":{""system"":{""providerName"":""Microsoft-Windows-Sysmon"",""providerGuid"":""{5770385f-c22a-43e0-bf4c-06f5698ffbd9}"",""eventID"":""1"",""version"":""5"",""level"":""4"",""task"":""1"",""opcode"":""0"",""keywords"":""0x8000000000000000"",""systemTime"":""2020-05-23T12:45:49.399400300Z"",""eventRecordID"":""1713"",""processID"":""2100"",""threadID"":""3216"",""channel"":""Microsoft-Windows-Sysmon/Operational"",""computer"":""DESKTOP-HUE026H"",""severityValue"":""INFORMATION"",""message"":""\""Process Create:\r\nRuleName: \r\nUtcTime: 2020-05-23 12:45:49.375\r\nProcessGuid: {df9fc3d3-1afd-5ec9-0000-00106f1a1f00}\r\nProcessId: 191128\r\nImage: C:\\Windows\\System32\\net1.exe\r\nFileVersion: 10.0.18362.1 (WinBuild.160101.0800)\r\nDescription: Net Command\r\nProduct: Microsoft® Windows® Operating System\r\nCompany: Microsoft Corporation\r\nOriginalFileName: net1.exe\r\nCommandLine: C:\\Windows\\system32\\net1 stop \""samss\"" /y\r\nCurrentDirectory: C:\\Windows\\system32\\\r\nUser: DESKTOP-HUE026H\\John Williams\r\nLogonGuid: {df9fc3d3-1a6b-5ec9-0000-0020723c0300}\r\nLogonId: 0x33C72\r\nTerminalSessionId: 1\r\nIntegrityLevel: Medium\r\nHashes: MD5=0F641F87A791AE07C00A725BBBD77724,SHA256=286E7F127B06386BD1CC9664851848F483A867F0F604AA352893151068715FAA,IMPHASH=41DBA1AF77E1A2260F0CE46D59ADCB5E\r\nParentProcessGuid: {df9fc3d3-1afd-5ec9-0000-0010d00f1f00}\r\nParentProcessId: 211964\r\nParentImage: C:\\Windows\\System32\\net.exe\r\nParentCommandLine: \""C:\\Windows\\System32\\net.exe\"" stop \""samss\"" /y\""""},""eventdata"":{""utcTime"":""2020-05-23 12:45:49.375"",""processGuid"":""{df9fc3d3-1afd-5ec9-0000-00106f1a1f00}"",""processId"":""191128"",""image"":""C:\\\\Windows\\\\System32\\\\net1.exe"",""fileVersion"":""10.0.18362.1 (WinBuild.160101.0800)"",""description"":""Net Command"",""product"":""Microsoft® Windows® Operating System"",""company"":""Microsoft Corporation"",""originalFileName"":""net1.exe"",""commandLine"":""C:\\\\Windows\\\\system32\\\\net1 stop \\\""samss\\\"" /y"",""currentDirectory"":""C:\\\\Windows\\\\system32\\\\"",""user"":""DESKTOP-HUE026H\\\\John Williams"",""logonGuid"":""{df9fc3d3-1a6b-5ec9-0000-0020723c0300}"",""logonId"":""0x33c72"",""terminalSessionId"":""1"",""integrityLevel"":""Medium"",""hashes"":""MD5=0F641F87A791AE07C00A725BBBD77724,SHA256=286E7F127B06386BD1CC9664851848F483A867F0F604AA352893151068715FAA,IMPHASH=41DBA1AF77E1A2260F0CE46D59ADCB5E"",""parentProcessGuid"":""{df9fc3d3-1afd-5ec9-0000-0010d00f1f00}"",""parentProcessId"":""211964"",""parentImage"":""C:\\\\Windows\\\\System32\\\\net.exe"",""parentCommandLine"":""\\\""C:\\\\Windows\\\\System32\\\\net.exe\\\"" stop \\\""samss\\\"" /y""}}}"
"May 23, 2020 @ 12:45:50.700",8,"ATT&CK T1489: Stop Windows Service","""Process Create:
RuleName: 
UtcTime: 2020-05-23 12:45:49.176
ProcessGuid: {df9fc3d3-1afd-5ec9-0000-0010d00f1f00}
ProcessId: 211964
Image: C:\Windows\System32\net.exe
FileVersion: 10.0.18362.1 (WinBuild.160101.0800)
Description: Net Command
Product: Microsoft® Windows® Operating System
Company: Microsoft Corporation
OriginalFileName: net.exe
CommandLine: ""C:\Windows\System32\net.exe"" stop ""samss"" /y
CurrentDirectory: C:\Windows\system32\
User: DESKTOP-HUE026H\John Williams
LogonGuid: {df9fc3d3-1a6b-5ec9-0000-0020723c0300}
LogonId: 0x33C72
TerminalSessionId: 1
IntegrityLevel: Medium
Hashes: MD5=A63DF9A6E9098CC189F2A3EFC37600F6,SHA256=96CDFD7B263947A6A7C0DB54141A6B8D7777DB0A03A17CBF95666D98422F937B,IMPHASH=57F0C47AE2A1A2C06C8B987372AB0B07
ParentProcessGuid: {df9fc3d3-1a8d-5ec9-0000-0010fd610b00}
ParentProcessId: 6352
ParentImage: C:\Users\John Williams\Downloads\cUIyKIO.exe
ParentCommandLine: ""C:\Users\John Williams\Downloads\cUIyKIO.exe"" 8 LAN""","\""C:\\Windows\\System32\\net.exe\"" stop \""samss\"" /y","{""win"":{""system"":{""providerName"":""Microsoft-Windows-Sysmon"",""providerGuid"":""{5770385f-c22a-43e0-bf4c-06f5698ffbd9}"",""eventID"":""1"",""version"":""5"",""level"":""4"",""task"":""1"",""opcode"":""0"",""keywords"":""0x8000000000000000"",""systemTime"":""2020-05-23T12:45:49.183538700Z"",""eventRecordID"":""1712"",""processID"":""2100"",""threadID"":""3216"",""channel"":""Microsoft-Windows-Sysmon/Operational"",""computer"":""DESKTOP-HUE026H"",""severityValue"":""INFORMATION"",""message"":""\""Process Create:\r\nRuleName: \r\nUtcTime: 2020-05-23 12:45:49.176\r\nProcessGuid: {df9fc3d3-1afd-5ec9-0000-0010d00f1f00}\r\nProcessId: 211964\r\nImage: C:\\Windows\\System32\\net.exe\r\nFileVersion: 10.0.18362.1 (WinBuild.160101.0800)\r\nDescription: Net Command\r\nProduct: Microsoft® Windows® Operating System\r\nCompany: Microsoft Corporation\r\nOriginalFileName: net.exe\r\nCommandLine: \""C:\\Windows\\System32\\net.exe\"" stop \""samss\"" /y\r\nCurrentDirectory: C:\\Windows\\system32\\\r\nUser: DESKTOP-HUE026H\\John Williams\r\nLogonGuid: {df9fc3d3-1a6b-5ec9-0000-0020723c0300}\r\nLogonId: 0x33C72\r\nTerminalSessionId: 1\r\nIntegrityLevel: Medium\r\nHashes: MD5=A63DF9A6E9098CC189F2A3EFC37600F6,SHA256=96CDFD7B263947A6A7C0DB54141A6B8D7777DB0A03A17CBF95666D98422F937B,IMPHASH=57F0C47AE2A1A2C06C8B987372AB0B07\r\nParentProcessGuid: {df9fc3d3-1a8d-5ec9-0000-0010fd610b00}\r\nParentProcessId: 6352\r\nParentImage: C:\\Users\\John Williams\\Downloads\\cUIyKIO.exe\r\nParentCommandLine: \""C:\\Users\\John Williams\\Downloads\\cUIyKIO.exe\"" 8 LAN\""""},""eventdata"":{""utcTime"":""2020-05-23 12:45:49.176"",""processGuid"":""{df9fc3d3-1afd-5ec9-0000-0010d00f1f00}"",""processId"":""211964"",""image"":""C:\\\\Windows\\\\System32\\\\net.exe"",""fileVersion"":""10.0.18362.1 (WinBuild.160101.0800)"",""description"":""Net Command"",""product"":""Microsoft® Windows® Operating System"",""company"":""Microsoft Corporation"",""originalFileName"":""net.exe"",""commandLine"":""\\\""C:\\\\Windows\\\\System32\\\\net.exe\\\"" stop \\\""samss\\\"" /y"",""currentDirectory"":""C:\\\\Windows\\\\system32\\\\"",""user"":""DESKTOP-HUE026H\\\\John Williams"",""logonGuid"":""{df9fc3d3-1a6b-5ec9-0000-0020723c0300}"",""logonId"":""0x33c72"",""terminalSessionId"":""1"",""integrityLevel"":""Medium"",""hashes"":""MD5=A63DF9A6E9098CC189F2A3EFC37600F6,SHA256=96CDFD7B263947A6A7C0DB54141A6B8D7777DB0A03A17CBF95666D98422F937B,IMPHASH=57F0C47AE2A1A2C06C8B987372AB0B07"",""parentProcessGuid"":""{df9fc3d3-1a8d-5ec9-0000-0010fd610b00}"",""parentProcessId"":""6352"",""parentImage"":""C:\\\\Users\\\\John Williams\\\\Downloads\\\\cUIyKIO.exe"",""parentCommandLine"":""\\\""C:\\\\Users\\\\John Williams\\\\Downloads\\\\cUIyKIO.exe\\\"" 8 LAN""}}}"
"May 23, 2020 @ 12:45:50.685",8,"ATT&CK T1489: Stop Windows Service","""Process Create:
RuleName: 
UtcTime: 2020-05-23 12:45:49.114
ProcessGuid: {df9fc3d3-1afd-5ec9-0000-0010ce0b1f00}
ProcessId: 211940
Image: C:\Windows\System32\net1.exe
FileVersion: 10.0.18362.1 (WinBuild.160101.0800)
Description: Net Command
Product: Microsoft® Windows® Operating System
Company: Microsoft Corporation
OriginalFileName: net1.exe
CommandLine: C:\Windows\system32\net1 stop ""audioendpointbuilder"" /y
CurrentDirectory: C:\Windows\system32\
User: DESKTOP-HUE026H\John Williams
LogonGuid: {df9fc3d3-1a6b-5ec9-0000-0020723c0300}
LogonId: 0x33C72
TerminalSessionId: 1
IntegrityLevel: Medium
Hashes: MD5=0F641F87A791AE07C00A725BBBD77724,SHA256=286E7F127B06386BD1CC9664851848F483A867F0F604AA352893151068715FAA,IMPHASH=41DBA1AF77E1A2260F0CE46D59ADCB5E
ParentProcessGuid: {df9fc3d3-1afc-5ec9-0000-001029031f00}
ParentProcessId: 211896
ParentImage: C:\Windows\System32\net.exe
ParentCommandLine: ""C:\Windows\System32\net.exe"" stop ""audioendpointbuilder"" /y""","C:\\Windows\\system32\\net1 stop \""audioendpointbuilder\"" /y","{""win"":{""system"":{""providerName"":""Microsoft-Windows-Sysmon"",""providerGuid"":""{5770385f-c22a-43e0-bf4c-06f5698ffbd9}"",""eventID"":""1"",""version"":""5"",""level"":""4"",""task"":""1"",""opcode"":""0"",""keywords"":""0x8000000000000000"",""systemTime"":""2020-05-23T12:45:49.119469400Z"",""eventRecordID"":""1711"",""processID"":""2100"",""threadID"":""3216"",""channel"":""Microsoft-Windows-Sysmon/Operational"",""computer"":""DESKTOP-HUE026H"",""severityValue"":""INFORMATION"",""message"":""\""Process Create:\r\nRuleName: \r\nUtcTime: 2020-05-23 12:45:49.114\r\nProcessGuid: {df9fc3d3-1afd-5ec9-0000-0010ce0b1f00}\r\nProcessId: 211940\r\nImage: C:\\Windows\\System32\\net1.exe\r\nFileVersion: 10.0.18362.1 (WinBuild.160101.0800)\r\nDescription: Net Command\r\nProduct: Microsoft® Windows® Operating System\r\nCompany: Microsoft Corporation\r\nOriginalFileName: net1.exe\r\nCommandLine: C:\\Windows\\system32\\net1 stop \""audioendpointbuilder\"" /y\r\nCurrentDirectory: C:\\Windows\\system32\\\r\nUser: DESKTOP-HUE026H\\John Williams\r\nLogonGuid: {df9fc3d3-1a6b-5ec9-0000-0020723c0300}\r\nLogonId: 0x33C72\r\nTerminalSessionId: 1\r\nIntegrityLevel: Medium\r\nHashes: MD5=0F641F87A791AE07C00A725BBBD77724,SHA256=286E7F127B06386BD1CC9664851848F483A867F0F604AA352893151068715FAA,IMPHASH=41DBA1AF77E1A2260F0CE46D59ADCB5E\r\nParentProcessGuid: {df9fc3d3-1afc-5ec9-0000-001029031f00}\r\nParentProcessId: 211896\r\nParentImage: C:\\Windows\\System32\\net.exe\r\nParentCommandLine: \""C:\\Windows\\System32\\net.exe\"" stop \""audioendpointbuilder\"" /y\""""},""eventdata"":{""utcTime"":""2020-05-23 12:45:49.114"",""processGuid"":""{df9fc3d3-1afd-5ec9-0000-0010ce0b1f00}"",""processId"":""211940"",""image"":""C:\\\\Windows\\\\System32\\\\net1.exe"",""fileVersion"":""10.0.18362.1 (WinBuild.160101.0800)"",""description"":""Net Command"",""product"":""Microsoft® Windows® Operating System"",""company"":""Microsoft Corporation"",""originalFileName"":""net1.exe"",""commandLine"":""C:\\\\Windows\\\\system32\\\\net1 stop \\\""audioendpointbuilder\\\"" /y"",""currentDirectory"":""C:\\\\Windows\\\\system32\\\\"",""user"":""DESKTOP-HUE026H\\\\John Williams"",""logonGuid"":""{df9fc3d3-1a6b-5ec9-0000-0020723c0300}"",""logonId"":""0x33c72"",""terminalSessionId"":""1"",""integrityLevel"":""Medium"",""hashes"":""MD5=0F641F87A791AE07C00A725BBBD77724,SHA256=286E7F127B06386BD1CC9664851848F483A867F0F604AA352893151068715FAA,IMPHASH=41DBA1AF77E1A2260F0CE46D59ADCB5E"",""parentProcessGuid"":""{df9fc3d3-1afc-5ec9-0000-001029031f00}"",""parentProcessId"":""211896"",""parentImage"":""C:\\\\Windows\\\\System32\\\\net.exe"",""parentCommandLine"":""\\\""C:\\\\Windows\\\\System32\\\\net.exe\\\"" stop \\\""audioendpointbuilder\\\"" /y""}}}"
"May 23, 2020 @ 12:45:50.658",8,"ATT&CK T1489: Stop Windows Service","""Process Create:
RuleName: 
UtcTime: 2020-05-23 12:45:48.948
ProcessGuid: {df9fc3d3-1afc-5ec9-0000-001029031f00}
ProcessId: 211896
Image: C:\Windows\System32\net.exe
FileVersion: 10.0.18362.1 (WinBuild.160101.0800)
Description: Net Command
Product: Microsoft® Windows® Operating System
Company: Microsoft Corporation
OriginalFileName: net.exe
CommandLine: ""C:\Windows\System32\net.exe"" stop ""audioendpointbuilder"" /y
CurrentDirectory: C:\Windows\system32\
User: DESKTOP-HUE026H\John Williams
LogonGuid: {df9fc3d3-1a6b-5ec9-0000-0020723c0300}
LogonId: 0x33C72
TerminalSessionId: 1
IntegrityLevel: Medium
Hashes: MD5=A63DF9A6E9098CC189F2A3EFC37600F6,SHA256=96CDFD7B263947A6A7C0DB54141A6B8D7777DB0A03A17CBF95666D98422F937B,IMPHASH=57F0C47AE2A1A2C06C8B987372AB0B07
ParentProcessGuid: {df9fc3d3-1a8d-5ec9-0000-0010fd610b00}
ParentProcessId: 6352
ParentImage: C:\Users\John Williams\Downloads\cUIyKIO.exe
ParentCommandLine: ""C:\Users\John Williams\Downloads\cUIyKIO.exe"" 8 LAN""","\""C:\\Windows\\System32\\net.exe\"" stop \""audioendpointbuilder\"" /y","{""win"":{""system"":{""providerName"":""Microsoft-Windows-Sysmon"",""providerGuid"":""{5770385f-c22a-43e0-bf4c-06f5698ffbd9}"",""eventID"":""1"",""version"":""5"",""level"":""4"",""task"":""1"",""opcode"":""0"",""keywords"":""0x8000000000000000"",""systemTime"":""2020-05-23T12:45:48.964626100Z"",""eventRecordID"":""1710"",""processID"":""2100"",""threadID"":""3216"",""channel"":""Microsoft-Windows-Sysmon/Operational"",""computer"":""DESKTOP-HUE026H"",""severityValue"":""INFORMATION"",""message"":""\""Process Create:\r\nRuleName: \r\nUtcTime: 2020-05-23 12:45:48.948\r\nProcessGuid: {df9fc3d3-1afc-5ec9-0000-001029031f00}\r\nProcessId: 211896\r\nImage: C:\\Windows\\System32\\net.exe\r\nFileVersion: 10.0.18362.1 (WinBuild.160101.0800)\r\nDescription: Net Command\r\nProduct: Microsoft® Windows® Operating System\r\nCompany: Microsoft Corporation\r\nOriginalFileName: net.exe\r\nCommandLine: \""C:\\Windows\\System32\\net.exe\"" stop \""audioendpointbuilder\"" /y\r\nCurrentDirectory: C:\\Windows\\system32\\\r\nUser: DESKTOP-HUE026H\\John Williams\r\nLogonGuid: {df9fc3d3-1a6b-5ec9-0000-0020723c0300}\r\nLogonId: 0x33C72\r\nTerminalSessionId: 1\r\nIntegrityLevel: Medium\r\nHashes: MD5=A63DF9A6E9098CC189F2A3EFC37600F6,SHA256=96CDFD7B263947A6A7C0DB54141A6B8D7777DB0A03A17CBF95666D98422F937B,IMPHASH=57F0C47AE2A1A2C06C8B987372AB0B07\r\nParentProcessGuid: {df9fc3d3-1a8d-5ec9-0000-0010fd610b00}\r\nParentProcessId: 6352\r\nParentImage: C:\\Users\\John Williams\\Downloads\\cUIyKIO.exe\r\nParentCommandLine: \""C:\\Users\\John Williams\\Downloads\\cUIyKIO.exe\"" 8 LAN\""""},""eventdata"":{""utcTime"":""2020-05-23 12:45:48.948"",""processGuid"":""{df9fc3d3-1afc-5ec9-0000-001029031f00}"",""processId"":""211896"",""image"":""C:\\\\Windows\\\\System32\\\\net.exe"",""fileVersion"":""10.0.18362.1 (WinBuild.160101.0800)"",""description"":""Net Command"",""product"":""Microsoft® Windows® Operating System"",""company"":""Microsoft Corporation"",""originalFileName"":""net.exe"",""commandLine"":""\\\""C:\\\\Windows\\\\System32\\\\net.exe\\\"" stop \\\""audioendpointbuilder\\\"" /y"",""currentDirectory"":""C:\\\\Windows\\\\system32\\\\"",""user"":""DESKTOP-HUE026H\\\\John Williams"",""logonGuid"":""{df9fc3d3-1a6b-5ec9-0000-0020723c0300}"",""logonId"":""0x33c72"",""terminalSessionId"":""1"",""integrityLevel"":""Medium"",""hashes"":""MD5=A63DF9A6E9098CC189F2A3EFC37600F6,SHA256=96CDFD7B263947A6A7C0DB54141A6B8D7777DB0A03A17CBF95666D98422F937B,IMPHASH=57F0C47AE2A1A2C06C8B987372AB0B07"",""parentProcessGuid"":""{df9fc3d3-1a8d-5ec9-0000-0010fd610b00}"",""parentProcessId"":""6352"",""parentImage"":""C:\\\\Users\\\\John Williams\\\\Downloads\\\\cUIyKIO.exe"",""parentCommandLine"":""\\\""C:\\\\Users\\\\John Williams\\\\Downloads\\\\cUIyKIO.exe\\\"" 8 LAN""}}}"
"May 23, 2020 @ 12:45:41.028",8,"ATT&CK T1489: Stop Windows Service","""Process Create:
RuleName: 
UtcTime: 2020-05-23 12:45:39.609
ProcessGuid: {df9fc3d3-1af3-5ec9-0000-0010802d1d00}
ProcessId: 207800
Image: C:\Windows\System32\net1.exe
FileVersion: 10.0.18362.1 (WinBuild.160101.0800)
Description: Net Command
Product: Microsoft® Windows® Operating System
Company: Microsoft Corporation
OriginalFileName: net1.exe
CommandLine: C:\Windows\system32\net1 stop ""samss"" /y
CurrentDirectory: C:\Windows\system32\
User: DESKTOP-HUE026H\John Williams
LogonGuid: {df9fc3d3-1a6b-5ec9-0000-0020723c0300}
LogonId: 0x33C72
TerminalSessionId: 1
IntegrityLevel: Medium
Hashes: MD5=0F641F87A791AE07C00A725BBBD77724,SHA256=286E7F127B06386BD1CC9664851848F483A867F0F604AA352893151068715FAA,IMPHASH=41DBA1AF77E1A2260F0CE46D59ADCB5E
ParentProcessGuid: {df9fc3d3-1af3-5ec9-0000-0010bd261d00}
ParentProcessId: 207656
ParentImage: C:\Windows\System32\net.exe
ParentCommandLine: ""C:\Windows\System32\net.exe"" stop ""samss"" /y""","C:\\Windows\\system32\\net1 stop \""samss\"" /y","{""win"":{""system"":{""providerName"":""Microsoft-Windows-Sysmon"",""providerGuid"":""{5770385f-c22a-43e0-bf4c-06f5698ffbd9}"",""eventID"":""1"",""version"":""5"",""level"":""4"",""task"":""1"",""opcode"":""0"",""keywords"":""0x8000000000000000"",""systemTime"":""2020-05-23T12:45:39.619371400Z"",""eventRecordID"":""1709"",""processID"":""2100"",""threadID"":""3216"",""channel"":""Microsoft-Windows-Sysmon/Operational"",""computer"":""DESKTOP-HUE026H"",""severityValue"":""INFORMATION"",""message"":""\""Process Create:\r\nRuleName: \r\nUtcTime: 2020-05-23 12:45:39.609\r\nProcessGuid: {df9fc3d3-1af3-5ec9-0000-0010802d1d00}\r\nProcessId: 207800\r\nImage: C:\\Windows\\System32\\net1.exe\r\nFileVersion: 10.0.18362.1 (WinBuild.160101.0800)\r\nDescription: Net Command\r\nProduct: Microsoft® Windows® Operating System\r\nCompany: Microsoft Corporation\r\nOriginalFileName: net1.exe\r\nCommandLine: C:\\Windows\\system32\\net1 stop \""samss\"" /y\r\nCurrentDirectory: C:\\Windows\\system32\\\r\nUser: DESKTOP-HUE026H\\John Williams\r\nLogonGuid: {df9fc3d3-1a6b-5ec9-0000-0020723c0300}\r\nLogonId: 0x33C72\r\nTerminalSessionId: 1\r\nIntegrityLevel: Medium\r\nHashes: MD5=0F641F87A791AE07C00A725BBBD77724,SHA256=286E7F127B06386BD1CC9664851848F483A867F0F604AA352893151068715FAA,IMPHASH=41DBA1AF77E1A2260F0CE46D59ADCB5E\r\nParentProcessGuid: {df9fc3d3-1af3-5ec9-0000-0010bd261d00}\r\nParentProcessId: 207656\r\nParentImage: C:\\Windows\\System32\\net.exe\r\nParentCommandLine: \""C:\\Windows\\System32\\net.exe\"" stop \""samss\"" /y\""""},""eventdata"":{""utcTime"":""2020-05-23 12:45:39.609"",""processGuid"":""{df9fc3d3-1af3-5ec9-0000-0010802d1d00}"",""processId"":""207800"",""image"":""C:\\\\Windows\\\\System32\\\\net1.exe"",""fileVersion"":""10.0.18362.1 (WinBuild.160101.0800)"",""description"":""Net Command"",""product"":""Microsoft® Windows® Operating System"",""company"":""Microsoft Corporation"",""originalFileName"":""net1.exe"",""commandLine"":""C:\\\\Windows\\\\system32\\\\net1 stop \\\""samss\\\"" /y"",""currentDirectory"":""C:\\\\Windows\\\\system32\\\\"",""user"":""DESKTOP-HUE026H\\\\John Williams"",""logonGuid"":""{df9fc3d3-1a6b-5ec9-0000-0020723c0300}"",""logonId"":""0x33c72"",""terminalSessionId"":""1"",""integrityLevel"":""Medium"",""hashes"":""MD5=0F641F87A791AE07C00A725BBBD77724,SHA256=286E7F127B06386BD1CC9664851848F483A867F0F604AA352893151068715FAA,IMPHASH=41DBA1AF77E1A2260F0CE46D59ADCB5E"",""parentProcessGuid"":""{df9fc3d3-1af3-5ec9-0000-0010bd261d00}"",""parentProcessId"":""207656"",""parentImage"":""C:\\\\Windows\\\\System32\\\\net.exe"",""parentCommandLine"":""\\\""C:\\\\Windows\\\\System32\\\\net.exe\\\"" stop \\\""samss\\\"" /y""}}}"
"May 23, 2020 @ 12:45:41.014",8,"ATT&CK T1489: Stop Windows Service","""Process Create:
RuleName: 
UtcTime: 2020-05-23 12:45:39.500
ProcessGuid: {df9fc3d3-1af3-5ec9-0000-0010bd261d00}
ProcessId: 207656
Image: C:\Windows\System32\net.exe
FileVersion: 10.0.18362.1 (WinBuild.160101.0800)
Description: Net Command
Product: Microsoft® Windows® Operating System
Company: Microsoft Corporation
OriginalFileName: net.exe
CommandLine: ""C:\Windows\System32\net.exe"" stop ""samss"" /y
CurrentDirectory: C:\Windows\system32\
User: DESKTOP-HUE026H\John Williams
LogonGuid: {df9fc3d3-1a6b-5ec9-0000-0020723c0300}
LogonId: 0x33C72
TerminalSessionId: 1
IntegrityLevel: Medium
Hashes: MD5=A63DF9A6E9098CC189F2A3EFC37600F6,SHA256=96CDFD7B263947A6A7C0DB54141A6B8D7777DB0A03A17CBF95666D98422F937B,IMPHASH=57F0C47AE2A1A2C06C8B987372AB0B07
ParentProcessGuid: {df9fc3d3-1a8d-5ec9-0000-001047510b00}
ParentProcessId: 6312
ParentImage: C:\Users\John Williams\Downloads\sQCMgCG.exe
ParentCommandLine: ""C:\Users\John Williams\Downloads\sQCMgCG.exe"" ""","\""C:\\Windows\\System32\\net.exe\"" stop \""samss\"" /y","{""win"":{""system"":{""providerName"":""Microsoft-Windows-Sysmon"",""providerGuid"":""{5770385f-c22a-43e0-bf4c-06f5698ffbd9}"",""eventID"":""1"",""version"":""5"",""level"":""4"",""task"":""1"",""opcode"":""0"",""keywords"":""0x8000000000000000"",""systemTime"":""2020-05-23T12:45:39.508668300Z"",""eventRecordID"":""1708"",""processID"":""2100"",""threadID"":""3216"",""channel"":""Microsoft-Windows-Sysmon/Operational"",""computer"":""DESKTOP-HUE026H"",""severityValue"":""INFORMATION"",""message"":""\""Process Create:\r\nRuleName: \r\nUtcTime: 2020-05-23 12:45:39.500\r\nProcessGuid: {df9fc3d3-1af3-5ec9-0000-0010bd261d00}\r\nProcessId: 207656\r\nImage: C:\\Windows\\System32\\net.exe\r\nFileVersion: 10.0.18362.1 (WinBuild.160101.0800)\r\nDescription: Net Command\r\nProduct: Microsoft® Windows® Operating System\r\nCompany: Microsoft Corporation\r\nOriginalFileName: net.exe\r\nCommandLine: \""C:\\Windows\\System32\\net.exe\"" stop \""samss\"" /y\r\nCurrentDirectory: C:\\Windows\\system32\\\r\nUser: DESKTOP-HUE026H\\John Williams\r\nLogonGuid: {df9fc3d3-1a6b-5ec9-0000-0020723c0300}\r\nLogonId: 0x33C72\r\nTerminalSessionId: 1\r\nIntegrityLevel: Medium\r\nHashes: MD5=A63DF9A6E9098CC189F2A3EFC37600F6,SHA256=96CDFD7B263947A6A7C0DB54141A6B8D7777DB0A03A17CBF95666D98422F937B,IMPHASH=57F0C47AE2A1A2C06C8B987372AB0B07\r\nParentProcessGuid: {df9fc3d3-1a8d-5ec9-0000-001047510b00}\r\nParentProcessId: 6312\r\nParentImage: C:\\Users\\John Williams\\Downloads\\sQCMgCG.exe\r\nParentCommandLine: \""C:\\Users\\John Williams\\Downloads\\sQCMgCG.exe\"" \""""},""eventdata"":{""utcTime"":""2020-05-23 12:45:39.500"",""processGuid"":""{df9fc3d3-1af3-5ec9-0000-0010bd261d00}"",""processId"":""207656"",""image"":""C:\\\\Windows\\\\System32\\\\net.exe"",""fileVersion"":""10.0.18362.1 (WinBuild.160101.0800)"",""description"":""Net Command"",""product"":""Microsoft® Windows® Operating System"",""company"":""Microsoft Corporation"",""originalFileName"":""net.exe"",""commandLine"":""\\\""C:\\\\Windows\\\\System32\\\\net.exe\\\"" stop \\\""samss\\\"" /y"",""currentDirectory"":""C:\\\\Windows\\\\system32\\\\"",""user"":""DESKTOP-HUE026H\\\\John Williams"",""logonGuid"":""{df9fc3d3-1a6b-5ec9-0000-0020723c0300}"",""logonId"":""0x33c72"",""terminalSessionId"":""1"",""integrityLevel"":""Medium"",""hashes"":""MD5=A63DF9A6E9098CC189F2A3EFC37600F6,SHA256=96CDFD7B263947A6A7C0DB54141A6B8D7777DB0A03A17CBF95666D98422F937B,IMPHASH=57F0C47AE2A1A2C06C8B987372AB0B07"",""parentProcessGuid"":""{df9fc3d3-1a8d-5ec9-0000-001047510b00}"",""parentProcessId"":""6312"",""parentImage"":""C:\\\\Users\\\\John Williams\\\\Downloads\\\\sQCMgCG.exe"",""parentCommandLine"":""\\\""C:\\\\Users\\\\John Williams\\\\Downloads\\\\sQCMgCG.exe\\\""""}}}"
