"May 23, 2020 @ 12:44:57.110",8,"ATT&CK T1489: Stop Windows Service","""Process Create:
RuleName: 
UtcTime: 2020-05-23 12:44:48.895
ProcessGuid: {df9fc3d3-1ac0-5ec9-0000-001085041300}
ProcessId: 81504
Image: C:\Windows\System32\net1.exe
FileVersion: 10.0.18362.1 (WinBuild.160101.0800)
Description: Net Command
Product: Microsoft® Windows® Operating System
Company: Microsoft Corporation
OriginalFileName: net1.exe
CommandLine: C:\Windows\system32\net1 stop ""audioendpointbuilder"" /y
CurrentDirectory: C:\Windows\system32\
User: DESKTOP-HUE026H\John Williams
LogonGuid: {df9fc3d3-1a6b-5ec9-0000-0020723c0300}
LogonId: 0x33C72
TerminalSessionId: 1
IntegrityLevel: Medium
Hashes: MD5=0F641F87A791AE07C00A725BBBD77724,SHA256=286E7F127B06386BD1CC9664851848F483A867F0F604AA352893151068715FAA,IMPHASH=41DBA1AF77E1A2260F0CE46D59ADCB5E
ParentProcessGuid: {df9fc3d3-1ac0-5ec9-0000-00104fff1200}
ParentProcessId: 80876
ParentImage: C:\Windows\System32\net.exe
ParentCommandLine: ""C:\Windows\System32\net.exe"" stop ""audioendpointbuilder"" /y""","C:\\Windows\\system32\\net1 stop \""audioendpointbuilder\"" /y","{""win"":{""system"":{""providerName"":""Microsoft-Windows-Sysmon"",""providerGuid"":""{5770385f-c22a-43e0-bf4c-06f5698ffbd9}"",""eventID"":""1"",""version"":""5"",""level"":""4"",""task"":""1"",""opcode"":""0"",""keywords"":""0x8000000000000000"",""systemTime"":""2020-05-23T12:44:48.906837900Z"",""eventRecordID"":""1686"",""processID"":""2100"",""threadID"":""3216"",""channel"":""Microsoft-Windows-Sysmon/Operational"",""computer"":""DESKTOP-HUE026H"",""severityValue"":""INFORMATION"",""message"":""\""Process Create:\r\nRuleName: \r\nUtcTime: 2020-05-23 12:44:48.895\r\nProcessGuid: {df9fc3d3-1ac0-5ec9-0000-001085041300}\r\nProcessId: 81504\r\nImage: C:\\Windows\\System32\\net1.exe\r\nFileVersion: 10.0.18362.1 (WinBuild.160101.0800)\r\nDescription: Net Command\r\nProduct: Microsoft® Windows® Operating System\r\nCompany: Microsoft Corporation\r\nOriginalFileName: net1.exe\r\nCommandLine: C:\\Windows\\system32\\net1 stop \""audioendpointbuilder\"" /y\r\nCurrentDirectory: C:\\Windows\\system32\\\r\nUser: DESKTOP-HUE026H\\John Williams\r\nLogonGuid: {df9fc3d3-1a6b-5ec9-0000-0020723c0300}\r\nLogonId: 0x33C72\r\nTerminalSessionId: 1\r\nIntegrityLevel: Medium\r\nHashes: MD5=0F641F87A791AE07C00A725BBBD77724,SHA256=286E7F127B06386BD1CC9664851848F483A867F0F604AA352893151068715FAA,IMPHASH=41DBA1AF77E1A2260F0CE46D59ADCB5E\r\nParentProcessGuid: {df9fc3d3-1ac0-5ec9-0000-00104fff1200}\r\nParentProcessId: 80876\r\nParentImage: C:\\Windows\\System32\\net.exe\r\nParentCommandLine: \""C:\\Windows\\System32\\net.exe\"" stop \""audioendpointbuilder\"" /y\""""},""eventdata"":{""utcTime"":""2020-05-23 12:44:48.895"",""processGuid"":""{df9fc3d3-1ac0-5ec9-0000-001085041300}"",""processId"":""81504"",""image"":""C:\\\\Windows\\\\System32\\\\net1.exe"",""fileVersion"":""10.0.18362.1 (WinBuild.160101.0800)"",""description"":""Net Command"",""product"":""Microsoft® Windows® Operating System"",""company"":""Microsoft Corporation"",""originalFileName"":""net1.exe"",""commandLine"":""C:\\\\Windows\\\\system32\\\\net1 stop \\\""audioendpointbuilder\\\"" /y"",""currentDirectory"":""C:\\\\Windows\\\\system32\\\\"",""user"":""DESKTOP-HUE026H\\\\John Williams"",""logonGuid"":""{df9fc3d3-1a6b-5ec9-0000-0020723c0300}"",""logonId"":""0x33c72"",""terminalSessionId"":""1"",""integrityLevel"":""Medium"",""hashes"":""MD5=0F641F87A791AE07C00A725BBBD77724,SHA256=286E7F127B06386BD1CC9664851848F483A867F0F604AA352893151068715FAA,IMPHASH=41DBA1AF77E1A2260F0CE46D59ADCB5E"",""parentProcessGuid"":""{df9fc3d3-1ac0-5ec9-0000-00104fff1200}"",""parentProcessId"":""80876"",""parentImage"":""C:\\\\Windows\\\\System32\\\\net.exe"",""parentCommandLine"":""\\\""C:\\\\Windows\\\\System32\\\\net.exe\\\"" stop \\\""audioendpointbuilder\\\"" /y""}}}"
"May 23, 2020 @ 12:44:57.006",8,"ATT&CK T1489: Stop Windows Service","""Process Create:
RuleName: 
UtcTime: 2020-05-23 12:44:48.745
ProcessGuid: {df9fc3d3-1ac0-5ec9-0000-00104fff1200}
ProcessId: 80876
Image: C:\Windows\System32\net.exe
FileVersion: 10.0.18362.1 (WinBuild.160101.0800)
Description: Net Command
Product: Microsoft® Windows® Operating System
Company: Microsoft Corporation
OriginalFileName: net.exe
CommandLine: ""C:\Windows\System32\net.exe"" stop ""audioendpointbuilder"" /y
CurrentDirectory: C:\Windows\system32\
User: DESKTOP-HUE026H\John Williams
LogonGuid: {df9fc3d3-1a6b-5ec9-0000-0020723c0300}
LogonId: 0x33C72
TerminalSessionId: 1
IntegrityLevel: Medium
Hashes: MD5=A63DF9A6E9098CC189F2A3EFC37600F6,SHA256=96CDFD7B263947A6A7C0DB54141A6B8D7777DB0A03A17CBF95666D98422F937B,IMPHASH=57F0C47AE2A1A2C06C8B987372AB0B07
ParentProcessGuid: {df9fc3d3-1a8d-5ec9-0000-001047510b00}
ParentProcessId: 6312
ParentImage: C:\Users\John Williams\Downloads\sQCMgCG.exe
ParentCommandLine: ""C:\Users\John Williams\Downloads\sQCMgCG.exe"" ""","\""C:\\Windows\\System32\\net.exe\"" stop \""audioendpointbuilder\"" /y","{""win"":{""system"":{""providerName"":""Microsoft-Windows-Sysmon"",""providerGuid"":""{5770385f-c22a-43e0-bf4c-06f5698ffbd9}"",""eventID"":""1"",""version"":""5"",""level"":""4"",""task"":""1"",""opcode"":""0"",""keywords"":""0x8000000000000000"",""systemTime"":""2020-05-23T12:44:48.755785000Z"",""eventRecordID"":""1685"",""processID"":""2100"",""threadID"":""3216"",""channel"":""Microsoft-Windows-Sysmon/Operational"",""computer"":""DESKTOP-HUE026H"",""severityValue"":""INFORMATION"",""message"":""\""Process Create:\r\nRuleName: \r\nUtcTime: 2020-05-23 12:44:48.745\r\nProcessGuid: {df9fc3d3-1ac0-5ec9-0000-00104fff1200}\r\nProcessId: 80876\r\nImage: C:\\Windows\\System32\\net.exe\r\nFileVersion: 10.0.18362.1 (WinBuild.160101.0800)\r\nDescription: Net Command\r\nProduct: Microsoft® Windows® Operating System\r\nCompany: Microsoft Corporation\r\nOriginalFileName: net.exe\r\nCommandLine: \""C:\\Windows\\System32\\net.exe\"" stop \""audioendpointbuilder\"" /y\r\nCurrentDirectory: C:\\Windows\\system32\\\r\nUser: DESKTOP-HUE026H\\John Williams\r\nLogonGuid: {df9fc3d3-1a6b-5ec9-0000-0020723c0300}\r\nLogonId: 0x33C72\r\nTerminalSessionId: 1\r\nIntegrityLevel: Medium\r\nHashes: MD5=A63DF9A6E9098CC189F2A3EFC37600F6,SHA256=96CDFD7B263947A6A7C0DB54141A6B8D7777DB0A03A17CBF95666D98422F937B,IMPHASH=57F0C47AE2A1A2C06C8B987372AB0B07\r\nParentProcessGuid: {df9fc3d3-1a8d-5ec9-0000-001047510b00}\r\nParentProcessId: 6312\r\nParentImage: C:\\Users\\John Williams\\Downloads\\sQCMgCG.exe\r\nParentCommandLine: \""C:\\Users\\John Williams\\Downloads\\sQCMgCG.exe\"" \""""},""eventdata"":{""utcTime"":""2020-05-23 12:44:48.745"",""processGuid"":""{df9fc3d3-1ac0-5ec9-0000-00104fff1200}"",""processId"":""80876"",""image"":""C:\\\\Windows\\\\System32\\\\net.exe"",""fileVersion"":""10.0.18362.1 (WinBuild.160101.0800)"",""description"":""Net Command"",""product"":""Microsoft® Windows® Operating System"",""company"":""Microsoft Corporation"",""originalFileName"":""net.exe"",""commandLine"":""\\\""C:\\\\Windows\\\\System32\\\\net.exe\\\"" stop \\\""audioendpointbuilder\\\"" /y"",""currentDirectory"":""C:\\\\Windows\\\\system32\\\\"",""user"":""DESKTOP-HUE026H\\\\John Williams"",""logonGuid"":""{df9fc3d3-1a6b-5ec9-0000-0020723c0300}"",""logonId"":""0x33c72"",""terminalSessionId"":""1"",""integrityLevel"":""Medium"",""hashes"":""MD5=A63DF9A6E9098CC189F2A3EFC37600F6,SHA256=96CDFD7B263947A6A7C0DB54141A6B8D7777DB0A03A17CBF95666D98422F937B,IMPHASH=57F0C47AE2A1A2C06C8B987372AB0B07"",""parentProcessGuid"":""{df9fc3d3-1a8d-5ec9-0000-001047510b00}"",""parentProcessId"":""6312"",""parentImage"":""C:\\\\Users\\\\John Williams\\\\Downloads\\\\sQCMgCG.exe"",""parentCommandLine"":""\\\""C:\\\\Users\\\\John Williams\\\\Downloads\\\\sQCMgCG.exe\\\""""}}}"
"May 23, 2020 @ 12:44:48.980",9,"Windows Application error event","""Faulting application name: backgroundTaskHost.exe, version: 10.0.18362.1, time stamp: 0x533f8404
Faulting module name: ntdll.dll, version: 10.0.18362.719, time stamp: 0x64d10ee0
Exception code: 0xc0000005
Fault offset: 0x000000000003b890
Faulting process id: 0xd5c
Faulting application start time: 0x01d630ffc6388e7b
Faulting application path: C:\Windows\system32\backgroundTaskHost.exe
Faulting module path: C:\Windows\SYSTEM32\ntdll.dll
Report Id: 9d3a6d35-86a4-4814-a612-6ad09cb2b406
Faulting package full name: Microsoft.Windows.Cortana_1.13.0.18362_neutral_neutral_cw5n1h2txyewy
Faulting package-relative application ID: CortanaUI""",,
"May 23, 2020 @ 12:44:44.102",10,"ATT&CK T1060: Autorun Keys Modification","""Registry value set:
RuleName: T1060,RunKey
EventType: SetValue
UtcTime: 2020-05-23 12:44:34.500
ProcessGuid: {df9fc3d3-1ab2-5ec9-0000-0010bae01000}
ProcessId: 34688
Image: C:\Windows\system32\reg.exe
TargetObject: HKU\S-1-5-21-438079597-2123118846-2669748851-1001\Software\Microsoft\Windows\CurrentVersion\Run\svchos
Details: C:\Users\John Williams\Downloads\cUIyKIO.exe""",,"{""win"":{""system"":{""providerName"":""Microsoft-Windows-Sysmon"",""providerGuid"":""{5770385f-c22a-43e0-bf4c-06f5698ffbd9}"",""eventID"":""13"",""version"":""2"",""level"":""4"",""task"":""13"",""opcode"":""0"",""keywords"":""0x8000000000000000"",""systemTime"":""2020-05-23T12:44:34.500880600Z"",""eventRecordID"":""1673"",""processID"":""2100"",""threadID"":""3216"",""channel"":""Microsoft-Windows-Sysmon/Operational"",""computer"":""DESKTOP-HUE026H"",""severityValue"":""INFORMATION"",""message"":""\""Registry value set:\r\nRuleName: T1060,RunKey\r\nEventType: SetValue\r\nUtcTime: 2020-05-23 12:44:34.500\r\nProcessGuid: {df9fc3d3-1ab2-5ec9-0000-0010bae01000}\r\nProcessId: 34688\r\nImage: C:\\Windows\\system32\\reg.exe\r\nTargetObject: HKU\\S-1-5-21-438079597-2123118846-2669748851-1001\\Software\\Microsoft\\Windows\\CurrentVersion\\Run\\svchos\r\nDetails: C:\\Users\\John Williams\\Downloads\\cUIyKIO.exe\""""},""eventdata"":{""ruleName"":""T1060,RunKey"",""eventType"":""SetValue"",""utcTime"":""2020-05-23 12:44:34.500"",""processGuid"":""{df9fc3d3-1ab2-5ec9-0000-0010bae01000}"",""processId"":""34688"",""image"":""C:\\\\Windows\\\\system32\\\\reg.exe"",""targetObject"":""HKU\\\\S-1-5-21-438079597-2123118846-2669748851-1001\\\\Software\\\\Microsoft\\\\Windows\\\\CurrentVersion\\\\Run\\\\svchos"",""details"":""C:\\\\Users\\\\John Williams\\\\Downloads\\\\cUIyKIO.exe""}}}"
"May 23, 2020 @ 12:44:44.076",10,"ATT&CK T1060: Direct Autorun Keys Modification","""Process Create:
RuleName: 
UtcTime: 2020-05-23 12:44:34.489
ProcessGuid: {df9fc3d3-1ab2-5ec9-0000-0010bae01000}
ProcessId: 34688
Image: C:\Windows\System32\reg.exe
FileVersion: 10.0.18362.476 (WinBuild.160101.0800)
Description: Registry Console Tool
Product: Microsoft® Windows® Operating System
Company: Microsoft Corporation
OriginalFileName: reg.exe
CommandLine: REG  ADD ""HKEY_CURRENT_USER\SOFTWARE\Microsoft\Windows\CurrentVersion\Run"" /v ""svchos"" /t REG_SZ /d ""C:\Users\John Williams\Downloads\cUIyKIO.exe"" /f
CurrentDirectory: C:\Windows\system32\
User: DESKTOP-HUE026H\John Williams
LogonGuid: {df9fc3d3-1a6b-5ec9-0000-0020723c0300}
LogonId: 0x33C72
TerminalSessionId: 1
IntegrityLevel: Medium
Hashes: MD5=601BDDF7691C5AF626A5719F1D7E35F1,SHA256=4ED2A27860FA154415F65452FF1F94BD6AF762982E2F3470030C504DC3C8A354,IMPHASH=BE482BE427FE212CFEF2CDA0E61F19AC
ParentProcessGuid: {df9fc3d3-1ab2-5ec9-0000-00101cde1000}
ParentProcessId: 34644
ParentImage: C:\Windows\System32\cmd.exe
ParentCommandLine: ""C:\Windows\System32\cmd.exe"" /C REG ADD ""HKEY_CURRENT_USER\SOFTWARE\Microsoft\Windows\CurrentVersion\Run"" /v ""svchos"" /t REG_SZ /d ""C:\Users\John Williams\Downloads\cUIyKIO.exe"" /f""","REG  ADD \""HKEY_CURRENT_USER\\SOFTWARE\\Microsoft\\Windows\\CurrentVersion\\Run\"" /v \""svchos\"" /t REG_SZ /d \""C:\\Users\\John Williams\\Downloads\\cUIyKIO.exe\"" /f","{""win"":{""system"":{""providerName"":""Microsoft-Windows-Sysmon"",""providerGuid"":""{5770385f-c22a-43e0-bf4c-06f5698ffbd9}"",""eventID"":""1"",""version"":""5"",""level"":""4"",""task"":""1"",""opcode"":""0"",""keywords"":""0x8000000000000000"",""systemTime"":""2020-05-23T12:44:34.491661300Z"",""eventRecordID"":""1672"",""processID"":""2100"",""threadID"":""3216"",""channel"":""Microsoft-Windows-Sysmon/Operational"",""computer"":""DESKTOP-HUE026H"",""severityValue"":""INFORMATION"",""message"":""\""Process Create:\r\nRuleName: \r\nUtcTime: 2020-05-23 12:44:34.489\r\nProcessGuid: {df9fc3d3-1ab2-5ec9-0000-0010bae01000}\r\nProcessId: 34688\r\nImage: C:\\Windows\\System32\\reg.exe\r\nFileVersion: 10.0.18362.476 (WinBuild.160101.0800)\r\nDescription: Registry Console Tool\r\nProduct: Microsoft® Windows® Operating System\r\nCompany: Microsoft Corporation\r\nOriginalFileName: reg.exe\r\nCommandLine: REG  ADD \""HKEY_CURRENT_USER\\SOFTWARE\\Microsoft\\Windows\\CurrentVersion\\Run\"" /v \""svchos\"" /t REG_SZ /d \""C:\\Users\\John Williams\\Downloads\\cUIyKIO.exe\"" /f\r\nCurrentDirectory: C:\\Windows\\system32\\\r\nUser: DESKTOP-HUE026H\\John Williams\r\nLogonGuid: {df9fc3d3-1a6b-5ec9-0000-0020723c0300}\r\nLogonId: 0x33C72\r\nTerminalSessionId: 1\r\nIntegrityLevel: Medium\r\nHashes: MD5=601BDDF7691C5AF626A5719F1D7E35F1,SHA256=4ED2A27860FA154415F65452FF1F94BD6AF762982E2F3470030C504DC3C8A354,IMPHASH=BE482BE427FE212CFEF2CDA0E61F19AC\r\nParentProcessGuid: {df9fc3d3-1ab2-5ec9-0000-00101cde1000}\r\nParentProcessId: 34644\r\nParentImage: C:\\Windows\\System32\\cmd.exe\r\nParentCommandLine: \""C:\\Windows\\System32\\cmd.exe\"" /C REG ADD \""HKEY_CURRENT_USER\\SOFTWARE\\Microsoft\\Windows\\CurrentVersion\\Run\"" /v \""svchos\"" /t REG_SZ /d \""C:\\Users\\John Williams\\Downloads\\cUIyKIO.exe\"" /f\""""},""eventdata"":{""utcTime"":""2020-05-23 12:44:34.489"",""processGuid"":""{df9fc3d3-1ab2-5ec9-0000-0010bae01000}"",""processId"":""34688"",""image"":""C:\\\\Windows\\\\System32\\\\reg.exe"",""fileVersion"":""10.0.18362.476 (WinBuild.160101.0800)"",""description"":""Registry Console Tool"",""product"":""Microsoft® Windows® Operating System"",""company"":""Microsoft Corporation"",""originalFileName"":""reg.exe"",""commandLine"":""REG  ADD \\\""HKEY_CURRENT_USER\\\\SOFTWARE\\\\Microsoft\\\\Windows\\\\CurrentVersion\\\\Run\\\"" /v \\\""svchos\\\"" /t REG_SZ /d \\\""C:\\\\Users\\\\John Williams\\\\Downloads\\\\cUIyKIO.exe\\\"" /f"",""currentDirectory"":""C:\\\\Windows\\\\system32\\\\"",""user"":""DESKTOP-HUE026H\\\\John Williams"",""logonGuid"":""{df9fc3d3-1a6b-5ec9-0000-0020723c0300}"",""logonId"":""0x33c72"",""terminalSessionId"":""1"",""integrityLevel"":""Medium"",""hashes"":""MD5=601BDDF7691C5AF626A5719F1D7E35F1,SHA256=4ED2A27860FA154415F65452FF1F94BD6AF762982E2F3470030C504DC3C8A354,IMPHASH=BE482BE427FE212CFEF2CDA0E61F19AC"",""parentProcessGuid"":""{df9fc3d3-1ab2-5ec9-0000-00101cde1000}"",""parentProcessId"":""34644"",""parentImage"":""C:\\\\Windows\\\\System32\\\\cmd.exe"",""parentCommandLine"":""\\\""C:\\\\Windows\\\\System32\\\\cmd.exe\\\"" /C REG ADD \\\""HKEY_CURRENT_USER\\\\SOFTWARE\\\\Microsoft\\\\Windows\\\\CurrentVersion\\\\Run\\\"" /v \\\""svchos\\\"" /t REG_SZ /d \\\""C:\\\\Users\\\\John Williams\\\\Downloads\\\\cUIyKIO.exe\\\"" /f""}}}"
"May 23, 2020 @ 12:44:35.984",10,"ATT&CK T1060: Autorun Keys Modification","""Registry value set:
RuleName: T1060,RunKey
EventType: SetValue
UtcTime: 2020-05-23 12:44:20.956
ProcessGuid: {df9fc3d3-1aa4-5ec9-0000-001004930e00}
ProcessId: 2392
Image: C:\Windows\system32\reg.exe
TargetObject: HKU\S-1-5-21-438079597-2123118846-2669748851-1001\Software\Microsoft\Windows\CurrentVersion\Run\svchos
Details: C:\Users\John Williams\Downloads\sQCMgCG.exe""",,"{""win"":{""system"":{""providerName"":""Microsoft-Windows-Sysmon"",""providerGuid"":""{5770385f-c22a-43e0-bf4c-06f5698ffbd9}"",""eventID"":""13"",""version"":""2"",""level"":""4"",""task"":""13"",""opcode"":""0"",""keywords"":""0x8000000000000000"",""systemTime"":""2020-05-23T12:44:20.985304400Z"",""eventRecordID"":""1664"",""processID"":""2100"",""threadID"":""3216"",""channel"":""Microsoft-Windows-Sysmon/Operational"",""computer"":""DESKTOP-HUE026H"",""severityValue"":""INFORMATION"",""message"":""\""Registry value set:\r\nRuleName: T1060,RunKey\r\nEventType: SetValue\r\nUtcTime: 2020-05-23 12:44:20.956\r\nProcessGuid: {df9fc3d3-1aa4-5ec9-0000-001004930e00}\r\nProcessId: 2392\r\nImage: C:\\Windows\\system32\\reg.exe\r\nTargetObject: HKU\\S-1-5-21-438079597-2123118846-2669748851-1001\\Software\\Microsoft\\Windows\\CurrentVersion\\Run\\svchos\r\nDetails: C:\\Users\\John Williams\\Downloads\\sQCMgCG.exe\""""},""eventdata"":{""ruleName"":""T1060,RunKey"",""eventType"":""SetValue"",""utcTime"":""2020-05-23 12:44:20.956"",""processGuid"":""{df9fc3d3-1aa4-5ec9-0000-001004930e00}"",""processId"":""2392"",""image"":""C:\\\\Windows\\\\system32\\\\reg.exe"",""targetObject"":""HKU\\\\S-1-5-21-438079597-2123118846-2669748851-1001\\\\Software\\\\Microsoft\\\\Windows\\\\CurrentVersion\\\\Run\\\\svchos"",""details"":""C:\\\\Users\\\\John Williams\\\\Downloads\\\\sQCMgCG.exe""}}}"
"May 23, 2020 @ 12:44:35.661",10,"ATT&CK T1060: Direct Autorun Keys Modification","""Process Create:
RuleName: 
UtcTime: 2020-05-23 12:44:20.748
ProcessGuid: {df9fc3d3-1aa4-5ec9-0000-001004930e00}
ProcessId: 2392
Image: C:\Windows\System32\reg.exe
FileVersion: 10.0.18362.476 (WinBuild.160101.0800)
Description: Registry Console Tool
Product: Microsoft® Windows® Operating System
Company: Microsoft Corporation
OriginalFileName: reg.exe
CommandLine: REG  ADD ""HKEY_CURRENT_USER\SOFTWARE\Microsoft\Windows\CurrentVersion\Run"" /v ""svchos"" /t REG_SZ /d ""C:\Users\John Williams\Downloads\sQCMgCG.exe"" /f
CurrentDirectory: C:\Windows\system32\
User: DESKTOP-HUE026H\John Williams
LogonGuid: {df9fc3d3-1a6b-5ec9-0000-0020723c0300}
LogonId: 0x33C72
TerminalSessionId: 1
IntegrityLevel: Medium
Hashes: MD5=601BDDF7691C5AF626A5719F1D7E35F1,SHA256=4ED2A27860FA154415F65452FF1F94BD6AF762982E2F3470030C504DC3C8A354,IMPHASH=BE482BE427FE212CFEF2CDA0E61F19AC
ParentProcessGuid: {df9fc3d3-1aa3-5ec9-0000-0010bf720e00}
ParentProcessId: 8168
ParentImage: C:\Windows\System32\cmd.exe
ParentCommandLine: ""C:\Windows\System32\cmd.exe"" /C REG ADD ""HKEY_CURRENT_USER\SOFTWARE\Microsoft\Windows\CurrentVersion\Run"" /v ""svchos"" /t REG_SZ /d ""C:\Users\John Williams\Downloads\sQCMgCG.exe"" /f""","REG  ADD \""HKEY_CURRENT_USER\\SOFTWARE\\Microsoft\\Windows\\CurrentVersion\\Run\"" /v \""svchos\"" /t REG_SZ /d \""C:\\Users\\John Williams\\Downloads\\sQCMgCG.exe\"" /f","{""win"":{""system"":{""providerName"":""Microsoft-Windows-Sysmon"",""providerGuid"":""{5770385f-c22a-43e0-bf4c-06f5698ffbd9}"",""eventID"":""1"",""version"":""5"",""level"":""4"",""task"":""1"",""opcode"":""0"",""keywords"":""0x8000000000000000"",""systemTime"":""2020-05-23T12:44:20.756348700Z"",""eventRecordID"":""1663"",""processID"":""2100"",""threadID"":""3216"",""channel"":""Microsoft-Windows-Sysmon/Operational"",""computer"":""DESKTOP-HUE026H"",""severityValue"":""INFORMATION"",""message"":""\""Process Create:\r\nRuleName: \r\nUtcTime: 2020-05-23 12:44:20.748\r\nProcessGuid: {df9fc3d3-1aa4-5ec9-0000-001004930e00}\r\nProcessId: 2392\r\nImage: C:\\Windows\\System32\\reg.exe\r\nFileVersion: 10.0.18362.476 (WinBuild.160101.0800)\r\nDescription: Registry Console Tool\r\nProduct: Microsoft® Windows® Operating System\r\nCompany: Microsoft Corporation\r\nOriginalFileName: reg.exe\r\nCommandLine: REG  ADD \""HKEY_CURRENT_USER\\SOFTWARE\\Microsoft\\Windows\\CurrentVersion\\Run\"" /v \""svchos\"" /t REG_SZ /d \""C:\\Users\\John Williams\\Downloads\\sQCMgCG.exe\"" /f\r\nCurrentDirectory: C:\\Windows\\system32\\\r\nUser: DESKTOP-HUE026H\\John Williams\r\nLogonGuid: {df9fc3d3-1a6b-5ec9-0000-0020723c0300}\r\nLogonId: 0x33C72\r\nTerminalSessionId: 1\r\nIntegrityLevel: Medium\r\nHashes: MD5=601BDDF7691C5AF626A5719F1D7E35F1,SHA256=4ED2A27860FA154415F65452FF1F94BD6AF762982E2F3470030C504DC3C8A354,IMPHASH=BE482BE427FE212CFEF2CDA0E61F19AC\r\nParentProcessGuid: {df9fc3d3-1aa3-5ec9-0000-0010bf720e00}\r\nParentProcessId: 8168\r\nParentImage: C:\\Windows\\System32\\cmd.exe\r\nParentCommandLine: \""C:\\Windows\\System32\\cmd.exe\"" /C REG ADD \""HKEY_CURRENT_USER\\SOFTWARE\\Microsoft\\Windows\\CurrentVersion\\Run\"" /v \""svchos\"" /t REG_SZ /d \""C:\\Users\\John Williams\\Downloads\\sQCMgCG.exe\"" /f\""""},""eventdata"":{""utcTime"":""2020-05-23 12:44:20.748"",""processGuid"":""{df9fc3d3-1aa4-5ec9-0000-001004930e00}"",""processId"":""2392"",""image"":""C:\\\\Windows\\\\System32\\\\reg.exe"",""fileVersion"":""10.0.18362.476 (WinBuild.160101.0800)"",""description"":""Registry Console Tool"",""product"":""Microsoft® Windows® Operating System"",""company"":""Microsoft Corporation"",""originalFileName"":""reg.exe"",""commandLine"":""REG  ADD \\\""HKEY_CURRENT_USER\\\\SOFTWARE\\\\Microsoft\\\\Windows\\\\CurrentVersion\\\\Run\\\"" /v \\\""svchos\\\"" /t REG_SZ /d \\\""C:\\\\Users\\\\John Williams\\\\Downloads\\\\sQCMgCG.exe\\\"" /f"",""currentDirectory"":""C:\\\\Windows\\\\system32\\\\"",""user"":""DESKTOP-HUE026H\\\\John Williams"",""logonGuid"":""{df9fc3d3-1a6b-5ec9-0000-0020723c0300}"",""logonId"":""0x33c72"",""terminalSessionId"":""1"",""integrityLevel"":""Medium"",""hashes"":""MD5=601BDDF7691C5AF626A5719F1D7E35F1,SHA256=4ED2A27860FA154415F65452FF1F94BD6AF762982E2F3470030C504DC3C8A354,IMPHASH=BE482BE427FE212CFEF2CDA0E61F19AC"",""parentProcessGuid"":""{df9fc3d3-1aa3-5ec9-0000-0010bf720e00}"",""parentProcessId"":""8168"",""parentImage"":""C:\\\\Windows\\\\System32\\\\cmd.exe"",""parentCommandLine"":""\\\""C:\\\\Windows\\\\System32\\\\cmd.exe\\\"" /C REG ADD \\\""HKEY_CURRENT_USER\\\\SOFTWARE\\\\Microsoft\\\\Windows\\\\CurrentVersion\\\\Run\\\"" /v \\\""svchos\\\"" /t REG_SZ /d \\\""C:\\\\Users\\\\John Williams\\\\Downloads\\\\sQCMgCG.exe\\\"" /f""}}}"
"May 23, 2020 @ 12:44:35.653",8,"ATT&CK T1489: Stop Windows Service","""Process Create:
RuleName: 
UtcTime: 2020-05-23 12:44:20.696
ProcessGuid: {df9fc3d3-1aa4-5ec9-0000-00105c900e00}
ProcessId: 8156
Image: C:\Windows\System32\net1.exe
FileVersion: 10.0.18362.1 (WinBuild.160101.0800)
Description: Net Command
Product: Microsoft® Windows® Operating System
Company: Microsoft Corporation
OriginalFileName: net1.exe
CommandLine: C:\Windows\system32\net1 stop ""samss"" /y
CurrentDirectory: C:\Windows\system32\
User: DESKTOP-HUE026H\John Williams
LogonGuid: {df9fc3d3-1a6b-5ec9-0000-0020723c0300}
LogonId: 0x33C72
TerminalSessionId: 1
IntegrityLevel: Medium
Hashes: MD5=0F641F87A791AE07C00A725BBBD77724,SHA256=286E7F127B06386BD1CC9664851848F483A867F0F604AA352893151068715FAA,IMPHASH=41DBA1AF77E1A2260F0CE46D59ADCB5E
ParentProcessGuid: {df9fc3d3-1aa4-5ec9-0000-00103f820e00}
ParentProcessId: 5548
ParentImage: C:\Windows\System32\net.exe
ParentCommandLine: ""C:\Windows\System32\net.exe"" stop ""samss"" /y""","C:\\Windows\\system32\\net1 stop \""samss\"" /y","{""win"":{""system"":{""providerName"":""Microsoft-Windows-Sysmon"",""providerGuid"":""{5770385f-c22a-43e0-bf4c-06f5698ffbd9}"",""eventID"":""1"",""version"":""5"",""level"":""4"",""task"":""1"",""opcode"":""0"",""keywords"":""0x8000000000000000"",""systemTime"":""2020-05-23T12:44:20.715081400Z"",""eventRecordID"":""1661"",""processID"":""2100"",""threadID"":""3216"",""channel"":""Microsoft-Windows-Sysmon/Operational"",""computer"":""DESKTOP-HUE026H"",""severityValue"":""INFORMATION"",""message"":""\""Process Create:\r\nRuleName: \r\nUtcTime: 2020-05-23 12:44:20.696\r\nProcessGuid: {df9fc3d3-1aa4-5ec9-0000-00105c900e00}\r\nProcessId: 8156\r\nImage: C:\\Windows\\System32\\net1.exe\r\nFileVersion: 10.0.18362.1 (WinBuild.160101.0800)\r\nDescription: Net Command\r\nProduct: Microsoft® Windows® Operating System\r\nCompany: Microsoft Corporation\r\nOriginalFileName: net1.exe\r\nCommandLine: C:\\Windows\\system32\\net1 stop \""samss\"" /y\r\nCurrentDirectory: C:\\Windows\\system32\\\r\nUser: DESKTOP-HUE026H\\John Williams\r\nLogonGuid: {df9fc3d3-1a6b-5ec9-0000-0020723c0300}\r\nLogonId: 0x33C72\r\nTerminalSessionId: 1\r\nIntegrityLevel: Medium\r\nHashes: MD5=0F641F87A791AE07C00A725BBBD77724,SHA256=286E7F127B06386BD1CC9664851848F483A867F0F604AA352893151068715FAA,IMPHASH=41DBA1AF77E1A2260F0CE46D59ADCB5E\r\nParentProcessGuid: {df9fc3d3-1aa4-5ec9-0000-00103f820e00}\r\nParentProcessId: 5548\r\nParentImage: C:\\Windows\\System32\\net.exe\r\nParentCommandLine: \""C:\\Windows\\System32\\net.exe\"" stop \""samss\"" /y\""""},""eventdata"":{""utcTime"":""2020-05-23 12:44:20.696"",""processGuid"":""{df9fc3d3-1aa4-5ec9-0000-00105c900e00}"",""processId"":""8156"",""image"":""C:\\\\Windows\\\\System32\\\\net1.exe"",""fileVersion"":""10.0.18362.1 (WinBuild.160101.0800)"",""description"":""Net Command"",""product"":""Microsoft® Windows® Operating System"",""company"":""Microsoft Corporation"",""originalFileName"":""net1.exe"",""commandLine"":""C:\\\\Windows\\\\system32\\\\net1 stop \\\""samss\\\"" /y"",""currentDirectory"":""C:\\\\Windows\\\\system32\\\\"",""user"":""DESKTOP-HUE026H\\\\John Williams"",""logonGuid"":""{df9fc3d3-1a6b-5ec9-0000-0020723c0300}"",""logonId"":""0x33c72"",""terminalSessionId"":""1"",""integrityLevel"":""Medium"",""hashes"":""MD5=0F641F87A791AE07C00A725BBBD77724,SHA256=286E7F127B06386BD1CC9664851848F483A867F0F604AA352893151068715FAA,IMPHASH=41DBA1AF77E1A2260F0CE46D59ADCB5E"",""parentProcessGuid"":""{df9fc3d3-1aa4-5ec9-0000-00103f820e00}"",""parentProcessId"":""5548"",""parentImage"":""C:\\\\Windows\\\\System32\\\\net.exe"",""parentCommandLine"":""\\\""C:\\\\Windows\\\\System32\\\\net.exe\\\"" stop \\\""samss\\\"" /y""}}}"
"May 23, 2020 @ 12:44:35.649",8,"ATT&CK T1489: Stop Windows Service","""Process Create:
RuleName: 
UtcTime: 2020-05-23 12:44:20.408
ProcessGuid: {df9fc3d3-1aa4-5ec9-0000-00107e880e00}
ProcessId: 4820
Image: C:\Windows\System32\net1.exe
FileVersion: 10.0.18362.1 (WinBuild.160101.0800)
Description: Net Command
Product: Microsoft® Windows® Operating System
Company: Microsoft Corporation
OriginalFileName: net1.exe
CommandLine: C:\Windows\system32\net1 stop ""audioendpointbuilder"" /y
CurrentDirectory: C:\Windows\system32\
User: DESKTOP-HUE026H\John Williams
LogonGuid: {df9fc3d3-1a6b-5ec9-0000-0020723c0300}
LogonId: 0x33C72
TerminalSessionId: 1
IntegrityLevel: Medium
Hashes: MD5=0F641F87A791AE07C00A725BBBD77724,SHA256=286E7F127B06386BD1CC9664851848F483A867F0F604AA352893151068715FAA,IMPHASH=41DBA1AF77E1A2260F0CE46D59ADCB5E
ParentProcessGuid: {df9fc3d3-1aa3-5ec9-0000-001062760e00}
ParentProcessId: 6912
ParentImage: C:\Windows\System32\net.exe
ParentCommandLine: ""C:\Windows\System32\net.exe"" stop ""audioendpointbuilder"" /y""","C:\\Windows\\system32\\net1 stop \""audioendpointbuilder\"" /y","{""win"":{""system"":{""providerName"":""Microsoft-Windows-Sysmon"",""providerGuid"":""{5770385f-c22a-43e0-bf4c-06f5698ffbd9}"",""eventID"":""1"",""version"":""5"",""level"":""4"",""task"":""1"",""opcode"":""0"",""keywords"":""0x8000000000000000"",""systemTime"":""2020-05-23T12:44:20.445787700Z"",""eventRecordID"":""1660"",""processID"":""2100"",""threadID"":""3216"",""channel"":""Microsoft-Windows-Sysmon/Operational"",""computer"":""DESKTOP-HUE026H"",""severityValue"":""INFORMATION"",""message"":""\""Process Create:\r\nRuleName: \r\nUtcTime: 2020-05-23 12:44:20.408\r\nProcessGuid: {df9fc3d3-1aa4-5ec9-0000-00107e880e00}\r\nProcessId: 4820\r\nImage: C:\\Windows\\System32\\net1.exe\r\nFileVersion: 10.0.18362.1 (WinBuild.160101.0800)\r\nDescription: Net Command\r\nProduct: Microsoft® Windows® Operating System\r\nCompany: Microsoft Corporation\r\nOriginalFileName: net1.exe\r\nCommandLine: C:\\Windows\\system32\\net1 stop \""audioendpointbuilder\"" /y\r\nCurrentDirectory: C:\\Windows\\system32\\\r\nUser: DESKTOP-HUE026H\\John Williams\r\nLogonGuid: {df9fc3d3-1a6b-5ec9-0000-0020723c0300}\r\nLogonId: 0x33C72\r\nTerminalSessionId: 1\r\nIntegrityLevel: Medium\r\nHashes: MD5=0F641F87A791AE07C00A725BBBD77724,SHA256=286E7F127B06386BD1CC9664851848F483A867F0F604AA352893151068715FAA,IMPHASH=41DBA1AF77E1A2260F0CE46D59ADCB5E\r\nParentProcessGuid: {df9fc3d3-1aa3-5ec9-0000-001062760e00}\r\nParentProcessId: 6912\r\nParentImage: C:\\Windows\\System32\\net.exe\r\nParentCommandLine: \""C:\\Windows\\System32\\net.exe\"" stop \""audioendpointbuilder\"" /y\""""},""eventdata"":{""utcTime"":""2020-05-23 12:44:20.408"",""processGuid"":""{df9fc3d3-1aa4-5ec9-0000-00107e880e00}"",""processId"":""4820"",""image"":""C:\\\\Windows\\\\System32\\\\net1.exe"",""fileVersion"":""10.0.18362.1 (WinBuild.160101.0800)"",""description"":""Net Command"",""product"":""Microsoft® Windows® Operating System"",""company"":""Microsoft Corporation"",""originalFileName"":""net1.exe"",""commandLine"":""C:\\\\Windows\\\\system32\\\\net1 stop \\\""audioendpointbuilder\\\"" /y"",""currentDirectory"":""C:\\\\Windows\\\\system32\\\\"",""user"":""DESKTOP-HUE026H\\\\John Williams"",""logonGuid"":""{df9fc3d3-1a6b-5ec9-0000-0020723c0300}"",""logonId"":""0x33c72"",""terminalSessionId"":""1"",""integrityLevel"":""Medium"",""hashes"":""MD5=0F641F87A791AE07C00A725BBBD77724,SHA256=286E7F127B06386BD1CC9664851848F483A867F0F604AA352893151068715FAA,IMPHASH=41DBA1AF77E1A2260F0CE46D59ADCB5E"",""parentProcessGuid"":""{df9fc3d3-1aa3-5ec9-0000-001062760e00}"",""parentProcessId"":""6912"",""parentImage"":""C:\\\\Windows\\\\System32\\\\net.exe"",""parentCommandLine"":""\\\""C:\\\\Windows\\\\System32\\\\net.exe\\\"" stop \\\""audioendpointbuilder\\\"" /y""}}}"
"May 23, 2020 @ 12:44:35.646",8,"ATT&CK T1489: Stop Windows Service","""Process Create:
RuleName: 
UtcTime: 2020-05-23 12:44:20.264
ProcessGuid: {df9fc3d3-1aa4-5ec9-0000-00103f820e00}
ProcessId: 5548
Image: C:\Windows\System32\net.exe
FileVersion: 10.0.18362.1 (WinBuild.160101.0800)
Description: Net Command
Product: Microsoft® Windows® Operating System
Company: Microsoft Corporation
OriginalFileName: net.exe
CommandLine: ""C:\Windows\System32\net.exe"" stop ""samss"" /y
CurrentDirectory: C:\Windows\system32\
User: DESKTOP-HUE026H\John Williams
LogonGuid: {df9fc3d3-1a6b-5ec9-0000-0020723c0300}
LogonId: 0x33C72
TerminalSessionId: 1
IntegrityLevel: Medium
Hashes: MD5=A63DF9A6E9098CC189F2A3EFC37600F6,SHA256=96CDFD7B263947A6A7C0DB54141A6B8D7777DB0A03A17CBF95666D98422F937B,IMPHASH=57F0C47AE2A1A2C06C8B987372AB0B07
ParentProcessGuid: {df9fc3d3-1a8d-5ec9-0000-001047510b00}
ParentProcessId: 6312
ParentImage: C:\Users\John Williams\Downloads\sQCMgCG.exe
ParentCommandLine: ""C:\Users\John Williams\Downloads\sQCMgCG.exe"" ""","\""C:\\Windows\\System32\\net.exe\"" stop \""samss\"" /y","{""win"":{""system"":{""providerName"":""Microsoft-Windows-Sysmon"",""providerGuid"":""{5770385f-c22a-43e0-bf4c-06f5698ffbd9}"",""eventID"":""1"",""version"":""5"",""level"":""4"",""task"":""1"",""opcode"":""0"",""keywords"":""0x8000000000000000"",""systemTime"":""2020-05-23T12:44:20.269438000Z"",""eventRecordID"":""1659"",""processID"":""2100"",""threadID"":""3216"",""channel"":""Microsoft-Windows-Sysmon/Operational"",""computer"":""DESKTOP-HUE026H"",""severityValue"":""INFORMATION"",""message"":""\""Process Create:\r\nRuleName: \r\nUtcTime: 2020-05-23 12:44:20.264\r\nProcessGuid: {df9fc3d3-1aa4-5ec9-0000-00103f820e00}\r\nProcessId: 5548\r\nImage: C:\\Windows\\System32\\net.exe\r\nFileVersion: 10.0.18362.1 (WinBuild.160101.0800)\r\nDescription: Net Command\r\nProduct: Microsoft® Windows® Operating System\r\nCompany: Microsoft Corporation\r\nOriginalFileName: net.exe\r\nCommandLine: \""C:\\Windows\\System32\\net.exe\"" stop \""samss\"" /y\r\nCurrentDirectory: C:\\Windows\\system32\\\r\nUser: DESKTOP-HUE026H\\John Williams\r\nLogonGuid: {df9fc3d3-1a6b-5ec9-0000-0020723c0300}\r\nLogonId: 0x33C72\r\nTerminalSessionId: 1\r\nIntegrityLevel: Medium\r\nHashes: MD5=A63DF9A6E9098CC189F2A3EFC37600F6,SHA256=96CDFD7B263947A6A7C0DB54141A6B8D7777DB0A03A17CBF95666D98422F937B,IMPHASH=57F0C47AE2A1A2C06C8B987372AB0B07\r\nParentProcessGuid: {df9fc3d3-1a8d-5ec9-0000-001047510b00}\r\nParentProcessId: 6312\r\nParentImage: C:\\Users\\John Williams\\Downloads\\sQCMgCG.exe\r\nParentCommandLine: \""C:\\Users\\John Williams\\Downloads\\sQCMgCG.exe\"" \""""},""eventdata"":{""utcTime"":""2020-05-23 12:44:20.264"",""processGuid"":""{df9fc3d3-1aa4-5ec9-0000-00103f820e00}"",""processId"":""5548"",""image"":""C:\\\\Windows\\\\System32\\\\net.exe"",""fileVersion"":""10.0.18362.1 (WinBuild.160101.0800)"",""description"":""Net Command"",""product"":""Microsoft® Windows® Operating System"",""company"":""Microsoft Corporation"",""originalFileName"":""net.exe"",""commandLine"":""\\\""C:\\\\Windows\\\\System32\\\\net.exe\\\"" stop \\\""samss\\\"" /y"",""currentDirectory"":""C:\\\\Windows\\\\system32\\\\"",""user"":""DESKTOP-HUE026H\\\\John Williams"",""logonGuid"":""{df9fc3d3-1a6b-5ec9-0000-0020723c0300}"",""logonId"":""0x33c72"",""terminalSessionId"":""1"",""integrityLevel"":""Medium"",""hashes"":""MD5=A63DF9A6E9098CC189F2A3EFC37600F6,SHA256=96CDFD7B263947A6A7C0DB54141A6B8D7777DB0A03A17CBF95666D98422F937B,IMPHASH=57F0C47AE2A1A2C06C8B987372AB0B07"",""parentProcessGuid"":""{df9fc3d3-1a8d-5ec9-0000-001047510b00}"",""parentProcessId"":""6312"",""parentImage"":""C:\\\\Users\\\\John Williams\\\\Downloads\\\\sQCMgCG.exe"",""parentCommandLine"":""\\\""C:\\\\Users\\\\John Williams\\\\Downloads\\\\sQCMgCG.exe\\\""""}}}"
"May 23, 2020 @ 12:44:35.643",8,"ATT&CK T1489: Stop Windows Service","""Process Create:
RuleName: 
UtcTime: 2020-05-23 12:44:19.990
ProcessGuid: {df9fc3d3-1aa3-5ec9-0000-001062760e00}
ProcessId: 6912
Image: C:\Windows\System32\net.exe
FileVersion: 10.0.18362.1 (WinBuild.160101.0800)
Description: Net Command
Product: Microsoft® Windows® Operating System
Company: Microsoft Corporation
OriginalFileName: net.exe
CommandLine: ""C:\Windows\System32\net.exe"" stop ""audioendpointbuilder"" /y
CurrentDirectory: C:\Windows\system32\
User: DESKTOP-HUE026H\John Williams
LogonGuid: {df9fc3d3-1a6b-5ec9-0000-0020723c0300}
LogonId: 0x33C72
TerminalSessionId: 1
IntegrityLevel: Medium
Hashes: MD5=A63DF9A6E9098CC189F2A3EFC37600F6,SHA256=96CDFD7B263947A6A7C0DB54141A6B8D7777DB0A03A17CBF95666D98422F937B,IMPHASH=57F0C47AE2A1A2C06C8B987372AB0B07
ParentProcessGuid: {df9fc3d3-1a8d-5ec9-0000-001047510b00}
ParentProcessId: 6312
ParentImage: C:\Users\John Williams\Downloads\sQCMgCG.exe
ParentCommandLine: ""C:\Users\John Williams\Downloads\sQCMgCG.exe"" ""","\""C:\\Windows\\System32\\net.exe\"" stop \""audioendpointbuilder\"" /y","{""win"":{""system"":{""providerName"":""Microsoft-Windows-Sysmon"",""providerGuid"":""{5770385f-c22a-43e0-bf4c-06f5698ffbd9}"",""eventID"":""1"",""version"":""5"",""level"":""4"",""task"":""1"",""opcode"":""0"",""keywords"":""0x8000000000000000"",""systemTime"":""2020-05-23T12:44:20.073555500Z"",""eventRecordID"":""1658"",""processID"":""2100"",""threadID"":""3216"",""channel"":""Microsoft-Windows-Sysmon/Operational"",""computer"":""DESKTOP-HUE026H"",""severityValue"":""INFORMATION"",""message"":""\""Process Create:\r\nRuleName: \r\nUtcTime: 2020-05-23 12:44:19.990\r\nProcessGuid: {df9fc3d3-1aa3-5ec9-0000-001062760e00}\r\nProcessId: 6912\r\nImage: C:\\Windows\\System32\\net.exe\r\nFileVersion: 10.0.18362.1 (WinBuild.160101.0800)\r\nDescription: Net Command\r\nProduct: Microsoft® Windows® Operating System\r\nCompany: Microsoft Corporation\r\nOriginalFileName: net.exe\r\nCommandLine: \""C:\\Windows\\System32\\net.exe\"" stop \""audioendpointbuilder\"" /y\r\nCurrentDirectory: C:\\Windows\\system32\\\r\nUser: DESKTOP-HUE026H\\John Williams\r\nLogonGuid: {df9fc3d3-1a6b-5ec9-0000-0020723c0300}\r\nLogonId: 0x33C72\r\nTerminalSessionId: 1\r\nIntegrityLevel: Medium\r\nHashes: MD5=A63DF9A6E9098CC189F2A3EFC37600F6,SHA256=96CDFD7B263947A6A7C0DB54141A6B8D7777DB0A03A17CBF95666D98422F937B,IMPHASH=57F0C47AE2A1A2C06C8B987372AB0B07\r\nParentProcessGuid: {df9fc3d3-1a8d-5ec9-0000-001047510b00}\r\nParentProcessId: 6312\r\nParentImage: C:\\Users\\John Williams\\Downloads\\sQCMgCG.exe\r\nParentCommandLine: \""C:\\Users\\John Williams\\Downloads\\sQCMgCG.exe\"" \""""},""eventdata"":{""utcTime"":""2020-05-23 12:44:19.990"",""processGuid"":""{df9fc3d3-1aa3-5ec9-0000-001062760e00}"",""processId"":""6912"",""image"":""C:\\\\Windows\\\\System32\\\\net.exe"",""fileVersion"":""10.0.18362.1 (WinBuild.160101.0800)"",""description"":""Net Command"",""product"":""Microsoft® Windows® Operating System"",""company"":""Microsoft Corporation"",""originalFileName"":""net.exe"",""commandLine"":""\\\""C:\\\\Windows\\\\System32\\\\net.exe\\\"" stop \\\""audioendpointbuilder\\\"" /y"",""currentDirectory"":""C:\\\\Windows\\\\system32\\\\"",""user"":""DESKTOP-HUE026H\\\\John Williams"",""logonGuid"":""{df9fc3d3-1a6b-5ec9-0000-0020723c0300}"",""logonId"":""0x33c72"",""terminalSessionId"":""1"",""integrityLevel"":""Medium"",""hashes"":""MD5=A63DF9A6E9098CC189F2A3EFC37600F6,SHA256=96CDFD7B263947A6A7C0DB54141A6B8D7777DB0A03A17CBF95666D98422F937B,IMPHASH=57F0C47AE2A1A2C06C8B987372AB0B07"",""parentProcessGuid"":""{df9fc3d3-1a8d-5ec9-0000-001047510b00}"",""parentProcessId"":""6312"",""parentImage"":""C:\\\\Users\\\\John Williams\\\\Downloads\\\\sQCMgCG.exe"",""parentCommandLine"":""\\\""C:\\\\Users\\\\John Williams\\\\Downloads\\\\sQCMgCG.exe\\\""""}}}"
"May 23, 2020 @ 12:44:35.603",15,"ATT&CK: WannaCry Ransomware","""Process Create:
RuleName: 
UtcTime: 2020-05-23 12:44:19.893
ProcessGuid: {df9fc3d3-1aa3-5ec9-0000-00102c6e0e00}
ProcessId: 8116
Image: C:\Windows\System32\bcdedit.exe
FileVersion: 10.0.18362.295 (WinBuild.160101.0800)
Description: Boot Configuration Data Editor
Product: Microsoft® Windows® Operating System
Company: Microsoft Corporation
OriginalFileName: bcdedit.exe
CommandLine: bcdedit /set {default} recoveryenabled No & bcdedit /set {default}
CurrentDirectory: C:\Windows\system32\
User: DESKTOP-HUE026H\John Williams
LogonGuid: {df9fc3d3-1a6b-5ec9-0000-0020723c0300}
LogonId: 0x33C72
TerminalSessionId: 1
IntegrityLevel: Medium
Hashes: MD5=66E4F813624DF01D67CF03616760A7AC,SHA256=1EE229900C128119A122F9A7B3FF8CA2AB35154B314FC6B37CDA6CE041E4277D,IMPHASH=0DEEFF11123C4A14A058E9390224FECE
ParentProcessGuid: {df9fc3d3-1a8d-5ec9-0000-001047510b00}
ParentProcessId: 6312
ParentImage: C:\Users\John Williams\Downloads\sQCMgCG.exe
ParentCommandLine: ""C:\Users\John Williams\Downloads\sQCMgCG.exe"" ""","bcdedit /set {default} recoveryenabled No &amp; bcdedit /set {default}","{""win"":{""system"":{""providerName"":""Microsoft-Windows-Sysmon"",""providerGuid"":""{5770385f-c22a-43e0-bf4c-06f5698ffbd9}"",""eventID"":""1"",""version"":""5"",""level"":""4"",""task"":""1"",""opcode"":""0"",""keywords"":""0x8000000000000000"",""systemTime"":""2020-05-23T12:44:19.919372600Z"",""eventRecordID"":""1656"",""processID"":""2100"",""threadID"":""3216"",""channel"":""Microsoft-Windows-Sysmon/Operational"",""computer"":""DESKTOP-HUE026H"",""severityValue"":""INFORMATION"",""message"":""\""Process Create:\r\nRuleName: \r\nUtcTime: 2020-05-23 12:44:19.893\r\nProcessGuid: {df9fc3d3-1aa3-5ec9-0000-00102c6e0e00}\r\nProcessId: 8116\r\nImage: C:\\Windows\\System32\\bcdedit.exe\r\nFileVersion: 10.0.18362.295 (WinBuild.160101.0800)\r\nDescription: Boot Configuration Data Editor\r\nProduct: Microsoft® Windows® Operating System\r\nCompany: Microsoft Corporation\r\nOriginalFileName: bcdedit.exe\r\nCommandLine: bcdedit /set {default} recoveryenabled No & bcdedit /set {default}\r\nCurrentDirectory: C:\\Windows\\system32\\\r\nUser: DESKTOP-HUE026H\\John Williams\r\nLogonGuid: {df9fc3d3-1a6b-5ec9-0000-0020723c0300}\r\nLogonId: 0x33C72\r\nTerminalSessionId: 1\r\nIntegrityLevel: Medium\r\nHashes: MD5=66E4F813624DF01D67CF03616760A7AC,SHA256=1EE229900C128119A122F9A7B3FF8CA2AB35154B314FC6B37CDA6CE041E4277D,IMPHASH=0DEEFF11123C4A14A058E9390224FECE\r\nParentProcessGuid: {df9fc3d3-1a8d-5ec9-0000-001047510b00}\r\nParentProcessId: 6312\r\nParentImage: C:\\Users\\John Williams\\Downloads\\sQCMgCG.exe\r\nParentCommandLine: \""C:\\Users\\John Williams\\Downloads\\sQCMgCG.exe\"" \""""},""eventdata"":{""utcTime"":""2020-05-23 12:44:19.893"",""processGuid"":""{df9fc3d3-1aa3-5ec9-0000-00102c6e0e00}"",""processId"":""8116"",""image"":""C:\\\\Windows\\\\System32\\\\bcdedit.exe"",""fileVersion"":""10.0.18362.295 (WinBuild.160101.0800)"",""description"":""Boot Configuration Data Editor"",""product"":""Microsoft® Windows® Operating System"",""company"":""Microsoft Corporation"",""originalFileName"":""bcdedit.exe"",""commandLine"":""bcdedit /set {default} recoveryenabled No &amp; bcdedit /set {default}"",""currentDirectory"":""C:\\\\Windows\\\\system32\\\\"",""user"":""DESKTOP-HUE026H\\\\John Williams"",""logonGuid"":""{df9fc3d3-1a6b-5ec9-0000-0020723c0300}"",""logonId"":""0x33c72"",""terminalSessionId"":""1"",""integrityLevel"":""Medium"",""hashes"":""MD5=66E4F813624DF01D67CF03616760A7AC,SHA256=1EE229900C128119A122F9A7B3FF8CA2AB35154B314FC6B37CDA6CE041E4277D,IMPHASH=0DEEFF11123C4A14A058E9390224FECE"",""parentProcessGuid"":""{df9fc3d3-1a8d-5ec9-0000-001047510b00}"",""parentProcessId"":""6312"",""parentImage"":""C:\\\\Users\\\\John Williams\\\\Downloads\\\\sQCMgCG.exe"",""parentCommandLine"":""\\\""C:\\\\Users\\\\John Williams\\\\Downloads\\\\sQCMgCG.exe\\\""""}}}"
"May 23, 2020 @ 12:44:35.600",15,"ATT&CK T1070 T1490: Shadow Copies Deletion Using Operating Systems Utilities","""Process Create:
RuleName: 
UtcTime: 2020-05-23 12:44:19.892
ProcessGuid: {df9fc3d3-1aa3-5ec9-0000-0010fd6d0e00}
ProcessId: 8108
Image: C:\Windows\System32\vssadmin.exe
FileVersion: 10.0.18362.1 (WinBuild.160101.0800)
Description: Command Line Interface for Microsoft® Volume Shadow Copy Service 
Product: Microsoft® Windows® Operating System
Company: Microsoft Corporation
OriginalFileName: VSSADMIN.EXE
CommandLine: vssadmin.exe Delete Shadows /all /quiet
CurrentDirectory: C:\Windows\system32\
User: DESKTOP-HUE026H\John Williams
LogonGuid: {df9fc3d3-1a6b-5ec9-0000-0020723c0300}
LogonId: 0x33C72
TerminalSessionId: 1
IntegrityLevel: Medium
Hashes: MD5=02A10DBF904883B1F8EE9F3CC70F5EB8,SHA256=ACDCC96D628EE8FF7F07FC5D795A05C22EB239BE0D44A9F01727B6124A9619A9,IMPHASH=C1EDC431CD345F0A0F32019895D13FCE
ParentProcessGuid: {df9fc3d3-1a8d-5ec9-0000-001047510b00}
ParentProcessId: 6312
ParentImage: C:\Users\John Williams\Downloads\sQCMgCG.exe
ParentCommandLine: ""C:\Users\John Williams\Downloads\sQCMgCG.exe"" ""","vssadmin.exe Delete Shadows /all /quiet","{""win"":{""system"":{""providerName"":""Microsoft-Windows-Sysmon"",""providerGuid"":""{5770385f-c22a-43e0-bf4c-06f5698ffbd9}"",""eventID"":""1"",""version"":""5"",""level"":""4"",""task"":""1"",""opcode"":""0"",""keywords"":""0x8000000000000000"",""systemTime"":""2020-05-23T12:44:19.918258300Z"",""eventRecordID"":""1655"",""processID"":""2100"",""threadID"":""3216"",""channel"":""Microsoft-Windows-Sysmon/Operational"",""computer"":""DESKTOP-HUE026H"",""severityValue"":""INFORMATION"",""message"":""\""Process Create:\r\nRuleName: \r\nUtcTime: 2020-05-23 12:44:19.892\r\nProcessGuid: {df9fc3d3-1aa3-5ec9-0000-0010fd6d0e00}\r\nProcessId: 8108\r\nImage: C:\\Windows\\System32\\vssadmin.exe\r\nFileVersion: 10.0.18362.1 (WinBuild.160101.0800)\r\nDescription: Command Line Interface for Microsoft® Volume Shadow Copy Service \r\nProduct: Microsoft® Windows® Operating System\r\nCompany: Microsoft Corporation\r\nOriginalFileName: VSSADMIN.EXE\r\nCommandLine: vssadmin.exe Delete Shadows /all /quiet\r\nCurrentDirectory: C:\\Windows\\system32\\\r\nUser: DESKTOP-HUE026H\\John Williams\r\nLogonGuid: {df9fc3d3-1a6b-5ec9-0000-0020723c0300}\r\nLogonId: 0x33C72\r\nTerminalSessionId: 1\r\nIntegrityLevel: Medium\r\nHashes: MD5=02A10DBF904883B1F8EE9F3CC70F5EB8,SHA256=ACDCC96D628EE8FF7F07FC5D795A05C22EB239BE0D44A9F01727B6124A9619A9,IMPHASH=C1EDC431CD345F0A0F32019895D13FCE\r\nParentProcessGuid: {df9fc3d3-1a8d-5ec9-0000-001047510b00}\r\nParentProcessId: 6312\r\nParentImage: C:\\Users\\John Williams\\Downloads\\sQCMgCG.exe\r\nParentCommandLine: \""C:\\Users\\John Williams\\Downloads\\sQCMgCG.exe\"" \""""},""eventdata"":{""utcTime"":""2020-05-23 12:44:19.892"",""processGuid"":""{df9fc3d3-1aa3-5ec9-0000-0010fd6d0e00}"",""processId"":""8108"",""image"":""C:\\\\Windows\\\\System32\\\\vssadmin.exe"",""fileVersion"":""10.0.18362.1 (WinBuild.160101.0800)"",""description"":""Command Line Interface for Microsoft® Volume Shadow Copy Service"",""product"":""Microsoft® Windows® Operating System"",""company"":""Microsoft Corporation"",""originalFileName"":""VSSADMIN.EXE"",""commandLine"":""vssadmin.exe Delete Shadows /all /quiet"",""currentDirectory"":""C:\\\\Windows\\\\system32\\\\"",""user"":""DESKTOP-HUE026H\\\\John Williams"",""logonGuid"":""{df9fc3d3-1a6b-5ec9-0000-0020723c0300}"",""logonId"":""0x33c72"",""terminalSessionId"":""1"",""integrityLevel"":""Medium"",""hashes"":""MD5=02A10DBF904883B1F8EE9F3CC70F5EB8,SHA256=ACDCC96D628EE8FF7F07FC5D795A05C22EB239BE0D44A9F01727B6124A9619A9,IMPHASH=C1EDC431CD345F0A0F32019895D13FCE"",""parentProcessGuid"":""{df9fc3d3-1a8d-5ec9-0000-001047510b00}"",""parentProcessId"":""6312"",""parentImage"":""C:\\\\Users\\\\John Williams\\\\Downloads\\\\sQCMgCG.exe"",""parentCommandLine"":""\\\""C:\\\\Users\\\\John Williams\\\\Downloads\\\\sQCMgCG.exe\\\""""}}}"
"May 23, 2020 @ 12:44:35.495",15,"ATT&CK: WannaCry Ransomware","""Process Create:
RuleName: 
UtcTime: 2020-05-23 12:44:19.888
ProcessGuid: {df9fc3d3-1aa3-5ec9-0000-0010a56d0e00}
ProcessId: 8092
Image: C:\Windows\System32\icacls.exe
FileVersion: 10.0.18362.1 (WinBuild.160101.0800)
Description: 
Product: Microsoft® Windows® Operating System
Company: Microsoft Corporation
OriginalFileName: iCACLS.EXE
CommandLine: icacls ""C:\*"" /grant Everyone:F /T /C /Q
CurrentDirectory: C:\Windows\system32\
User: DESKTOP-HUE026H\John Williams
LogonGuid: {df9fc3d3-1a6b-5ec9-0000-0020723c0300}
LogonId: 0x33C72
TerminalSessionId: 1
IntegrityLevel: Medium
Hashes: MD5=D8B5077F15576983CB8D344F21FD1309,SHA256=3524EDE090FE503A30DEC8F629A74B8F720C9A230E5C4E49A3BB151C8AC1424A,IMPHASH=446163A548337B5BCF2727BCD1CFB399
ParentProcessGuid: {df9fc3d3-1a8d-5ec9-0000-001047510b00}
ParentProcessId: 6312
ParentImage: C:\Users\John Williams\Downloads\sQCMgCG.exe
ParentCommandLine: ""C:\Users\John Williams\Downloads\sQCMgCG.exe"" ""","icacls \""C:\\*\"" /grant Everyone:F /T /C /Q","{""win"":{""system"":{""providerName"":""Microsoft-Windows-Sysmon"",""providerGuid"":""{5770385f-c22a-43e0-bf4c-06f5698ffbd9}"",""eventID"":""1"",""version"":""5"",""level"":""4"",""task"":""1"",""opcode"":""0"",""keywords"":""0x8000000000000000"",""systemTime"":""2020-05-23T12:44:19.915262300Z"",""eventRecordID"":""1653"",""processID"":""2100"",""threadID"":""3216"",""channel"":""Microsoft-Windows-Sysmon/Operational"",""computer"":""DESKTOP-HUE026H"",""severityValue"":""INFORMATION"",""message"":""\""Process Create:\r\nRuleName: \r\nUtcTime: 2020-05-23 12:44:19.888\r\nProcessGuid: {df9fc3d3-1aa3-5ec9-0000-0010a56d0e00}\r\nProcessId: 8092\r\nImage: C:\\Windows\\System32\\icacls.exe\r\nFileVersion: 10.0.18362.1 (WinBuild.160101.0800)\r\nDescription: \r\nProduct: Microsoft® Windows® Operating System\r\nCompany: Microsoft Corporation\r\nOriginalFileName: iCACLS.EXE\r\nCommandLine: icacls \""C:\\*\"" /grant Everyone:F /T /C /Q\r\nCurrentDirectory: C:\\Windows\\system32\\\r\nUser: DESKTOP-HUE026H\\John Williams\r\nLogonGuid: {df9fc3d3-1a6b-5ec9-0000-0020723c0300}\r\nLogonId: 0x33C72\r\nTerminalSessionId: 1\r\nIntegrityLevel: Medium\r\nHashes: MD5=D8B5077F15576983CB8D344F21FD1309,SHA256=3524EDE090FE503A30DEC8F629A74B8F720C9A230E5C4E49A3BB151C8AC1424A,IMPHASH=446163A548337B5BCF2727BCD1CFB399\r\nParentProcessGuid: {df9fc3d3-1a8d-5ec9-0000-001047510b00}\r\nParentProcessId: 6312\r\nParentImage: C:\\Users\\John Williams\\Downloads\\sQCMgCG.exe\r\nParentCommandLine: \""C:\\Users\\John Williams\\Downloads\\sQCMgCG.exe\"" \""""},""eventdata"":{""utcTime"":""2020-05-23 12:44:19.888"",""processGuid"":""{df9fc3d3-1aa3-5ec9-0000-0010a56d0e00}"",""processId"":""8092"",""image"":""C:\\\\Windows\\\\System32\\\\icacls.exe"",""fileVersion"":""10.0.18362.1 (WinBuild.160101.0800)"",""product"":""Microsoft® Windows® Operating System"",""company"":""Microsoft Corporation"",""originalFileName"":""iCACLS.EXE"",""commandLine"":""icacls \\\""C:\\\\*\\\"" /grant Everyone:F /T /C /Q"",""currentDirectory"":""C:\\\\Windows\\\\system32\\\\"",""user"":""DESKTOP-HUE026H\\\\John Williams"",""logonGuid"":""{df9fc3d3-1a6b-5ec9-0000-0020723c0300}"",""logonId"":""0x33c72"",""terminalSessionId"":""1"",""integrityLevel"":""Medium"",""hashes"":""MD5=D8B5077F15576983CB8D344F21FD1309,SHA256=3524EDE090FE503A30DEC8F629A74B8F720C9A230E5C4E49A3BB151C8AC1424A,IMPHASH=446163A548337B5BCF2727BCD1CFB399"",""parentProcessGuid"":""{df9fc3d3-1a8d-5ec9-0000-001047510b00}"",""parentProcessId"":""6312"",""parentImage"":""C:\\\\Users\\\\John Williams\\\\Downloads\\\\sQCMgCG.exe"",""parentCommandLine"":""\\\""C:\\\\Users\\\\John Williams\\\\Downloads\\\\sQCMgCG.exe\\\""""}}}"
