"May 23, 2020 @ 12:38:22.142",7,"Integrity checksum changed.",,,"File 'HKEY_LOCAL_MACHINE\Security\Policy\PolAdtEv' checksum changed.
Old md5sum was: '9d15aff4d26f802c3c4d3d74a00d8d4d'
New md5sum is : 'b40de87500ee3eed90c2ce3ce8c7946f'
Old sha1sum was: '11f3afa3902d0fadfcc52e4c051995f536c7d4e2'
New sha1sum is : '2f6e6dd0efd148b1c11d33c91e9cea4a97a84792'
"
"May 23, 2020 @ 12:38:14.357",10,"ATT&CK T1060: Autorun Keys Modification","""Registry value set:
RuleName: T1060,RunKey
EventType: SetValue
UtcTime: 2020-05-22 13:20:06.156
ProcessGuid: {df9fc3d3-d186-5ec7-0000-00107e962100}
ProcessId: 42832
Image: C:\Windows\system32\reg.exe
TargetObject: HKU\S-1-5-21-438079597-2123118846-2669748851-1001\Software\Microsoft\Windows\CurrentVersion\Run\svchos
Details: C:\Users\John Williams\Downloads\sQCMgCG.exe""",,"{""win"":{""system"":{""providerName"":""Microsoft-Windows-Sysmon"",""providerGuid"":""{5770385f-c22a-43e0-bf4c-06f5698ffbd9}"",""eventID"":""13"",""version"":""2"",""level"":""4"",""task"":""13"",""opcode"":""0"",""keywords"":""0x8000000000000000"",""systemTime"":""2020-05-22T13:20:06.176674400Z"",""eventRecordID"":""1088"",""processID"":""2292"",""threadID"":""3260"",""channel"":""Microsoft-Windows-Sysmon/Operational"",""computer"":""DESKTOP-HUE026H"",""severityValue"":""INFORMATION"",""message"":""\""Registry value set:\r\nRuleName: T1060,RunKey\r\nEventType: SetValue\r\nUtcTime: 2020-05-22 13:20:06.156\r\nProcessGuid: {df9fc3d3-d186-5ec7-0000-00107e962100}\r\nProcessId: 42832\r\nImage: C:\\Windows\\system32\\reg.exe\r\nTargetObject: HKU\\S-1-5-21-438079597-2123118846-2669748851-1001\\Software\\Microsoft\\Windows\\CurrentVersion\\Run\\svchos\r\nDetails: C:\\Users\\John Williams\\Downloads\\sQCMgCG.exe\""""},""eventdata"":{""ruleName"":""T1060,RunKey"",""eventType"":""SetValue"",""utcTime"":""2020-05-22 13:20:06.156"",""processGuid"":""{df9fc3d3-d186-5ec7-0000-00107e962100}"",""processId"":""42832"",""image"":""C:\\\\Windows\\\\system32\\\\reg.exe"",""targetObject"":""HKU\\\\S-1-5-21-438079597-2123118846-2669748851-1001\\\\Software\\\\Microsoft\\\\Windows\\\\CurrentVersion\\\\Run\\\\svchos"",""details"":""C:\\\\Users\\\\John Williams\\\\Downloads\\\\sQCMgCG.exe""}}}"
"May 23, 2020 @ 12:38:14.244",10,"ATT&CK T1060: Direct Autorun Keys Modification","""Process Create:
RuleName: 
UtcTime: 2020-05-22 13:20:06.011
ProcessGuid: {df9fc3d3-d186-5ec7-0000-00107e962100}
ProcessId: 42832
Image: C:\Windows\System32\reg.exe
FileVersion: 10.0.18362.476 (WinBuild.160101.0800)
Description: Registry Console Tool
Product: Microsoft® Windows® Operating System
Company: Microsoft Corporation
OriginalFileName: reg.exe
CommandLine: REG  ADD ""HKEY_CURRENT_USER\SOFTWARE\Microsoft\Windows\CurrentVersion\Run"" /v ""svchos"" /t REG_SZ /d ""C:\Users\John Williams\Downloads\sQCMgCG.exe"" /f
CurrentDirectory: C:\Users\John Williams\Downloads\
User: DESKTOP-HUE026H\John Williams
LogonGuid: {df9fc3d3-d0d4-5ec7-0000-002021020300}
LogonId: 0x30221
TerminalSessionId: 1
IntegrityLevel: Medium
Hashes: MD5=601BDDF7691C5AF626A5719F1D7E35F1,SHA256=4ED2A27860FA154415F65452FF1F94BD6AF762982E2F3470030C504DC3C8A354,IMPHASH=BE482BE427FE212CFEF2CDA0E61F19AC
ParentProcessGuid: {df9fc3d3-d184-5ec7-0000-00105e272100}
ParentProcessId: 39604
ParentImage: C:\Windows\System32\cmd.exe
ParentCommandLine: ""C:\Windows\System32\cmd.exe"" /C REG ADD ""HKEY_CURRENT_USER\SOFTWARE\Microsoft\Windows\CurrentVersion\Run"" /v ""svchos"" /t REG_SZ /d ""C:\Users\John Williams\Downloads\sQCMgCG.exe"" /f""","REG  ADD \""HKEY_CURRENT_USER\\SOFTWARE\\Microsoft\\Windows\\CurrentVersion\\Run\"" /v \""svchos\"" /t REG_SZ /d \""C:\\Users\\John Williams\\Downloads\\sQCMgCG.exe\"" /f","{""win"":{""system"":{""providerName"":""Microsoft-Windows-Sysmon"",""providerGuid"":""{5770385f-c22a-43e0-bf4c-06f5698ffbd9}"",""eventID"":""1"",""version"":""5"",""level"":""4"",""task"":""1"",""opcode"":""0"",""keywords"":""0x8000000000000000"",""systemTime"":""2020-05-22T13:20:06.013837900Z"",""eventRecordID"":""1085"",""processID"":""2292"",""threadID"":""3260"",""channel"":""Microsoft-Windows-Sysmon/Operational"",""computer"":""DESKTOP-HUE026H"",""severityValue"":""INFORMATION"",""message"":""\""Process Create:\r\nRuleName: \r\nUtcTime: 2020-05-22 13:20:06.011\r\nProcessGuid: {df9fc3d3-d186-5ec7-0000-00107e962100}\r\nProcessId: 42832\r\nImage: C:\\Windows\\System32\\reg.exe\r\nFileVersion: 10.0.18362.476 (WinBuild.160101.0800)\r\nDescription: Registry Console Tool\r\nProduct: Microsoft® Windows® Operating System\r\nCompany: Microsoft Corporation\r\nOriginalFileName: reg.exe\r\nCommandLine: REG  ADD \""HKEY_CURRENT_USER\\SOFTWARE\\Microsoft\\Windows\\CurrentVersion\\Run\"" /v \""svchos\"" /t REG_SZ /d \""C:\\Users\\John Williams\\Downloads\\sQCMgCG.exe\"" /f\r\nCurrentDirectory: C:\\Users\\John Williams\\Downloads\\\r\nUser: DESKTOP-HUE026H\\John Williams\r\nLogonGuid: {df9fc3d3-d0d4-5ec7-0000-002021020300}\r\nLogonId: 0x30221\r\nTerminalSessionId: 1\r\nIntegrityLevel: Medium\r\nHashes: MD5=601BDDF7691C5AF626A5719F1D7E35F1,SHA256=4ED2A27860FA154415F65452FF1F94BD6AF762982E2F3470030C504DC3C8A354,IMPHASH=BE482BE427FE212CFEF2CDA0E61F19AC\r\nParentProcessGuid: {df9fc3d3-d184-5ec7-0000-00105e272100}\r\nParentProcessId: 39604\r\nParentImage: C:\\Windows\\System32\\cmd.exe\r\nParentCommandLine: \""C:\\Windows\\System32\\cmd.exe\"" /C REG ADD \""HKEY_CURRENT_USER\\SOFTWARE\\Microsoft\\Windows\\CurrentVersion\\Run\"" /v \""svchos\"" /t REG_SZ /d \""C:\\Users\\John Williams\\Downloads\\sQCMgCG.exe\"" /f\""""},""eventdata"":{""utcTime"":""2020-05-22 13:20:06.011"",""processGuid"":""{df9fc3d3-d186-5ec7-0000-00107e962100}"",""processId"":""42832"",""image"":""C:\\\\Windows\\\\System32\\\\reg.exe"",""fileVersion"":""10.0.18362.476 (WinBuild.160101.0800)"",""description"":""Registry Console Tool"",""product"":""Microsoft® Windows® Operating System"",""company"":""Microsoft Corporation"",""originalFileName"":""reg.exe"",""commandLine"":""REG  ADD \\\""HKEY_CURRENT_USER\\\\SOFTWARE\\\\Microsoft\\\\Windows\\\\CurrentVersion\\\\Run\\\"" /v \\\""svchos\\\"" /t REG_SZ /d \\\""C:\\\\Users\\\\John Williams\\\\Downloads\\\\sQCMgCG.exe\\\"" /f"",""currentDirectory"":""C:\\\\Users\\\\John Williams\\\\Downloads\\\\"",""user"":""DESKTOP-HUE026H\\\\John Williams"",""logonGuid"":""{df9fc3d3-d0d4-5ec7-0000-002021020300}"",""logonId"":""0x30221"",""terminalSessionId"":""1"",""integrityLevel"":""Medium"",""hashes"":""MD5=601BDDF7691C5AF626A5719F1D7E35F1,SHA256=4ED2A27860FA154415F65452FF1F94BD6AF762982E2F3470030C504DC3C8A354,IMPHASH=BE482BE427FE212CFEF2CDA0E61F19AC"",""parentProcessGuid"":""{df9fc3d3-d184-5ec7-0000-00105e272100}"",""parentProcessId"":""39604"",""parentImage"":""C:\\\\Windows\\\\System32\\\\cmd.exe"",""parentCommandLine"":""\\\""C:\\\\Windows\\\\System32\\\\cmd.exe\\\"" /C REG ADD \\\""HKEY_CURRENT_USER\\\\SOFTWARE\\\\Microsoft\\\\Windows\\\\CurrentVersion\\\\Run\\\"" /v \\\""svchos\\\"" /t REG_SZ /d \\\""C:\\\\Users\\\\John Williams\\\\Downloads\\\\sQCMgCG.exe\\\"" /f""}}}"
"May 23, 2020 @ 12:38:10.557",9,"Windows Application error event","""Faulting application name: RuntimeBroker.exe, version: 10.0.18362.1, time stamp: 0x4539d5a0
Faulting module name: ntdll.dll, version: 10.0.18362.719, time stamp: 0x64d10ee0
Exception code: 0xc0000005
Fault offset: 0x000000000003b890
Faulting process id: 0xfc8
Faulting application start time: 0x01d6303b578d1d2e
Faulting application path: C:\Windows\System32\RuntimeBroker.exe
Faulting module path: C:\Windows\SYSTEM32\ntdll.dll
Report Id: 4f923674-84bd-4ac6-b470-6cc2e5763025
Faulting package full name: Microsoft.YourPhone_1.20022.82.0_x64__8wekyb3d8bbwe
Faulting package-relative application ID: runtimebroker07f4358a809ac99a64a67c1""",,
"May 23, 2020 @ 12:38:05.475",9,"Windows Application error event","""Faulting application name: svchost.exe, version: 10.0.18362.1, time stamp: 0x32d6c210
Faulting module name: unknown, version: 0.0.0.0, time stamp: 0x00000000
Exception code: 0xc0000005
Fault offset: 0x00007ff75b59e38d
Faulting process id: 0xd08
Faulting application start time: 0x01d6303b4d942d6b
Faulting application path: C:\Windows\system32\svchost.exe
Faulting module path: unknown
Report Id: 31dbde77-5b08-4977-9049-74aa3437b70e
Faulting package full name: 
Faulting package-relative application ID: """,,
"May 23, 2020 @ 12:37:54.005",10,"ATT&CK T1060: Autorun Keys Modification","""Registry value set:
RuleName: T1060,RunKey
EventType: SetValue
UtcTime: 2020-05-22 13:19:45.444
ProcessGuid: {df9fc3d3-d171-5ec7-0000-0010d0af1c00}
ProcessId: 8244
Image: C:\Windows\system32\reg.exe
TargetObject: HKU\S-1-5-21-438079597-2123118846-2669748851-1001\Software\Microsoft\Windows\CurrentVersion\Run\svchos
Details: C:\Users\John Williams\Downloads\progam18.exe""",,"{""win"":{""system"":{""providerName"":""Microsoft-Windows-Sysmon"",""providerGuid"":""{5770385f-c22a-43e0-bf4c-06f5698ffbd9}"",""eventID"":""13"",""version"":""2"",""level"":""4"",""task"":""13"",""opcode"":""0"",""keywords"":""0x8000000000000000"",""systemTime"":""2020-05-22T13:19:45.463405100Z"",""eventRecordID"":""1063"",""processID"":""2292"",""threadID"":""3260"",""channel"":""Microsoft-Windows-Sysmon/Operational"",""computer"":""DESKTOP-HUE026H"",""severityValue"":""INFORMATION"",""message"":""\""Registry value set:\r\nRuleName: T1060,RunKey\r\nEventType: SetValue\r\nUtcTime: 2020-05-22 13:19:45.444\r\nProcessGuid: {df9fc3d3-d171-5ec7-0000-0010d0af1c00}\r\nProcessId: 8244\r\nImage: C:\\Windows\\system32\\reg.exe\r\nTargetObject: HKU\\S-1-5-21-438079597-2123118846-2669748851-1001\\Software\\Microsoft\\Windows\\CurrentVersion\\Run\\svchos\r\nDetails: C:\\Users\\John Williams\\Downloads\\progam18.exe\""""},""eventdata"":{""ruleName"":""T1060,RunKey"",""eventType"":""SetValue"",""utcTime"":""2020-05-22 13:19:45.444"",""processGuid"":""{df9fc3d3-d171-5ec7-0000-0010d0af1c00}"",""processId"":""8244"",""image"":""C:\\\\Windows\\\\system32\\\\reg.exe"",""targetObject"":""HKU\\\\S-1-5-21-438079597-2123118846-2669748851-1001\\\\Software\\\\Microsoft\\\\Windows\\\\CurrentVersion\\\\Run\\\\svchos"",""details"":""C:\\\\Users\\\\John Williams\\\\Downloads\\\\progam18.exe""}}}"
"May 23, 2020 @ 12:37:53.998",10,"ATT&CK T1060: Direct Autorun Keys Modification","""Process Create:
RuleName: 
UtcTime: 2020-05-22 13:19:45.355
ProcessGuid: {df9fc3d3-d171-5ec7-0000-0010d0af1c00}
ProcessId: 8244
Image: C:\Windows\System32\reg.exe
FileVersion: 10.0.18362.476 (WinBuild.160101.0800)
Description: Registry Console Tool
Product: Microsoft® Windows® Operating System
Company: Microsoft Corporation
OriginalFileName: reg.exe
CommandLine: REG  ADD ""HKEY_CURRENT_USER\SOFTWARE\Microsoft\Windows\CurrentVersion\Run"" /v ""svchos"" /t REG_SZ /d ""C:\Users\John Williams\Downloads\progam18.exe"" /f
CurrentDirectory: C:\Users\John Williams\Downloads\
User: DESKTOP-HUE026H\John Williams
LogonGuid: {df9fc3d3-d0d4-5ec7-0000-002021020300}
LogonId: 0x30221
TerminalSessionId: 1
IntegrityLevel: Medium
Hashes: MD5=601BDDF7691C5AF626A5719F1D7E35F1,SHA256=4ED2A27860FA154415F65452FF1F94BD6AF762982E2F3470030C504DC3C8A354,IMPHASH=BE482BE427FE212CFEF2CDA0E61F19AC
ParentProcessGuid: {df9fc3d3-d170-5ec7-0000-00108e7f1c00}
ParentProcessId: 6372
ParentImage: C:\Windows\System32\cmd.exe
ParentCommandLine: ""C:\Windows\System32\cmd.exe"" /C REG ADD ""HKEY_CURRENT_USER\SOFTWARE\Microsoft\Windows\CurrentVersion\Run"" /v ""svchos"" /t REG_SZ /d ""C:\Users\John Williams\Downloads\progam18.exe"" /f""","REG  ADD \""HKEY_CURRENT_USER\\SOFTWARE\\Microsoft\\Windows\\CurrentVersion\\Run\"" /v \""svchos\"" /t REG_SZ /d \""C:\\Users\\John Williams\\Downloads\\progam18.exe\"" /f","{""win"":{""system"":{""providerName"":""Microsoft-Windows-Sysmon"",""providerGuid"":""{5770385f-c22a-43e0-bf4c-06f5698ffbd9}"",""eventID"":""1"",""version"":""5"",""level"":""4"",""task"":""1"",""opcode"":""0"",""keywords"":""0x8000000000000000"",""systemTime"":""2020-05-22T13:19:45.386698100Z"",""eventRecordID"":""1062"",""processID"":""2292"",""threadID"":""3260"",""channel"":""Microsoft-Windows-Sysmon/Operational"",""computer"":""DESKTOP-HUE026H"",""severityValue"":""INFORMATION"",""message"":""\""Process Create:\r\nRuleName: \r\nUtcTime: 2020-05-22 13:19:45.355\r\nProcessGuid: {df9fc3d3-d171-5ec7-0000-0010d0af1c00}\r\nProcessId: 8244\r\nImage: C:\\Windows\\System32\\reg.exe\r\nFileVersion: 10.0.18362.476 (WinBuild.160101.0800)\r\nDescription: Registry Console Tool\r\nProduct: Microsoft® Windows® Operating System\r\nCompany: Microsoft Corporation\r\nOriginalFileName: reg.exe\r\nCommandLine: REG  ADD \""HKEY_CURRENT_USER\\SOFTWARE\\Microsoft\\Windows\\CurrentVersion\\Run\"" /v \""svchos\"" /t REG_SZ /d \""C:\\Users\\John Williams\\Downloads\\progam18.exe\"" /f\r\nCurrentDirectory: C:\\Users\\John Williams\\Downloads\\\r\nUser: DESKTOP-HUE026H\\John Williams\r\nLogonGuid: {df9fc3d3-d0d4-5ec7-0000-002021020300}\r\nLogonId: 0x30221\r\nTerminalSessionId: 1\r\nIntegrityLevel: Medium\r\nHashes: MD5=601BDDF7691C5AF626A5719F1D7E35F1,SHA256=4ED2A27860FA154415F65452FF1F94BD6AF762982E2F3470030C504DC3C8A354,IMPHASH=BE482BE427FE212CFEF2CDA0E61F19AC\r\nParentProcessGuid: {df9fc3d3-d170-5ec7-0000-00108e7f1c00}\r\nParentProcessId: 6372\r\nParentImage: C:\\Windows\\System32\\cmd.exe\r\nParentCommandLine: \""C:\\Windows\\System32\\cmd.exe\"" /C REG ADD \""HKEY_CURRENT_USER\\SOFTWARE\\Microsoft\\Windows\\CurrentVersion\\Run\"" /v \""svchos\"" /t REG_SZ /d \""C:\\Users\\John Williams\\Downloads\\progam18.exe\"" /f\""""},""eventdata"":{""utcTime"":""2020-05-22 13:19:45.355"",""processGuid"":""{df9fc3d3-d171-5ec7-0000-0010d0af1c00}"",""processId"":""8244"",""image"":""C:\\\\Windows\\\\System32\\\\reg.exe"",""fileVersion"":""10.0.18362.476 (WinBuild.160101.0800)"",""description"":""Registry Console Tool"",""product"":""Microsoft® Windows® Operating System"",""company"":""Microsoft Corporation"",""originalFileName"":""reg.exe"",""commandLine"":""REG  ADD \\\""HKEY_CURRENT_USER\\\\SOFTWARE\\\\Microsoft\\\\Windows\\\\CurrentVersion\\\\Run\\\"" /v \\\""svchos\\\"" /t REG_SZ /d \\\""C:\\\\Users\\\\John Williams\\\\Downloads\\\\progam18.exe\\\"" /f"",""currentDirectory"":""C:\\\\Users\\\\John Williams\\\\Downloads\\\\"",""user"":""DESKTOP-HUE026H\\\\John Williams"",""logonGuid"":""{df9fc3d3-d0d4-5ec7-0000-002021020300}"",""logonId"":""0x30221"",""terminalSessionId"":""1"",""integrityLevel"":""Medium"",""hashes"":""MD5=601BDDF7691C5AF626A5719F1D7E35F1,SHA256=4ED2A27860FA154415F65452FF1F94BD6AF762982E2F3470030C504DC3C8A354,IMPHASH=BE482BE427FE212CFEF2CDA0E61F19AC"",""parentProcessGuid"":""{df9fc3d3-d170-5ec7-0000-00108e7f1c00}"",""parentProcessId"":""6372"",""parentImage"":""C:\\\\Windows\\\\System32\\\\cmd.exe"",""parentCommandLine"":""\\\""C:\\\\Windows\\\\System32\\\\cmd.exe\\\"" /C REG ADD \\\""HKEY_CURRENT_USER\\\\SOFTWARE\\\\Microsoft\\\\Windows\\\\CurrentVersion\\\\Run\\\"" /v \\\""svchos\\\"" /t REG_SZ /d \\\""C:\\\\Users\\\\John Williams\\\\Downloads\\\\progam18.exe\\\"" /f""}}}"
"May 23, 2020 @ 12:37:53.946",8,"ATT&CK T1489: Stop Windows Service","""Process Create:
RuleName: 
UtcTime: 2020-05-22 13:19:45.169
ProcessGuid: {df9fc3d3-d171-5ec7-0000-0010e2a91c00}
ProcessId: 7844
Image: C:\Windows\System32\net1.exe
FileVersion: 10.0.18362.1 (WinBuild.160101.0800)
Description: Net Command
Product: Microsoft® Windows® Operating System
Company: Microsoft Corporation
OriginalFileName: net1.exe
CommandLine: C:\Windows\system32\net1 stop ""audioendpointbuilder"" /y
CurrentDirectory: C:\Users\John Williams\Downloads\
User: DESKTOP-HUE026H\John Williams
LogonGuid: {df9fc3d3-d0d4-5ec7-0000-002021020300}
LogonId: 0x30221
TerminalSessionId: 1
IntegrityLevel: Medium
Hashes: MD5=0F641F87A791AE07C00A725BBBD77724,SHA256=286E7F127B06386BD1CC9664851848F483A867F0F604AA352893151068715FAA,IMPHASH=41DBA1AF77E1A2260F0CE46D59ADCB5E
ParentProcessGuid: {df9fc3d3-d170-5ec7-0000-001030831c00}
ParentProcessId: 6592
ParentImage: C:\Windows\System32\net.exe
ParentCommandLine: ""C:\Windows\System32\net.exe"" stop ""audioendpointbuilder"" /y""","C:\\Windows\\system32\\net1 stop \""audioendpointbuilder\"" /y","{""win"":{""system"":{""providerName"":""Microsoft-Windows-Sysmon"",""providerGuid"":""{5770385f-c22a-43e0-bf4c-06f5698ffbd9}"",""eventID"":""1"",""version"":""5"",""level"":""4"",""task"":""1"",""opcode"":""0"",""keywords"":""0x8000000000000000"",""systemTime"":""2020-05-22T13:19:45.187026600Z"",""eventRecordID"":""1059"",""processID"":""2292"",""threadID"":""3260"",""channel"":""Microsoft-Windows-Sysmon/Operational"",""computer"":""DESKTOP-HUE026H"",""severityValue"":""INFORMATION"",""message"":""\""Process Create:\r\nRuleName: \r\nUtcTime: 2020-05-22 13:19:45.169\r\nProcessGuid: {df9fc3d3-d171-5ec7-0000-0010e2a91c00}\r\nProcessId: 7844\r\nImage: C:\\Windows\\System32\\net1.exe\r\nFileVersion: 10.0.18362.1 (WinBuild.160101.0800)\r\nDescription: Net Command\r\nProduct: Microsoft® Windows® Operating System\r\nCompany: Microsoft Corporation\r\nOriginalFileName: net1.exe\r\nCommandLine: C:\\Windows\\system32\\net1 stop \""audioendpointbuilder\"" /y\r\nCurrentDirectory: C:\\Users\\John Williams\\Downloads\\\r\nUser: DESKTOP-HUE026H\\John Williams\r\nLogonGuid: {df9fc3d3-d0d4-5ec7-0000-002021020300}\r\nLogonId: 0x30221\r\nTerminalSessionId: 1\r\nIntegrityLevel: Medium\r\nHashes: MD5=0F641F87A791AE07C00A725BBBD77724,SHA256=286E7F127B06386BD1CC9664851848F483A867F0F604AA352893151068715FAA,IMPHASH=41DBA1AF77E1A2260F0CE46D59ADCB5E\r\nParentProcessGuid: {df9fc3d3-d170-5ec7-0000-001030831c00}\r\nParentProcessId: 6592\r\nParentImage: C:\\Windows\\System32\\net.exe\r\nParentCommandLine: \""C:\\Windows\\System32\\net.exe\"" stop \""audioendpointbuilder\"" /y\""""},""eventdata"":{""utcTime"":""2020-05-22 13:19:45.169"",""processGuid"":""{df9fc3d3-d171-5ec7-0000-0010e2a91c00}"",""processId"":""7844"",""image"":""C:\\\\Windows\\\\System32\\\\net1.exe"",""fileVersion"":""10.0.18362.1 (WinBuild.160101.0800)"",""description"":""Net Command"",""product"":""Microsoft® Windows® Operating System"",""company"":""Microsoft Corporation"",""originalFileName"":""net1.exe"",""commandLine"":""C:\\\\Windows\\\\system32\\\\net1 stop \\\""audioendpointbuilder\\\"" /y"",""currentDirectory"":""C:\\\\Users\\\\John Williams\\\\Downloads\\\\"",""user"":""DESKTOP-HUE026H\\\\John Williams"",""logonGuid"":""{df9fc3d3-d0d4-5ec7-0000-002021020300}"",""logonId"":""0x30221"",""terminalSessionId"":""1"",""integrityLevel"":""Medium"",""hashes"":""MD5=0F641F87A791AE07C00A725BBBD77724,SHA256=286E7F127B06386BD1CC9664851848F483A867F0F604AA352893151068715FAA,IMPHASH=41DBA1AF77E1A2260F0CE46D59ADCB5E"",""parentProcessGuid"":""{df9fc3d3-d170-5ec7-0000-001030831c00}"",""parentProcessId"":""6592"",""parentImage"":""C:\\\\Windows\\\\System32\\\\net.exe"",""parentCommandLine"":""\\\""C:\\\\Windows\\\\System32\\\\net.exe\\\"" stop \\\""audioendpointbuilder\\\"" /y""}}}"
"May 23, 2020 @ 12:37:53.946",8,"ATT&CK T1489: Stop Windows Service","""Process Create:
RuleName: 
UtcTime: 2020-05-22 13:19:45.184
ProcessGuid: {df9fc3d3-d171-5ec7-0000-00108aaa1c00}
ProcessId: 7860
Image: C:\Windows\System32\net1.exe
FileVersion: 10.0.18362.1 (WinBuild.160101.0800)
Description: Net Command
Product: Microsoft® Windows® Operating System
Company: Microsoft Corporation
OriginalFileName: net1.exe
CommandLine: C:\Windows\system32\net1 stop ""samss"" /y
CurrentDirectory: C:\Users\John Williams\Downloads\
User: DESKTOP-HUE026H\John Williams
LogonGuid: {df9fc3d3-d0d4-5ec7-0000-002021020300}
LogonId: 0x30221
TerminalSessionId: 1
IntegrityLevel: Medium
Hashes: MD5=0F641F87A791AE07C00A725BBBD77724,SHA256=286E7F127B06386BD1CC9664851848F483A867F0F604AA352893151068715FAA,IMPHASH=41DBA1AF77E1A2260F0CE46D59ADCB5E
ParentProcessGuid: {df9fc3d3-d170-5ec7-0000-0010b1951c00}
ParentProcessId: 4060
ParentImage: C:\Windows\System32\net.exe
ParentCommandLine: ""C:\Windows\System32\net.exe"" stop ""samss"" /y""","C:\\Windows\\system32\\net1 stop \""samss\"" /y","{""win"":{""system"":{""providerName"":""Microsoft-Windows-Sysmon"",""providerGuid"":""{5770385f-c22a-43e0-bf4c-06f5698ffbd9}"",""eventID"":""1"",""version"":""5"",""level"":""4"",""task"":""1"",""opcode"":""0"",""keywords"":""0x8000000000000000"",""systemTime"":""2020-05-22T13:19:45.188295700Z"",""eventRecordID"":""1060"",""processID"":""2292"",""threadID"":""3260"",""channel"":""Microsoft-Windows-Sysmon/Operational"",""computer"":""DESKTOP-HUE026H"",""severityValue"":""INFORMATION"",""message"":""\""Process Create:\r\nRuleName: \r\nUtcTime: 2020-05-22 13:19:45.184\r\nProcessGuid: {df9fc3d3-d171-5ec7-0000-00108aaa1c00}\r\nProcessId: 7860\r\nImage: C:\\Windows\\System32\\net1.exe\r\nFileVersion: 10.0.18362.1 (WinBuild.160101.0800)\r\nDescription: Net Command\r\nProduct: Microsoft® Windows® Operating System\r\nCompany: Microsoft Corporation\r\nOriginalFileName: net1.exe\r\nCommandLine: C:\\Windows\\system32\\net1 stop \""samss\"" /y\r\nCurrentDirectory: C:\\Users\\John Williams\\Downloads\\\r\nUser: DESKTOP-HUE026H\\John Williams\r\nLogonGuid: {df9fc3d3-d0d4-5ec7-0000-002021020300}\r\nLogonId: 0x30221\r\nTerminalSessionId: 1\r\nIntegrityLevel: Medium\r\nHashes: MD5=0F641F87A791AE07C00A725BBBD77724,SHA256=286E7F127B06386BD1CC9664851848F483A867F0F604AA352893151068715FAA,IMPHASH=41DBA1AF77E1A2260F0CE46D59ADCB5E\r\nParentProcessGuid: {df9fc3d3-d170-5ec7-0000-0010b1951c00}\r\nParentProcessId: 4060\r\nParentImage: C:\\Windows\\System32\\net.exe\r\nParentCommandLine: \""C:\\Windows\\System32\\net.exe\"" stop \""samss\"" /y\""""},""eventdata"":{""utcTime"":""2020-05-22 13:19:45.184"",""processGuid"":""{df9fc3d3-d171-5ec7-0000-00108aaa1c00}"",""processId"":""7860"",""image"":""C:\\\\Windows\\\\System32\\\\net1.exe"",""fileVersion"":""10.0.18362.1 (WinBuild.160101.0800)"",""description"":""Net Command"",""product"":""Microsoft® Windows® Operating System"",""company"":""Microsoft Corporation"",""originalFileName"":""net1.exe"",""commandLine"":""C:\\\\Windows\\\\system32\\\\net1 stop \\\""samss\\\"" /y"",""currentDirectory"":""C:\\\\Users\\\\John Williams\\\\Downloads\\\\"",""user"":""DESKTOP-HUE026H\\\\John Williams"",""logonGuid"":""{df9fc3d3-d0d4-5ec7-0000-002021020300}"",""logonId"":""0x30221"",""terminalSessionId"":""1"",""integrityLevel"":""Medium"",""hashes"":""MD5=0F641F87A791AE07C00A725BBBD77724,SHA256=286E7F127B06386BD1CC9664851848F483A867F0F604AA352893151068715FAA,IMPHASH=41DBA1AF77E1A2260F0CE46D59ADCB5E"",""parentProcessGuid"":""{df9fc3d3-d170-5ec7-0000-0010b1951c00}"",""parentProcessId"":""4060"",""parentImage"":""C:\\\\Windows\\\\System32\\\\net.exe"",""parentCommandLine"":""\\\""C:\\\\Windows\\\\System32\\\\net.exe\\\"" stop \\\""samss\\\"" /y""}}}"
"May 23, 2020 @ 12:37:53.036",10,"Multiple Windows error Application events","""Volume Shadow Copy Service information: The COM Server with CLSID {e579ab5f-1cc4-44b4-bed9-de0991ff0623} and name Coordinator cannot be started. [0x80070005, Access is denied.
] """,,
"May 23, 2020 @ 12:37:53.027",8,"ATT&CK T1489: Stop Windows Service","""Process Create:
RuleName: 
UtcTime: 2020-05-22 13:19:44.611
ProcessGuid: {df9fc3d3-d170-5ec7-0000-0010b1951c00}
ProcessId: 4060
Image: C:\Windows\System32\net.exe
FileVersion: 10.0.18362.1 (WinBuild.160101.0800)
Description: Net Command
Product: Microsoft® Windows® Operating System
Company: Microsoft Corporation
OriginalFileName: net.exe
CommandLine: ""C:\Windows\System32\net.exe"" stop ""samss"" /y
CurrentDirectory: C:\Users\John Williams\Downloads\
User: DESKTOP-HUE026H\John Williams
LogonGuid: {df9fc3d3-d0d4-5ec7-0000-002021020300}
LogonId: 0x30221
TerminalSessionId: 1
IntegrityLevel: Medium
Hashes: MD5=A63DF9A6E9098CC189F2A3EFC37600F6,SHA256=96CDFD7B263947A6A7C0DB54141A6B8D7777DB0A03A17CBF95666D98422F937B,IMPHASH=57F0C47AE2A1A2C06C8B987372AB0B07
ParentProcessGuid: {df9fc3d3-d15d-5ec7-0000-00103e661900}
ParentProcessId: 2284
ParentImage: C:\Users\John Williams\Downloads\progam18.exe
ParentCommandLine: ""C:\Users\John Williams\Downloads\progam18.exe"" ""","\""C:\\Windows\\System32\\net.exe\"" stop \""samss\"" /y","{""win"":{""system"":{""providerName"":""Microsoft-Windows-Sysmon"",""providerGuid"":""{5770385f-c22a-43e0-bf4c-06f5698ffbd9}"",""eventID"":""1"",""version"":""5"",""level"":""4"",""task"":""1"",""opcode"":""0"",""keywords"":""0x8000000000000000"",""systemTime"":""2020-05-22T13:19:44.613491000Z"",""eventRecordID"":""1058"",""processID"":""2292"",""threadID"":""3260"",""channel"":""Microsoft-Windows-Sysmon/Operational"",""computer"":""DESKTOP-HUE026H"",""severityValue"":""INFORMATION"",""message"":""\""Process Create:\r\nRuleName: \r\nUtcTime: 2020-05-22 13:19:44.611\r\nProcessGuid: {df9fc3d3-d170-5ec7-0000-0010b1951c00}\r\nProcessId: 4060\r\nImage: C:\\Windows\\System32\\net.exe\r\nFileVersion: 10.0.18362.1 (WinBuild.160101.0800)\r\nDescription: Net Command\r\nProduct: Microsoft® Windows® Operating System\r\nCompany: Microsoft Corporation\r\nOriginalFileName: net.exe\r\nCommandLine: \""C:\\Windows\\System32\\net.exe\"" stop \""samss\"" /y\r\nCurrentDirectory: C:\\Users\\John Williams\\Downloads\\\r\nUser: DESKTOP-HUE026H\\John Williams\r\nLogonGuid: {df9fc3d3-d0d4-5ec7-0000-002021020300}\r\nLogonId: 0x30221\r\nTerminalSessionId: 1\r\nIntegrityLevel: Medium\r\nHashes: MD5=A63DF9A6E9098CC189F2A3EFC37600F6,SHA256=96CDFD7B263947A6A7C0DB54141A6B8D7777DB0A03A17CBF95666D98422F937B,IMPHASH=57F0C47AE2A1A2C06C8B987372AB0B07\r\nParentProcessGuid: {df9fc3d3-d15d-5ec7-0000-00103e661900}\r\nParentProcessId: 2284\r\nParentImage: C:\\Users\\John Williams\\Downloads\\progam18.exe\r\nParentCommandLine: \""C:\\Users\\John Williams\\Downloads\\progam18.exe\"" \""""},""eventdata"":{""utcTime"":""2020-05-22 13:19:44.611"",""processGuid"":""{df9fc3d3-d170-5ec7-0000-0010b1951c00}"",""processId"":""4060"",""image"":""C:\\\\Windows\\\\System32\\\\net.exe"",""fileVersion"":""10.0.18362.1 (WinBuild.160101.0800)"",""description"":""Net Command"",""product"":""Microsoft® Windows® Operating System"",""company"":""Microsoft Corporation"",""originalFileName"":""net.exe"",""commandLine"":""\\\""C:\\\\Windows\\\\System32\\\\net.exe\\\"" stop \\\""samss\\\"" /y"",""currentDirectory"":""C:\\\\Users\\\\John Williams\\\\Downloads\\\\"",""user"":""DESKTOP-HUE026H\\\\John Williams"",""logonGuid"":""{df9fc3d3-d0d4-5ec7-0000-002021020300}"",""logonId"":""0x30221"",""terminalSessionId"":""1"",""integrityLevel"":""Medium"",""hashes"":""MD5=A63DF9A6E9098CC189F2A3EFC37600F6,SHA256=96CDFD7B263947A6A7C0DB54141A6B8D7777DB0A03A17CBF95666D98422F937B,IMPHASH=57F0C47AE2A1A2C06C8B987372AB0B07"",""parentProcessGuid"":""{df9fc3d3-d15d-5ec7-0000-00103e661900}"",""parentProcessId"":""2284"",""parentImage"":""C:\\\\Users\\\\John Williams\\\\Downloads\\\\progam18.exe"",""parentCommandLine"":""\\\""C:\\\\Users\\\\John Williams\\\\Downloads\\\\progam18.exe\\\""""}}}"
"May 23, 2020 @ 12:37:53.000",8,"ATT&CK T1489: Stop Windows Service","""Process Create:
RuleName: 
UtcTime: 2020-05-22 13:19:44.288
ProcessGuid: {df9fc3d3-d170-5ec7-0000-001030831c00}
ProcessId: 6592
Image: C:\Windows\System32\net.exe
FileVersion: 10.0.18362.1 (WinBuild.160101.0800)
Description: Net Command
Product: Microsoft® Windows® Operating System
Company: Microsoft Corporation
OriginalFileName: net.exe
CommandLine: ""C:\Windows\System32\net.exe"" stop ""audioendpointbuilder"" /y
CurrentDirectory: C:\Users\John Williams\Downloads\
User: DESKTOP-HUE026H\John Williams
LogonGuid: {df9fc3d3-d0d4-5ec7-0000-002021020300}
LogonId: 0x30221
TerminalSessionId: 1
IntegrityLevel: Medium
Hashes: MD5=A63DF9A6E9098CC189F2A3EFC37600F6,SHA256=96CDFD7B263947A6A7C0DB54141A6B8D7777DB0A03A17CBF95666D98422F937B,IMPHASH=57F0C47AE2A1A2C06C8B987372AB0B07
ParentProcessGuid: {df9fc3d3-d15d-5ec7-0000-00103e661900}
ParentProcessId: 2284
ParentImage: C:\Users\John Williams\Downloads\progam18.exe
ParentCommandLine: ""C:\Users\John Williams\Downloads\progam18.exe"" ""","\""C:\\Windows\\System32\\net.exe\"" stop \""audioendpointbuilder\"" /y","{""win"":{""system"":{""providerName"":""Microsoft-Windows-Sysmon"",""providerGuid"":""{5770385f-c22a-43e0-bf4c-06f5698ffbd9}"",""eventID"":""1"",""version"":""5"",""level"":""4"",""task"":""1"",""opcode"":""0"",""keywords"":""0x8000000000000000"",""systemTime"":""2020-05-22T13:19:44.362993400Z"",""eventRecordID"":""1057"",""processID"":""2292"",""threadID"":""3260"",""channel"":""Microsoft-Windows-Sysmon/Operational"",""computer"":""DESKTOP-HUE026H"",""severityValue"":""INFORMATION"",""message"":""\""Process Create:\r\nRuleName: \r\nUtcTime: 2020-05-22 13:19:44.288\r\nProcessGuid: {df9fc3d3-d170-5ec7-0000-001030831c00}\r\nProcessId: 6592\r\nImage: C:\\Windows\\System32\\net.exe\r\nFileVersion: 10.0.18362.1 (WinBuild.160101.0800)\r\nDescription: Net Command\r\nProduct: Microsoft® Windows® Operating System\r\nCompany: Microsoft Corporation\r\nOriginalFileName: net.exe\r\nCommandLine: \""C:\\Windows\\System32\\net.exe\"" stop \""audioendpointbuilder\"" /y\r\nCurrentDirectory: C:\\Users\\John Williams\\Downloads\\\r\nUser: DESKTOP-HUE026H\\John Williams\r\nLogonGuid: {df9fc3d3-d0d4-5ec7-0000-002021020300}\r\nLogonId: 0x30221\r\nTerminalSessionId: 1\r\nIntegrityLevel: Medium\r\nHashes: MD5=A63DF9A6E9098CC189F2A3EFC37600F6,SHA256=96CDFD7B263947A6A7C0DB54141A6B8D7777DB0A03A17CBF95666D98422F937B,IMPHASH=57F0C47AE2A1A2C06C8B987372AB0B07\r\nParentProcessGuid: {df9fc3d3-d15d-5ec7-0000-00103e661900}\r\nParentProcessId: 2284\r\nParentImage: C:\\Users\\John Williams\\Downloads\\progam18.exe\r\nParentCommandLine: \""C:\\Users\\John Williams\\Downloads\\progam18.exe\"" \""""},""eventdata"":{""utcTime"":""2020-05-22 13:19:44.288"",""processGuid"":""{df9fc3d3-d170-5ec7-0000-001030831c00}"",""processId"":""6592"",""image"":""C:\\\\Windows\\\\System32\\\\net.exe"",""fileVersion"":""10.0.18362.1 (WinBuild.160101.0800)"",""description"":""Net Command"",""product"":""Microsoft® Windows® Operating System"",""company"":""Microsoft Corporation"",""originalFileName"":""net.exe"",""commandLine"":""\\\""C:\\\\Windows\\\\System32\\\\net.exe\\\"" stop \\\""audioendpointbuilder\\\"" /y"",""currentDirectory"":""C:\\\\Users\\\\John Williams\\\\Downloads\\\\"",""user"":""DESKTOP-HUE026H\\\\John Williams"",""logonGuid"":""{df9fc3d3-d0d4-5ec7-0000-002021020300}"",""logonId"":""0x30221"",""terminalSessionId"":""1"",""integrityLevel"":""Medium"",""hashes"":""MD5=A63DF9A6E9098CC189F2A3EFC37600F6,SHA256=96CDFD7B263947A6A7C0DB54141A6B8D7777DB0A03A17CBF95666D98422F937B,IMPHASH=57F0C47AE2A1A2C06C8B987372AB0B07"",""parentProcessGuid"":""{df9fc3d3-d15d-5ec7-0000-00103e661900}"",""parentProcessId"":""2284"",""parentImage"":""C:\\\\Users\\\\John Williams\\\\Downloads\\\\progam18.exe"",""parentCommandLine"":""\\\""C:\\\\Users\\\\John Williams\\\\Downloads\\\\progam18.exe\\\""""}}}"
"May 23, 2020 @ 12:37:52.929",15,"ATT&CK: WannaCry Ransomware","""Process Create:
RuleName: 
UtcTime: 2020-05-22 13:19:44.143
ProcessGuid: {df9fc3d3-d170-5ec7-0000-001008771c00}
ProcessId: 4544
Image: C:\Windows\System32\bcdedit.exe
FileVersion: 10.0.18362.295 (WinBuild.160101.0800)
Description: Boot Configuration Data Editor
Product: Microsoft® Windows® Operating System
Company: Microsoft Corporation
OriginalFileName: bcdedit.exe
CommandLine: bcdedit /set {default} recoveryenabled No & bcdedit /set {default}
CurrentDirectory: C:\Users\John Williams\Downloads\
User: DESKTOP-HUE026H\John Williams
LogonGuid: {df9fc3d3-d0d4-5ec7-0000-002021020300}
LogonId: 0x30221
TerminalSessionId: 1
IntegrityLevel: Medium
Hashes: MD5=66E4F813624DF01D67CF03616760A7AC,SHA256=1EE229900C128119A122F9A7B3FF8CA2AB35154B314FC6B37CDA6CE041E4277D,IMPHASH=0DEEFF11123C4A14A058E9390224FECE
ParentProcessGuid: {df9fc3d3-d15d-5ec7-0000-00103e661900}
ParentProcessId: 2284
ParentImage: C:\Users\John Williams\Downloads\progam18.exe
ParentCommandLine: ""C:\Users\John Williams\Downloads\progam18.exe"" ""","bcdedit /set {default} recoveryenabled No &amp; bcdedit /set {default}","{""win"":{""system"":{""providerName"":""Microsoft-Windows-Sysmon"",""providerGuid"":""{5770385f-c22a-43e0-bf4c-06f5698ffbd9}"",""eventID"":""1"",""version"":""5"",""level"":""4"",""task"":""1"",""opcode"":""0"",""keywords"":""0x8000000000000000"",""systemTime"":""2020-05-22T13:19:44.187554900Z"",""eventRecordID"":""1055"",""processID"":""2292"",""threadID"":""3260"",""channel"":""Microsoft-Windows-Sysmon/Operational"",""computer"":""DESKTOP-HUE026H"",""severityValue"":""INFORMATION"",""message"":""\""Process Create:\r\nRuleName: \r\nUtcTime: 2020-05-22 13:19:44.143\r\nProcessGuid: {df9fc3d3-d170-5ec7-0000-001008771c00}\r\nProcessId: 4544\r\nImage: C:\\Windows\\System32\\bcdedit.exe\r\nFileVersion: 10.0.18362.295 (WinBuild.160101.0800)\r\nDescription: Boot Configuration Data Editor\r\nProduct: Microsoft® Windows® Operating System\r\nCompany: Microsoft Corporation\r\nOriginalFileName: bcdedit.exe\r\nCommandLine: bcdedit /set {default} recoveryenabled No & bcdedit /set {default}\r\nCurrentDirectory: C:\\Users\\John Williams\\Downloads\\\r\nUser: DESKTOP-HUE026H\\John Williams\r\nLogonGuid: {df9fc3d3-d0d4-5ec7-0000-002021020300}\r\nLogonId: 0x30221\r\nTerminalSessionId: 1\r\nIntegrityLevel: Medium\r\nHashes: MD5=66E4F813624DF01D67CF03616760A7AC,SHA256=1EE229900C128119A122F9A7B3FF8CA2AB35154B314FC6B37CDA6CE041E4277D,IMPHASH=0DEEFF11123C4A14A058E9390224FECE\r\nParentProcessGuid: {df9fc3d3-d15d-5ec7-0000-00103e661900}\r\nParentProcessId: 2284\r\nParentImage: C:\\Users\\John Williams\\Downloads\\progam18.exe\r\nParentCommandLine: \""C:\\Users\\John Williams\\Downloads\\progam18.exe\"" \""""},""eventdata"":{""utcTime"":""2020-05-22 13:19:44.143"",""processGuid"":""{df9fc3d3-d170-5ec7-0000-001008771c00}"",""processId"":""4544"",""image"":""C:\\\\Windows\\\\System32\\\\bcdedit.exe"",""fileVersion"":""10.0.18362.295 (WinBuild.160101.0800)"",""description"":""Boot Configuration Data Editor"",""product"":""Microsoft® Windows® Operating System"",""company"":""Microsoft Corporation"",""originalFileName"":""bcdedit.exe"",""commandLine"":""bcdedit /set {default} recoveryenabled No &amp; bcdedit /set {default}"",""currentDirectory"":""C:\\\\Users\\\\John Williams\\\\Downloads\\\\"",""user"":""DESKTOP-HUE026H\\\\John Williams"",""logonGuid"":""{df9fc3d3-d0d4-5ec7-0000-002021020300}"",""logonId"":""0x30221"",""terminalSessionId"":""1"",""integrityLevel"":""Medium"",""hashes"":""MD5=66E4F813624DF01D67CF03616760A7AC,SHA256=1EE229900C128119A122F9A7B3FF8CA2AB35154B314FC6B37CDA6CE041E4277D,IMPHASH=0DEEFF11123C4A14A058E9390224FECE"",""parentProcessGuid"":""{df9fc3d3-d15d-5ec7-0000-00103e661900}"",""parentProcessId"":""2284"",""parentImage"":""C:\\\\Users\\\\John Williams\\\\Downloads\\\\progam18.exe"",""parentCommandLine"":""\\\""C:\\\\Users\\\\John Williams\\\\Downloads\\\\progam18.exe\\\""""}}}"
"May 23, 2020 @ 12:37:52.919",15,"ATT&CK T1070 T1490: Shadow Copies Deletion Using Operating Systems Utilities","""Process Create:
RuleName: 
UtcTime: 2020-05-22 13:19:44.131
ProcessGuid: {df9fc3d3-d170-5ec7-0000-001024761c00}
ProcessId: 4564
Image: C:\Windows\System32\vssadmin.exe
FileVersion: 10.0.18362.1 (WinBuild.160101.0800)
Description: Command Line Interface for Microsoft® Volume Shadow Copy Service 
Product: Microsoft® Windows® Operating System
Company: Microsoft Corporation
OriginalFileName: VSSADMIN.EXE
CommandLine: vssadmin.exe Delete Shadows /all /quiet
CurrentDirectory: C:\Users\John Williams\Downloads\
User: DESKTOP-HUE026H\John Williams
LogonGuid: {df9fc3d3-d0d4-5ec7-0000-002021020300}
LogonId: 0x30221
TerminalSessionId: 1
IntegrityLevel: Medium
Hashes: MD5=02A10DBF904883B1F8EE9F3CC70F5EB8,SHA256=ACDCC96D628EE8FF7F07FC5D795A05C22EB239BE0D44A9F01727B6124A9619A9,IMPHASH=C1EDC431CD345F0A0F32019895D13FCE
ParentProcessGuid: {df9fc3d3-d15d-5ec7-0000-00103e661900}
ParentProcessId: 2284
ParentImage: C:\Users\John Williams\Downloads\progam18.exe
ParentCommandLine: ""C:\Users\John Williams\Downloads\progam18.exe"" ""","vssadmin.exe Delete Shadows /all /quiet","{""win"":{""system"":{""providerName"":""Microsoft-Windows-Sysmon"",""providerGuid"":""{5770385f-c22a-43e0-bf4c-06f5698ffbd9}"",""eventID"":""1"",""version"":""5"",""level"":""4"",""task"":""1"",""opcode"":""0"",""keywords"":""0x8000000000000000"",""systemTime"":""2020-05-22T13:19:44.181938900Z"",""eventRecordID"":""1054"",""processID"":""2292"",""threadID"":""3260"",""channel"":""Microsoft-Windows-Sysmon/Operational"",""computer"":""DESKTOP-HUE026H"",""severityValue"":""INFORMATION"",""message"":""\""Process Create:\r\nRuleName: \r\nUtcTime: 2020-05-22 13:19:44.131\r\nProcessGuid: {df9fc3d3-d170-5ec7-0000-001024761c00}\r\nProcessId: 4564\r\nImage: C:\\Windows\\System32\\vssadmin.exe\r\nFileVersion: 10.0.18362.1 (WinBuild.160101.0800)\r\nDescription: Command Line Interface for Microsoft® Volume Shadow Copy Service \r\nProduct: Microsoft® Windows® Operating System\r\nCompany: Microsoft Corporation\r\nOriginalFileName: VSSADMIN.EXE\r\nCommandLine: vssadmin.exe Delete Shadows /all /quiet\r\nCurrentDirectory: C:\\Users\\John Williams\\Downloads\\\r\nUser: DESKTOP-HUE026H\\John Williams\r\nLogonGuid: {df9fc3d3-d0d4-5ec7-0000-002021020300}\r\nLogonId: 0x30221\r\nTerminalSessionId: 1\r\nIntegrityLevel: Medium\r\nHashes: MD5=02A10DBF904883B1F8EE9F3CC70F5EB8,SHA256=ACDCC96D628EE8FF7F07FC5D795A05C22EB239BE0D44A9F01727B6124A9619A9,IMPHASH=C1EDC431CD345F0A0F32019895D13FCE\r\nParentProcessGuid: {df9fc3d3-d15d-5ec7-0000-00103e661900}\r\nParentProcessId: 2284\r\nParentImage: C:\\Users\\John Williams\\Downloads\\progam18.exe\r\nParentCommandLine: \""C:\\Users\\John Williams\\Downloads\\progam18.exe\"" \""""},""eventdata"":{""utcTime"":""2020-05-22 13:19:44.131"",""processGuid"":""{df9fc3d3-d170-5ec7-0000-001024761c00}"",""processId"":""4564"",""image"":""C:\\\\Windows\\\\System32\\\\vssadmin.exe"",""fileVersion"":""10.0.18362.1 (WinBuild.160101.0800)"",""description"":""Command Line Interface for Microsoft® Volume Shadow Copy Service"",""product"":""Microsoft® Windows® Operating System"",""company"":""Microsoft Corporation"",""originalFileName"":""VSSADMIN.EXE"",""commandLine"":""vssadmin.exe Delete Shadows /all /quiet"",""currentDirectory"":""C:\\\\Users\\\\John Williams\\\\Downloads\\\\"",""user"":""DESKTOP-HUE026H\\\\John Williams"",""logonGuid"":""{df9fc3d3-d0d4-5ec7-0000-002021020300}"",""logonId"":""0x30221"",""terminalSessionId"":""1"",""integrityLevel"":""Medium"",""hashes"":""MD5=02A10DBF904883B1F8EE9F3CC70F5EB8,SHA256=ACDCC96D628EE8FF7F07FC5D795A05C22EB239BE0D44A9F01727B6124A9619A9,IMPHASH=C1EDC431CD345F0A0F32019895D13FCE"",""parentProcessGuid"":""{df9fc3d3-d15d-5ec7-0000-00103e661900}"",""parentProcessId"":""2284"",""parentImage"":""C:\\\\Users\\\\John Williams\\\\Downloads\\\\progam18.exe"",""parentCommandLine"":""\\\""C:\\\\Users\\\\John Williams\\\\Downloads\\\\progam18.exe\\\""""}}}"
"May 23, 2020 @ 12:37:52.881",15,"ATT&CK: WannaCry Ransomware","""Process Create:
RuleName: 
UtcTime: 2020-05-22 13:19:44.121
ProcessGuid: {df9fc3d3-d170-5ec7-0000-00105b751c00}
ProcessId: 1676
Image: C:\Windows\System32\icacls.exe
FileVersion: 10.0.18362.1 (WinBuild.160101.0800)
Description: 
Product: Microsoft® Windows® Operating System
Company: Microsoft Corporation
OriginalFileName: iCACLS.EXE
CommandLine: icacls ""C:\*"" /grant Everyone:F /T /C /Q
CurrentDirectory: C:\Users\John Williams\Downloads\
User: DESKTOP-HUE026H\John Williams
LogonGuid: {df9fc3d3-d0d4-5ec7-0000-002021020300}
LogonId: 0x30221
TerminalSessionId: 1
IntegrityLevel: Medium
Hashes: MD5=D8B5077F15576983CB8D344F21FD1309,SHA256=3524EDE090FE503A30DEC8F629A74B8F720C9A230E5C4E49A3BB151C8AC1424A,IMPHASH=446163A548337B5BCF2727BCD1CFB399
ParentProcessGuid: {df9fc3d3-d15d-5ec7-0000-00103e661900}
ParentProcessId: 2284
ParentImage: C:\Users\John Williams\Downloads\progam18.exe
ParentCommandLine: ""C:\Users\John Williams\Downloads\progam18.exe"" ""","icacls \""C:\\*\"" /grant Everyone:F /T /C /Q","{""win"":{""system"":{""providerName"":""Microsoft-Windows-Sysmon"",""providerGuid"":""{5770385f-c22a-43e0-bf4c-06f5698ffbd9}"",""eventID"":""1"",""version"":""5"",""level"":""4"",""task"":""1"",""opcode"":""0"",""keywords"":""0x8000000000000000"",""systemTime"":""2020-05-22T13:19:44.126885300Z"",""eventRecordID"":""1052"",""processID"":""2292"",""threadID"":""3260"",""channel"":""Microsoft-Windows-Sysmon/Operational"",""computer"":""DESKTOP-HUE026H"",""severityValue"":""INFORMATION"",""message"":""\""Process Create:\r\nRuleName: \r\nUtcTime: 2020-05-22 13:19:44.121\r\nProcessGuid: {df9fc3d3-d170-5ec7-0000-00105b751c00}\r\nProcessId: 1676\r\nImage: C:\\Windows\\System32\\icacls.exe\r\nFileVersion: 10.0.18362.1 (WinBuild.160101.0800)\r\nDescription: \r\nProduct: Microsoft® Windows® Operating System\r\nCompany: Microsoft Corporation\r\nOriginalFileName: iCACLS.EXE\r\nCommandLine: icacls \""C:\\*\"" /grant Everyone:F /T /C /Q\r\nCurrentDirectory: C:\\Users\\John Williams\\Downloads\\\r\nUser: DESKTOP-HUE026H\\John Williams\r\nLogonGuid: {df9fc3d3-d0d4-5ec7-0000-002021020300}\r\nLogonId: 0x30221\r\nTerminalSessionId: 1\r\nIntegrityLevel: Medium\r\nHashes: MD5=D8B5077F15576983CB8D344F21FD1309,SHA256=3524EDE090FE503A30DEC8F629A74B8F720C9A230E5C4E49A3BB151C8AC1424A,IMPHASH=446163A548337B5BCF2727BCD1CFB399\r\nParentProcessGuid: {df9fc3d3-d15d-5ec7-0000-00103e661900}\r\nParentProcessId: 2284\r\nParentImage: C:\\Users\\John Williams\\Downloads\\progam18.exe\r\nParentCommandLine: \""C:\\Users\\John Williams\\Downloads\\progam18.exe\"" \""""},""eventdata"":{""utcTime"":""2020-05-22 13:19:44.121"",""processGuid"":""{df9fc3d3-d170-5ec7-0000-00105b751c00}"",""processId"":""1676"",""image"":""C:\\\\Windows\\\\System32\\\\icacls.exe"",""fileVersion"":""10.0.18362.1 (WinBuild.160101.0800)"",""product"":""Microsoft® Windows® Operating System"",""company"":""Microsoft Corporation"",""originalFileName"":""iCACLS.EXE"",""commandLine"":""icacls \\\""C:\\\\*\\\"" /grant Everyone:F /T /C /Q"",""currentDirectory"":""C:\\\\Users\\\\John Williams\\\\Downloads\\\\"",""user"":""DESKTOP-HUE026H\\\\John Williams"",""logonGuid"":""{df9fc3d3-d0d4-5ec7-0000-002021020300}"",""logonId"":""0x30221"",""terminalSessionId"":""1"",""integrityLevel"":""Medium"",""hashes"":""MD5=D8B5077F15576983CB8D344F21FD1309,SHA256=3524EDE090FE503A30DEC8F629A74B8F720C9A230E5C4E49A3BB151C8AC1424A,IMPHASH=446163A548337B5BCF2727BCD1CFB399"",""parentProcessGuid"":""{df9fc3d3-d15d-5ec7-0000-00103e661900}"",""parentProcessId"":""2284"",""parentImage"":""C:\\\\Users\\\\John Williams\\\\Downloads\\\\progam18.exe"",""parentCommandLine"":""\\\""C:\\\\Users\\\\John Williams\\\\Downloads\\\\progam18.exe\\\""""}}}"
"May 23, 2020 @ 12:37:51.390",9,"Windows Application error event","""Faulting application name: svchost.exe, version: 10.0.18362.1, time stamp: 0x32d6c210
Faulting module name: ntdll.dll, version: 10.0.18362.719, time stamp: 0x64d10ee0
Exception code: 0xc0000005
Fault offset: 0x000000000003b890
Faulting process id: 0x18c4
Faulting application start time: 0x01d6303b69281ee2
Faulting application path: C:\Windows\system32\svchost.exe
Faulting module path: C:\Windows\SYSTEM32\ntdll.dll
Report Id: d644ccdd-df0b-492b-ba8c-f6607f35bff2
Faulting package full name: 
Faulting package-relative application ID: """,,
"May 23, 2020 @ 12:37:47.034",9,"Windows Application error event","""Faulting application name: GameBar.exe, version: 3.38.2002.25003, time stamp: 0x5e5615f2
Faulting module name: GameBar.exe, version: 3.38.2002.25003, time stamp: 0x5e5615f2
Exception code: 0xc0000005
Fault offset: 0x00000000001c3cae
Faulting process id: 0x12dc
Faulting application start time: 0x01d6303b68ab1444
Faulting application path: C:\Program Files\WindowsApps\Microsoft.XboxGamingOverlay_3.38.25003.0_x64__8wekyb3d8bbwe\GameBar.exe
Faulting module path: C:\Program Files\WindowsApps\Microsoft.XboxGamingOverlay_3.38.25003.0_x64__8wekyb3d8bbwe\GameBar.exe
Report Id: 1d222741-e6e1-4216-8237-f3bd684e9c4f
Faulting package full name: Microsoft.XboxGamingOverlay_3.38.25003.0_x64__8wekyb3d8bbwe
Faulting package-relative application ID: App""",,
"May 23, 2020 @ 12:37:46.831",12,"Sysmon - Suspicious Process - explorer.exe","""Process Create:
RuleName: 
UtcTime: 2020-05-22 13:19:38.100
ProcessGuid: {df9fc3d3-d16a-5ec7-0000-0010c7e11a00}
ProcessId: 1592
Image: C:\Windows\explorer.exe
FileVersion: 10.0.18362.693 (WinBuild.160101.0800)
Description: Windows Explorer
Product: Microsoft® Windows® Operating System
Company: Microsoft Corporation
OriginalFileName: EXPLORER.EXE
CommandLine: explorer.exe /LOADSAVEDWINDOWS
CurrentDirectory: C:\Windows\
User: DESKTOP-HUE026H\John Williams
LogonGuid: {df9fc3d3-d0d4-5ec7-0000-002021020300}
LogonId: 0x30221
TerminalSessionId: 1
IntegrityLevel: Medium
Hashes: MD5=F7DC8A74E30E08B9510380274CFB9288,SHA256=C5E88D778C0B118D49BEF467ED059C09B61DEEA505D2A3D5CA1DCC0A5CDF752F,IMPHASH=FE6F775DD0C72FFD106F56930C60A452
ParentProcessGuid: {df9fc3d3-d169-5ec7-0000-0010deb21a00}
ParentProcessId: 1140
ParentImage: C:\Windows\System32\sihost.exe
ParentCommandLine: sihost.exe""","explorer.exe /LOADSAVEDWINDOWS","{""win"":{""system"":{""providerName"":""Microsoft-Windows-Sysmon"",""providerGuid"":""{5770385f-c22a-43e0-bf4c-06f5698ffbd9}"",""eventID"":""1"",""version"":""5"",""level"":""4"",""task"":""1"",""opcode"":""0"",""keywords"":""0x8000000000000000"",""systemTime"":""2020-05-22T13:19:38.106013600Z"",""eventRecordID"":""1004"",""processID"":""2292"",""threadID"":""3260"",""channel"":""Microsoft-Windows-Sysmon/Operational"",""computer"":""DESKTOP-HUE026H"",""severityValue"":""INFORMATION"",""message"":""\""Process Create:\r\nRuleName: \r\nUtcTime: 2020-05-22 13:19:38.100\r\nProcessGuid: {df9fc3d3-d16a-5ec7-0000-0010c7e11a00}\r\nProcessId: 1592\r\nImage: C:\\Windows\\explorer.exe\r\nFileVersion: 10.0.18362.693 (WinBuild.160101.0800)\r\nDescription: Windows Explorer\r\nProduct: Microsoft® Windows® Operating System\r\nCompany: Microsoft Corporation\r\nOriginalFileName: EXPLORER.EXE\r\nCommandLine: explorer.exe /LOADSAVEDWINDOWS\r\nCurrentDirectory: C:\\Windows\\\r\nUser: DESKTOP-HUE026H\\John Williams\r\nLogonGuid: {df9fc3d3-d0d4-5ec7-0000-002021020300}\r\nLogonId: 0x30221\r\nTerminalSessionId: 1\r\nIntegrityLevel: Medium\r\nHashes: MD5=F7DC8A74E30E08B9510380274CFB9288,SHA256=C5E88D778C0B118D49BEF467ED059C09B61DEEA505D2A3D5CA1DCC0A5CDF752F,IMPHASH=FE6F775DD0C72FFD106F56930C60A452\r\nParentProcessGuid: {df9fc3d3-d169-5ec7-0000-0010deb21a00}\r\nParentProcessId: 1140\r\nParentImage: C:\\Windows\\System32\\sihost.exe\r\nParentCommandLine: sihost.exe\""""},""eventdata"":{""utcTime"":""2020-05-22 13:19:38.100"",""processGuid"":""{df9fc3d3-d16a-5ec7-0000-0010c7e11a00}"",""processId"":""1592"",""image"":""C:\\\\Windows\\\\explorer.exe"",""fileVersion"":""10.0.18362.693 (WinBuild.160101.0800)"",""description"":""Windows Explorer"",""product"":""Microsoft® Windows® Operating System"",""company"":""Microsoft Corporation"",""originalFileName"":""EXPLORER.EXE"",""commandLine"":""explorer.exe /LOADSAVEDWINDOWS"",""currentDirectory"":""C:\\\\Windows\\\\"",""user"":""DESKTOP-HUE026H\\\\John Williams"",""logonGuid"":""{df9fc3d3-d0d4-5ec7-0000-002021020300}"",""logonId"":""0x30221"",""terminalSessionId"":""1"",""integrityLevel"":""Medium"",""hashes"":""MD5=F7DC8A74E30E08B9510380274CFB9288,SHA256=C5E88D778C0B118D49BEF467ED059C09B61DEEA505D2A3D5CA1DCC0A5CDF752F,IMPHASH=FE6F775DD0C72FFD106F56930C60A452"",""parentProcessGuid"":""{df9fc3d3-d169-5ec7-0000-0010deb21a00}"",""parentProcessId"":""1140"",""parentImage"":""C:\\\\Windows\\\\System32\\\\sihost.exe"",""parentCommandLine"":""sihost.exe""}}}"
