"Apr 26, 2020 @ 10:45:28.401",9,"ATT&CK T1058:Registry edit for new service","{""win"":{""system"":{""providerName"":""Microsoft-Windows-Sysmon"",""providerGuid"":""{5770385f-c22a-43e0-bf4c-06f5698ffbd9}"",""eventID"":""13"",""version"":""2"",""level"":""4"",""task"":""13"",""opcode"":""0"",""keywords"":""0x8000000000000000"",""systemTime"":""2020-04-26T10:45:24.100874300Z"",""eventRecordID"":""584"",""processID"":""2252"",""threadID"":""3272"",""channel"":""Microsoft-Windows-Sysmon/Operational"",""computer"":""DESKTOP-HUE026H"",""severityValue"":""INFORMATION"",""message"":""\""Registry value set:\r\nRuleName: T1031,T1050\r\nEventType: SetValue\r\nUtcTime: 2020-04-26 10:45:21.605\r\nProcessGuid: {df9fc3d3-663a-5ea5-0000-00104ea80000}\r\nProcessId: 592\r\nImage: C:\\Windows\\system32\\services.exe\r\nTargetObject: HKLM\\System\\CurrentControlSet\\Services\\DevicesFlowUserSvc_37a6f\\Start\r\nDetails: DWORD (0x00000003)\""""},""eventdata"":{""ruleName"":""T1031,T1050"",""eventType"":""SetValue"",""utcTime"":""2020-04-26 10:45:21.605"",""processGuid"":""{df9fc3d3-663a-5ea5-0000-00104ea80000}"",""processId"":""592"",""image"":""C:\\\\Windows\\\\system32\\\\services.exe"",""targetObject"":""HKLM\\\\System\\\\CurrentControlSet\\\\Services\\\\DevicesFlowUserSvc_37a6f\\\\Start"",""details"":""DWORD (0x00000003)""}}}","""Registry value set:
RuleName: T1031,T1050
EventType: SetValue
UtcTime: 2020-04-26 10:45:21.605
ProcessGuid: {df9fc3d3-663a-5ea5-0000-00104ea80000}
ProcessId: 592
Image: C:\Windows\system32\services.exe
TargetObject: HKLM\System\CurrentControlSet\Services\DevicesFlowUserSvc_37a6f\Start
Details: DWORD (0x00000003)"""
"Apr 26, 2020 @ 10:45:28.389",9,"ATT&CK T1058:Registry edit for new service","{""win"":{""system"":{""providerName"":""Microsoft-Windows-Sysmon"",""providerGuid"":""{5770385f-c22a-43e0-bf4c-06f5698ffbd9}"",""eventID"":""13"",""version"":""2"",""level"":""4"",""task"":""13"",""opcode"":""0"",""keywords"":""0x8000000000000000"",""systemTime"":""2020-04-26T10:45:24.099734000Z"",""eventRecordID"":""583"",""processID"":""2252"",""threadID"":""3272"",""channel"":""Microsoft-Windows-Sysmon/Operational"",""computer"":""DESKTOP-HUE026H"",""severityValue"":""INFORMATION"",""message"":""\""Registry value set:\r\nRuleName: T1031,T1050\r\nEventType: SetValue\r\nUtcTime: 2020-04-26 10:45:21.605\r\nProcessGuid: {df9fc3d3-663a-5ea5-0000-00104ea80000}\r\nProcessId: 592\r\nImage: C:\\Windows\\system32\\services.exe\r\nTargetObject: HKLM\\System\\CurrentControlSet\\Services\\DevicePickerUserSvc_37a6f\\ImagePath\r\nDetails: C:\\Windows\\system32\\svchost.exe -k DevicesFlow\""""},""eventdata"":{""ruleName"":""T1031,T1050"",""eventType"":""SetValue"",""utcTime"":""2020-04-26 10:45:21.605"",""processGuid"":""{df9fc3d3-663a-5ea5-0000-00104ea80000}"",""processId"":""592"",""image"":""C:\\\\Windows\\\\system32\\\\services.exe"",""targetObject"":""HKLM\\\\System\\\\CurrentControlSet\\\\Services\\\\DevicePickerUserSvc_37a6f\\\\ImagePath"",""details"":""C:\\\\Windows\\\\system32\\\\svchost.exe -k DevicesFlow""}}}","""Registry value set:
RuleName: T1031,T1050
EventType: SetValue
UtcTime: 2020-04-26 10:45:21.605
ProcessGuid: {df9fc3d3-663a-5ea5-0000-00104ea80000}
ProcessId: 592
Image: C:\Windows\system32\services.exe
TargetObject: HKLM\System\CurrentControlSet\Services\DevicePickerUserSvc_37a6f\ImagePath
Details: C:\Windows\system32\svchost.exe -k DevicesFlow"""
"Apr 26, 2020 @ 10:45:28.365",9,"ATT&CK T1058:Registry edit for new service","{""win"":{""system"":{""providerName"":""Microsoft-Windows-Sysmon"",""providerGuid"":""{5770385f-c22a-43e0-bf4c-06f5698ffbd9}"",""eventID"":""13"",""version"":""2"",""level"":""4"",""task"":""13"",""opcode"":""0"",""keywords"":""0x8000000000000000"",""systemTime"":""2020-04-26T10:45:24.099517800Z"",""eventRecordID"":""582"",""processID"":""2252"",""threadID"":""3272"",""channel"":""Microsoft-Windows-Sysmon/Operational"",""computer"":""DESKTOP-HUE026H"",""severityValue"":""INFORMATION"",""message"":""\""Registry value set:\r\nRuleName: T1031,T1050\r\nEventType: SetValue\r\nUtcTime: 2020-04-26 10:45:21.605\r\nProcessGuid: {df9fc3d3-663a-5ea5-0000-00104ea80000}\r\nProcessId: 592\r\nImage: C:\\Windows\\system32\\services.exe\r\nTargetObject: HKLM\\System\\CurrentControlSet\\Services\\DevicePickerUserSvc_37a6f\\Start\r\nDetails: DWORD (0x00000003)\""""},""eventdata"":{""ruleName"":""T1031,T1050"",""eventType"":""SetValue"",""utcTime"":""2020-04-26 10:45:21.605"",""processGuid"":""{df9fc3d3-663a-5ea5-0000-00104ea80000}"",""processId"":""592"",""image"":""C:\\\\Windows\\\\system32\\\\services.exe"",""targetObject"":""HKLM\\\\System\\\\CurrentControlSet\\\\Services\\\\DevicePickerUserSvc_37a6f\\\\Start"",""details"":""DWORD (0x00000003)""}}}","""Registry value set:
RuleName: T1031,T1050
EventType: SetValue
UtcTime: 2020-04-26 10:45:21.605
ProcessGuid: {df9fc3d3-663a-5ea5-0000-00104ea80000}
ProcessId: 592
Image: C:\Windows\system32\services.exe
TargetObject: HKLM\System\CurrentControlSet\Services\DevicePickerUserSvc_37a6f\Start
Details: DWORD (0x00000003)"""
"Apr 26, 2020 @ 10:45:28.348",9,"ATT&CK T1058:Registry edit for new service","{""win"":{""system"":{""providerName"":""Microsoft-Windows-Sysmon"",""providerGuid"":""{5770385f-c22a-43e0-bf4c-06f5698ffbd9}"",""eventID"":""13"",""version"":""2"",""level"":""4"",""task"":""13"",""opcode"":""0"",""keywords"":""0x8000000000000000"",""systemTime"":""2020-04-26T10:45:24.098612300Z"",""eventRecordID"":""581"",""processID"":""2252"",""threadID"":""3272"",""channel"":""Microsoft-Windows-Sysmon/Operational"",""computer"":""DESKTOP-HUE026H"",""severityValue"":""INFORMATION"",""message"":""\""Registry value set:\r\nRuleName: T1031,T1050\r\nEventType: SetValue\r\nUtcTime: 2020-04-26 10:45:21.605\r\nProcessGuid: {df9fc3d3-663a-5ea5-0000-00104ea80000}\r\nProcessId: 592\r\nImage: C:\\Windows\\system32\\services.exe\r\nTargetObject: HKLM\\System\\CurrentControlSet\\Services\\DeviceAssociationBrokerSvc_37a6f\\ImagePath\r\nDetails: C:\\Windows\\system32\\svchost.exe -k DevicesFlow -p\""""},""eventdata"":{""ruleName"":""T1031,T1050"",""eventType"":""SetValue"",""utcTime"":""2020-04-26 10:45:21.605"",""processGuid"":""{df9fc3d3-663a-5ea5-0000-00104ea80000}"",""processId"":""592"",""image"":""C:\\\\Windows\\\\system32\\\\services.exe"",""targetObject"":""HKLM\\\\System\\\\CurrentControlSet\\\\Services\\\\DeviceAssociationBrokerSvc_37a6f\\\\ImagePath"",""details"":""C:\\\\Windows\\\\system32\\\\svchost.exe -k DevicesFlow -p""}}}","""Registry value set:
RuleName: T1031,T1050
EventType: SetValue
UtcTime: 2020-04-26 10:45:21.605
ProcessGuid: {df9fc3d3-663a-5ea5-0000-00104ea80000}
ProcessId: 592
Image: C:\Windows\system32\services.exe
TargetObject: HKLM\System\CurrentControlSet\Services\DeviceAssociationBrokerSvc_37a6f\ImagePath
Details: C:\Windows\system32\svchost.exe -k DevicesFlow -p"""
"Apr 26, 2020 @ 10:45:28.321",9,"ATT&CK T1058:Registry edit for new service","{""win"":{""system"":{""providerName"":""Microsoft-Windows-Sysmon"",""providerGuid"":""{5770385f-c22a-43e0-bf4c-06f5698ffbd9}"",""eventID"":""13"",""version"":""2"",""level"":""4"",""task"":""13"",""opcode"":""0"",""keywords"":""0x8000000000000000"",""systemTime"":""2020-04-26T10:45:24.098361500Z"",""eventRecordID"":""580"",""processID"":""2252"",""threadID"":""3272"",""channel"":""Microsoft-Windows-Sysmon/Operational"",""computer"":""DESKTOP-HUE026H"",""severityValue"":""INFORMATION"",""message"":""\""Registry value set:\r\nRuleName: T1031,T1050\r\nEventType: SetValue\r\nUtcTime: 2020-04-26 10:45:21.605\r\nProcessGuid: {df9fc3d3-663a-5ea5-0000-00104ea80000}\r\nProcessId: 592\r\nImage: C:\\Windows\\system32\\services.exe\r\nTargetObject: HKLM\\System\\CurrentControlSet\\Services\\DeviceAssociationBrokerSvc_37a6f\\Start\r\nDetails: DWORD (0x00000003)\""""},""eventdata"":{""ruleName"":""T1031,T1050"",""eventType"":""SetValue"",""utcTime"":""2020-04-26 10:45:21.605"",""processGuid"":""{df9fc3d3-663a-5ea5-0000-00104ea80000}"",""processId"":""592"",""image"":""C:\\\\Windows\\\\system32\\\\services.exe"",""targetObject"":""HKLM\\\\System\\\\CurrentControlSet\\\\Services\\\\DeviceAssociationBrokerSvc_37a6f\\\\Start"",""details"":""DWORD (0x00000003)""}}}","""Registry value set:
RuleName: T1031,T1050
EventType: SetValue
UtcTime: 2020-04-26 10:45:21.605
ProcessGuid: {df9fc3d3-663a-5ea5-0000-00104ea80000}
ProcessId: 592
Image: C:\Windows\system32\services.exe
TargetObject: HKLM\System\CurrentControlSet\Services\DeviceAssociationBrokerSvc_37a6f\Start
Details: DWORD (0x00000003)"""
"Apr 26, 2020 @ 10:45:28.303",9,"ATT&CK T1058:Registry edit for new service","{""win"":{""system"":{""providerName"":""Microsoft-Windows-Sysmon"",""providerGuid"":""{5770385f-c22a-43e0-bf4c-06f5698ffbd9}"",""eventID"":""13"",""version"":""2"",""level"":""4"",""task"":""13"",""opcode"":""0"",""keywords"":""0x8000000000000000"",""systemTime"":""2020-04-26T10:45:24.097523500Z"",""eventRecordID"":""579"",""processID"":""2252"",""threadID"":""3272"",""channel"":""Microsoft-Windows-Sysmon/Operational"",""computer"":""DESKTOP-HUE026H"",""severityValue"":""INFORMATION"",""message"":""\""Registry value set:\r\nRuleName: T1031,T1050\r\nEventType: SetValue\r\nUtcTime: 2020-04-26 10:45:21.605\r\nProcessGuid: {df9fc3d3-663a-5ea5-0000-00104ea80000}\r\nProcessId: 592\r\nImage: C:\\Windows\\system32\\services.exe\r\nTargetObject: HKLM\\System\\CurrentControlSet\\Services\\CredentialEnrollmentManagerUserSvc_37a6f\\ImagePath\r\nDetails: C:\\Windows\\system32\\CredentialEnrollmentManager.exe\""""},""eventdata"":{""ruleName"":""T1031,T1050"",""eventType"":""SetValue"",""utcTime"":""2020-04-26 10:45:21.605"",""processGuid"":""{df9fc3d3-663a-5ea5-0000-00104ea80000}"",""processId"":""592"",""image"":""C:\\\\Windows\\\\system32\\\\services.exe"",""targetObject"":""HKLM\\\\System\\\\CurrentControlSet\\\\Services\\\\CredentialEnrollmentManagerUserSvc_37a6f\\\\ImagePath"",""details"":""C:\\\\Windows\\\\system32\\\\CredentialEnrollmentManager.exe""}}}","""Registry value set:
RuleName: T1031,T1050
EventType: SetValue
UtcTime: 2020-04-26 10:45:21.605
ProcessGuid: {df9fc3d3-663a-5ea5-0000-00104ea80000}
ProcessId: 592
Image: C:\Windows\system32\services.exe
TargetObject: HKLM\System\CurrentControlSet\Services\CredentialEnrollmentManagerUserSvc_37a6f\ImagePath
Details: C:\Windows\system32\CredentialEnrollmentManager.exe"""
"Apr 26, 2020 @ 10:45:28.285",9,"ATT&CK T1058:Registry edit for new service","{""win"":{""system"":{""providerName"":""Microsoft-Windows-Sysmon"",""providerGuid"":""{5770385f-c22a-43e0-bf4c-06f5698ffbd9}"",""eventID"":""13"",""version"":""2"",""level"":""4"",""task"":""13"",""opcode"":""0"",""keywords"":""0x8000000000000000"",""systemTime"":""2020-04-26T10:45:24.097310900Z"",""eventRecordID"":""578"",""processID"":""2252"",""threadID"":""3272"",""channel"":""Microsoft-Windows-Sysmon/Operational"",""computer"":""DESKTOP-HUE026H"",""severityValue"":""INFORMATION"",""message"":""\""Registry value set:\r\nRuleName: T1031,T1050\r\nEventType: SetValue\r\nUtcTime: 2020-04-26 10:45:21.605\r\nProcessGuid: {df9fc3d3-663a-5ea5-0000-00104ea80000}\r\nProcessId: 592\r\nImage: C:\\Windows\\system32\\services.exe\r\nTargetObject: HKLM\\System\\CurrentControlSet\\Services\\CredentialEnrollmentManagerUserSvc_37a6f\\Start\r\nDetails: DWORD (0x00000003)\""""},""eventdata"":{""ruleName"":""T1031,T1050"",""eventType"":""SetValue"",""utcTime"":""2020-04-26 10:45:21.605"",""processGuid"":""{df9fc3d3-663a-5ea5-0000-00104ea80000}"",""processId"":""592"",""image"":""C:\\\\Windows\\\\system32\\\\services.exe"",""targetObject"":""HKLM\\\\System\\\\CurrentControlSet\\\\Services\\\\CredentialEnrollmentManagerUserSvc_37a6f\\\\Start"",""details"":""DWORD (0x00000003)""}}}","""Registry value set:
RuleName: T1031,T1050
EventType: SetValue
UtcTime: 2020-04-26 10:45:21.605
ProcessGuid: {df9fc3d3-663a-5ea5-0000-00104ea80000}
ProcessId: 592
Image: C:\Windows\system32\services.exe
TargetObject: HKLM\System\CurrentControlSet\Services\CredentialEnrollmentManagerUserSvc_37a6f\Start
Details: DWORD (0x00000003)"""
"Apr 26, 2020 @ 10:45:28.282",9,"ATT&CK T1058:Registry edit for new service","{""win"":{""system"":{""providerName"":""Microsoft-Windows-Sysmon"",""providerGuid"":""{5770385f-c22a-43e0-bf4c-06f5698ffbd9}"",""eventID"":""13"",""version"":""2"",""level"":""4"",""task"":""13"",""opcode"":""0"",""keywords"":""0x8000000000000000"",""systemTime"":""2020-04-26T10:45:24.096528900Z"",""eventRecordID"":""577"",""processID"":""2252"",""threadID"":""3272"",""channel"":""Microsoft-Windows-Sysmon/Operational"",""computer"":""DESKTOP-HUE026H"",""severityValue"":""INFORMATION"",""message"":""\""Registry value set:\r\nRuleName: T1031,T1050\r\nEventType: SetValue\r\nUtcTime: 2020-04-26 10:45:21.605\r\nProcessGuid: {df9fc3d3-663a-5ea5-0000-00104ea80000}\r\nProcessId: 592\r\nImage: C:\\Windows\\system32\\services.exe\r\nTargetObject: HKLM\\System\\CurrentControlSet\\Services\\ConsentUxUserSvc_37a6f\\ImagePath\r\nDetails: C:\\Windows\\system32\\svchost.exe -k DevicesFlow\""""},""eventdata"":{""ruleName"":""T1031,T1050"",""eventType"":""SetValue"",""utcTime"":""2020-04-26 10:45:21.605"",""processGuid"":""{df9fc3d3-663a-5ea5-0000-00104ea80000}"",""processId"":""592"",""image"":""C:\\\\Windows\\\\system32\\\\services.exe"",""targetObject"":""HKLM\\\\System\\\\CurrentControlSet\\\\Services\\\\ConsentUxUserSvc_37a6f\\\\ImagePath"",""details"":""C:\\\\Windows\\\\system32\\\\svchost.exe -k DevicesFlow""}}}","""Registry value set:
RuleName: T1031,T1050
EventType: SetValue
UtcTime: 2020-04-26 10:45:21.605
ProcessGuid: {df9fc3d3-663a-5ea5-0000-00104ea80000}
ProcessId: 592
Image: C:\Windows\system32\services.exe
TargetObject: HKLM\System\CurrentControlSet\Services\ConsentUxUserSvc_37a6f\ImagePath
Details: C:\Windows\system32\svchost.exe -k DevicesFlow"""
"Apr 26, 2020 @ 10:45:28.232",9,"ATT&CK T1058:Registry edit for new service","{""win"":{""system"":{""providerName"":""Microsoft-Windows-Sysmon"",""providerGuid"":""{5770385f-c22a-43e0-bf4c-06f5698ffbd9}"",""eventID"":""13"",""version"":""2"",""level"":""4"",""task"":""13"",""opcode"":""0"",""keywords"":""0x8000000000000000"",""systemTime"":""2020-04-26T10:45:24.096303500Z"",""eventRecordID"":""576"",""processID"":""2252"",""threadID"":""3272"",""channel"":""Microsoft-Windows-Sysmon/Operational"",""computer"":""DESKTOP-HUE026H"",""severityValue"":""INFORMATION"",""message"":""\""Registry value set:\r\nRuleName: T1031,T1050\r\nEventType: SetValue\r\nUtcTime: 2020-04-26 10:45:21.605\r\nProcessGuid: {df9fc3d3-663a-5ea5-0000-00104ea80000}\r\nProcessId: 592\r\nImage: C:\\Windows\\system32\\services.exe\r\nTargetObject: HKLM\\System\\CurrentControlSet\\Services\\ConsentUxUserSvc_37a6f\\Start\r\nDetails: DWORD (0x00000003)\""""},""eventdata"":{""ruleName"":""T1031,T1050"",""eventType"":""SetValue"",""utcTime"":""2020-04-26 10:45:21.605"",""processGuid"":""{df9fc3d3-663a-5ea5-0000-00104ea80000}"",""processId"":""592"",""image"":""C:\\\\Windows\\\\system32\\\\services.exe"",""targetObject"":""HKLM\\\\System\\\\CurrentControlSet\\\\Services\\\\ConsentUxUserSvc_37a6f\\\\Start"",""details"":""DWORD (0x00000003)""}}}","""Registry value set:
RuleName: T1031,T1050
EventType: SetValue
UtcTime: 2020-04-26 10:45:21.605
ProcessGuid: {df9fc3d3-663a-5ea5-0000-00104ea80000}
ProcessId: 592
Image: C:\Windows\system32\services.exe
TargetObject: HKLM\System\CurrentControlSet\Services\ConsentUxUserSvc_37a6f\Start
Details: DWORD (0x00000003)"""
"Apr 26, 2020 @ 10:45:28.189",9,"ATT&CK T1058:Registry edit for new service","{""win"":{""system"":{""providerName"":""Microsoft-Windows-Sysmon"",""providerGuid"":""{5770385f-c22a-43e0-bf4c-06f5698ffbd9}"",""eventID"":""13"",""version"":""2"",""level"":""4"",""task"":""13"",""opcode"":""0"",""keywords"":""0x8000000000000000"",""systemTime"":""2020-04-26T10:45:24.095451200Z"",""eventRecordID"":""575"",""processID"":""2252"",""threadID"":""3272"",""channel"":""Microsoft-Windows-Sysmon/Operational"",""computer"":""DESKTOP-HUE026H"",""severityValue"":""INFORMATION"",""message"":""\""Registry value set:\r\nRuleName: T1031,T1050\r\nEventType: SetValue\r\nUtcTime: 2020-04-26 10:45:21.605\r\nProcessGuid: {df9fc3d3-663a-5ea5-0000-00104ea80000}\r\nProcessId: 592\r\nImage: C:\\Windows\\system32\\services.exe\r\nTargetObject: HKLM\\System\\CurrentControlSet\\Services\\CDPUserSvc_37a6f\\ImagePath\r\nDetails: C:\\Windows\\system32\\svchost.exe -k UnistackSvcGroup\""""},""eventdata"":{""ruleName"":""T1031,T1050"",""eventType"":""SetValue"",""utcTime"":""2020-04-26 10:45:21.605"",""processGuid"":""{df9fc3d3-663a-5ea5-0000-00104ea80000}"",""processId"":""592"",""image"":""C:\\\\Windows\\\\system32\\\\services.exe"",""targetObject"":""HKLM\\\\System\\\\CurrentControlSet\\\\Services\\\\CDPUserSvc_37a6f\\\\ImagePath"",""details"":""C:\\\\Windows\\\\system32\\\\svchost.exe -k UnistackSvcGroup""}}}","""Registry value set:
RuleName: T1031,T1050
EventType: SetValue
UtcTime: 2020-04-26 10:45:21.605
ProcessGuid: {df9fc3d3-663a-5ea5-0000-00104ea80000}
ProcessId: 592
Image: C:\Windows\system32\services.exe
TargetObject: HKLM\System\CurrentControlSet\Services\CDPUserSvc_37a6f\ImagePath
Details: C:\Windows\system32\svchost.exe -k UnistackSvcGroup"""
"Apr 26, 2020 @ 10:45:28.129",9,"ATT&CK T1058:Registry edit for new service","{""win"":{""system"":{""providerName"":""Microsoft-Windows-Sysmon"",""providerGuid"":""{5770385f-c22a-43e0-bf4c-06f5698ffbd9}"",""eventID"":""13"",""version"":""2"",""level"":""4"",""task"":""13"",""opcode"":""0"",""keywords"":""0x8000000000000000"",""systemTime"":""2020-04-26T10:45:24.095253100Z"",""eventRecordID"":""574"",""processID"":""2252"",""threadID"":""3272"",""channel"":""Microsoft-Windows-Sysmon/Operational"",""computer"":""DESKTOP-HUE026H"",""severityValue"":""INFORMATION"",""message"":""\""Registry value set:\r\nRuleName: T1031,T1050\r\nEventType: SetValue\r\nUtcTime: 2020-04-26 10:45:21.605\r\nProcessGuid: {df9fc3d3-663a-5ea5-0000-00104ea80000}\r\nProcessId: 592\r\nImage: C:\\Windows\\system32\\services.exe\r\nTargetObject: HKLM\\System\\CurrentControlSet\\Services\\CDPUserSvc_37a6f\\Start\r\nDetails: DWORD (0x00000002)\""""},""eventdata"":{""ruleName"":""T1031,T1050"",""eventType"":""SetValue"",""utcTime"":""2020-04-26 10:45:21.605"",""processGuid"":""{df9fc3d3-663a-5ea5-0000-00104ea80000}"",""processId"":""592"",""image"":""C:\\\\Windows\\\\system32\\\\services.exe"",""targetObject"":""HKLM\\\\System\\\\CurrentControlSet\\\\Services\\\\CDPUserSvc_37a6f\\\\Start"",""details"":""DWORD (0x00000002)""}}}","""Registry value set:
RuleName: T1031,T1050
EventType: SetValue
UtcTime: 2020-04-26 10:45:21.605
ProcessGuid: {df9fc3d3-663a-5ea5-0000-00104ea80000}
ProcessId: 592
Image: C:\Windows\system32\services.exe
TargetObject: HKLM\System\CurrentControlSet\Services\CDPUserSvc_37a6f\Start
Details: DWORD (0x00000002)"""
"Apr 26, 2020 @ 10:45:28.115",9,"ATT&CK T1058:Registry edit for new service","{""win"":{""system"":{""providerName"":""Microsoft-Windows-Sysmon"",""providerGuid"":""{5770385f-c22a-43e0-bf4c-06f5698ffbd9}"",""eventID"":""13"",""version"":""2"",""level"":""4"",""task"":""13"",""opcode"":""0"",""keywords"":""0x8000000000000000"",""systemTime"":""2020-04-26T10:45:24.094492900Z"",""eventRecordID"":""573"",""processID"":""2252"",""threadID"":""3272"",""channel"":""Microsoft-Windows-Sysmon/Operational"",""computer"":""DESKTOP-HUE026H"",""severityValue"":""INFORMATION"",""message"":""\""Registry value set:\r\nRuleName: T1031,T1050\r\nEventType: SetValue\r\nUtcTime: 2020-04-26 10:45:21.605\r\nProcessGuid: {df9fc3d3-663a-5ea5-0000-00104ea80000}\r\nProcessId: 592\r\nImage: C:\\Windows\\system32\\services.exe\r\nTargetObject: HKLM\\System\\CurrentControlSet\\Services\\cbdhsvc_37a6f\\ImagePath\r\nDetails: C:\\Windows\\system32\\svchost.exe -k ClipboardSvcGroup -p\""""},""eventdata"":{""ruleName"":""T1031,T1050"",""eventType"":""SetValue"",""utcTime"":""2020-04-26 10:45:21.605"",""processGuid"":""{df9fc3d3-663a-5ea5-0000-00104ea80000}"",""processId"":""592"",""image"":""C:\\\\Windows\\\\system32\\\\services.exe"",""targetObject"":""HKLM\\\\System\\\\CurrentControlSet\\\\Services\\\\cbdhsvc_37a6f\\\\ImagePath"",""details"":""C:\\\\Windows\\\\system32\\\\svchost.exe -k ClipboardSvcGroup -p""}}}","""Registry value set:
RuleName: T1031,T1050
EventType: SetValue
UtcTime: 2020-04-26 10:45:21.605
ProcessGuid: {df9fc3d3-663a-5ea5-0000-00104ea80000}
ProcessId: 592
Image: C:\Windows\system32\services.exe
TargetObject: HKLM\System\CurrentControlSet\Services\cbdhsvc_37a6f\ImagePath
Details: C:\Windows\system32\svchost.exe -k ClipboardSvcGroup -p"""
"Apr 26, 2020 @ 10:45:28.086",9,"ATT&CK T1058:Registry edit for new service","{""win"":{""system"":{""providerName"":""Microsoft-Windows-Sysmon"",""providerGuid"":""{5770385f-c22a-43e0-bf4c-06f5698ffbd9}"",""eventID"":""13"",""version"":""2"",""level"":""4"",""task"":""13"",""opcode"":""0"",""keywords"":""0x8000000000000000"",""systemTime"":""2020-04-26T10:45:24.094289900Z"",""eventRecordID"":""572"",""processID"":""2252"",""threadID"":""3272"",""channel"":""Microsoft-Windows-Sysmon/Operational"",""computer"":""DESKTOP-HUE026H"",""severityValue"":""INFORMATION"",""message"":""\""Registry value set:\r\nRuleName: T1031,T1050\r\nEventType: SetValue\r\nUtcTime: 2020-04-26 10:45:21.605\r\nProcessGuid: {df9fc3d3-663a-5ea5-0000-00104ea80000}\r\nProcessId: 592\r\nImage: C:\\Windows\\system32\\services.exe\r\nTargetObject: HKLM\\System\\CurrentControlSet\\Services\\cbdhsvc_37a6f\\Start\r\nDetails: DWORD (0x00000003)\""""},""eventdata"":{""ruleName"":""T1031,T1050"",""eventType"":""SetValue"",""utcTime"":""2020-04-26 10:45:21.605"",""processGuid"":""{df9fc3d3-663a-5ea5-0000-00104ea80000}"",""processId"":""592"",""image"":""C:\\\\Windows\\\\system32\\\\services.exe"",""targetObject"":""HKLM\\\\System\\\\CurrentControlSet\\\\Services\\\\cbdhsvc_37a6f\\\\Start"",""details"":""DWORD (0x00000003)""}}}","""Registry value set:
RuleName: T1031,T1050
EventType: SetValue
UtcTime: 2020-04-26 10:45:21.605
ProcessGuid: {df9fc3d3-663a-5ea5-0000-00104ea80000}
ProcessId: 592
Image: C:\Windows\system32\services.exe
TargetObject: HKLM\System\CurrentControlSet\Services\cbdhsvc_37a6f\Start
Details: DWORD (0x00000003)"""
"Apr 26, 2020 @ 10:45:28.050",9,"ATT&CK T1058:Registry edit for new service","{""win"":{""system"":{""providerName"":""Microsoft-Windows-Sysmon"",""providerGuid"":""{5770385f-c22a-43e0-bf4c-06f5698ffbd9}"",""eventID"":""13"",""version"":""2"",""level"":""4"",""task"":""13"",""opcode"":""0"",""keywords"":""0x8000000000000000"",""systemTime"":""2020-04-26T10:45:24.093326400Z"",""eventRecordID"":""571"",""processID"":""2252"",""threadID"":""3272"",""channel"":""Microsoft-Windows-Sysmon/Operational"",""computer"":""DESKTOP-HUE026H"",""severityValue"":""INFORMATION"",""message"":""\""Registry value set:\r\nRuleName: T1031,T1050\r\nEventType: SetValue\r\nUtcTime: 2020-04-26 10:45:21.605\r\nProcessGuid: {df9fc3d3-663a-5ea5-0000-00104ea80000}\r\nProcessId: 592\r\nImage: C:\\Windows\\system32\\services.exe\r\nTargetObject: HKLM\\System\\CurrentControlSet\\Services\\CaptureService_37a6f\\ImagePath\r\nDetails: C:\\Windows\\system32\\svchost.exe -k LocalService -p\""""},""eventdata"":{""ruleName"":""T1031,T1050"",""eventType"":""SetValue"",""utcTime"":""2020-04-26 10:45:21.605"",""processGuid"":""{df9fc3d3-663a-5ea5-0000-00104ea80000}"",""processId"":""592"",""image"":""C:\\\\Windows\\\\system32\\\\services.exe"",""targetObject"":""HKLM\\\\System\\\\CurrentControlSet\\\\Services\\\\CaptureService_37a6f\\\\ImagePath"",""details"":""C:\\\\Windows\\\\system32\\\\svchost.exe -k LocalService -p""}}}","""Registry value set:
RuleName: T1031,T1050
EventType: SetValue
UtcTime: 2020-04-26 10:45:21.605
ProcessGuid: {df9fc3d3-663a-5ea5-0000-00104ea80000}
ProcessId: 592
Image: C:\Windows\system32\services.exe
TargetObject: HKLM\System\CurrentControlSet\Services\CaptureService_37a6f\ImagePath
Details: C:\Windows\system32\svchost.exe -k LocalService -p"""
"Apr 26, 2020 @ 10:45:28.005",9,"ATT&CK T1058:Registry edit for new service","{""win"":{""system"":{""providerName"":""Microsoft-Windows-Sysmon"",""providerGuid"":""{5770385f-c22a-43e0-bf4c-06f5698ffbd9}"",""eventID"":""13"",""version"":""2"",""level"":""4"",""task"":""13"",""opcode"":""0"",""keywords"":""0x8000000000000000"",""systemTime"":""2020-04-26T10:45:24.092786400Z"",""eventRecordID"":""570"",""processID"":""2252"",""threadID"":""3272"",""channel"":""Microsoft-Windows-Sysmon/Operational"",""computer"":""DESKTOP-HUE026H"",""severityValue"":""INFORMATION"",""message"":""\""Registry value set:\r\nRuleName: T1031,T1050\r\nEventType: SetValue\r\nUtcTime: 2020-04-26 10:45:21.605\r\nProcessGuid: {df9fc3d3-663a-5ea5-0000-00104ea80000}\r\nProcessId: 592\r\nImage: C:\\Windows\\system32\\services.exe\r\nTargetObject: HKLM\\System\\CurrentControlSet\\Services\\CaptureService_37a6f\\Start\r\nDetails: DWORD (0x00000003)\""""},""eventdata"":{""ruleName"":""T1031,T1050"",""eventType"":""SetValue"",""utcTime"":""2020-04-26 10:45:21.605"",""processGuid"":""{df9fc3d3-663a-5ea5-0000-00104ea80000}"",""processId"":""592"",""image"":""C:\\\\Windows\\\\system32\\\\services.exe"",""targetObject"":""HKLM\\\\System\\\\CurrentControlSet\\\\Services\\\\CaptureService_37a6f\\\\Start"",""details"":""DWORD (0x00000003)""}}}","""Registry value set:
RuleName: T1031,T1050
EventType: SetValue
UtcTime: 2020-04-26 10:45:21.605
ProcessGuid: {df9fc3d3-663a-5ea5-0000-00104ea80000}
ProcessId: 592
Image: C:\Windows\system32\services.exe
TargetObject: HKLM\System\CurrentControlSet\Services\CaptureService_37a6f\Start
Details: DWORD (0x00000003)"""
"Apr 26, 2020 @ 10:45:27.971",9,"ATT&CK T1058:Registry edit for new service","{""win"":{""system"":{""providerName"":""Microsoft-Windows-Sysmon"",""providerGuid"":""{5770385f-c22a-43e0-bf4c-06f5698ffbd9}"",""eventID"":""13"",""version"":""2"",""level"":""4"",""task"":""13"",""opcode"":""0"",""keywords"":""0x8000000000000000"",""systemTime"":""2020-04-26T10:45:24.087247900Z"",""eventRecordID"":""569"",""processID"":""2252"",""threadID"":""3272"",""channel"":""Microsoft-Windows-Sysmon/Operational"",""computer"":""DESKTOP-HUE026H"",""severityValue"":""INFORMATION"",""message"":""\""Registry value set:\r\nRuleName: T1031,T1050\r\nEventType: SetValue\r\nUtcTime: 2020-04-26 10:45:21.605\r\nProcessGuid: {df9fc3d3-663a-5ea5-0000-00104ea80000}\r\nProcessId: 592\r\nImage: C:\\Windows\\system32\\services.exe\r\nTargetObject: HKLM\\System\\CurrentControlSet\\Services\\BluetoothUserService_37a6f\\ImagePath\r\nDetails: C:\\Windows\\system32\\svchost.exe -k BthAppGroup -p\""""},""eventdata"":{""ruleName"":""T1031,T1050"",""eventType"":""SetValue"",""utcTime"":""2020-04-26 10:45:21.605"",""processGuid"":""{df9fc3d3-663a-5ea5-0000-00104ea80000}"",""processId"":""592"",""image"":""C:\\\\Windows\\\\system32\\\\services.exe"",""targetObject"":""HKLM\\\\System\\\\CurrentControlSet\\\\Services\\\\BluetoothUserService_37a6f\\\\ImagePath"",""details"":""C:\\\\Windows\\\\system32\\\\svchost.exe -k BthAppGroup -p""}}}","""Registry value set:
RuleName: T1031,T1050
EventType: SetValue
UtcTime: 2020-04-26 10:45:21.605
ProcessGuid: {df9fc3d3-663a-5ea5-0000-00104ea80000}
ProcessId: 592
Image: C:\Windows\system32\services.exe
TargetObject: HKLM\System\CurrentControlSet\Services\BluetoothUserService_37a6f\ImagePath
Details: C:\Windows\system32\svchost.exe -k BthAppGroup -p"""
"Apr 26, 2020 @ 10:45:27.930",9,"ATT&CK T1058:Registry edit for new service","{""win"":{""system"":{""providerName"":""Microsoft-Windows-Sysmon"",""providerGuid"":""{5770385f-c22a-43e0-bf4c-06f5698ffbd9}"",""eventID"":""13"",""version"":""2"",""level"":""4"",""task"":""13"",""opcode"":""0"",""keywords"":""0x8000000000000000"",""systemTime"":""2020-04-26T10:45:24.087026700Z"",""eventRecordID"":""568"",""processID"":""2252"",""threadID"":""3272"",""channel"":""Microsoft-Windows-Sysmon/Operational"",""computer"":""DESKTOP-HUE026H"",""severityValue"":""INFORMATION"",""message"":""\""Registry value set:\r\nRuleName: T1031,T1050\r\nEventType: SetValue\r\nUtcTime: 2020-04-26 10:45:21.605\r\nProcessGuid: {df9fc3d3-663a-5ea5-0000-00104ea80000}\r\nProcessId: 592\r\nImage: C:\\Windows\\system32\\services.exe\r\nTargetObject: HKLM\\System\\CurrentControlSet\\Services\\BluetoothUserService_37a6f\\Start\r\nDetails: DWORD (0x00000003)\""""},""eventdata"":{""ruleName"":""T1031,T1050"",""eventType"":""SetValue"",""utcTime"":""2020-04-26 10:45:21.605"",""processGuid"":""{df9fc3d3-663a-5ea5-0000-00104ea80000}"",""processId"":""592"",""image"":""C:\\\\Windows\\\\system32\\\\services.exe"",""targetObject"":""HKLM\\\\System\\\\CurrentControlSet\\\\Services\\\\BluetoothUserService_37a6f\\\\Start"",""details"":""DWORD (0x00000003)""}}}","""Registry value set:
RuleName: T1031,T1050
EventType: SetValue
UtcTime: 2020-04-26 10:45:21.605
ProcessGuid: {df9fc3d3-663a-5ea5-0000-00104ea80000}
ProcessId: 592
Image: C:\Windows\system32\services.exe
TargetObject: HKLM\System\CurrentControlSet\Services\BluetoothUserService_37a6f\Start
Details: DWORD (0x00000003)"""
"Apr 26, 2020 @ 10:45:27.881",9,"ATT&CK T1058:Registry edit for new service","{""win"":{""system"":{""providerName"":""Microsoft-Windows-Sysmon"",""providerGuid"":""{5770385f-c22a-43e0-bf4c-06f5698ffbd9}"",""eventID"":""13"",""version"":""2"",""level"":""4"",""task"":""13"",""opcode"":""0"",""keywords"":""0x8000000000000000"",""systemTime"":""2020-04-26T10:45:24.086173700Z"",""eventRecordID"":""567"",""processID"":""2252"",""threadID"":""3272"",""channel"":""Microsoft-Windows-Sysmon/Operational"",""computer"":""DESKTOP-HUE026H"",""severityValue"":""INFORMATION"",""message"":""\""Registry value set:\r\nRuleName: T1031,T1050\r\nEventType: SetValue\r\nUtcTime: 2020-04-26 10:45:21.590\r\nProcessGuid: {df9fc3d3-663a-5ea5-0000-00104ea80000}\r\nProcessId: 592\r\nImage: C:\\Windows\\system32\\services.exe\r\nTargetObject: HKLM\\System\\CurrentControlSet\\Services\\BcastDVRUserService_37a6f\\ImagePath\r\nDetails: C:\\Windows\\system32\\svchost.exe -k BcastDVRUserService\""""},""eventdata"":{""ruleName"":""T1031,T1050"",""eventType"":""SetValue"",""utcTime"":""2020-04-26 10:45:21.590"",""processGuid"":""{df9fc3d3-663a-5ea5-0000-00104ea80000}"",""processId"":""592"",""image"":""C:\\\\Windows\\\\system32\\\\services.exe"",""targetObject"":""HKLM\\\\System\\\\CurrentControlSet\\\\Services\\\\BcastDVRUserService_37a6f\\\\ImagePath"",""details"":""C:\\\\Windows\\\\system32\\\\svchost.exe -k BcastDVRUserService""}}}","""Registry value set:
RuleName: T1031,T1050
EventType: SetValue
UtcTime: 2020-04-26 10:45:21.590
ProcessGuid: {df9fc3d3-663a-5ea5-0000-00104ea80000}
ProcessId: 592
Image: C:\Windows\system32\services.exe
TargetObject: HKLM\System\CurrentControlSet\Services\BcastDVRUserService_37a6f\ImagePath
Details: C:\Windows\system32\svchost.exe -k BcastDVRUserService"""
"Apr 26, 2020 @ 10:45:27.867",9,"ATT&CK T1058:Registry edit for new service","{""win"":{""system"":{""providerName"":""Microsoft-Windows-Sysmon"",""providerGuid"":""{5770385f-c22a-43e0-bf4c-06f5698ffbd9}"",""eventID"":""13"",""version"":""2"",""level"":""4"",""task"":""13"",""opcode"":""0"",""keywords"":""0x8000000000000000"",""systemTime"":""2020-04-26T10:45:24.085933900Z"",""eventRecordID"":""566"",""processID"":""2252"",""threadID"":""3272"",""channel"":""Microsoft-Windows-Sysmon/Operational"",""computer"":""DESKTOP-HUE026H"",""severityValue"":""INFORMATION"",""message"":""\""Registry value set:\r\nRuleName: T1031,T1050\r\nEventType: SetValue\r\nUtcTime: 2020-04-26 10:45:21.590\r\nProcessGuid: {df9fc3d3-663a-5ea5-0000-00104ea80000}\r\nProcessId: 592\r\nImage: C:\\Windows\\system32\\services.exe\r\nTargetObject: HKLM\\System\\CurrentControlSet\\Services\\BcastDVRUserService_37a6f\\Start\r\nDetails: DWORD (0x00000003)\""""},""eventdata"":{""ruleName"":""T1031,T1050"",""eventType"":""SetValue"",""utcTime"":""2020-04-26 10:45:21.590"",""processGuid"":""{df9fc3d3-663a-5ea5-0000-00104ea80000}"",""processId"":""592"",""image"":""C:\\\\Windows\\\\system32\\\\services.exe"",""targetObject"":""HKLM\\\\System\\\\CurrentControlSet\\\\Services\\\\BcastDVRUserService_37a6f\\\\Start"",""details"":""DWORD (0x00000003)""}}}","""Registry value set:
RuleName: T1031,T1050
EventType: SetValue
UtcTime: 2020-04-26 10:45:21.590
ProcessGuid: {df9fc3d3-663a-5ea5-0000-00104ea80000}
ProcessId: 592
Image: C:\Windows\system32\services.exe
TargetObject: HKLM\System\CurrentControlSet\Services\BcastDVRUserService_37a6f\Start
Details: DWORD (0x00000003)"""
"Apr 26, 2020 @ 10:45:27.833",9,"ATT&CK T1058:Registry edit for new service","{""win"":{""system"":{""providerName"":""Microsoft-Windows-Sysmon"",""providerGuid"":""{5770385f-c22a-43e0-bf4c-06f5698ffbd9}"",""eventID"":""13"",""version"":""2"",""level"":""4"",""task"":""13"",""opcode"":""0"",""keywords"":""0x8000000000000000"",""systemTime"":""2020-04-26T10:45:23.845531500Z"",""eventRecordID"":""564"",""processID"":""2252"",""threadID"":""3272"",""channel"":""Microsoft-Windows-Sysmon/Operational"",""computer"":""DESKTOP-HUE026H"",""severityValue"":""INFORMATION"",""message"":""\""Registry value set:\r\nRuleName: T1031,T1050\r\nEventType: SetValue\r\nUtcTime: 2020-04-26 10:45:21.590\r\nProcessGuid: {df9fc3d3-663a-5ea5-0000-00104ea80000}\r\nProcessId: 592\r\nImage: C:\\Windows\\system32\\services.exe\r\nTargetObject: HKLM\\System\\CurrentControlSet\\Services\\AarSvc_37a6f\\ImagePath\r\nDetails: C:\\Windows\\system32\\svchost.exe -k AarSvcGroup -p\""""},""eventdata"":{""ruleName"":""T1031,T1050"",""eventType"":""SetValue"",""utcTime"":""2020-04-26 10:45:21.590"",""processGuid"":""{df9fc3d3-663a-5ea5-0000-00104ea80000}"",""processId"":""592"",""image"":""C:\\\\Windows\\\\system32\\\\services.exe"",""targetObject"":""HKLM\\\\System\\\\CurrentControlSet\\\\Services\\\\AarSvc_37a6f\\\\ImagePath"",""details"":""C:\\\\Windows\\\\system32\\\\svchost.exe -k AarSvcGroup -p""}}}","""Registry value set:
RuleName: T1031,T1050
EventType: SetValue
UtcTime: 2020-04-26 10:45:21.590
ProcessGuid: {df9fc3d3-663a-5ea5-0000-00104ea80000}
ProcessId: 592
Image: C:\Windows\system32\services.exe
TargetObject: HKLM\System\CurrentControlSet\Services\AarSvc_37a6f\ImagePath
Details: C:\Windows\system32\svchost.exe -k AarSvcGroup -p"""
"Apr 26, 2020 @ 10:45:27.815",9,"ATT&CK T1058:Registry edit for new service","{""win"":{""system"":{""providerName"":""Microsoft-Windows-Sysmon"",""providerGuid"":""{5770385f-c22a-43e0-bf4c-06f5698ffbd9}"",""eventID"":""13"",""version"":""2"",""level"":""4"",""task"":""13"",""opcode"":""0"",""keywords"":""0x8000000000000000"",""systemTime"":""2020-04-26T10:45:23.844286400Z"",""eventRecordID"":""563"",""processID"":""2252"",""threadID"":""3272"",""channel"":""Microsoft-Windows-Sysmon/Operational"",""computer"":""DESKTOP-HUE026H"",""severityValue"":""INFORMATION"",""message"":""\""Registry value set:\r\nRuleName: T1031,T1050\r\nEventType: SetValue\r\nUtcTime: 2020-04-26 10:45:21.590\r\nProcessGuid: {df9fc3d3-663a-5ea5-0000-00104ea80000}\r\nProcessId: 592\r\nImage: C:\\Windows\\system32\\services.exe\r\nTargetObject: HKLM\\System\\CurrentControlSet\\Services\\AarSvc_37a6f\\Start\r\nDetails: DWORD (0x00000003)\""""},""eventdata"":{""ruleName"":""T1031,T1050"",""eventType"":""SetValue"",""utcTime"":""2020-04-26 10:45:21.590"",""processGuid"":""{df9fc3d3-663a-5ea5-0000-00104ea80000}"",""processId"":""592"",""image"":""C:\\\\Windows\\\\system32\\\\services.exe"",""targetObject"":""HKLM\\\\System\\\\CurrentControlSet\\\\Services\\\\AarSvc_37a6f\\\\Start"",""details"":""DWORD (0x00000003)""}}}","""Registry value set:
RuleName: T1031,T1050
EventType: SetValue
UtcTime: 2020-04-26 10:45:21.590
ProcessGuid: {df9fc3d3-663a-5ea5-0000-00104ea80000}
ProcessId: 592
Image: C:\Windows\system32\services.exe
TargetObject: HKLM\System\CurrentControlSet\Services\AarSvc_37a6f\Start
Details: DWORD (0x00000003)"""
"Apr 26, 2020 @ 10:45:22.897",5,"SessionEnv was unavailable to handle a notification event",,"""The winlogon notification subscriber <SessionEnv> was unavailable to handle a notification event."""
"Apr 26, 2020 @ 10:45:22.502",3,"Windows Logon Success",,"""An account was successfully logged on.

Subject:
	Security ID:		S-1-5-18
	Account Name:		DESKTOP-HUE026H$
	Account Domain:		WORKGROUP
	Logon ID:		0x3E7

Logon Information:
	Logon Type:		5
	Restricted Admin Mode:	-
	Virtual Account:		No
	Elevated Token:		Yes

Impersonation Level:		Impersonation

New Logon:
	Security ID:		S-1-5-18
	Account Name:		SYSTEM
	Account Domain:		NT AUTHORITY
	Logon ID:		0x3E7
	Linked Logon ID:		0x0
	Network Account Name:	-
	Network Account Domain:	-
	Logon GUID:		{00000000-0000-0000-0000-000000000000}

Process Information:
	Process ID:		0x250
	Process Name:		C:\Windows\System32\services.exe

Network Information:
	Workstation Name:	-
	Source Network Address:	-
	Source Port:		-

Detailed Authentication Information:
	Logon Process:		Advapi  
	Authentication Package:	Negotiate
	Transited Services:	-
	Package Name (NTLM only):	-
	Key Length:		0

This event is generated when a logon session is created. It is generated on the computer that was accessed.

The subject fields indicate the account on the local system which requested the logon. This is most commonly a service such as the Server service, or a local process such as Winlogon.exe or Services.exe.

The logon type field indicates the kind of logon that occurred. The most common types are 2 (interactive) and 3 (network).

The New Logon fields indicate the account for whom the new logon was created, i.e. the account that was logged on.

The network fields indicate where a remote logon request originated. Workstation name is not always available and may be left blank in some cases.

The impersonation level field indicates the extent to which a process in the logon session can impersonate.

The authentication information fields provide detailed information about this specific logon request.
	- Logon GUID is a unique identifier that can be used to correlate this event with a KDC event.
	- Transited services indicate which intermediate services have participated in this logon request.
	- Package name indicates which sub-protocol was used among the NTLM protocols.
	- Key length indicates the length of the generated session key. This will be 0 if no session key was requested."""
"Apr 26, 2020 @ 10:45:22.456",3,"Windows Workstation Logon Success",,"""An account was successfully logged on.

Subject:
	Security ID:		S-1-5-18
	Account Name:		DESKTOP-HUE026H$
	Account Domain:		WORKGROUP
	Logon ID:		0x3E7

Logon Information:
	Logon Type:		2
	Restricted Admin Mode:	-
	Virtual Account:		No
	Elevated Token:		No

Impersonation Level:		Impersonation

New Logon:
	Security ID:		S-1-5-21-438079597-2123118846-2669748851-1001
	Account Name:		John Williams
	Account Domain:		DESKTOP-HUE026H
	Logon ID:		0x31A1C
	Linked Logon ID:		0x319ED
	Network Account Name:	-
	Network Account Domain:	-
	Logon GUID:		{00000000-0000-0000-0000-000000000000}

Process Information:
	Process ID:		0x3e4
	Process Name:		C:\Windows\System32\svchost.exe

Network Information:
	Workstation Name:	DESKTOP-HUE026H
	Source Network Address:	127.0.0.1
	Source Port:		0

Detailed Authentication Information:
	Logon Process:		User32 
	Authentication Package:	Negotiate
	Transited Services:	-
	Package Name (NTLM only):	-
	Key Length:		0

This event is generated when a logon session is created. It is generated on the computer that was accessed.

The subject fields indicate the account on the local system which requested the logon. This is most commonly a service such as the Server service, or a local process such as Winlogon.exe or Services.exe.

The logon type field indicates the kind of logon that occurred. The most common types are 2 (interactive) and 3 (network).

The New Logon fields indicate the account for whom the new logon was created, i.e. the account that was logged on.

The network fields indicate where a remote logon request originated. Workstation name is not always available and may be left blank in some cases.

The impersonation level field indicates the extent to which a process in the logon session can impersonate.

The authentication information fields provide detailed information about this specific logon request.
	- Logon GUID is a unique identifier that can be used to correlate this event with a KDC event.
	- Transited services indicate which intermediate services have participated in this logon request.
	- Package name indicates which sub-protocol was used among the NTLM protocols.
	- Key length indicates the length of the generated session key. This will be 0 if no session key was requested."""
"Apr 26, 2020 @ 10:45:22.394",3,"Windows Workstation Logon Success",,"""An account was successfully logged on.

Subject:
	Security ID:		S-1-5-18
	Account Name:		DESKTOP-HUE026H$
	Account Domain:		WORKGROUP
	Logon ID:		0x3E7

Logon Information:
	Logon Type:		2
	Restricted Admin Mode:	-
	Virtual Account:		No
	Elevated Token:		Yes

Impersonation Level:		Impersonation

New Logon:
	Security ID:		S-1-5-21-438079597-2123118846-2669748851-1001
	Account Name:		John Williams
	Account Domain:		DESKTOP-HUE026H
	Logon ID:		0x319ED
	Linked Logon ID:		0x31A1C
	Network Account Name:	-
	Network Account Domain:	-
	Logon GUID:		{00000000-0000-0000-0000-000000000000}

Process Information:
	Process ID:		0x3e4
	Process Name:		C:\Windows\System32\svchost.exe

Network Information:
	Workstation Name:	DESKTOP-HUE026H
	Source Network Address:	127.0.0.1
	Source Port:		0

Detailed Authentication Information:
	Logon Process:		User32 
	Authentication Package:	Negotiate
	Transited Services:	-
	Package Name (NTLM only):	-
	Key Length:		0

This event is generated when a logon session is created. It is generated on the computer that was accessed.

The subject fields indicate the account on the local system which requested the logon. This is most commonly a service such as the Server service, or a local process such as Winlogon.exe or Services.exe.

The logon type field indicates the kind of logon that occurred. The most common types are 2 (interactive) and 3 (network).

The New Logon fields indicate the account for whom the new logon was created, i.e. the account that was logged on.

The network fields indicate where a remote logon request originated. Workstation name is not always available and may be left blank in some cases.

The impersonation level field indicates the extent to which a process in the logon session can impersonate.

The authentication information fields provide detailed information about this specific logon request.
	- Logon GUID is a unique identifier that can be used to correlate this event with a KDC event.
	- Transited services indicate which intermediate services have participated in this logon request.
	- Package name indicates which sub-protocol was used among the NTLM protocols.
	- Key length indicates the length of the generated session key. This will be 0 if no session key was requested."""
"Apr 26, 2020 @ 10:45:21.429",7,"SessionEnv was unavailable to handle a critical notification event",,"""The winlogon notification subscriber <SessionEnv> was unavailable to handle a critical notification event."""
"Apr 26, 2020 @ 10:45:19.950",3,"Ossec agent started.","ossec: Agent started: 'windows-10->any'.",
"Apr 26, 2020 @ 10:44:29.900",5,"SessionEnv was unavailable to handle a notification event",,"""The winlogon notification subscriber <SessionEnv> was unavailable to handle a notification event."""
"Apr 26, 2020 @ 10:44:29.835",5,"WSearch was unavailable to handle a notification event",,"""The winlogon notification subscriber <WSearch> was unavailable to handle a notification event."""
"Apr 26, 2020 @ 10:44:25.743",3,"Windows Logon Success",,"""An account was successfully logged on.

Subject:
	Security ID:		S-1-5-18
	Account Name:		DESKTOP-HUE026H$
	Account Domain:		WORKGROUP
	Logon ID:		0x3E7

Logon Information:
	Logon Type:		5
	Restricted Admin Mode:	-
	Virtual Account:		No
	Elevated Token:		Yes

Impersonation Level:		Impersonation

New Logon:
	Security ID:		S-1-5-18
	Account Name:		SYSTEM
	Account Domain:		NT AUTHORITY
	Logon ID:		0x3E7
	Linked Logon ID:		0x0
	Network Account Name:	-
	Network Account Domain:	-
	Logon GUID:		{00000000-0000-0000-0000-000000000000}

Process Information:
	Process ID:		0x24c
	Process Name:		C:\Windows\System32\services.exe

Network Information:
	Workstation Name:	-
	Source Network Address:	-
	Source Port:		-

Detailed Authentication Information:
	Logon Process:		Advapi  
	Authentication Package:	Negotiate
	Transited Services:	-
	Package Name (NTLM only):	-
	Key Length:		0

This event is generated when a logon session is created. It is generated on the computer that was accessed.

The subject fields indicate the account on the local system which requested the logon. This is most commonly a service such as the Server service, or a local process such as Winlogon.exe or Services.exe.

The logon type field indicates the kind of logon that occurred. The most common types are 2 (interactive) and 3 (network).

The New Logon fields indicate the account for whom the new logon was created, i.e. the account that was logged on.

The network fields indicate where a remote logon request originated. Workstation name is not always available and may be left blank in some cases.

The impersonation level field indicates the extent to which a process in the logon session can impersonate.

The authentication information fields provide detailed information about this specific logon request.
	- Logon GUID is a unique identifier that can be used to correlate this event with a KDC event.
	- Transited services indicate which intermediate services have participated in this logon request.
	- Package name indicates which sub-protocol was used among the NTLM protocols.
	- Key length indicates the length of the generated session key. This will be 0 if no session key was requested."""
"Apr 26, 2020 @ 10:43:47.507",7,"Integrity checksum changed.","File 'HKEY_LOCAL_MACHINE\System\CurrentControlSet\Services\bam\State\UserSettings\S-1-5-21-438079597-2123118846-2669748851-1001' checksum changed.
Old md5sum was: '1c2ba1597228115961d6328c1fe5d3a2'
New md5sum is : '4fb3bba13c938530aea3422bc2522f8e'
Old sha1sum was: '24110a9e96de59086bd21fa5431c88af7ee637a0'
New sha1sum is : '67a286693aec034ff7ebf4413b445dd59437c852'
",
"Apr 26, 2020 @ 10:43:47.492",7,"Integrity checksum changed.","File 'HKEY_LOCAL_MACHINE\System\CurrentControlSet\Services\bam\State\UserSettings\S-1-5-18' checksum changed.
Old md5sum was: '4ba4365f07f1541a9d0cb4adc696cbaa'
New md5sum is : 'a1b7a53a5551301f83ed8744ce80ef20'
Old sha1sum was: '6766757ccbe9ec12bc588faf319b992e7bd63e19'
New sha1sum is : 'c821e211eae5268acc65fd3cfadebc4d47232039'
",
"Apr 26, 2020 @ 10:43:23.399",3,"Service startup type was changed",,"""The start type of the Background Intelligent Transfer Service service was changed from demand start to auto start."""
"Apr 26, 2020 @ 10:43:02.664",3,"Service startup type was changed",,"""The start type of the Background Intelligent Transfer Service service was changed from auto start to demand start."""
"Apr 26, 2020 @ 10:41:33.647",3,"Software Protection service scheduled successfully",,"""Successfully scheduled Software Protection service for re-start at 2020-04-08T12:11:08Z. Reason: RulesEngine."""
"Apr 26, 2020 @ 10:41:11.225",7,"Integrity checksum changed.","File 'HKEY_LOCAL_MACHINE\System\CurrentControlSet\Services\W32Time\SecureTimeLimits' checksum changed.
Old md5sum was: 'bbd3c2d027909fd8ca60e5fb29be1c11'
New md5sum is : 'f6d600c5cc1ac72a221ff4e232c17714'
Old sha1sum was: '840961701b92e0a0bb75a3c992b2e764bb835d51'
New sha1sum is : '367298db73f7b22370cfd87e0e07a3b3be279d67'
",
"Apr 26, 2020 @ 10:41:11.194",7,"Integrity checksum changed.","File 'HKEY_LOCAL_MACHINE\System\CurrentControlSet\Services\W32Time\SecureTimeLimits\RunTime' checksum changed.
Old md5sum was: '4256845286e0a414097e9c63c150cb5d'
New md5sum is : '9a884b6415b722e0fe5b199f5489a78b'
Old sha1sum was: '684a425e096a2850d4c8dc9679a024c65fd89a91'
New sha1sum is : 'cf1e6c9ac71618055946e3482c6af9afb43e823a'
",
"Apr 26, 2020 @ 10:40:51.695",3,"Software Protection service scheduled successfully",,"""Successfully scheduled Software Protection service for re-start at 2020-04-08T12:11:26Z. Reason: RulesEngine."""
"Apr 26, 2020 @ 10:40:11.872",5,"Windows System error event",,"""The time service has detected that the system time needs to be  changed by 1635805 seconds. The time service will not change the system time by more than 54000 seconds. Verify that your time and time zone are correct, and that the time source time.windows.com,0x9 (ntp.m|0x9|0.0.0.0:123->51.105.208.173:123) is working properly."""
"Apr 26, 2020 @ 10:40:10.996",7,"Integrity checksum changed.","File 'HKEY_LOCAL_MACHINE\System\CurrentControlSet\Services\bam\State\UserSettings\S-1-5-21-438079597-2123118846-2669748851-1001' checksum changed.
Old md5sum was: '9d9105652e2f7b4afa5cb007b7d91920'
New md5sum is : '1c2ba1597228115961d6328c1fe5d3a2'
Old sha1sum was: 'f8cdf7cd739982a615ae6807a053614f911273d8'
New sha1sum is : '24110a9e96de59086bd21fa5431c88af7ee637a0'
",
"Apr 26, 2020 @ 10:40:10.983",7,"Integrity checksum changed.","File 'HKEY_LOCAL_MACHINE\System\CurrentControlSet\Services\bam\State\UserSettings\S-1-5-18' checksum changed.
Old md5sum was: '9b2eb62ca4c74330ffa1448b22e6dfac'
New md5sum is : '4ba4365f07f1541a9d0cb4adc696cbaa'
Old sha1sum was: '9ae0bb56b661cb86cac596f8cf95cde5c871458b'
New sha1sum is : '6766757ccbe9ec12bc588faf319b992e7bd63e19'
",
"Apr 26, 2020 @ 10:39:05.687",3,"Software Protection service scheduled successfully",,"""Successfully scheduled Software Protection service for re-start at 2020-04-08T12:10:40Z. Reason: RulesEngine."""
