"May 23, 2020 @ 12:41:02.986",8,"ATT&CK T1489: Stop Windows Service","""Process Create:
RuleName: 
UtcTime: 2020-05-22 13:22:20.475
ProcessGuid: {df9fc3d3-d20c-5ec7-0000-0010c0c23c00}
ProcessId: 230284
Image: C:\Windows\System32\net1.exe
FileVersion: 10.0.18362.1 (WinBuild.160101.0800)
Description: Net Command
Product: Microsoft® Windows® Operating System
Company: Microsoft Corporation
OriginalFileName: net1.exe
CommandLine: C:\Windows\system32\net1 stop ""samss"" /y
CurrentDirectory: C:\Users\John Williams\Downloads\
User: DESKTOP-HUE026H\John Williams
LogonGuid: {df9fc3d3-d0d4-5ec7-0000-002021020300}
LogonId: 0x30221
TerminalSessionId: 1
IntegrityLevel: Medium
Hashes: MD5=0F641F87A791AE07C00A725BBBD77724,SHA256=286E7F127B06386BD1CC9664851848F483A867F0F604AA352893151068715FAA,IMPHASH=41DBA1AF77E1A2260F0CE46D59ADCB5E
ParentProcessGuid: {df9fc3d3-d209-5ec7-0000-0010a4903c00}
ParentProcessId: 226656
ParentImage: C:\Windows\System32\net.exe
ParentCommandLine: ""C:\Windows\System32\net.exe"" stop ""samss"" /y""","C:\\Windows\\system32\\net1 stop \""samss\"" /y","{""win"":{""system"":{""providerName"":""Microsoft-Windows-Sysmon"",""providerGuid"":""{5770385f-c22a-43e0-bf4c-06f5698ffbd9}"",""eventID"":""1"",""version"":""5"",""level"":""4"",""task"":""1"",""opcode"":""0"",""keywords"":""0x8000000000000000"",""systemTime"":""2020-05-22T13:22:20.528225300Z"",""eventRecordID"":""1194"",""processID"":""2292"",""threadID"":""3260"",""channel"":""Microsoft-Windows-Sysmon/Operational"",""computer"":""DESKTOP-HUE026H"",""severityValue"":""INFORMATION"",""message"":""\""Process Create:\r\nRuleName: \r\nUtcTime: 2020-05-22 13:22:20.475\r\nProcessGuid: {df9fc3d3-d20c-5ec7-0000-0010c0c23c00}\r\nProcessId: 230284\r\nImage: C:\\Windows\\System32\\net1.exe\r\nFileVersion: 10.0.18362.1 (WinBuild.160101.0800)\r\nDescription: Net Command\r\nProduct: Microsoft® Windows® Operating System\r\nCompany: Microsoft Corporation\r\nOriginalFileName: net1.exe\r\nCommandLine: C:\\Windows\\system32\\net1 stop \""samss\"" /y\r\nCurrentDirectory: C:\\Users\\John Williams\\Downloads\\\r\nUser: DESKTOP-HUE026H\\John Williams\r\nLogonGuid: {df9fc3d3-d0d4-5ec7-0000-002021020300}\r\nLogonId: 0x30221\r\nTerminalSessionId: 1\r\nIntegrityLevel: Medium\r\nHashes: MD5=0F641F87A791AE07C00A725BBBD77724,SHA256=286E7F127B06386BD1CC9664851848F483A867F0F604AA352893151068715FAA,IMPHASH=41DBA1AF77E1A2260F0CE46D59ADCB5E\r\nParentProcessGuid: {df9fc3d3-d209-5ec7-0000-0010a4903c00}\r\nParentProcessId: 226656\r\nParentImage: C:\\Windows\\System32\\net.exe\r\nParentCommandLine: \""C:\\Windows\\System32\\net.exe\"" stop \""samss\"" /y\""""},""eventdata"":{""utcTime"":""2020-05-22 13:22:20.475"",""processGuid"":""{df9fc3d3-d20c-5ec7-0000-0010c0c23c00}"",""processId"":""230284"",""image"":""C:\\\\Windows\\\\System32\\\\net1.exe"",""fileVersion"":""10.0.18362.1 (WinBuild.160101.0800)"",""description"":""Net Command"",""product"":""Microsoft® Windows® Operating System"",""company"":""Microsoft Corporation"",""originalFileName"":""net1.exe"",""commandLine"":""C:\\\\Windows\\\\system32\\\\net1 stop \\\""samss\\\"" /y"",""currentDirectory"":""C:\\\\Users\\\\John Williams\\\\Downloads\\\\"",""user"":""DESKTOP-HUE026H\\\\John Williams"",""logonGuid"":""{df9fc3d3-d0d4-5ec7-0000-002021020300}"",""logonId"":""0x30221"",""terminalSessionId"":""1"",""integrityLevel"":""Medium"",""hashes"":""MD5=0F641F87A791AE07C00A725BBBD77724,SHA256=286E7F127B06386BD1CC9664851848F483A867F0F604AA352893151068715FAA,IMPHASH=41DBA1AF77E1A2260F0CE46D59ADCB5E"",""parentProcessGuid"":""{df9fc3d3-d209-5ec7-0000-0010a4903c00}"",""parentProcessId"":""226656"",""parentImage"":""C:\\\\Windows\\\\System32\\\\net.exe"",""parentCommandLine"":""\\\""C:\\\\Windows\\\\System32\\\\net.exe\\\"" stop \\\""samss\\\"" /y""}}}"
"May 23, 2020 @ 12:40:57.870",8,"ATT&CK T1489: Stop Windows Service","""Process Create:
RuleName: 
UtcTime: 2020-05-22 13:22:18.705
ProcessGuid: {df9fc3d3-d20a-5ec7-0000-0010cda03c00}
ProcessId: 227980
Image: C:\Windows\System32\net1.exe
FileVersion: 10.0.18362.1 (WinBuild.160101.0800)
Description: Net Command
Product: Microsoft® Windows® Operating System
Company: Microsoft Corporation
OriginalFileName: net1.exe
CommandLine: C:\Windows\system32\net1 stop ""audioendpointbuilder"" /y
CurrentDirectory: C:\Users\John Williams\Downloads\
User: DESKTOP-HUE026H\John Williams
LogonGuid: {df9fc3d3-d0d4-5ec7-0000-002021020300}
LogonId: 0x30221
TerminalSessionId: 1
IntegrityLevel: Medium
Hashes: MD5=0F641F87A791AE07C00A725BBBD77724,SHA256=286E7F127B06386BD1CC9664851848F483A867F0F604AA352893151068715FAA,IMPHASH=41DBA1AF77E1A2260F0CE46D59ADCB5E
ParentProcessGuid: {df9fc3d3-d209-5ec7-0000-0010e9843c00}
ParentProcessId: 225820
ParentImage: C:\Windows\System32\net.exe
ParentCommandLine: ""C:\Windows\System32\net.exe"" stop ""audioendpointbuilder"" /y""","C:\\Windows\\system32\\net1 stop \""audioendpointbuilder\"" /y","{""win"":{""system"":{""providerName"":""Microsoft-Windows-Sysmon"",""providerGuid"":""{5770385f-c22a-43e0-bf4c-06f5698ffbd9}"",""eventID"":""1"",""version"":""5"",""level"":""4"",""task"":""1"",""opcode"":""0"",""keywords"":""0x8000000000000000"",""systemTime"":""2020-05-22T13:22:18.743263600Z"",""eventRecordID"":""1192"",""processID"":""2292"",""threadID"":""3260"",""channel"":""Microsoft-Windows-Sysmon/Operational"",""computer"":""DESKTOP-HUE026H"",""severityValue"":""INFORMATION"",""message"":""\""Process Create:\r\nRuleName: \r\nUtcTime: 2020-05-22 13:22:18.705\r\nProcessGuid: {df9fc3d3-d20a-5ec7-0000-0010cda03c00}\r\nProcessId: 227980\r\nImage: C:\\Windows\\System32\\net1.exe\r\nFileVersion: 10.0.18362.1 (WinBuild.160101.0800)\r\nDescription: Net Command\r\nProduct: Microsoft® Windows® Operating System\r\nCompany: Microsoft Corporation\r\nOriginalFileName: net1.exe\r\nCommandLine: C:\\Windows\\system32\\net1 stop \""audioendpointbuilder\"" /y\r\nCurrentDirectory: C:\\Users\\John Williams\\Downloads\\\r\nUser: DESKTOP-HUE026H\\John Williams\r\nLogonGuid: {df9fc3d3-d0d4-5ec7-0000-002021020300}\r\nLogonId: 0x30221\r\nTerminalSessionId: 1\r\nIntegrityLevel: Medium\r\nHashes: MD5=0F641F87A791AE07C00A725BBBD77724,SHA256=286E7F127B06386BD1CC9664851848F483A867F0F604AA352893151068715FAA,IMPHASH=41DBA1AF77E1A2260F0CE46D59ADCB5E\r\nParentProcessGuid: {df9fc3d3-d209-5ec7-0000-0010e9843c00}\r\nParentProcessId: 225820\r\nParentImage: C:\\Windows\\System32\\net.exe\r\nParentCommandLine: \""C:\\Windows\\System32\\net.exe\"" stop \""audioendpointbuilder\"" /y\""""},""eventdata"":{""utcTime"":""2020-05-22 13:22:18.705"",""processGuid"":""{df9fc3d3-d20a-5ec7-0000-0010cda03c00}"",""processId"":""227980"",""image"":""C:\\\\Windows\\\\System32\\\\net1.exe"",""fileVersion"":""10.0.18362.1 (WinBuild.160101.0800)"",""description"":""Net Command"",""product"":""Microsoft® Windows® Operating System"",""company"":""Microsoft Corporation"",""originalFileName"":""net1.exe"",""commandLine"":""C:\\\\Windows\\\\system32\\\\net1 stop \\\""audioendpointbuilder\\\"" /y"",""currentDirectory"":""C:\\\\Users\\\\John Williams\\\\Downloads\\\\"",""user"":""DESKTOP-HUE026H\\\\John Williams"",""logonGuid"":""{df9fc3d3-d0d4-5ec7-0000-002021020300}"",""logonId"":""0x30221"",""terminalSessionId"":""1"",""integrityLevel"":""Medium"",""hashes"":""MD5=0F641F87A791AE07C00A725BBBD77724,SHA256=286E7F127B06386BD1CC9664851848F483A867F0F604AA352893151068715FAA,IMPHASH=41DBA1AF77E1A2260F0CE46D59ADCB5E"",""parentProcessGuid"":""{df9fc3d3-d209-5ec7-0000-0010e9843c00}"",""parentProcessId"":""225820"",""parentImage"":""C:\\\\Windows\\\\System32\\\\net.exe"",""parentCommandLine"":""\\\""C:\\\\Windows\\\\System32\\\\net.exe\\\"" stop \\\""audioendpointbuilder\\\"" /y""}}}"
"May 23, 2020 @ 12:40:54.181",8,"ATT&CK T1489: Stop Windows Service","""Process Create:
RuleName: 
UtcTime: 2020-05-22 13:22:17.652
ProcessGuid: {df9fc3d3-d209-5ec7-0000-0010a4903c00}
ProcessId: 226656
Image: C:\Windows\System32\net.exe
FileVersion: 10.0.18362.1 (WinBuild.160101.0800)
Description: Net Command
Product: Microsoft® Windows® Operating System
Company: Microsoft Corporation
OriginalFileName: net.exe
CommandLine: ""C:\Windows\System32\net.exe"" stop ""samss"" /y
CurrentDirectory: C:\Users\John Williams\Downloads\
User: DESKTOP-HUE026H\John Williams
LogonGuid: {df9fc3d3-d0d4-5ec7-0000-002021020300}
LogonId: 0x30221
TerminalSessionId: 1
IntegrityLevel: Medium
Hashes: MD5=A63DF9A6E9098CC189F2A3EFC37600F6,SHA256=96CDFD7B263947A6A7C0DB54141A6B8D7777DB0A03A17CBF95666D98422F937B,IMPHASH=57F0C47AE2A1A2C06C8B987372AB0B07
ParentProcessGuid: {df9fc3d3-d15d-5ec7-0000-00103e661900}
ParentProcessId: 2284
ParentImage: C:\Users\John Williams\Downloads\progam18.exe
ParentCommandLine: ""C:\Users\John Williams\Downloads\progam18.exe"" ""","\""C:\\Windows\\System32\\net.exe\"" stop \""samss\"" /y","{""win"":{""system"":{""providerName"":""Microsoft-Windows-Sysmon"",""providerGuid"":""{5770385f-c22a-43e0-bf4c-06f5698ffbd9}"",""eventID"":""1"",""version"":""5"",""level"":""4"",""task"":""1"",""opcode"":""0"",""keywords"":""0x8000000000000000"",""systemTime"":""2020-05-22T13:22:17.672830100Z"",""eventRecordID"":""1191"",""processID"":""2292"",""threadID"":""3260"",""channel"":""Microsoft-Windows-Sysmon/Operational"",""computer"":""DESKTOP-HUE026H"",""severityValue"":""INFORMATION"",""message"":""\""Process Create:\r\nRuleName: \r\nUtcTime: 2020-05-22 13:22:17.652\r\nProcessGuid: {df9fc3d3-d209-5ec7-0000-0010a4903c00}\r\nProcessId: 226656\r\nImage: C:\\Windows\\System32\\net.exe\r\nFileVersion: 10.0.18362.1 (WinBuild.160101.0800)\r\nDescription: Net Command\r\nProduct: Microsoft® Windows® Operating System\r\nCompany: Microsoft Corporation\r\nOriginalFileName: net.exe\r\nCommandLine: \""C:\\Windows\\System32\\net.exe\"" stop \""samss\"" /y\r\nCurrentDirectory: C:\\Users\\John Williams\\Downloads\\\r\nUser: DESKTOP-HUE026H\\John Williams\r\nLogonGuid: {df9fc3d3-d0d4-5ec7-0000-002021020300}\r\nLogonId: 0x30221\r\nTerminalSessionId: 1\r\nIntegrityLevel: Medium\r\nHashes: MD5=A63DF9A6E9098CC189F2A3EFC37600F6,SHA256=96CDFD7B263947A6A7C0DB54141A6B8D7777DB0A03A17CBF95666D98422F937B,IMPHASH=57F0C47AE2A1A2C06C8B987372AB0B07\r\nParentProcessGuid: {df9fc3d3-d15d-5ec7-0000-00103e661900}\r\nParentProcessId: 2284\r\nParentImage: C:\\Users\\John Williams\\Downloads\\progam18.exe\r\nParentCommandLine: \""C:\\Users\\John Williams\\Downloads\\progam18.exe\"" \""""},""eventdata"":{""utcTime"":""2020-05-22 13:22:17.652"",""processGuid"":""{df9fc3d3-d209-5ec7-0000-0010a4903c00}"",""processId"":""226656"",""image"":""C:\\\\Windows\\\\System32\\\\net.exe"",""fileVersion"":""10.0.18362.1 (WinBuild.160101.0800)"",""description"":""Net Command"",""product"":""Microsoft® Windows® Operating System"",""company"":""Microsoft Corporation"",""originalFileName"":""net.exe"",""commandLine"":""\\\""C:\\\\Windows\\\\System32\\\\net.exe\\\"" stop \\\""samss\\\"" /y"",""currentDirectory"":""C:\\\\Users\\\\John Williams\\\\Downloads\\\\"",""user"":""DESKTOP-HUE026H\\\\John Williams"",""logonGuid"":""{df9fc3d3-d0d4-5ec7-0000-002021020300}"",""logonId"":""0x30221"",""terminalSessionId"":""1"",""integrityLevel"":""Medium"",""hashes"":""MD5=A63DF9A6E9098CC189F2A3EFC37600F6,SHA256=96CDFD7B263947A6A7C0DB54141A6B8D7777DB0A03A17CBF95666D98422F937B,IMPHASH=57F0C47AE2A1A2C06C8B987372AB0B07"",""parentProcessGuid"":""{df9fc3d3-d15d-5ec7-0000-00103e661900}"",""parentProcessId"":""2284"",""parentImage"":""C:\\\\Users\\\\John Williams\\\\Downloads\\\\progam18.exe"",""parentCommandLine"":""\\\""C:\\\\Users\\\\John Williams\\\\Downloads\\\\progam18.exe\\\""""}}}"
"May 23, 2020 @ 12:40:54.069",8,"ATT&CK T1489: Stop Windows Service","""Process Create:
RuleName: 
UtcTime: 2020-05-22 13:22:17.120
ProcessGuid: {df9fc3d3-d209-5ec7-0000-0010e9843c00}
ProcessId: 225820
Image: C:\Windows\System32\net.exe
FileVersion: 10.0.18362.1 (WinBuild.160101.0800)
Description: Net Command
Product: Microsoft® Windows® Operating System
Company: Microsoft Corporation
OriginalFileName: net.exe
CommandLine: ""C:\Windows\System32\net.exe"" stop ""audioendpointbuilder"" /y
CurrentDirectory: C:\Users\John Williams\Downloads\
User: DESKTOP-HUE026H\John Williams
LogonGuid: {df9fc3d3-d0d4-5ec7-0000-002021020300}
LogonId: 0x30221
TerminalSessionId: 1
IntegrityLevel: Medium
Hashes: MD5=A63DF9A6E9098CC189F2A3EFC37600F6,SHA256=96CDFD7B263947A6A7C0DB54141A6B8D7777DB0A03A17CBF95666D98422F937B,IMPHASH=57F0C47AE2A1A2C06C8B987372AB0B07
ParentProcessGuid: {df9fc3d3-d15d-5ec7-0000-00103e661900}
ParentProcessId: 2284
ParentImage: C:\Users\John Williams\Downloads\progam18.exe
ParentCommandLine: ""C:\Users\John Williams\Downloads\progam18.exe"" ""","\""C:\\Windows\\System32\\net.exe\"" stop \""audioendpointbuilder\"" /y","{""win"":{""system"":{""providerName"":""Microsoft-Windows-Sysmon"",""providerGuid"":""{5770385f-c22a-43e0-bf4c-06f5698ffbd9}"",""eventID"":""1"",""version"":""5"",""level"":""4"",""task"":""1"",""opcode"":""0"",""keywords"":""0x8000000000000000"",""systemTime"":""2020-05-22T13:22:17.242013300Z"",""eventRecordID"":""1190"",""processID"":""2292"",""threadID"":""3260"",""channel"":""Microsoft-Windows-Sysmon/Operational"",""computer"":""DESKTOP-HUE026H"",""severityValue"":""INFORMATION"",""message"":""\""Process Create:\r\nRuleName: \r\nUtcTime: 2020-05-22 13:22:17.120\r\nProcessGuid: {df9fc3d3-d209-5ec7-0000-0010e9843c00}\r\nProcessId: 225820\r\nImage: C:\\Windows\\System32\\net.exe\r\nFileVersion: 10.0.18362.1 (WinBuild.160101.0800)\r\nDescription: Net Command\r\nProduct: Microsoft® Windows® Operating System\r\nCompany: Microsoft Corporation\r\nOriginalFileName: net.exe\r\nCommandLine: \""C:\\Windows\\System32\\net.exe\"" stop \""audioendpointbuilder\"" /y\r\nCurrentDirectory: C:\\Users\\John Williams\\Downloads\\\r\nUser: DESKTOP-HUE026H\\John Williams\r\nLogonGuid: {df9fc3d3-d0d4-5ec7-0000-002021020300}\r\nLogonId: 0x30221\r\nTerminalSessionId: 1\r\nIntegrityLevel: Medium\r\nHashes: MD5=A63DF9A6E9098CC189F2A3EFC37600F6,SHA256=96CDFD7B263947A6A7C0DB54141A6B8D7777DB0A03A17CBF95666D98422F937B,IMPHASH=57F0C47AE2A1A2C06C8B987372AB0B07\r\nParentProcessGuid: {df9fc3d3-d15d-5ec7-0000-00103e661900}\r\nParentProcessId: 2284\r\nParentImage: C:\\Users\\John Williams\\Downloads\\progam18.exe\r\nParentCommandLine: \""C:\\Users\\John Williams\\Downloads\\progam18.exe\"" \""""},""eventdata"":{""utcTime"":""2020-05-22 13:22:17.120"",""processGuid"":""{df9fc3d3-d209-5ec7-0000-0010e9843c00}"",""processId"":""225820"",""image"":""C:\\\\Windows\\\\System32\\\\net.exe"",""fileVersion"":""10.0.18362.1 (WinBuild.160101.0800)"",""description"":""Net Command"",""product"":""Microsoft® Windows® Operating System"",""company"":""Microsoft Corporation"",""originalFileName"":""net.exe"",""commandLine"":""\\\""C:\\\\Windows\\\\System32\\\\net.exe\\\"" stop \\\""audioendpointbuilder\\\"" /y"",""currentDirectory"":""C:\\\\Users\\\\John Williams\\\\Downloads\\\\"",""user"":""DESKTOP-HUE026H\\\\John Williams"",""logonGuid"":""{df9fc3d3-d0d4-5ec7-0000-002021020300}"",""logonId"":""0x30221"",""terminalSessionId"":""1"",""integrityLevel"":""Medium"",""hashes"":""MD5=A63DF9A6E9098CC189F2A3EFC37600F6,SHA256=96CDFD7B263947A6A7C0DB54141A6B8D7777DB0A03A17CBF95666D98422F937B,IMPHASH=57F0C47AE2A1A2C06C8B987372AB0B07"",""parentProcessGuid"":""{df9fc3d3-d15d-5ec7-0000-00103e661900}"",""parentProcessId"":""2284"",""parentImage"":""C:\\\\Users\\\\John Williams\\\\Downloads\\\\progam18.exe"",""parentCommandLine"":""\\\""C:\\\\Users\\\\John Williams\\\\Downloads\\\\progam18.exe\\\""""}}}"
"May 23, 2020 @ 12:40:32.433",8,"ATT&CK T1489: Stop Windows Service","""Process Create:
RuleName: 
UtcTime: 2020-05-22 13:22:07.779
ProcessGuid: {df9fc3d3-d1ff-5ec7-0000-0010057c3b00}
ProcessId: 204716
Image: C:\Windows\System32\net1.exe
FileVersion: 10.0.18362.1 (WinBuild.160101.0800)
Description: Net Command
Product: Microsoft® Windows® Operating System
Company: Microsoft Corporation
OriginalFileName: net1.exe
CommandLine: C:\Windows\system32\net1 stop ""samss"" /y
CurrentDirectory: C:\Users\John Williams\Downloads\
User: DESKTOP-HUE026H\John Williams
LogonGuid: {df9fc3d3-d0d4-5ec7-0000-002021020300}
LogonId: 0x30221
TerminalSessionId: 1
IntegrityLevel: Medium
Hashes: MD5=0F641F87A791AE07C00A725BBBD77724,SHA256=286E7F127B06386BD1CC9664851848F483A867F0F604AA352893151068715FAA,IMPHASH=41DBA1AF77E1A2260F0CE46D59ADCB5E
ParentProcessGuid: {df9fc3d3-d1fd-5ec7-0000-001009443b00}
ParentProcessId: 201476
ParentImage: C:\Windows\System32\net.exe
ParentCommandLine: ""C:\Windows\System32\net.exe"" stop ""samss"" /y""","C:\\Windows\\system32\\net1 stop \""samss\"" /y","{""win"":{""system"":{""providerName"":""Microsoft-Windows-Sysmon"",""providerGuid"":""{5770385f-c22a-43e0-bf4c-06f5698ffbd9}"",""eventID"":""1"",""version"":""5"",""level"":""4"",""task"":""1"",""opcode"":""0"",""keywords"":""0x8000000000000000"",""systemTime"":""2020-05-22T13:22:07.814769400Z"",""eventRecordID"":""1167"",""processID"":""2292"",""threadID"":""3260"",""channel"":""Microsoft-Windows-Sysmon/Operational"",""computer"":""DESKTOP-HUE026H"",""severityValue"":""INFORMATION"",""message"":""\""Process Create:\r\nRuleName: \r\nUtcTime: 2020-05-22 13:22:07.779\r\nProcessGuid: {df9fc3d3-d1ff-5ec7-0000-0010057c3b00}\r\nProcessId: 204716\r\nImage: C:\\Windows\\System32\\net1.exe\r\nFileVersion: 10.0.18362.1 (WinBuild.160101.0800)\r\nDescription: Net Command\r\nProduct: Microsoft® Windows® Operating System\r\nCompany: Microsoft Corporation\r\nOriginalFileName: net1.exe\r\nCommandLine: C:\\Windows\\system32\\net1 stop \""samss\"" /y\r\nCurrentDirectory: C:\\Users\\John Williams\\Downloads\\\r\nUser: DESKTOP-HUE026H\\John Williams\r\nLogonGuid: {df9fc3d3-d0d4-5ec7-0000-002021020300}\r\nLogonId: 0x30221\r\nTerminalSessionId: 1\r\nIntegrityLevel: Medium\r\nHashes: MD5=0F641F87A791AE07C00A725BBBD77724,SHA256=286E7F127B06386BD1CC9664851848F483A867F0F604AA352893151068715FAA,IMPHASH=41DBA1AF77E1A2260F0CE46D59ADCB5E\r\nParentProcessGuid: {df9fc3d3-d1fd-5ec7-0000-001009443b00}\r\nParentProcessId: 201476\r\nParentImage: C:\\Windows\\System32\\net.exe\r\nParentCommandLine: \""C:\\Windows\\System32\\net.exe\"" stop \""samss\"" /y\""""},""eventdata"":{""utcTime"":""2020-05-22 13:22:07.779"",""processGuid"":""{df9fc3d3-d1ff-5ec7-0000-0010057c3b00}"",""processId"":""204716"",""image"":""C:\\\\Windows\\\\System32\\\\net1.exe"",""fileVersion"":""10.0.18362.1 (WinBuild.160101.0800)"",""description"":""Net Command"",""product"":""Microsoft® Windows® Operating System"",""company"":""Microsoft Corporation"",""originalFileName"":""net1.exe"",""commandLine"":""C:\\\\Windows\\\\system32\\\\net1 stop \\\""samss\\\"" /y"",""currentDirectory"":""C:\\\\Users\\\\John Williams\\\\Downloads\\\\"",""user"":""DESKTOP-HUE026H\\\\John Williams"",""logonGuid"":""{df9fc3d3-d0d4-5ec7-0000-002021020300}"",""logonId"":""0x30221"",""terminalSessionId"":""1"",""integrityLevel"":""Medium"",""hashes"":""MD5=0F641F87A791AE07C00A725BBBD77724,SHA256=286E7F127B06386BD1CC9664851848F483A867F0F604AA352893151068715FAA,IMPHASH=41DBA1AF77E1A2260F0CE46D59ADCB5E"",""parentProcessGuid"":""{df9fc3d3-d1fd-5ec7-0000-001009443b00}"",""parentProcessId"":""201476"",""parentImage"":""C:\\\\Windows\\\\System32\\\\net.exe"",""parentCommandLine"":""\\\""C:\\\\Windows\\\\System32\\\\net.exe\\\"" stop \\\""samss\\\"" /y""}}}"
"May 23, 2020 @ 12:40:28.230",8,"ATT&CK T1489: Stop Windows Service","""Process Create:
RuleName: 
UtcTime: 2020-05-22 13:22:06.014
ProcessGuid: {df9fc3d3-d1fe-5ec7-0000-0010cb4c3b00}
ProcessId: 201768
Image: C:\Windows\System32\net1.exe
FileVersion: 10.0.18362.1 (WinBuild.160101.0800)
Description: Net Command
Product: Microsoft® Windows® Operating System
Company: Microsoft Corporation
OriginalFileName: net1.exe
CommandLine: C:\Windows\system32\net1 stop ""audioendpointbuilder"" /y
CurrentDirectory: C:\Users\John Williams\Downloads\
User: DESKTOP-HUE026H\John Williams
LogonGuid: {df9fc3d3-d0d4-5ec7-0000-002021020300}
LogonId: 0x30221
TerminalSessionId: 1
IntegrityLevel: Medium
Hashes: MD5=0F641F87A791AE07C00A725BBBD77724,SHA256=286E7F127B06386BD1CC9664851848F483A867F0F604AA352893151068715FAA,IMPHASH=41DBA1AF77E1A2260F0CE46D59ADCB5E
ParentProcessGuid: {df9fc3d3-d1fd-5ec7-0000-00109a313b00}
ParentProcessId: 200892
ParentImage: C:\Windows\System32\net.exe
ParentCommandLine: ""C:\Windows\System32\net.exe"" stop ""audioendpointbuilder"" /y""","C:\\Windows\\system32\\net1 stop \""audioendpointbuilder\"" /y","{""win"":{""system"":{""providerName"":""Microsoft-Windows-Sysmon"",""providerGuid"":""{5770385f-c22a-43e0-bf4c-06f5698ffbd9}"",""eventID"":""1"",""version"":""5"",""level"":""4"",""task"":""1"",""opcode"":""0"",""keywords"":""0x8000000000000000"",""systemTime"":""2020-05-22T13:22:06.117466600Z"",""eventRecordID"":""1165"",""processID"":""2292"",""threadID"":""3260"",""channel"":""Microsoft-Windows-Sysmon/Operational"",""computer"":""DESKTOP-HUE026H"",""severityValue"":""INFORMATION"",""message"":""\""Process Create:\r\nRuleName: \r\nUtcTime: 2020-05-22 13:22:06.014\r\nProcessGuid: {df9fc3d3-d1fe-5ec7-0000-0010cb4c3b00}\r\nProcessId: 201768\r\nImage: C:\\Windows\\System32\\net1.exe\r\nFileVersion: 10.0.18362.1 (WinBuild.160101.0800)\r\nDescription: Net Command\r\nProduct: Microsoft® Windows® Operating System\r\nCompany: Microsoft Corporation\r\nOriginalFileName: net1.exe\r\nCommandLine: C:\\Windows\\system32\\net1 stop \""audioendpointbuilder\"" /y\r\nCurrentDirectory: C:\\Users\\John Williams\\Downloads\\\r\nUser: DESKTOP-HUE026H\\John Williams\r\nLogonGuid: {df9fc3d3-d0d4-5ec7-0000-002021020300}\r\nLogonId: 0x30221\r\nTerminalSessionId: 1\r\nIntegrityLevel: Medium\r\nHashes: MD5=0F641F87A791AE07C00A725BBBD77724,SHA256=286E7F127B06386BD1CC9664851848F483A867F0F604AA352893151068715FAA,IMPHASH=41DBA1AF77E1A2260F0CE46D59ADCB5E\r\nParentProcessGuid: {df9fc3d3-d1fd-5ec7-0000-00109a313b00}\r\nParentProcessId: 200892\r\nParentImage: C:\\Windows\\System32\\net.exe\r\nParentCommandLine: \""C:\\Windows\\System32\\net.exe\"" stop \""audioendpointbuilder\"" /y\""""},""eventdata"":{""utcTime"":""2020-05-22 13:22:06.014"",""processGuid"":""{df9fc3d3-d1fe-5ec7-0000-0010cb4c3b00}"",""processId"":""201768"",""image"":""C:\\\\Windows\\\\System32\\\\net1.exe"",""fileVersion"":""10.0.18362.1 (WinBuild.160101.0800)"",""description"":""Net Command"",""product"":""Microsoft® Windows® Operating System"",""company"":""Microsoft Corporation"",""originalFileName"":""net1.exe"",""commandLine"":""C:\\\\Windows\\\\system32\\\\net1 stop \\\""audioendpointbuilder\\\"" /y"",""currentDirectory"":""C:\\\\Users\\\\John Williams\\\\Downloads\\\\"",""user"":""DESKTOP-HUE026H\\\\John Williams"",""logonGuid"":""{df9fc3d3-d0d4-5ec7-0000-002021020300}"",""logonId"":""0x30221"",""terminalSessionId"":""1"",""integrityLevel"":""Medium"",""hashes"":""MD5=0F641F87A791AE07C00A725BBBD77724,SHA256=286E7F127B06386BD1CC9664851848F483A867F0F604AA352893151068715FAA,IMPHASH=41DBA1AF77E1A2260F0CE46D59ADCB5E"",""parentProcessGuid"":""{df9fc3d3-d1fd-5ec7-0000-00109a313b00}"",""parentProcessId"":""200892"",""parentImage"":""C:\\\\Windows\\\\System32\\\\net.exe"",""parentCommandLine"":""\\\""C:\\\\Windows\\\\System32\\\\net.exe\\\"" stop \\\""audioendpointbuilder\\\"" /y""}}}"
"May 23, 2020 @ 12:40:28.222",8,"ATT&CK T1489: Stop Windows Service","""Process Create:
RuleName: 
UtcTime: 2020-05-22 13:22:05.808
ProcessGuid: {df9fc3d3-d1fd-5ec7-0000-001009443b00}
ProcessId: 201476
Image: C:\Windows\System32\net.exe
FileVersion: 10.0.18362.1 (WinBuild.160101.0800)
Description: Net Command
Product: Microsoft® Windows® Operating System
Company: Microsoft Corporation
OriginalFileName: net.exe
CommandLine: ""C:\Windows\System32\net.exe"" stop ""samss"" /y
CurrentDirectory: C:\Users\John Williams\Downloads\
User: DESKTOP-HUE026H\John Williams
LogonGuid: {df9fc3d3-d0d4-5ec7-0000-002021020300}
LogonId: 0x30221
TerminalSessionId: 1
IntegrityLevel: Medium
Hashes: MD5=A63DF9A6E9098CC189F2A3EFC37600F6,SHA256=96CDFD7B263947A6A7C0DB54141A6B8D7777DB0A03A17CBF95666D98422F937B,IMPHASH=57F0C47AE2A1A2C06C8B987372AB0B07
ParentProcessGuid: {df9fc3d3-d15d-5ec7-0000-001031791900}
ParentProcessId: 5232
ParentImage: C:\Users\John Williams\Downloads\sQCMgCG.exe
ParentCommandLine: ""C:\Users\John Williams\Downloads\sQCMgCG.exe"" 8 LAN""","\""C:\\Windows\\System32\\net.exe\"" stop \""samss\"" /y","{""win"":{""system"":{""providerName"":""Microsoft-Windows-Sysmon"",""providerGuid"":""{5770385f-c22a-43e0-bf4c-06f5698ffbd9}"",""eventID"":""1"",""version"":""5"",""level"":""4"",""task"":""1"",""opcode"":""0"",""keywords"":""0x8000000000000000"",""systemTime"":""2020-05-22T13:22:05.896730100Z"",""eventRecordID"":""1164"",""processID"":""2292"",""threadID"":""3260"",""channel"":""Microsoft-Windows-Sysmon/Operational"",""computer"":""DESKTOP-HUE026H"",""severityValue"":""INFORMATION"",""message"":""\""Process Create:\r\nRuleName: \r\nUtcTime: 2020-05-22 13:22:05.808\r\nProcessGuid: {df9fc3d3-d1fd-5ec7-0000-001009443b00}\r\nProcessId: 201476\r\nImage: C:\\Windows\\System32\\net.exe\r\nFileVersion: 10.0.18362.1 (WinBuild.160101.0800)\r\nDescription: Net Command\r\nProduct: Microsoft® Windows® Operating System\r\nCompany: Microsoft Corporation\r\nOriginalFileName: net.exe\r\nCommandLine: \""C:\\Windows\\System32\\net.exe\"" stop \""samss\"" /y\r\nCurrentDirectory: C:\\Users\\John Williams\\Downloads\\\r\nUser: DESKTOP-HUE026H\\John Williams\r\nLogonGuid: {df9fc3d3-d0d4-5ec7-0000-002021020300}\r\nLogonId: 0x30221\r\nTerminalSessionId: 1\r\nIntegrityLevel: Medium\r\nHashes: MD5=A63DF9A6E9098CC189F2A3EFC37600F6,SHA256=96CDFD7B263947A6A7C0DB54141A6B8D7777DB0A03A17CBF95666D98422F937B,IMPHASH=57F0C47AE2A1A2C06C8B987372AB0B07\r\nParentProcessGuid: {df9fc3d3-d15d-5ec7-0000-001031791900}\r\nParentProcessId: 5232\r\nParentImage: C:\\Users\\John Williams\\Downloads\\sQCMgCG.exe\r\nParentCommandLine: \""C:\\Users\\John Williams\\Downloads\\sQCMgCG.exe\"" 8 LAN\""""},""eventdata"":{""utcTime"":""2020-05-22 13:22:05.808"",""processGuid"":""{df9fc3d3-d1fd-5ec7-0000-001009443b00}"",""processId"":""201476"",""image"":""C:\\\\Windows\\\\System32\\\\net.exe"",""fileVersion"":""10.0.18362.1 (WinBuild.160101.0800)"",""description"":""Net Command"",""product"":""Microsoft® Windows® Operating System"",""company"":""Microsoft Corporation"",""originalFileName"":""net.exe"",""commandLine"":""\\\""C:\\\\Windows\\\\System32\\\\net.exe\\\"" stop \\\""samss\\\"" /y"",""currentDirectory"":""C:\\\\Users\\\\John Williams\\\\Downloads\\\\"",""user"":""DESKTOP-HUE026H\\\\John Williams"",""logonGuid"":""{df9fc3d3-d0d4-5ec7-0000-002021020300}"",""logonId"":""0x30221"",""terminalSessionId"":""1"",""integrityLevel"":""Medium"",""hashes"":""MD5=A63DF9A6E9098CC189F2A3EFC37600F6,SHA256=96CDFD7B263947A6A7C0DB54141A6B8D7777DB0A03A17CBF95666D98422F937B,IMPHASH=57F0C47AE2A1A2C06C8B987372AB0B07"",""parentProcessGuid"":""{df9fc3d3-d15d-5ec7-0000-001031791900}"",""parentProcessId"":""5232"",""parentImage"":""C:\\\\Users\\\\John Williams\\\\Downloads\\\\sQCMgCG.exe"",""parentCommandLine"":""\\\""C:\\\\Users\\\\John Williams\\\\Downloads\\\\sQCMgCG.exe\\\"" 8 LAN""}}}"
"May 23, 2020 @ 12:40:28.209",8,"ATT&CK T1489: Stop Windows Service","""Process Create:
RuleName: 
UtcTime: 2020-05-22 13:22:05.462
ProcessGuid: {df9fc3d3-d1fd-5ec7-0000-00109a313b00}
ProcessId: 200892
Image: C:\Windows\System32\net.exe
FileVersion: 10.0.18362.1 (WinBuild.160101.0800)
Description: Net Command
Product: Microsoft® Windows® Operating System
Company: Microsoft Corporation
OriginalFileName: net.exe
CommandLine: ""C:\Windows\System32\net.exe"" stop ""audioendpointbuilder"" /y
CurrentDirectory: C:\Users\John Williams\Downloads\
User: DESKTOP-HUE026H\John Williams
LogonGuid: {df9fc3d3-d0d4-5ec7-0000-002021020300}
LogonId: 0x30221
TerminalSessionId: 1
IntegrityLevel: Medium
Hashes: MD5=A63DF9A6E9098CC189F2A3EFC37600F6,SHA256=96CDFD7B263947A6A7C0DB54141A6B8D7777DB0A03A17CBF95666D98422F937B,IMPHASH=57F0C47AE2A1A2C06C8B987372AB0B07
ParentProcessGuid: {df9fc3d3-d15d-5ec7-0000-001031791900}
ParentProcessId: 5232
ParentImage: C:\Users\John Williams\Downloads\sQCMgCG.exe
ParentCommandLine: ""C:\Users\John Williams\Downloads\sQCMgCG.exe"" 8 LAN""","\""C:\\Windows\\System32\\net.exe\"" stop \""audioendpointbuilder\"" /y","{""win"":{""system"":{""providerName"":""Microsoft-Windows-Sysmon"",""providerGuid"":""{5770385f-c22a-43e0-bf4c-06f5698ffbd9}"",""eventID"":""1"",""version"":""5"",""level"":""4"",""task"":""1"",""opcode"":""0"",""keywords"":""0x8000000000000000"",""systemTime"":""2020-05-22T13:22:05.468573000Z"",""eventRecordID"":""1163"",""processID"":""2292"",""threadID"":""3260"",""channel"":""Microsoft-Windows-Sysmon/Operational"",""computer"":""DESKTOP-HUE026H"",""severityValue"":""INFORMATION"",""message"":""\""Process Create:\r\nRuleName: \r\nUtcTime: 2020-05-22 13:22:05.462\r\nProcessGuid: {df9fc3d3-d1fd-5ec7-0000-00109a313b00}\r\nProcessId: 200892\r\nImage: C:\\Windows\\System32\\net.exe\r\nFileVersion: 10.0.18362.1 (WinBuild.160101.0800)\r\nDescription: Net Command\r\nProduct: Microsoft® Windows® Operating System\r\nCompany: Microsoft Corporation\r\nOriginalFileName: net.exe\r\nCommandLine: \""C:\\Windows\\System32\\net.exe\"" stop \""audioendpointbuilder\"" /y\r\nCurrentDirectory: C:\\Users\\John Williams\\Downloads\\\r\nUser: DESKTOP-HUE026H\\John Williams\r\nLogonGuid: {df9fc3d3-d0d4-5ec7-0000-002021020300}\r\nLogonId: 0x30221\r\nTerminalSessionId: 1\r\nIntegrityLevel: Medium\r\nHashes: MD5=A63DF9A6E9098CC189F2A3EFC37600F6,SHA256=96CDFD7B263947A6A7C0DB54141A6B8D7777DB0A03A17CBF95666D98422F937B,IMPHASH=57F0C47AE2A1A2C06C8B987372AB0B07\r\nParentProcessGuid: {df9fc3d3-d15d-5ec7-0000-001031791900}\r\nParentProcessId: 5232\r\nParentImage: C:\\Users\\John Williams\\Downloads\\sQCMgCG.exe\r\nParentCommandLine: \""C:\\Users\\John Williams\\Downloads\\sQCMgCG.exe\"" 8 LAN\""""},""eventdata"":{""utcTime"":""2020-05-22 13:22:05.462"",""processGuid"":""{df9fc3d3-d1fd-5ec7-0000-00109a313b00}"",""processId"":""200892"",""image"":""C:\\\\Windows\\\\System32\\\\net.exe"",""fileVersion"":""10.0.18362.1 (WinBuild.160101.0800)"",""description"":""Net Command"",""product"":""Microsoft® Windows® Operating System"",""company"":""Microsoft Corporation"",""originalFileName"":""net.exe"",""commandLine"":""\\\""C:\\\\Windows\\\\System32\\\\net.exe\\\"" stop \\\""audioendpointbuilder\\\"" /y"",""currentDirectory"":""C:\\\\Users\\\\John Williams\\\\Downloads\\\\"",""user"":""DESKTOP-HUE026H\\\\John Williams"",""logonGuid"":""{df9fc3d3-d0d4-5ec7-0000-002021020300}"",""logonId"":""0x30221"",""terminalSessionId"":""1"",""integrityLevel"":""Medium"",""hashes"":""MD5=A63DF9A6E9098CC189F2A3EFC37600F6,SHA256=96CDFD7B263947A6A7C0DB54141A6B8D7777DB0A03A17CBF95666D98422F937B,IMPHASH=57F0C47AE2A1A2C06C8B987372AB0B07"",""parentProcessGuid"":""{df9fc3d3-d15d-5ec7-0000-001031791900}"",""parentProcessId"":""5232"",""parentImage"":""C:\\\\Users\\\\John Williams\\\\Downloads\\\\sQCMgCG.exe"",""parentCommandLine"":""\\\""C:\\\\Users\\\\John Williams\\\\Downloads\\\\sQCMgCG.exe\\\"" 8 LAN""}}}"
"May 23, 2020 @ 12:40:11.484",8,"ATT&CK T1489: Stop Windows Service","""Process Create:
RuleName: 
UtcTime: 2020-05-22 13:21:58.722
ProcessGuid: {df9fc3d3-d1f6-5ec7-0000-0010aeda3900}
ProcessId: 183508
Image: C:\Windows\System32\net1.exe
FileVersion: 10.0.18362.1 (WinBuild.160101.0800)
Description: Net Command
Product: Microsoft® Windows® Operating System
Company: Microsoft Corporation
OriginalFileName: net1.exe
CommandLine: C:\Windows\system32\net1 stop ""samss"" /y
CurrentDirectory: C:\Users\John Williams\Downloads\
User: DESKTOP-HUE026H\John Williams
LogonGuid: {df9fc3d3-d0d4-5ec7-0000-002021020300}
LogonId: 0x30221
TerminalSessionId: 1
IntegrityLevel: Medium
Hashes: MD5=0F641F87A791AE07C00A725BBBD77724,SHA256=286E7F127B06386BD1CC9664851848F483A867F0F604AA352893151068715FAA,IMPHASH=41DBA1AF77E1A2260F0CE46D59ADCB5E
ParentProcessGuid: {df9fc3d3-d1f6-5ec7-0000-001033d13900}
ParentProcessId: 182656
ParentImage: C:\Windows\System32\net.exe
ParentCommandLine: ""C:\Windows\System32\net.exe"" stop ""samss"" /y""","C:\\Windows\\system32\\net1 stop \""samss\"" /y","{""win"":{""system"":{""providerName"":""Microsoft-Windows-Sysmon"",""providerGuid"":""{5770385f-c22a-43e0-bf4c-06f5698ffbd9}"",""eventID"":""1"",""version"":""5"",""level"":""4"",""task"":""1"",""opcode"":""0"",""keywords"":""0x8000000000000000"",""systemTime"":""2020-05-22T13:21:58.752503600Z"",""eventRecordID"":""1160"",""processID"":""2292"",""threadID"":""3260"",""channel"":""Microsoft-Windows-Sysmon/Operational"",""computer"":""DESKTOP-HUE026H"",""severityValue"":""INFORMATION"",""message"":""\""Process Create:\r\nRuleName: \r\nUtcTime: 2020-05-22 13:21:58.722\r\nProcessGuid: {df9fc3d3-d1f6-5ec7-0000-0010aeda3900}\r\nProcessId: 183508\r\nImage: C:\\Windows\\System32\\net1.exe\r\nFileVersion: 10.0.18362.1 (WinBuild.160101.0800)\r\nDescription: Net Command\r\nProduct: Microsoft® Windows® Operating System\r\nCompany: Microsoft Corporation\r\nOriginalFileName: net1.exe\r\nCommandLine: C:\\Windows\\system32\\net1 stop \""samss\"" /y\r\nCurrentDirectory: C:\\Users\\John Williams\\Downloads\\\r\nUser: DESKTOP-HUE026H\\John Williams\r\nLogonGuid: {df9fc3d3-d0d4-5ec7-0000-002021020300}\r\nLogonId: 0x30221\r\nTerminalSessionId: 1\r\nIntegrityLevel: Medium\r\nHashes: MD5=0F641F87A791AE07C00A725BBBD77724,SHA256=286E7F127B06386BD1CC9664851848F483A867F0F604AA352893151068715FAA,IMPHASH=41DBA1AF77E1A2260F0CE46D59ADCB5E\r\nParentProcessGuid: {df9fc3d3-d1f6-5ec7-0000-001033d13900}\r\nParentProcessId: 182656\r\nParentImage: C:\\Windows\\System32\\net.exe\r\nParentCommandLine: \""C:\\Windows\\System32\\net.exe\"" stop \""samss\"" /y\""""},""eventdata"":{""utcTime"":""2020-05-22 13:21:58.722"",""processGuid"":""{df9fc3d3-d1f6-5ec7-0000-0010aeda3900}"",""processId"":""183508"",""image"":""C:\\\\Windows\\\\System32\\\\net1.exe"",""fileVersion"":""10.0.18362.1 (WinBuild.160101.0800)"",""description"":""Net Command"",""product"":""Microsoft® Windows® Operating System"",""company"":""Microsoft Corporation"",""originalFileName"":""net1.exe"",""commandLine"":""C:\\\\Windows\\\\system32\\\\net1 stop \\\""samss\\\"" /y"",""currentDirectory"":""C:\\\\Users\\\\John Williams\\\\Downloads\\\\"",""user"":""DESKTOP-HUE026H\\\\John Williams"",""logonGuid"":""{df9fc3d3-d0d4-5ec7-0000-002021020300}"",""logonId"":""0x30221"",""terminalSessionId"":""1"",""integrityLevel"":""Medium"",""hashes"":""MD5=0F641F87A791AE07C00A725BBBD77724,SHA256=286E7F127B06386BD1CC9664851848F483A867F0F604AA352893151068715FAA,IMPHASH=41DBA1AF77E1A2260F0CE46D59ADCB5E"",""parentProcessGuid"":""{df9fc3d3-d1f6-5ec7-0000-001033d13900}"",""parentProcessId"":""182656"",""parentImage"":""C:\\\\Windows\\\\System32\\\\net.exe"",""parentCommandLine"":""\\\""C:\\\\Windows\\\\System32\\\\net.exe\\\"" stop \\\""samss\\\"" /y""}}}"
"May 23, 2020 @ 12:40:11.437",8,"ATT&CK T1489: Stop Windows Service","""Process Create:
RuleName: 
UtcTime: 2020-05-22 13:21:58.426
ProcessGuid: {df9fc3d3-d1f6-5ec7-0000-001074d43900}
ProcessId: 183044
Image: C:\Windows\System32\net1.exe
FileVersion: 10.0.18362.1 (WinBuild.160101.0800)
Description: Net Command
Product: Microsoft® Windows® Operating System
Company: Microsoft Corporation
OriginalFileName: net1.exe
CommandLine: C:\Windows\system32\net1 stop ""audioendpointbuilder"" /y
CurrentDirectory: C:\Users\John Williams\Downloads\
User: DESKTOP-HUE026H\John Williams
LogonGuid: {df9fc3d3-d0d4-5ec7-0000-002021020300}
LogonId: 0x30221
TerminalSessionId: 1
IntegrityLevel: Medium
Hashes: MD5=0F641F87A791AE07C00A725BBBD77724,SHA256=286E7F127B06386BD1CC9664851848F483A867F0F604AA352893151068715FAA,IMPHASH=41DBA1AF77E1A2260F0CE46D59ADCB5E
ParentProcessGuid: {df9fc3d3-d1f6-5ec7-0000-001000cb3900}
ParentProcessId: 182144
ParentImage: C:\Windows\System32\net.exe
ParentCommandLine: ""C:\Windows\System32\net.exe"" stop ""audioendpointbuilder"" /y""","C:\\Windows\\system32\\net1 stop \""audioendpointbuilder\"" /y","{""win"":{""system"":{""providerName"":""Microsoft-Windows-Sysmon"",""providerGuid"":""{5770385f-c22a-43e0-bf4c-06f5698ffbd9}"",""eventID"":""1"",""version"":""5"",""level"":""4"",""task"":""1"",""opcode"":""0"",""keywords"":""0x8000000000000000"",""systemTime"":""2020-05-22T13:21:58.430889200Z"",""eventRecordID"":""1159"",""processID"":""2292"",""threadID"":""3260"",""channel"":""Microsoft-Windows-Sysmon/Operational"",""computer"":""DESKTOP-HUE026H"",""severityValue"":""INFORMATION"",""message"":""\""Process Create:\r\nRuleName: \r\nUtcTime: 2020-05-22 13:21:58.426\r\nProcessGuid: {df9fc3d3-d1f6-5ec7-0000-001074d43900}\r\nProcessId: 183044\r\nImage: C:\\Windows\\System32\\net1.exe\r\nFileVersion: 10.0.18362.1 (WinBuild.160101.0800)\r\nDescription: Net Command\r\nProduct: Microsoft® Windows® Operating System\r\nCompany: Microsoft Corporation\r\nOriginalFileName: net1.exe\r\nCommandLine: C:\\Windows\\system32\\net1 stop \""audioendpointbuilder\"" /y\r\nCurrentDirectory: C:\\Users\\John Williams\\Downloads\\\r\nUser: DESKTOP-HUE026H\\John Williams\r\nLogonGuid: {df9fc3d3-d0d4-5ec7-0000-002021020300}\r\nLogonId: 0x30221\r\nTerminalSessionId: 1\r\nIntegrityLevel: Medium\r\nHashes: MD5=0F641F87A791AE07C00A725BBBD77724,SHA256=286E7F127B06386BD1CC9664851848F483A867F0F604AA352893151068715FAA,IMPHASH=41DBA1AF77E1A2260F0CE46D59ADCB5E\r\nParentProcessGuid: {df9fc3d3-d1f6-5ec7-0000-001000cb3900}\r\nParentProcessId: 182144\r\nParentImage: C:\\Windows\\System32\\net.exe\r\nParentCommandLine: \""C:\\Windows\\System32\\net.exe\"" stop \""audioendpointbuilder\"" /y\""""},""eventdata"":{""utcTime"":""2020-05-22 13:21:58.426"",""processGuid"":""{df9fc3d3-d1f6-5ec7-0000-001074d43900}"",""processId"":""183044"",""image"":""C:\\\\Windows\\\\System32\\\\net1.exe"",""fileVersion"":""10.0.18362.1 (WinBuild.160101.0800)"",""description"":""Net Command"",""product"":""Microsoft® Windows® Operating System"",""company"":""Microsoft Corporation"",""originalFileName"":""net1.exe"",""commandLine"":""C:\\\\Windows\\\\system32\\\\net1 stop \\\""audioendpointbuilder\\\"" /y"",""currentDirectory"":""C:\\\\Users\\\\John Williams\\\\Downloads\\\\"",""user"":""DESKTOP-HUE026H\\\\John Williams"",""logonGuid"":""{df9fc3d3-d0d4-5ec7-0000-002021020300}"",""logonId"":""0x30221"",""terminalSessionId"":""1"",""integrityLevel"":""Medium"",""hashes"":""MD5=0F641F87A791AE07C00A725BBBD77724,SHA256=286E7F127B06386BD1CC9664851848F483A867F0F604AA352893151068715FAA,IMPHASH=41DBA1AF77E1A2260F0CE46D59ADCB5E"",""parentProcessGuid"":""{df9fc3d3-d1f6-5ec7-0000-001000cb3900}"",""parentProcessId"":""182144"",""parentImage"":""C:\\\\Windows\\\\System32\\\\net.exe"",""parentCommandLine"":""\\\""C:\\\\Windows\\\\System32\\\\net.exe\\\"" stop \\\""audioendpointbuilder\\\"" /y""}}}"
"May 23, 2020 @ 12:40:11.305",8,"ATT&CK T1489: Stop Windows Service","""Process Create:
RuleName: 
UtcTime: 2020-05-22 13:21:58.347
ProcessGuid: {df9fc3d3-d1f6-5ec7-0000-001033d13900}
ProcessId: 182656
Image: C:\Windows\System32\net.exe
FileVersion: 10.0.18362.1 (WinBuild.160101.0800)
Description: Net Command
Product: Microsoft® Windows® Operating System
Company: Microsoft Corporation
OriginalFileName: net.exe
CommandLine: ""C:\Windows\System32\net.exe"" stop ""samss"" /y
CurrentDirectory: C:\Users\John Williams\Downloads\
User: DESKTOP-HUE026H\John Williams
LogonGuid: {df9fc3d3-d0d4-5ec7-0000-002021020300}
LogonId: 0x30221
TerminalSessionId: 1
IntegrityLevel: Medium
Hashes: MD5=A63DF9A6E9098CC189F2A3EFC37600F6,SHA256=96CDFD7B263947A6A7C0DB54141A6B8D7777DB0A03A17CBF95666D98422F937B,IMPHASH=57F0C47AE2A1A2C06C8B987372AB0B07
ParentProcessGuid: {df9fc3d3-d15d-5ec7-0000-00103e661900}
ParentProcessId: 2284
ParentImage: C:\Users\John Williams\Downloads\progam18.exe
ParentCommandLine: ""C:\Users\John Williams\Downloads\progam18.exe"" ""","\""C:\\Windows\\System32\\net.exe\"" stop \""samss\"" /y","{""win"":{""system"":{""providerName"":""Microsoft-Windows-Sysmon"",""providerGuid"":""{5770385f-c22a-43e0-bf4c-06f5698ffbd9}"",""eventID"":""1"",""version"":""5"",""level"":""4"",""task"":""1"",""opcode"":""0"",""keywords"":""0x8000000000000000"",""systemTime"":""2020-05-22T13:21:58.352185600Z"",""eventRecordID"":""1158"",""processID"":""2292"",""threadID"":""3260"",""channel"":""Microsoft-Windows-Sysmon/Operational"",""computer"":""DESKTOP-HUE026H"",""severityValue"":""INFORMATION"",""message"":""\""Process Create:\r\nRuleName: \r\nUtcTime: 2020-05-22 13:21:58.347\r\nProcessGuid: {df9fc3d3-d1f6-5ec7-0000-001033d13900}\r\nProcessId: 182656\r\nImage: C:\\Windows\\System32\\net.exe\r\nFileVersion: 10.0.18362.1 (WinBuild.160101.0800)\r\nDescription: Net Command\r\nProduct: Microsoft® Windows® Operating System\r\nCompany: Microsoft Corporation\r\nOriginalFileName: net.exe\r\nCommandLine: \""C:\\Windows\\System32\\net.exe\"" stop \""samss\"" /y\r\nCurrentDirectory: C:\\Users\\John Williams\\Downloads\\\r\nUser: DESKTOP-HUE026H\\John Williams\r\nLogonGuid: {df9fc3d3-d0d4-5ec7-0000-002021020300}\r\nLogonId: 0x30221\r\nTerminalSessionId: 1\r\nIntegrityLevel: Medium\r\nHashes: MD5=A63DF9A6E9098CC189F2A3EFC37600F6,SHA256=96CDFD7B263947A6A7C0DB54141A6B8D7777DB0A03A17CBF95666D98422F937B,IMPHASH=57F0C47AE2A1A2C06C8B987372AB0B07\r\nParentProcessGuid: {df9fc3d3-d15d-5ec7-0000-00103e661900}\r\nParentProcessId: 2284\r\nParentImage: C:\\Users\\John Williams\\Downloads\\progam18.exe\r\nParentCommandLine: \""C:\\Users\\John Williams\\Downloads\\progam18.exe\"" \""""},""eventdata"":{""utcTime"":""2020-05-22 13:21:58.347"",""processGuid"":""{df9fc3d3-d1f6-5ec7-0000-001033d13900}"",""processId"":""182656"",""image"":""C:\\\\Windows\\\\System32\\\\net.exe"",""fileVersion"":""10.0.18362.1 (WinBuild.160101.0800)"",""description"":""Net Command"",""product"":""Microsoft® Windows® Operating System"",""company"":""Microsoft Corporation"",""originalFileName"":""net.exe"",""commandLine"":""\\\""C:\\\\Windows\\\\System32\\\\net.exe\\\"" stop \\\""samss\\\"" /y"",""currentDirectory"":""C:\\\\Users\\\\John Williams\\\\Downloads\\\\"",""user"":""DESKTOP-HUE026H\\\\John Williams"",""logonGuid"":""{df9fc3d3-d0d4-5ec7-0000-002021020300}"",""logonId"":""0x30221"",""terminalSessionId"":""1"",""integrityLevel"":""Medium"",""hashes"":""MD5=A63DF9A6E9098CC189F2A3EFC37600F6,SHA256=96CDFD7B263947A6A7C0DB54141A6B8D7777DB0A03A17CBF95666D98422F937B,IMPHASH=57F0C47AE2A1A2C06C8B987372AB0B07"",""parentProcessGuid"":""{df9fc3d3-d15d-5ec7-0000-00103e661900}"",""parentProcessId"":""2284"",""parentImage"":""C:\\\\Users\\\\John Williams\\\\Downloads\\\\progam18.exe"",""parentCommandLine"":""\\\""C:\\\\Users\\\\John Williams\\\\Downloads\\\\progam18.exe\\\""""}}}"
"May 23, 2020 @ 12:40:11.122",8,"ATT&CK T1489: Stop Windows Service","""Process Create:
RuleName: 
UtcTime: 2020-05-22 13:21:58.102
ProcessGuid: {df9fc3d3-d1f6-5ec7-0000-001000cb3900}
ProcessId: 182144
Image: C:\Windows\System32\net.exe
FileVersion: 10.0.18362.1 (WinBuild.160101.0800)
Description: Net Command
Product: Microsoft® Windows® Operating System
Company: Microsoft Corporation
OriginalFileName: net.exe
CommandLine: ""C:\Windows\System32\net.exe"" stop ""audioendpointbuilder"" /y
CurrentDirectory: C:\Users\John Williams\Downloads\
User: DESKTOP-HUE026H\John Williams
LogonGuid: {df9fc3d3-d0d4-5ec7-0000-002021020300}
LogonId: 0x30221
TerminalSessionId: 1
IntegrityLevel: Medium
Hashes: MD5=A63DF9A6E9098CC189F2A3EFC37600F6,SHA256=96CDFD7B263947A6A7C0DB54141A6B8D7777DB0A03A17CBF95666D98422F937B,IMPHASH=57F0C47AE2A1A2C06C8B987372AB0B07
ParentProcessGuid: {df9fc3d3-d15d-5ec7-0000-00103e661900}
ParentProcessId: 2284
ParentImage: C:\Users\John Williams\Downloads\progam18.exe
ParentCommandLine: ""C:\Users\John Williams\Downloads\progam18.exe"" ""","\""C:\\Windows\\System32\\net.exe\"" stop \""audioendpointbuilder\"" /y","{""win"":{""system"":{""providerName"":""Microsoft-Windows-Sysmon"",""providerGuid"":""{5770385f-c22a-43e0-bf4c-06f5698ffbd9}"",""eventID"":""1"",""version"":""5"",""level"":""4"",""task"":""1"",""opcode"":""0"",""keywords"":""0x8000000000000000"",""systemTime"":""2020-05-22T13:21:58.113564800Z"",""eventRecordID"":""1157"",""processID"":""2292"",""threadID"":""3260"",""channel"":""Microsoft-Windows-Sysmon/Operational"",""computer"":""DESKTOP-HUE026H"",""severityValue"":""INFORMATION"",""message"":""\""Process Create:\r\nRuleName: \r\nUtcTime: 2020-05-22 13:21:58.102\r\nProcessGuid: {df9fc3d3-d1f6-5ec7-0000-001000cb3900}\r\nProcessId: 182144\r\nImage: C:\\Windows\\System32\\net.exe\r\nFileVersion: 10.0.18362.1 (WinBuild.160101.0800)\r\nDescription: Net Command\r\nProduct: Microsoft® Windows® Operating System\r\nCompany: Microsoft Corporation\r\nOriginalFileName: net.exe\r\nCommandLine: \""C:\\Windows\\System32\\net.exe\"" stop \""audioendpointbuilder\"" /y\r\nCurrentDirectory: C:\\Users\\John Williams\\Downloads\\\r\nUser: DESKTOP-HUE026H\\John Williams\r\nLogonGuid: {df9fc3d3-d0d4-5ec7-0000-002021020300}\r\nLogonId: 0x30221\r\nTerminalSessionId: 1\r\nIntegrityLevel: Medium\r\nHashes: MD5=A63DF9A6E9098CC189F2A3EFC37600F6,SHA256=96CDFD7B263947A6A7C0DB54141A6B8D7777DB0A03A17CBF95666D98422F937B,IMPHASH=57F0C47AE2A1A2C06C8B987372AB0B07\r\nParentProcessGuid: {df9fc3d3-d15d-5ec7-0000-00103e661900}\r\nParentProcessId: 2284\r\nParentImage: C:\\Users\\John Williams\\Downloads\\progam18.exe\r\nParentCommandLine: \""C:\\Users\\John Williams\\Downloads\\progam18.exe\"" \""""},""eventdata"":{""utcTime"":""2020-05-22 13:21:58.102"",""processGuid"":""{df9fc3d3-d1f6-5ec7-0000-001000cb3900}"",""processId"":""182144"",""image"":""C:\\\\Windows\\\\System32\\\\net.exe"",""fileVersion"":""10.0.18362.1 (WinBuild.160101.0800)"",""description"":""Net Command"",""product"":""Microsoft® Windows® Operating System"",""company"":""Microsoft Corporation"",""originalFileName"":""net.exe"",""commandLine"":""\\\""C:\\\\Windows\\\\System32\\\\net.exe\\\"" stop \\\""audioendpointbuilder\\\"" /y"",""currentDirectory"":""C:\\\\Users\\\\John Williams\\\\Downloads\\\\"",""user"":""DESKTOP-HUE026H\\\\John Williams"",""logonGuid"":""{df9fc3d3-d0d4-5ec7-0000-002021020300}"",""logonId"":""0x30221"",""terminalSessionId"":""1"",""integrityLevel"":""Medium"",""hashes"":""MD5=A63DF9A6E9098CC189F2A3EFC37600F6,SHA256=96CDFD7B263947A6A7C0DB54141A6B8D7777DB0A03A17CBF95666D98422F937B,IMPHASH=57F0C47AE2A1A2C06C8B987372AB0B07"",""parentProcessGuid"":""{df9fc3d3-d15d-5ec7-0000-00103e661900}"",""parentProcessId"":""2284"",""parentImage"":""C:\\\\Users\\\\John Williams\\\\Downloads\\\\progam18.exe"",""parentCommandLine"":""\\\""C:\\\\Users\\\\John Williams\\\\Downloads\\\\progam18.exe\\\""""}}}"
