"Apr 26, 2020 @ 10:55:18.522",9,"ATT&CK T1058:Registry edit for new service","{""win"":{""system"":{""providerName"":""Microsoft-Windows-Sysmon"",""providerGuid"":""{5770385f-c22a-43e0-bf4c-06f5698ffbd9}"",""eventID"":""13"",""version"":""2"",""level"":""4"",""task"":""13"",""opcode"":""0"",""keywords"":""0x8000000000000000"",""systemTime"":""2020-04-26T10:55:14.975430800Z"",""eventRecordID"":""657"",""processID"":""2196"",""threadID"":""3228"",""channel"":""Microsoft-Windows-Sysmon/Operational"",""computer"":""DESKTOP-HUE026H"",""severityValue"":""INFORMATION"",""message"":""\""Registry value set:\r\nRuleName: T1031,T1050\r\nEventType: SetValue\r\nUtcTime: 2020-04-26 10:55:14.933\r\nProcessGuid: {df9fc3d3-6889-5ea5-0000-001041a80000}\r\nProcessId: 588\r\nImage: C:\\Windows\\system32\\services.exe\r\nTargetObject: HKLM\\System\\CurrentControlSet\\Services\\OneSyncSvc_3f520\\ImagePath\r\nDetails: C:\\Windows\\system32\\svchost.exe -k UnistackSvcGroup\""""},""eventdata"":{""ruleName"":""T1031,T1050"",""eventType"":""SetValue"",""utcTime"":""2020-04-26 10:55:14.933"",""processGuid"":""{df9fc3d3-6889-5ea5-0000-001041a80000}"",""processId"":""588"",""image"":""C:\\\\Windows\\\\system32\\\\services.exe"",""targetObject"":""HKLM\\\\System\\\\CurrentControlSet\\\\Services\\\\OneSyncSvc_3f520\\\\ImagePath"",""details"":""C:\\\\Windows\\\\system32\\\\svchost.exe -k UnistackSvcGroup""}}}","""Registry value set:
RuleName: T1031,T1050
EventType: SetValue
UtcTime: 2020-04-26 10:55:14.933
ProcessGuid: {df9fc3d3-6889-5ea5-0000-001041a80000}
ProcessId: 588
Image: C:\Windows\system32\services.exe
TargetObject: HKLM\System\CurrentControlSet\Services\OneSyncSvc_3f520\ImagePath
Details: C:\Windows\system32\svchost.exe -k UnistackSvcGroup"""
"Apr 26, 2020 @ 10:55:18.399",9,"ATT&CK T1058:Registry edit for new service","{""win"":{""system"":{""providerName"":""Microsoft-Windows-Sysmon"",""providerGuid"":""{5770385f-c22a-43e0-bf4c-06f5698ffbd9}"",""eventID"":""13"",""version"":""2"",""level"":""4"",""task"":""13"",""opcode"":""0"",""keywords"":""0x8000000000000000"",""systemTime"":""2020-04-26T10:55:14.975066600Z"",""eventRecordID"":""656"",""processID"":""2196"",""threadID"":""3228"",""channel"":""Microsoft-Windows-Sysmon/Operational"",""computer"":""DESKTOP-HUE026H"",""severityValue"":""INFORMATION"",""message"":""\""Registry value set:\r\nRuleName: T1031,T1050\r\nEventType: SetValue\r\nUtcTime: 2020-04-26 10:55:14.933\r\nProcessGuid: {df9fc3d3-6889-5ea5-0000-001041a80000}\r\nProcessId: 588\r\nImage: C:\\Windows\\system32\\services.exe\r\nTargetObject: HKLM\\System\\CurrentControlSet\\Services\\OneSyncSvc_3f520\\Start\r\nDetails: DWORD (0x00000002)\""""},""eventdata"":{""ruleName"":""T1031,T1050"",""eventType"":""SetValue"",""utcTime"":""2020-04-26 10:55:14.933"",""processGuid"":""{df9fc3d3-6889-5ea5-0000-001041a80000}"",""processId"":""588"",""image"":""C:\\\\Windows\\\\system32\\\\services.exe"",""targetObject"":""HKLM\\\\System\\\\CurrentControlSet\\\\Services\\\\OneSyncSvc_3f520\\\\Start"",""details"":""DWORD (0x00000002)""}}}","""Registry value set:
RuleName: T1031,T1050
EventType: SetValue
UtcTime: 2020-04-26 10:55:14.933
ProcessGuid: {df9fc3d3-6889-5ea5-0000-001041a80000}
ProcessId: 588
Image: C:\Windows\system32\services.exe
TargetObject: HKLM\System\CurrentControlSet\Services\OneSyncSvc_3f520\Start
Details: DWORD (0x00000002)"""
"Apr 26, 2020 @ 10:55:18.377",9,"ATT&CK T1058:Registry edit for new service","{""win"":{""system"":{""providerName"":""Microsoft-Windows-Sysmon"",""providerGuid"":""{5770385f-c22a-43e0-bf4c-06f5698ffbd9}"",""eventID"":""13"",""version"":""2"",""level"":""4"",""task"":""13"",""opcode"":""0"",""keywords"":""0x8000000000000000"",""systemTime"":""2020-04-26T10:55:14.972889200Z"",""eventRecordID"":""655"",""processID"":""2196"",""threadID"":""3228"",""channel"":""Microsoft-Windows-Sysmon/Operational"",""computer"":""DESKTOP-HUE026H"",""severityValue"":""INFORMATION"",""message"":""\""Registry value set:\r\nRuleName: T1031,T1050\r\nEventType: SetValue\r\nUtcTime: 2020-04-26 10:55:14.933\r\nProcessGuid: {df9fc3d3-6889-5ea5-0000-001041a80000}\r\nProcessId: 588\r\nImage: C:\\Windows\\system32\\services.exe\r\nTargetObject: HKLM\\System\\CurrentControlSet\\Services\\MessagingService_3f520\\ImagePath\r\nDetails: C:\\Windows\\system32\\svchost.exe -k UnistackSvcGroup\""""},""eventdata"":{""ruleName"":""T1031,T1050"",""eventType"":""SetValue"",""utcTime"":""2020-04-26 10:55:14.933"",""processGuid"":""{df9fc3d3-6889-5ea5-0000-001041a80000}"",""processId"":""588"",""image"":""C:\\\\Windows\\\\system32\\\\services.exe"",""targetObject"":""HKLM\\\\System\\\\CurrentControlSet\\\\Services\\\\MessagingService_3f520\\\\ImagePath"",""details"":""C:\\\\Windows\\\\system32\\\\svchost.exe -k UnistackSvcGroup""}}}","""Registry value set:
RuleName: T1031,T1050
EventType: SetValue
UtcTime: 2020-04-26 10:55:14.933
ProcessGuid: {df9fc3d3-6889-5ea5-0000-001041a80000}
ProcessId: 588
Image: C:\Windows\system32\services.exe
TargetObject: HKLM\System\CurrentControlSet\Services\MessagingService_3f520\ImagePath
Details: C:\Windows\system32\svchost.exe -k UnistackSvcGroup"""
"Apr 26, 2020 @ 10:55:18.349",9,"ATT&CK T1058:Registry edit for new service","{""win"":{""system"":{""providerName"":""Microsoft-Windows-Sysmon"",""providerGuid"":""{5770385f-c22a-43e0-bf4c-06f5698ffbd9}"",""eventID"":""13"",""version"":""2"",""level"":""4"",""task"":""13"",""opcode"":""0"",""keywords"":""0x8000000000000000"",""systemTime"":""2020-04-26T10:55:14.972525700Z"",""eventRecordID"":""654"",""processID"":""2196"",""threadID"":""3228"",""channel"":""Microsoft-Windows-Sysmon/Operational"",""computer"":""DESKTOP-HUE026H"",""severityValue"":""INFORMATION"",""message"":""\""Registry value set:\r\nRuleName: T1031,T1050\r\nEventType: SetValue\r\nUtcTime: 2020-04-26 10:55:14.933\r\nProcessGuid: {df9fc3d3-6889-5ea5-0000-001041a80000}\r\nProcessId: 588\r\nImage: C:\\Windows\\system32\\services.exe\r\nTargetObject: HKLM\\System\\CurrentControlSet\\Services\\MessagingService_3f520\\Start\r\nDetails: DWORD (0x00000003)\""""},""eventdata"":{""ruleName"":""T1031,T1050"",""eventType"":""SetValue"",""utcTime"":""2020-04-26 10:55:14.933"",""processGuid"":""{df9fc3d3-6889-5ea5-0000-001041a80000}"",""processId"":""588"",""image"":""C:\\\\Windows\\\\system32\\\\services.exe"",""targetObject"":""HKLM\\\\System\\\\CurrentControlSet\\\\Services\\\\MessagingService_3f520\\\\Start"",""details"":""DWORD (0x00000003)""}}}","""Registry value set:
RuleName: T1031,T1050
EventType: SetValue
UtcTime: 2020-04-26 10:55:14.933
ProcessGuid: {df9fc3d3-6889-5ea5-0000-001041a80000}
ProcessId: 588
Image: C:\Windows\system32\services.exe
TargetObject: HKLM\System\CurrentControlSet\Services\MessagingService_3f520\Start
Details: DWORD (0x00000003)"""
"Apr 26, 2020 @ 10:55:18.321",9,"ATT&CK T1058:Registry edit for new service","{""win"":{""system"":{""providerName"":""Microsoft-Windows-Sysmon"",""providerGuid"":""{5770385f-c22a-43e0-bf4c-06f5698ffbd9}"",""eventID"":""13"",""version"":""2"",""level"":""4"",""task"":""13"",""opcode"":""0"",""keywords"":""0x8000000000000000"",""systemTime"":""2020-04-26T10:55:14.971222500Z"",""eventRecordID"":""653"",""processID"":""2196"",""threadID"":""3228"",""channel"":""Microsoft-Windows-Sysmon/Operational"",""computer"":""DESKTOP-HUE026H"",""severityValue"":""INFORMATION"",""message"":""\""Registry value set:\r\nRuleName: T1031,T1050\r\nEventType: SetValue\r\nUtcTime: 2020-04-26 10:55:14.933\r\nProcessGuid: {df9fc3d3-6889-5ea5-0000-001041a80000}\r\nProcessId: 588\r\nImage: C:\\Windows\\system32\\services.exe\r\nTargetObject: HKLM\\System\\CurrentControlSet\\Services\\DevicesFlowUserSvc_3f520\\ImagePath\r\nDetails: C:\\Windows\\system32\\svchost.exe -k DevicesFlow\""""},""eventdata"":{""ruleName"":""T1031,T1050"",""eventType"":""SetValue"",""utcTime"":""2020-04-26 10:55:14.933"",""processGuid"":""{df9fc3d3-6889-5ea5-0000-001041a80000}"",""processId"":""588"",""image"":""C:\\\\Windows\\\\system32\\\\services.exe"",""targetObject"":""HKLM\\\\System\\\\CurrentControlSet\\\\Services\\\\DevicesFlowUserSvc_3f520\\\\ImagePath"",""details"":""C:\\\\Windows\\\\system32\\\\svchost.exe -k DevicesFlow""}}}","""Registry value set:
RuleName: T1031,T1050
EventType: SetValue
UtcTime: 2020-04-26 10:55:14.933
ProcessGuid: {df9fc3d3-6889-5ea5-0000-001041a80000}
ProcessId: 588
Image: C:\Windows\system32\services.exe
TargetObject: HKLM\System\CurrentControlSet\Services\DevicesFlowUserSvc_3f520\ImagePath
Details: C:\Windows\system32\svchost.exe -k DevicesFlow"""
"Apr 26, 2020 @ 10:55:18.313",9,"ATT&CK T1058:Registry edit for new service","{""win"":{""system"":{""providerName"":""Microsoft-Windows-Sysmon"",""providerGuid"":""{5770385f-c22a-43e0-bf4c-06f5698ffbd9}"",""eventID"":""13"",""version"":""2"",""level"":""4"",""task"":""13"",""opcode"":""0"",""keywords"":""0x8000000000000000"",""systemTime"":""2020-04-26T10:55:14.970693800Z"",""eventRecordID"":""652"",""processID"":""2196"",""threadID"":""3228"",""channel"":""Microsoft-Windows-Sysmon/Operational"",""computer"":""DESKTOP-HUE026H"",""severityValue"":""INFORMATION"",""message"":""\""Registry value set:\r\nRuleName: T1031,T1050\r\nEventType: SetValue\r\nUtcTime: 2020-04-26 10:55:14.933\r\nProcessGuid: {df9fc3d3-6889-5ea5-0000-001041a80000}\r\nProcessId: 588\r\nImage: C:\\Windows\\system32\\services.exe\r\nTargetObject: HKLM\\System\\CurrentControlSet\\Services\\DevicesFlowUserSvc_3f520\\Start\r\nDetails: DWORD (0x00000003)\""""},""eventdata"":{""ruleName"":""T1031,T1050"",""eventType"":""SetValue"",""utcTime"":""2020-04-26 10:55:14.933"",""processGuid"":""{df9fc3d3-6889-5ea5-0000-001041a80000}"",""processId"":""588"",""image"":""C:\\\\Windows\\\\system32\\\\services.exe"",""targetObject"":""HKLM\\\\System\\\\CurrentControlSet\\\\Services\\\\DevicesFlowUserSvc_3f520\\\\Start"",""details"":""DWORD (0x00000003)""}}}","""Registry value set:
RuleName: T1031,T1050
EventType: SetValue
UtcTime: 2020-04-26 10:55:14.933
ProcessGuid: {df9fc3d3-6889-5ea5-0000-001041a80000}
ProcessId: 588
Image: C:\Windows\system32\services.exe
TargetObject: HKLM\System\CurrentControlSet\Services\DevicesFlowUserSvc_3f520\Start
Details: DWORD (0x00000003)"""
"Apr 26, 2020 @ 10:55:18.287",9,"ATT&CK T1058:Registry edit for new service","{""win"":{""system"":{""providerName"":""Microsoft-Windows-Sysmon"",""providerGuid"":""{5770385f-c22a-43e0-bf4c-06f5698ffbd9}"",""eventID"":""13"",""version"":""2"",""level"":""4"",""task"":""13"",""opcode"":""0"",""keywords"":""0x8000000000000000"",""systemTime"":""2020-04-26T10:55:14.969829000Z"",""eventRecordID"":""651"",""processID"":""2196"",""threadID"":""3228"",""channel"":""Microsoft-Windows-Sysmon/Operational"",""computer"":""DESKTOP-HUE026H"",""severityValue"":""INFORMATION"",""message"":""\""Registry value set:\r\nRuleName: T1031,T1050\r\nEventType: SetValue\r\nUtcTime: 2020-04-26 10:55:14.933\r\nProcessGuid: {df9fc3d3-6889-5ea5-0000-001041a80000}\r\nProcessId: 588\r\nImage: C:\\Windows\\system32\\services.exe\r\nTargetObject: HKLM\\System\\CurrentControlSet\\Services\\DevicePickerUserSvc_3f520\\ImagePath\r\nDetails: C:\\Windows\\system32\\svchost.exe -k DevicesFlow\""""},""eventdata"":{""ruleName"":""T1031,T1050"",""eventType"":""SetValue"",""utcTime"":""2020-04-26 10:55:14.933"",""processGuid"":""{df9fc3d3-6889-5ea5-0000-001041a80000}"",""processId"":""588"",""image"":""C:\\\\Windows\\\\system32\\\\services.exe"",""targetObject"":""HKLM\\\\System\\\\CurrentControlSet\\\\Services\\\\DevicePickerUserSvc_3f520\\\\ImagePath"",""details"":""C:\\\\Windows\\\\system32\\\\svchost.exe -k DevicesFlow""}}}","""Registry value set:
RuleName: T1031,T1050
EventType: SetValue
UtcTime: 2020-04-26 10:55:14.933
ProcessGuid: {df9fc3d3-6889-5ea5-0000-001041a80000}
ProcessId: 588
Image: C:\Windows\system32\services.exe
TargetObject: HKLM\System\CurrentControlSet\Services\DevicePickerUserSvc_3f520\ImagePath
Details: C:\Windows\system32\svchost.exe -k DevicesFlow"""
"Apr 26, 2020 @ 10:55:18.282",9,"ATT&CK T1058:Registry edit for new service","{""win"":{""system"":{""providerName"":""Microsoft-Windows-Sysmon"",""providerGuid"":""{5770385f-c22a-43e0-bf4c-06f5698ffbd9}"",""eventID"":""13"",""version"":""2"",""level"":""4"",""task"":""13"",""opcode"":""0"",""keywords"":""0x8000000000000000"",""systemTime"":""2020-04-26T10:55:14.969532000Z"",""eventRecordID"":""650"",""processID"":""2196"",""threadID"":""3228"",""channel"":""Microsoft-Windows-Sysmon/Operational"",""computer"":""DESKTOP-HUE026H"",""severityValue"":""INFORMATION"",""message"":""\""Registry value set:\r\nRuleName: T1031,T1050\r\nEventType: SetValue\r\nUtcTime: 2020-04-26 10:55:14.933\r\nProcessGuid: {df9fc3d3-6889-5ea5-0000-001041a80000}\r\nProcessId: 588\r\nImage: C:\\Windows\\system32\\services.exe\r\nTargetObject: HKLM\\System\\CurrentControlSet\\Services\\DevicePickerUserSvc_3f520\\Start\r\nDetails: DWORD (0x00000003)\""""},""eventdata"":{""ruleName"":""T1031,T1050"",""eventType"":""SetValue"",""utcTime"":""2020-04-26 10:55:14.933"",""processGuid"":""{df9fc3d3-6889-5ea5-0000-001041a80000}"",""processId"":""588"",""image"":""C:\\\\Windows\\\\system32\\\\services.exe"",""targetObject"":""HKLM\\\\System\\\\CurrentControlSet\\\\Services\\\\DevicePickerUserSvc_3f520\\\\Start"",""details"":""DWORD (0x00000003)""}}}","""Registry value set:
RuleName: T1031,T1050
EventType: SetValue
UtcTime: 2020-04-26 10:55:14.933
ProcessGuid: {df9fc3d3-6889-5ea5-0000-001041a80000}
ProcessId: 588
Image: C:\Windows\system32\services.exe
TargetObject: HKLM\System\CurrentControlSet\Services\DevicePickerUserSvc_3f520\Start
Details: DWORD (0x00000003)"""
"Apr 26, 2020 @ 10:55:18.224",9,"ATT&CK T1058:Registry edit for new service","{""win"":{""system"":{""providerName"":""Microsoft-Windows-Sysmon"",""providerGuid"":""{5770385f-c22a-43e0-bf4c-06f5698ffbd9}"",""eventID"":""13"",""version"":""2"",""level"":""4"",""task"":""13"",""opcode"":""0"",""keywords"":""0x8000000000000000"",""systemTime"":""2020-04-26T10:55:14.968282400Z"",""eventRecordID"":""649"",""processID"":""2196"",""threadID"":""3228"",""channel"":""Microsoft-Windows-Sysmon/Operational"",""computer"":""DESKTOP-HUE026H"",""severityValue"":""INFORMATION"",""message"":""\""Registry value set:\r\nRuleName: T1031,T1050\r\nEventType: SetValue\r\nUtcTime: 2020-04-26 10:55:14.933\r\nProcessGuid: {df9fc3d3-6889-5ea5-0000-001041a80000}\r\nProcessId: 588\r\nImage: C:\\Windows\\system32\\services.exe\r\nTargetObject: HKLM\\System\\CurrentControlSet\\Services\\DeviceAssociationBrokerSvc_3f520\\ImagePath\r\nDetails: C:\\Windows\\system32\\svchost.exe -k DevicesFlow -p\""""},""eventdata"":{""ruleName"":""T1031,T1050"",""eventType"":""SetValue"",""utcTime"":""2020-04-26 10:55:14.933"",""processGuid"":""{df9fc3d3-6889-5ea5-0000-001041a80000}"",""processId"":""588"",""image"":""C:\\\\Windows\\\\system32\\\\services.exe"",""targetObject"":""HKLM\\\\System\\\\CurrentControlSet\\\\Services\\\\DeviceAssociationBrokerSvc_3f520\\\\ImagePath"",""details"":""C:\\\\Windows\\\\system32\\\\svchost.exe -k DevicesFlow -p""}}}","""Registry value set:
RuleName: T1031,T1050
EventType: SetValue
UtcTime: 2020-04-26 10:55:14.933
ProcessGuid: {df9fc3d3-6889-5ea5-0000-001041a80000}
ProcessId: 588
Image: C:\Windows\system32\services.exe
TargetObject: HKLM\System\CurrentControlSet\Services\DeviceAssociationBrokerSvc_3f520\ImagePath
Details: C:\Windows\system32\svchost.exe -k DevicesFlow -p"""
"Apr 26, 2020 @ 10:55:18.215",9,"ATT&CK T1058:Registry edit for new service","{""win"":{""system"":{""providerName"":""Microsoft-Windows-Sysmon"",""providerGuid"":""{5770385f-c22a-43e0-bf4c-06f5698ffbd9}"",""eventID"":""13"",""version"":""2"",""level"":""4"",""task"":""13"",""opcode"":""0"",""keywords"":""0x8000000000000000"",""systemTime"":""2020-04-26T10:55:14.967773800Z"",""eventRecordID"":""648"",""processID"":""2196"",""threadID"":""3228"",""channel"":""Microsoft-Windows-Sysmon/Operational"",""computer"":""DESKTOP-HUE026H"",""severityValue"":""INFORMATION"",""message"":""\""Registry value set:\r\nRuleName: T1031,T1050\r\nEventType: SetValue\r\nUtcTime: 2020-04-26 10:55:14.933\r\nProcessGuid: {df9fc3d3-6889-5ea5-0000-001041a80000}\r\nProcessId: 588\r\nImage: C:\\Windows\\system32\\services.exe\r\nTargetObject: HKLM\\System\\CurrentControlSet\\Services\\DeviceAssociationBrokerSvc_3f520\\Start\r\nDetails: DWORD (0x00000003)\""""},""eventdata"":{""ruleName"":""T1031,T1050"",""eventType"":""SetValue"",""utcTime"":""2020-04-26 10:55:14.933"",""processGuid"":""{df9fc3d3-6889-5ea5-0000-001041a80000}"",""processId"":""588"",""image"":""C:\\\\Windows\\\\system32\\\\services.exe"",""targetObject"":""HKLM\\\\System\\\\CurrentControlSet\\\\Services\\\\DeviceAssociationBrokerSvc_3f520\\\\Start"",""details"":""DWORD (0x00000003)""}}}","""Registry value set:
RuleName: T1031,T1050
EventType: SetValue
UtcTime: 2020-04-26 10:55:14.933
ProcessGuid: {df9fc3d3-6889-5ea5-0000-001041a80000}
ProcessId: 588
Image: C:\Windows\system32\services.exe
TargetObject: HKLM\System\CurrentControlSet\Services\DeviceAssociationBrokerSvc_3f520\Start
Details: DWORD (0x00000003)"""
"Apr 26, 2020 @ 10:55:18.157",9,"ATT&CK T1058:Registry edit for new service","{""win"":{""system"":{""providerName"":""Microsoft-Windows-Sysmon"",""providerGuid"":""{5770385f-c22a-43e0-bf4c-06f5698ffbd9}"",""eventID"":""13"",""version"":""2"",""level"":""4"",""task"":""13"",""opcode"":""0"",""keywords"":""0x8000000000000000"",""systemTime"":""2020-04-26T10:55:14.966049900Z"",""eventRecordID"":""647"",""processID"":""2196"",""threadID"":""3228"",""channel"":""Microsoft-Windows-Sysmon/Operational"",""computer"":""DESKTOP-HUE026H"",""severityValue"":""INFORMATION"",""message"":""\""Registry value set:\r\nRuleName: T1031,T1050\r\nEventType: SetValue\r\nUtcTime: 2020-04-26 10:55:14.933\r\nProcessGuid: {df9fc3d3-6889-5ea5-0000-001041a80000}\r\nProcessId: 588\r\nImage: C:\\Windows\\system32\\services.exe\r\nTargetObject: HKLM\\System\\CurrentControlSet\\Services\\CredentialEnrollmentManagerUserSvc_3f520\\ImagePath\r\nDetails: C:\\Windows\\system32\\CredentialEnrollmentManager.exe\""""},""eventdata"":{""ruleName"":""T1031,T1050"",""eventType"":""SetValue"",""utcTime"":""2020-04-26 10:55:14.933"",""processGuid"":""{df9fc3d3-6889-5ea5-0000-001041a80000}"",""processId"":""588"",""image"":""C:\\\\Windows\\\\system32\\\\services.exe"",""targetObject"":""HKLM\\\\System\\\\CurrentControlSet\\\\Services\\\\CredentialEnrollmentManagerUserSvc_3f520\\\\ImagePath"",""details"":""C:\\\\Windows\\\\system32\\\\CredentialEnrollmentManager.exe""}}}","""Registry value set:
RuleName: T1031,T1050
EventType: SetValue
UtcTime: 2020-04-26 10:55:14.933
ProcessGuid: {df9fc3d3-6889-5ea5-0000-001041a80000}
ProcessId: 588
Image: C:\Windows\system32\services.exe
TargetObject: HKLM\System\CurrentControlSet\Services\CredentialEnrollmentManagerUserSvc_3f520\ImagePath
Details: C:\Windows\system32\CredentialEnrollmentManager.exe"""
"Apr 26, 2020 @ 10:55:18.112",9,"ATT&CK T1058:Registry edit for new service","{""win"":{""system"":{""providerName"":""Microsoft-Windows-Sysmon"",""providerGuid"":""{5770385f-c22a-43e0-bf4c-06f5698ffbd9}"",""eventID"":""13"",""version"":""2"",""level"":""4"",""task"":""13"",""opcode"":""0"",""keywords"":""0x8000000000000000"",""systemTime"":""2020-04-26T10:55:14.965673100Z"",""eventRecordID"":""646"",""processID"":""2196"",""threadID"":""3228"",""channel"":""Microsoft-Windows-Sysmon/Operational"",""computer"":""DESKTOP-HUE026H"",""severityValue"":""INFORMATION"",""message"":""\""Registry value set:\r\nRuleName: T1031,T1050\r\nEventType: SetValue\r\nUtcTime: 2020-04-26 10:55:14.933\r\nProcessGuid: {df9fc3d3-6889-5ea5-0000-001041a80000}\r\nProcessId: 588\r\nImage: C:\\Windows\\system32\\services.exe\r\nTargetObject: HKLM\\System\\CurrentControlSet\\Services\\CredentialEnrollmentManagerUserSvc_3f520\\Start\r\nDetails: DWORD (0x00000003)\""""},""eventdata"":{""ruleName"":""T1031,T1050"",""eventType"":""SetValue"",""utcTime"":""2020-04-26 10:55:14.933"",""processGuid"":""{df9fc3d3-6889-5ea5-0000-001041a80000}"",""processId"":""588"",""image"":""C:\\\\Windows\\\\system32\\\\services.exe"",""targetObject"":""HKLM\\\\System\\\\CurrentControlSet\\\\Services\\\\CredentialEnrollmentManagerUserSvc_3f520\\\\Start"",""details"":""DWORD (0x00000003)""}}}","""Registry value set:
RuleName: T1031,T1050
EventType: SetValue
UtcTime: 2020-04-26 10:55:14.933
ProcessGuid: {df9fc3d3-6889-5ea5-0000-001041a80000}
ProcessId: 588
Image: C:\Windows\system32\services.exe
TargetObject: HKLM\System\CurrentControlSet\Services\CredentialEnrollmentManagerUserSvc_3f520\Start
Details: DWORD (0x00000003)"""
"Apr 26, 2020 @ 10:55:18.068",9,"ATT&CK T1058:Registry edit for new service","{""win"":{""system"":{""providerName"":""Microsoft-Windows-Sysmon"",""providerGuid"":""{5770385f-c22a-43e0-bf4c-06f5698ffbd9}"",""eventID"":""13"",""version"":""2"",""level"":""4"",""task"":""13"",""opcode"":""0"",""keywords"":""0x8000000000000000"",""systemTime"":""2020-04-26T10:55:14.964518900Z"",""eventRecordID"":""645"",""processID"":""2196"",""threadID"":""3228"",""channel"":""Microsoft-Windows-Sysmon/Operational"",""computer"":""DESKTOP-HUE026H"",""severityValue"":""INFORMATION"",""message"":""\""Registry value set:\r\nRuleName: T1031,T1050\r\nEventType: SetValue\r\nUtcTime: 2020-04-26 10:55:14.933\r\nProcessGuid: {df9fc3d3-6889-5ea5-0000-001041a80000}\r\nProcessId: 588\r\nImage: C:\\Windows\\system32\\services.exe\r\nTargetObject: HKLM\\System\\CurrentControlSet\\Services\\ConsentUxUserSvc_3f520\\ImagePath\r\nDetails: C:\\Windows\\system32\\svchost.exe -k DevicesFlow\""""},""eventdata"":{""ruleName"":""T1031,T1050"",""eventType"":""SetValue"",""utcTime"":""2020-04-26 10:55:14.933"",""processGuid"":""{df9fc3d3-6889-5ea5-0000-001041a80000}"",""processId"":""588"",""image"":""C:\\\\Windows\\\\system32\\\\services.exe"",""targetObject"":""HKLM\\\\System\\\\CurrentControlSet\\\\Services\\\\ConsentUxUserSvc_3f520\\\\ImagePath"",""details"":""C:\\\\Windows\\\\system32\\\\svchost.exe -k DevicesFlow""}}}","""Registry value set:
RuleName: T1031,T1050
EventType: SetValue
UtcTime: 2020-04-26 10:55:14.933
ProcessGuid: {df9fc3d3-6889-5ea5-0000-001041a80000}
ProcessId: 588
Image: C:\Windows\system32\services.exe
TargetObject: HKLM\System\CurrentControlSet\Services\ConsentUxUserSvc_3f520\ImagePath
Details: C:\Windows\system32\svchost.exe -k DevicesFlow"""
"Apr 26, 2020 @ 10:55:18.053",9,"ATT&CK T1058:Registry edit for new service","{""win"":{""system"":{""providerName"":""Microsoft-Windows-Sysmon"",""providerGuid"":""{5770385f-c22a-43e0-bf4c-06f5698ffbd9}"",""eventID"":""13"",""version"":""2"",""level"":""4"",""task"":""13"",""opcode"":""0"",""keywords"":""0x8000000000000000"",""systemTime"":""2020-04-26T10:55:14.964223800Z"",""eventRecordID"":""644"",""processID"":""2196"",""threadID"":""3228"",""channel"":""Microsoft-Windows-Sysmon/Operational"",""computer"":""DESKTOP-HUE026H"",""severityValue"":""INFORMATION"",""message"":""\""Registry value set:\r\nRuleName: T1031,T1050\r\nEventType: SetValue\r\nUtcTime: 2020-04-26 10:55:14.933\r\nProcessGuid: {df9fc3d3-6889-5ea5-0000-001041a80000}\r\nProcessId: 588\r\nImage: C:\\Windows\\system32\\services.exe\r\nTargetObject: HKLM\\System\\CurrentControlSet\\Services\\ConsentUxUserSvc_3f520\\Start\r\nDetails: DWORD (0x00000003)\""""},""eventdata"":{""ruleName"":""T1031,T1050"",""eventType"":""SetValue"",""utcTime"":""2020-04-26 10:55:14.933"",""processGuid"":""{df9fc3d3-6889-5ea5-0000-001041a80000}"",""processId"":""588"",""image"":""C:\\\\Windows\\\\system32\\\\services.exe"",""targetObject"":""HKLM\\\\System\\\\CurrentControlSet\\\\Services\\\\ConsentUxUserSvc_3f520\\\\Start"",""details"":""DWORD (0x00000003)""}}}","""Registry value set:
RuleName: T1031,T1050
EventType: SetValue
UtcTime: 2020-04-26 10:55:14.933
ProcessGuid: {df9fc3d3-6889-5ea5-0000-001041a80000}
ProcessId: 588
Image: C:\Windows\system32\services.exe
TargetObject: HKLM\System\CurrentControlSet\Services\ConsentUxUserSvc_3f520\Start
Details: DWORD (0x00000003)"""
"Apr 26, 2020 @ 10:55:18.038",9,"ATT&CK T1058:Registry edit for new service","{""win"":{""system"":{""providerName"":""Microsoft-Windows-Sysmon"",""providerGuid"":""{5770385f-c22a-43e0-bf4c-06f5698ffbd9}"",""eventID"":""13"",""version"":""2"",""level"":""4"",""task"":""13"",""opcode"":""0"",""keywords"":""0x8000000000000000"",""systemTime"":""2020-04-26T10:55:14.962710800Z"",""eventRecordID"":""643"",""processID"":""2196"",""threadID"":""3228"",""channel"":""Microsoft-Windows-Sysmon/Operational"",""computer"":""DESKTOP-HUE026H"",""severityValue"":""INFORMATION"",""message"":""\""Registry value set:\r\nRuleName: T1031,T1050\r\nEventType: SetValue\r\nUtcTime: 2020-04-26 10:55:14.918\r\nProcessGuid: {df9fc3d3-6889-5ea5-0000-001041a80000}\r\nProcessId: 588\r\nImage: C:\\Windows\\system32\\services.exe\r\nTargetObject: HKLM\\System\\CurrentControlSet\\Services\\CDPUserSvc_3f520\\ImagePath\r\nDetails: C:\\Windows\\system32\\svchost.exe -k UnistackSvcGroup\""""},""eventdata"":{""ruleName"":""T1031,T1050"",""eventType"":""SetValue"",""utcTime"":""2020-04-26 10:55:14.918"",""processGuid"":""{df9fc3d3-6889-5ea5-0000-001041a80000}"",""processId"":""588"",""image"":""C:\\\\Windows\\\\system32\\\\services.exe"",""targetObject"":""HKLM\\\\System\\\\CurrentControlSet\\\\Services\\\\CDPUserSvc_3f520\\\\ImagePath"",""details"":""C:\\\\Windows\\\\system32\\\\svchost.exe -k UnistackSvcGroup""}}}","""Registry value set:
RuleName: T1031,T1050
EventType: SetValue
UtcTime: 2020-04-26 10:55:14.918
ProcessGuid: {df9fc3d3-6889-5ea5-0000-001041a80000}
ProcessId: 588
Image: C:\Windows\system32\services.exe
TargetObject: HKLM\System\CurrentControlSet\Services\CDPUserSvc_3f520\ImagePath
Details: C:\Windows\system32\svchost.exe -k UnistackSvcGroup"""
"Apr 26, 2020 @ 10:55:18.022",9,"ATT&CK T1058:Registry edit for new service","{""win"":{""system"":{""providerName"":""Microsoft-Windows-Sysmon"",""providerGuid"":""{5770385f-c22a-43e0-bf4c-06f5698ffbd9}"",""eventID"":""13"",""version"":""2"",""level"":""4"",""task"":""13"",""opcode"":""0"",""keywords"":""0x8000000000000000"",""systemTime"":""2020-04-26T10:55:14.962366200Z"",""eventRecordID"":""642"",""processID"":""2196"",""threadID"":""3228"",""channel"":""Microsoft-Windows-Sysmon/Operational"",""computer"":""DESKTOP-HUE026H"",""severityValue"":""INFORMATION"",""message"":""\""Registry value set:\r\nRuleName: T1031,T1050\r\nEventType: SetValue\r\nUtcTime: 2020-04-26 10:55:14.918\r\nProcessGuid: {df9fc3d3-6889-5ea5-0000-001041a80000}\r\nProcessId: 588\r\nImage: C:\\Windows\\system32\\services.exe\r\nTargetObject: HKLM\\System\\CurrentControlSet\\Services\\CDPUserSvc_3f520\\Start\r\nDetails: DWORD (0x00000002)\""""},""eventdata"":{""ruleName"":""T1031,T1050"",""eventType"":""SetValue"",""utcTime"":""2020-04-26 10:55:14.918"",""processGuid"":""{df9fc3d3-6889-5ea5-0000-001041a80000}"",""processId"":""588"",""image"":""C:\\\\Windows\\\\system32\\\\services.exe"",""targetObject"":""HKLM\\\\System\\\\CurrentControlSet\\\\Services\\\\CDPUserSvc_3f520\\\\Start"",""details"":""DWORD (0x00000002)""}}}","""Registry value set:
RuleName: T1031,T1050
EventType: SetValue
UtcTime: 2020-04-26 10:55:14.918
ProcessGuid: {df9fc3d3-6889-5ea5-0000-001041a80000}
ProcessId: 588
Image: C:\Windows\system32\services.exe
TargetObject: HKLM\System\CurrentControlSet\Services\CDPUserSvc_3f520\Start
Details: DWORD (0x00000002)"""
"Apr 26, 2020 @ 10:55:17.979",9,"ATT&CK T1058:Registry edit for new service","{""win"":{""system"":{""providerName"":""Microsoft-Windows-Sysmon"",""providerGuid"":""{5770385f-c22a-43e0-bf4c-06f5698ffbd9}"",""eventID"":""13"",""version"":""2"",""level"":""4"",""task"":""13"",""opcode"":""0"",""keywords"":""0x8000000000000000"",""systemTime"":""2020-04-26T10:55:14.960769000Z"",""eventRecordID"":""641"",""processID"":""2196"",""threadID"":""3228"",""channel"":""Microsoft-Windows-Sysmon/Operational"",""computer"":""DESKTOP-HUE026H"",""severityValue"":""INFORMATION"",""message"":""\""Registry value set:\r\nRuleName: T1031,T1050\r\nEventType: SetValue\r\nUtcTime: 2020-04-26 10:55:14.918\r\nProcessGuid: {df9fc3d3-6889-5ea5-0000-001041a80000}\r\nProcessId: 588\r\nImage: C:\\Windows\\system32\\services.exe\r\nTargetObject: HKLM\\System\\CurrentControlSet\\Services\\cbdhsvc_3f520\\ImagePath\r\nDetails: C:\\Windows\\system32\\svchost.exe -k ClipboardSvcGroup -p\""""},""eventdata"":{""ruleName"":""T1031,T1050"",""eventType"":""SetValue"",""utcTime"":""2020-04-26 10:55:14.918"",""processGuid"":""{df9fc3d3-6889-5ea5-0000-001041a80000}"",""processId"":""588"",""image"":""C:\\\\Windows\\\\system32\\\\services.exe"",""targetObject"":""HKLM\\\\System\\\\CurrentControlSet\\\\Services\\\\cbdhsvc_3f520\\\\ImagePath"",""details"":""C:\\\\Windows\\\\system32\\\\svchost.exe -k ClipboardSvcGroup -p""}}}","""Registry value set:
RuleName: T1031,T1050
EventType: SetValue
UtcTime: 2020-04-26 10:55:14.918
ProcessGuid: {df9fc3d3-6889-5ea5-0000-001041a80000}
ProcessId: 588
Image: C:\Windows\system32\services.exe
TargetObject: HKLM\System\CurrentControlSet\Services\cbdhsvc_3f520\ImagePath
Details: C:\Windows\system32\svchost.exe -k ClipboardSvcGroup -p"""
"Apr 26, 2020 @ 10:55:17.948",9,"ATT&CK T1058:Registry edit for new service","{""win"":{""system"":{""providerName"":""Microsoft-Windows-Sysmon"",""providerGuid"":""{5770385f-c22a-43e0-bf4c-06f5698ffbd9}"",""eventID"":""13"",""version"":""2"",""level"":""4"",""task"":""13"",""opcode"":""0"",""keywords"":""0x8000000000000000"",""systemTime"":""2020-04-26T10:55:14.960461600Z"",""eventRecordID"":""640"",""processID"":""2196"",""threadID"":""3228"",""channel"":""Microsoft-Windows-Sysmon/Operational"",""computer"":""DESKTOP-HUE026H"",""severityValue"":""INFORMATION"",""message"":""\""Registry value set:\r\nRuleName: T1031,T1050\r\nEventType: SetValue\r\nUtcTime: 2020-04-26 10:55:14.918\r\nProcessGuid: {df9fc3d3-6889-5ea5-0000-001041a80000}\r\nProcessId: 588\r\nImage: C:\\Windows\\system32\\services.exe\r\nTargetObject: HKLM\\System\\CurrentControlSet\\Services\\cbdhsvc_3f520\\Start\r\nDetails: DWORD (0x00000003)\""""},""eventdata"":{""ruleName"":""T1031,T1050"",""eventType"":""SetValue"",""utcTime"":""2020-04-26 10:55:14.918"",""processGuid"":""{df9fc3d3-6889-5ea5-0000-001041a80000}"",""processId"":""588"",""image"":""C:\\\\Windows\\\\system32\\\\services.exe"",""targetObject"":""HKLM\\\\System\\\\CurrentControlSet\\\\Services\\\\cbdhsvc_3f520\\\\Start"",""details"":""DWORD (0x00000003)""}}}","""Registry value set:
RuleName: T1031,T1050
EventType: SetValue
UtcTime: 2020-04-26 10:55:14.918
ProcessGuid: {df9fc3d3-6889-5ea5-0000-001041a80000}
ProcessId: 588
Image: C:\Windows\system32\services.exe
TargetObject: HKLM\System\CurrentControlSet\Services\cbdhsvc_3f520\Start
Details: DWORD (0x00000003)"""
"Apr 26, 2020 @ 10:55:17.919",9,"ATT&CK T1058:Registry edit for new service","{""win"":{""system"":{""providerName"":""Microsoft-Windows-Sysmon"",""providerGuid"":""{5770385f-c22a-43e0-bf4c-06f5698ffbd9}"",""eventID"":""13"",""version"":""2"",""level"":""4"",""task"":""13"",""opcode"":""0"",""keywords"":""0x8000000000000000"",""systemTime"":""2020-04-26T10:55:14.957704500Z"",""eventRecordID"":""639"",""processID"":""2196"",""threadID"":""3228"",""channel"":""Microsoft-Windows-Sysmon/Operational"",""computer"":""DESKTOP-HUE026H"",""severityValue"":""INFORMATION"",""message"":""\""Registry value set:\r\nRuleName: T1031,T1050\r\nEventType: SetValue\r\nUtcTime: 2020-04-26 10:55:14.918\r\nProcessGuid: {df9fc3d3-6889-5ea5-0000-001041a80000}\r\nProcessId: 588\r\nImage: C:\\Windows\\system32\\services.exe\r\nTargetObject: HKLM\\System\\CurrentControlSet\\Services\\CaptureService_3f520\\ImagePath\r\nDetails: C:\\Windows\\system32\\svchost.exe -k LocalService -p\""""},""eventdata"":{""ruleName"":""T1031,T1050"",""eventType"":""SetValue"",""utcTime"":""2020-04-26 10:55:14.918"",""processGuid"":""{df9fc3d3-6889-5ea5-0000-001041a80000}"",""processId"":""588"",""image"":""C:\\\\Windows\\\\system32\\\\services.exe"",""targetObject"":""HKLM\\\\System\\\\CurrentControlSet\\\\Services\\\\CaptureService_3f520\\\\ImagePath"",""details"":""C:\\\\Windows\\\\system32\\\\svchost.exe -k LocalService -p""}}}","""Registry value set:
RuleName: T1031,T1050
EventType: SetValue
UtcTime: 2020-04-26 10:55:14.918
ProcessGuid: {df9fc3d3-6889-5ea5-0000-001041a80000}
ProcessId: 588
Image: C:\Windows\system32\services.exe
TargetObject: HKLM\System\CurrentControlSet\Services\CaptureService_3f520\ImagePath
Details: C:\Windows\system32\svchost.exe -k LocalService -p"""
"Apr 26, 2020 @ 10:55:17.887",9,"ATT&CK T1058:Registry edit for new service","{""win"":{""system"":{""providerName"":""Microsoft-Windows-Sysmon"",""providerGuid"":""{5770385f-c22a-43e0-bf4c-06f5698ffbd9}"",""eventID"":""13"",""version"":""2"",""level"":""4"",""task"":""13"",""opcode"":""0"",""keywords"":""0x8000000000000000"",""systemTime"":""2020-04-26T10:55:14.957311200Z"",""eventRecordID"":""638"",""processID"":""2196"",""threadID"":""3228"",""channel"":""Microsoft-Windows-Sysmon/Operational"",""computer"":""DESKTOP-HUE026H"",""severityValue"":""INFORMATION"",""message"":""\""Registry value set:\r\nRuleName: T1031,T1050\r\nEventType: SetValue\r\nUtcTime: 2020-04-26 10:55:14.918\r\nProcessGuid: {df9fc3d3-6889-5ea5-0000-001041a80000}\r\nProcessId: 588\r\nImage: C:\\Windows\\system32\\services.exe\r\nTargetObject: HKLM\\System\\CurrentControlSet\\Services\\CaptureService_3f520\\Start\r\nDetails: DWORD (0x00000003)\""""},""eventdata"":{""ruleName"":""T1031,T1050"",""eventType"":""SetValue"",""utcTime"":""2020-04-26 10:55:14.918"",""processGuid"":""{df9fc3d3-6889-5ea5-0000-001041a80000}"",""processId"":""588"",""image"":""C:\\\\Windows\\\\system32\\\\services.exe"",""targetObject"":""HKLM\\\\System\\\\CurrentControlSet\\\\Services\\\\CaptureService_3f520\\\\Start"",""details"":""DWORD (0x00000003)""}}}","""Registry value set:
RuleName: T1031,T1050
EventType: SetValue
UtcTime: 2020-04-26 10:55:14.918
ProcessGuid: {df9fc3d3-6889-5ea5-0000-001041a80000}
ProcessId: 588
Image: C:\Windows\system32\services.exe
TargetObject: HKLM\System\CurrentControlSet\Services\CaptureService_3f520\Start
Details: DWORD (0x00000003)"""
"Apr 26, 2020 @ 10:55:17.858",9,"ATT&CK T1058:Registry edit for new service","{""win"":{""system"":{""providerName"":""Microsoft-Windows-Sysmon"",""providerGuid"":""{5770385f-c22a-43e0-bf4c-06f5698ffbd9}"",""eventID"":""13"",""version"":""2"",""level"":""4"",""task"":""13"",""opcode"":""0"",""keywords"":""0x8000000000000000"",""systemTime"":""2020-04-26T10:55:14.936541700Z"",""eventRecordID"":""637"",""processID"":""2196"",""threadID"":""3228"",""channel"":""Microsoft-Windows-Sysmon/Operational"",""computer"":""DESKTOP-HUE026H"",""severityValue"":""INFORMATION"",""message"":""\""Registry value set:\r\nRuleName: T1031,T1050\r\nEventType: SetValue\r\nUtcTime: 2020-04-26 10:55:14.918\r\nProcessGuid: {df9fc3d3-6889-5ea5-0000-001041a80000}\r\nProcessId: 588\r\nImage: C:\\Windows\\system32\\services.exe\r\nTargetObject: HKLM\\System\\CurrentControlSet\\Services\\BluetoothUserService_3f520\\ImagePath\r\nDetails: C:\\Windows\\system32\\svchost.exe -k BthAppGroup -p\""""},""eventdata"":{""ruleName"":""T1031,T1050"",""eventType"":""SetValue"",""utcTime"":""2020-04-26 10:55:14.918"",""processGuid"":""{df9fc3d3-6889-5ea5-0000-001041a80000}"",""processId"":""588"",""image"":""C:\\\\Windows\\\\system32\\\\services.exe"",""targetObject"":""HKLM\\\\System\\\\CurrentControlSet\\\\Services\\\\BluetoothUserService_3f520\\\\ImagePath"",""details"":""C:\\\\Windows\\\\system32\\\\svchost.exe -k BthAppGroup -p""}}}","""Registry value set:
RuleName: T1031,T1050
EventType: SetValue
UtcTime: 2020-04-26 10:55:14.918
ProcessGuid: {df9fc3d3-6889-5ea5-0000-001041a80000}
ProcessId: 588
Image: C:\Windows\system32\services.exe
TargetObject: HKLM\System\CurrentControlSet\Services\BluetoothUserService_3f520\ImagePath
Details: C:\Windows\system32\svchost.exe -k BthAppGroup -p"""
"Apr 26, 2020 @ 10:55:17.810",9,"ATT&CK T1058:Registry edit for new service","{""win"":{""system"":{""providerName"":""Microsoft-Windows-Sysmon"",""providerGuid"":""{5770385f-c22a-43e0-bf4c-06f5698ffbd9}"",""eventID"":""13"",""version"":""2"",""level"":""4"",""task"":""13"",""opcode"":""0"",""keywords"":""0x8000000000000000"",""systemTime"":""2020-04-26T10:55:14.936330600Z"",""eventRecordID"":""636"",""processID"":""2196"",""threadID"":""3228"",""channel"":""Microsoft-Windows-Sysmon/Operational"",""computer"":""DESKTOP-HUE026H"",""severityValue"":""INFORMATION"",""message"":""\""Registry value set:\r\nRuleName: T1031,T1050\r\nEventType: SetValue\r\nUtcTime: 2020-04-26 10:55:14.918\r\nProcessGuid: {df9fc3d3-6889-5ea5-0000-001041a80000}\r\nProcessId: 588\r\nImage: C:\\Windows\\system32\\services.exe\r\nTargetObject: HKLM\\System\\CurrentControlSet\\Services\\BluetoothUserService_3f520\\Start\r\nDetails: DWORD (0x00000003)\""""},""eventdata"":{""ruleName"":""T1031,T1050"",""eventType"":""SetValue"",""utcTime"":""2020-04-26 10:55:14.918"",""processGuid"":""{df9fc3d3-6889-5ea5-0000-001041a80000}"",""processId"":""588"",""image"":""C:\\\\Windows\\\\system32\\\\services.exe"",""targetObject"":""HKLM\\\\System\\\\CurrentControlSet\\\\Services\\\\BluetoothUserService_3f520\\\\Start"",""details"":""DWORD (0x00000003)""}}}","""Registry value set:
RuleName: T1031,T1050
EventType: SetValue
UtcTime: 2020-04-26 10:55:14.918
ProcessGuid: {df9fc3d3-6889-5ea5-0000-001041a80000}
ProcessId: 588
Image: C:\Windows\system32\services.exe
TargetObject: HKLM\System\CurrentControlSet\Services\BluetoothUserService_3f520\Start
Details: DWORD (0x00000003)"""
"Apr 26, 2020 @ 10:55:17.704",9,"ATT&CK T1058:Registry edit for new service","{""win"":{""system"":{""providerName"":""Microsoft-Windows-Sysmon"",""providerGuid"":""{5770385f-c22a-43e0-bf4c-06f5698ffbd9}"",""eventID"":""13"",""version"":""2"",""level"":""4"",""task"":""13"",""opcode"":""0"",""keywords"":""0x8000000000000000"",""systemTime"":""2020-04-26T10:55:14.931608700Z"",""eventRecordID"":""634"",""processID"":""2196"",""threadID"":""3228"",""channel"":""Microsoft-Windows-Sysmon/Operational"",""computer"":""DESKTOP-HUE026H"",""severityValue"":""INFORMATION"",""message"":""\""Registry value set:\r\nRuleName: T1031,T1050\r\nEventType: SetValue\r\nUtcTime: 2020-04-26 10:55:14.918\r\nProcessGuid: {df9fc3d3-6889-5ea5-0000-001041a80000}\r\nProcessId: 588\r\nImage: C:\\Windows\\system32\\services.exe\r\nTargetObject: HKLM\\System\\CurrentControlSet\\Services\\BcastDVRUserService_3f520\\ImagePath\r\nDetails: C:\\Windows\\system32\\svchost.exe -k BcastDVRUserService\""""},""eventdata"":{""ruleName"":""T1031,T1050"",""eventType"":""SetValue"",""utcTime"":""2020-04-26 10:55:14.918"",""processGuid"":""{df9fc3d3-6889-5ea5-0000-001041a80000}"",""processId"":""588"",""image"":""C:\\\\Windows\\\\system32\\\\services.exe"",""targetObject"":""HKLM\\\\System\\\\CurrentControlSet\\\\Services\\\\BcastDVRUserService_3f520\\\\ImagePath"",""details"":""C:\\\\Windows\\\\system32\\\\svchost.exe -k BcastDVRUserService""}}}","""Registry value set:
RuleName: T1031,T1050
EventType: SetValue
UtcTime: 2020-04-26 10:55:14.918
ProcessGuid: {df9fc3d3-6889-5ea5-0000-001041a80000}
ProcessId: 588
Image: C:\Windows\system32\services.exe
TargetObject: HKLM\System\CurrentControlSet\Services\BcastDVRUserService_3f520\ImagePath
Details: C:\Windows\system32\svchost.exe -k BcastDVRUserService"""
"Apr 26, 2020 @ 10:55:17.682",9,"ATT&CK T1058:Registry edit for new service","{""win"":{""system"":{""providerName"":""Microsoft-Windows-Sysmon"",""providerGuid"":""{5770385f-c22a-43e0-bf4c-06f5698ffbd9}"",""eventID"":""13"",""version"":""2"",""level"":""4"",""task"":""13"",""opcode"":""0"",""keywords"":""0x8000000000000000"",""systemTime"":""2020-04-26T10:55:14.929303300Z"",""eventRecordID"":""633"",""processID"":""2196"",""threadID"":""3228"",""channel"":""Microsoft-Windows-Sysmon/Operational"",""computer"":""DESKTOP-HUE026H"",""severityValue"":""INFORMATION"",""message"":""\""Registry value set:\r\nRuleName: T1031,T1050\r\nEventType: SetValue\r\nUtcTime: 2020-04-26 10:55:14.918\r\nProcessGuid: {df9fc3d3-6889-5ea5-0000-001041a80000}\r\nProcessId: 588\r\nImage: C:\\Windows\\system32\\services.exe\r\nTargetObject: HKLM\\System\\CurrentControlSet\\Services\\BcastDVRUserService_3f520\\Start\r\nDetails: DWORD (0x00000003)\""""},""eventdata"":{""ruleName"":""T1031,T1050"",""eventType"":""SetValue"",""utcTime"":""2020-04-26 10:55:14.918"",""processGuid"":""{df9fc3d3-6889-5ea5-0000-001041a80000}"",""processId"":""588"",""image"":""C:\\\\Windows\\\\system32\\\\services.exe"",""targetObject"":""HKLM\\\\System\\\\CurrentControlSet\\\\Services\\\\BcastDVRUserService_3f520\\\\Start"",""details"":""DWORD (0x00000003)""}}}","""Registry value set:
RuleName: T1031,T1050
EventType: SetValue
UtcTime: 2020-04-26 10:55:14.918
ProcessGuid: {df9fc3d3-6889-5ea5-0000-001041a80000}
ProcessId: 588
Image: C:\Windows\system32\services.exe
TargetObject: HKLM\System\CurrentControlSet\Services\BcastDVRUserService_3f520\Start
Details: DWORD (0x00000003)"""
"Apr 26, 2020 @ 10:55:17.664",9,"ATT&CK T1058:Registry edit for new service","{""win"":{""system"":{""providerName"":""Microsoft-Windows-Sysmon"",""providerGuid"":""{5770385f-c22a-43e0-bf4c-06f5698ffbd9}"",""eventID"":""13"",""version"":""2"",""level"":""4"",""task"":""13"",""opcode"":""0"",""keywords"":""0x8000000000000000"",""systemTime"":""2020-04-26T10:55:14.927519500Z"",""eventRecordID"":""632"",""processID"":""2196"",""threadID"":""3228"",""channel"":""Microsoft-Windows-Sysmon/Operational"",""computer"":""DESKTOP-HUE026H"",""severityValue"":""INFORMATION"",""message"":""\""Registry value set:\r\nRuleName: T1031,T1050\r\nEventType: SetValue\r\nUtcTime: 2020-04-26 10:55:14.918\r\nProcessGuid: {df9fc3d3-6889-5ea5-0000-001041a80000}\r\nProcessId: 588\r\nImage: C:\\Windows\\system32\\services.exe\r\nTargetObject: HKLM\\System\\CurrentControlSet\\Services\\AarSvc_3f520\\ImagePath\r\nDetails: C:\\Windows\\system32\\svchost.exe -k AarSvcGroup -p\""""},""eventdata"":{""ruleName"":""T1031,T1050"",""eventType"":""SetValue"",""utcTime"":""2020-04-26 10:55:14.918"",""processGuid"":""{df9fc3d3-6889-5ea5-0000-001041a80000}"",""processId"":""588"",""image"":""C:\\\\Windows\\\\system32\\\\services.exe"",""targetObject"":""HKLM\\\\System\\\\CurrentControlSet\\\\Services\\\\AarSvc_3f520\\\\ImagePath"",""details"":""C:\\\\Windows\\\\system32\\\\svchost.exe -k AarSvcGroup -p""}}}","""Registry value set:
RuleName: T1031,T1050
EventType: SetValue
UtcTime: 2020-04-26 10:55:14.918
ProcessGuid: {df9fc3d3-6889-5ea5-0000-001041a80000}
ProcessId: 588
Image: C:\Windows\system32\services.exe
TargetObject: HKLM\System\CurrentControlSet\Services\AarSvc_3f520\ImagePath
Details: C:\Windows\system32\svchost.exe -k AarSvcGroup -p"""
