timestamp,"rule.level","rule.description","full_log","data.win.system.message"
"Apr 26, 2020 @ 10:57:36.039",5,"File added to the system.","File 'HKEY_LOCAL_MACHINE\System\CurrentControlSet\Services\OneSyncSvc_3f520' was added.
",
"Apr 26, 2020 @ 10:57:36.009",5,"File added to the system.","File 'HKEY_LOCAL_MACHINE\System\CurrentControlSet\Services\OneSyncSvc_3f520\Security' was added.
",
"Apr 26, 2020 @ 10:57:33.258",7,"Integrity checksum changed.","File 'HKEY_LOCAL_MACHINE\System\CurrentControlSet\Services\NdisVirtualBus\Parameters\Wdf' checksum changed.
Old md5sum was: 'ed88c4f4720f9ee85957abb94f304681'
New md5sum is : 'bab7f7a65fdaacd4e6b8b6a5061897a9'
Old sha1sum was: 'dfbfadf824ea326343b7e38b3f7914f74c482b0b'
New sha1sum is : '996a854fff250b5a422ab1cf6a5fe4cf3919d15c'
",
"Apr 26, 2020 @ 10:57:31.492",7,"Integrity checksum changed.","File 'HKEY_LOCAL_MACHINE\System\CurrentControlSet\Services\msisadrv\Parameters\Wdf' checksum changed.
Old md5sum was: '13dc259f379d87b2e5309e0615660fbd'
New md5sum is : '5aa8e4546390bfdbf65b75d3999f7d27'
Old sha1sum was: '7b7640c8ae985ec313fc158f04c94160aed9ba62'
New sha1sum is : 'dfad5825e83ffedce47f82287e54c327bee0a9d2'
",
"Apr 26, 2020 @ 10:57:30.554",7,"Integrity checksum changed.","File 'HKEY_LOCAL_MACHINE\System\CurrentControlSet\Services\monitor\Parameters\Wdf' checksum changed.
Old md5sum was: '9a0e6860ed855c30f134fc56d8ebf295'
New md5sum is : 'b66ff1de44cede493d2d5ec9a100c22f'
Old sha1sum was: 'ed3b06cd890e72527d6a9facc45f47e75ca198c0'
New sha1sum is : '4f8301d8c419c2a62d84573ce68890a97ccf936f'
",
"Apr 26, 2020 @ 10:57:30.445",5,"File added to the system.","File 'HKEY_LOCAL_MACHINE\System\CurrentControlSet\Services\MessagingService_3f520' was added.
",
"Apr 26, 2020 @ 10:57:30.429",5,"File added to the system.","File 'HKEY_LOCAL_MACHINE\System\CurrentControlSet\Services\MessagingService_3f520\TriggerInfo\0' was added.
",
"Apr 26, 2020 @ 10:57:30.414",5,"File added to the system.","File 'HKEY_LOCAL_MACHINE\System\CurrentControlSet\Services\MessagingService_3f520\Security' was added.
",
"Apr 26, 2020 @ 10:57:26.258",7,"Integrity checksum changed.","File 'HKEY_LOCAL_MACHINE\System\CurrentControlSet\Services\LanmanServer\Parameters' checksum changed.
Old md5sum was: '4f6d055ae9421c6eaaea00278d045ee8'
New md5sum is : 'd3b8b23090d51db3cfe1e9ecd4bf3f60'
Old sha1sum was: '075a70943680f9d5268ab1301ec05918e7969062'
New sha1sum is : 'abb19fb282dc8a8540e74484ab4bef9e1719d561'
",
"Apr 26, 2020 @ 10:57:22.594",7,"Integrity checksum changed.","File 'HKEY_LOCAL_MACHINE\System\CurrentControlSet\Services\intelppm\Parameters\Wdf' checksum changed.
Old md5sum was: 'ed88c4f4720f9ee85957abb94f304681'
New md5sum is : 'bab7f7a65fdaacd4e6b8b6a5061897a9'
Old sha1sum was: 'dfbfadf824ea326343b7e38b3f7914f74c482b0b'
New sha1sum is : '996a854fff250b5a422ab1cf6a5fe4cf3919d15c'
",
"Apr 26, 2020 @ 10:57:19.882",7,"Integrity checksum changed.","File 'HKEY_LOCAL_MACHINE\System\CurrentControlSet\Services\HDAudBus\Parameters\Wdf' checksum changed.
Old md5sum was: 'd49b1e0e5d54f0f3afc8611036d44088'
New md5sum is : 'd6c66f3cfcf282def437343895ab3fa8'
Old sha1sum was: '67d1db6f9eb60c510bc959d4fed11edd37751205'
New sha1sum is : '1f15b20143ed74043de3a339b473192ac5b48b15'
",
"Apr 26, 2020 @ 10:57:19.226",7,"Integrity checksum changed.","File 'HKEY_LOCAL_MACHINE\System\CurrentControlSet\Services\gencounter\Parameters\Wdf' checksum changed.
Old md5sum was: 'ed88c4f4720f9ee85957abb94f304681'
New md5sum is : 'bab7f7a65fdaacd4e6b8b6a5061897a9'
Old sha1sum was: 'dfbfadf824ea326343b7e38b3f7914f74c482b0b'
New sha1sum is : '996a854fff250b5a422ab1cf6a5fe4cf3919d15c'
",
"Apr 26, 2020 @ 10:57:18.180",7,"Integrity checksum changed.","File 'HKEY_LOCAL_MACHINE\System\CurrentControlSet\Services\FDResPub\ServiceData' checksum changed.
Old md5sum was: '1c6e2319780c0264f929f3c3433add82'
New md5sum is : 'ae9643074ec7a4ef81bb63a482e527c9'
Old sha1sum was: 'f924403989ef2de336c156640b73fb0db5024306'
New sha1sum is : 'bb90e1460f2a74046f7b573529a69b9faa6b3a52'
",
"Apr 26, 2020 @ 10:57:11.835",3,"Windows Logon Success",,"""An account was successfully logged on.

Subject:
	Security ID:		S-1-5-18
	Account Name:		DESKTOP-HUE026H$
	Account Domain:		WORKGROUP
	Logon ID:		0x3E7

Logon Information:
	Logon Type:		5
	Restricted Admin Mode:	-
	Virtual Account:		No
	Elevated Token:		Yes

Impersonation Level:		Impersonation

New Logon:
	Security ID:		S-1-5-18
	Account Name:		SYSTEM
	Account Domain:		NT AUTHORITY
	Logon ID:		0x3E7
	Linked Logon ID:		0x0
	Network Account Name:	-
	Network Account Domain:	-
	Logon GUID:		{00000000-0000-0000-0000-000000000000}

Process Information:
	Process ID:		0x24c
	Process Name:		C:\Windows\System32\services.exe

Network Information:
	Workstation Name:	-
	Source Network Address:	-
	Source Port:		-

Detailed Authentication Information:
	Logon Process:		Advapi  
	Authentication Package:	Negotiate
	Transited Services:	-
	Package Name (NTLM only):	-
	Key Length:		0

This event is generated when a logon session is created. It is generated on the computer that was accessed.

The subject fields indicate the account on the local system which requested the logon. This is most commonly a service such as the Server service, or a local process such as Winlogon.exe or Services.exe.

The logon type field indicates the kind of logon that occurred. The most common types are 2 (interactive) and 3 (network).

The New Logon fields indicate the account for whom the new logon was created, i.e. the account that was logged on.

The network fields indicate where a remote logon request originated. Workstation name is not always available and may be left blank in some cases.

The impersonation level field indicates the extent to which a process in the logon session can impersonate.

The authentication information fields provide detailed information about this specific logon request.
	- Logon GUID is a unique identifier that can be used to correlate this event with a KDC event.
	- Transited services indicate which intermediate services have participated in this logon request.
	- Package name indicates which sub-protocol was used among the NTLM protocols.
	- Key length indicates the length of the generated session key. This will be 0 if no session key was requested."""
"Apr 26, 2020 @ 10:57:10.385",7,"Integrity checksum changed.","File 'HKEY_LOCAL_MACHINE\System\CurrentControlSet\Services\EventLog\State' checksum changed.
Old md5sum was: 'd4404ea1723d6a64ecf59184c42b56dc'
New md5sum is : 'a9e4daddf64ff555409ab89ed9ce7103'
Old sha1sum was: '0e7668ac8b3a3f95ef8df9750dbd0575ba6ee519'
New sha1sum is : '6efb884e36f6ba353d970450648c378dd9714ff0'
",
"Apr 26, 2020 @ 10:57:03.869",7,"Integrity checksum changed.","File 'HKEY_LOCAL_MACHINE\System\CurrentControlSet\Services\Dnscache\Parameters\Probe\{a957488a-bcc3-4136-8332-2c86058caa77}' checksum changed.
Old md5sum was: '2e66bbab6f7f051484904d50bd64c4bd'
New md5sum is : 'ad50f93c84bcc3869d570b2c5f7ec070'
Old sha1sum was: 'd443c4cc88c9009ec68ded5a89a3fda13ac3b6da'
New sha1sum is : 'c401f6fc16c7391a3e6572edd86614ad54bbe351'
",
"Apr 26, 2020 @ 10:57:00.460",5,"File added to the system.","File 'HKEY_LOCAL_MACHINE\System\CurrentControlSet\Services\DevicesFlowUserSvc_3f520' was added.
",
"Apr 26, 2020 @ 10:57:00.445",5,"File added to the system.","File 'HKEY_LOCAL_MACHINE\System\CurrentControlSet\Services\DevicesFlowUserSvc_3f520\Security' was added.
",
"Apr 26, 2020 @ 10:57:00.366",5,"File added to the system.","File 'HKEY_LOCAL_MACHINE\System\CurrentControlSet\Services\DevicePickerUserSvc_3f520' was added.
",
"Apr 26, 2020 @ 10:57:00.351",5,"File added to the system.","File 'HKEY_LOCAL_MACHINE\System\CurrentControlSet\Services\DevicePickerUserSvc_3f520\Security' was added.
",
"Apr 26, 2020 @ 10:57:00.100",5,"File added to the system.","File 'HKEY_LOCAL_MACHINE\System\CurrentControlSet\Services\DeviceAssociationBrokerSvc_3f520' was added.
",
"Apr 26, 2020 @ 10:57:00.085",5,"File added to the system.","File 'HKEY_LOCAL_MACHINE\System\CurrentControlSet\Services\DeviceAssociationBrokerSvc_3f520\Security' was added.
",
"Apr 26, 2020 @ 10:56:59.459",5,"File added to the system.","File 'HKEY_LOCAL_MACHINE\System\CurrentControlSet\Services\CredentialEnrollmentManagerUserSvc_3f520' was added.
",
"Apr 26, 2020 @ 10:56:59.428",5,"File added to the system.","File 'HKEY_LOCAL_MACHINE\System\CurrentControlSet\Services\CredentialEnrollmentManagerUserSvc_3f520\Security' was added.
",
"Apr 26, 2020 @ 10:56:59.303",5,"File added to the system.","File 'HKEY_LOCAL_MACHINE\System\CurrentControlSet\Services\ConsentUxUserSvc_3f520' was added.
",
"Apr 26, 2020 @ 10:56:59.288",5,"File added to the system.","File 'HKEY_LOCAL_MACHINE\System\CurrentControlSet\Services\ConsentUxUserSvc_3f520\Security' was added.
",
"Apr 26, 2020 @ 10:56:59.133",7,"Integrity checksum changed.","File 'HKEY_LOCAL_MACHINE\System\CurrentControlSet\Services\CompositeBus\Parameters\Wdf' checksum changed.
Old md5sum was: 'd3fc2e40ff1cbd8f3e440cadb414e8a1'
New md5sum is : '841a277fefa4126bc37553936b32cbf8'
Old sha1sum was: 'da09e52cc3e283503fcbc0fc9d976d29b6f64ab9'
New sha1sum is : '4e2a2966c8b1ce70115bdc87ad62f91c16aecfc0'
",
"Apr 26, 2020 @ 10:56:57.600",5,"File added to the system.","File 'HKEY_LOCAL_MACHINE\System\CurrentControlSet\Services\CDPUserSvc_3f520' was added.
",
"Apr 26, 2020 @ 10:56:57.585",5,"File added to the system.","File 'HKEY_LOCAL_MACHINE\System\CurrentControlSet\Services\CDPUserSvc_3f520\Security' was added.
",
"Apr 26, 2020 @ 10:56:57.429",5,"File added to the system.","File 'HKEY_LOCAL_MACHINE\System\CurrentControlSet\Services\cbdhsvc_3f520' was added.
",
"Apr 26, 2020 @ 10:56:57.413",5,"File added to the system.","File 'HKEY_LOCAL_MACHINE\System\CurrentControlSet\Services\cbdhsvc_3f520\Security' was added.
",
"Apr 26, 2020 @ 10:56:57.350",5,"File added to the system.","File 'HKEY_LOCAL_MACHINE\System\CurrentControlSet\Services\CaptureService_3f520' was added.
",
"Apr 26, 2020 @ 10:56:57.335",5,"File added to the system.","File 'HKEY_LOCAL_MACHINE\System\CurrentControlSet\Services\CaptureService_3f520\Security' was added.
",
"Apr 26, 2020 @ 10:56:55.147",5,"File added to the system.","File 'HKEY_LOCAL_MACHINE\System\CurrentControlSet\Services\BluetoothUserService_3f520' was added.
",
"Apr 26, 2020 @ 10:56:55.131",5,"File added to the system.","File 'HKEY_LOCAL_MACHINE\System\CurrentControlSet\Services\BluetoothUserService_3f520\TriggerInfo\4' was added.
",
"Apr 26, 2020 @ 10:56:55.116",5,"File added to the system.","File 'HKEY_LOCAL_MACHINE\System\CurrentControlSet\Services\BluetoothUserService_3f520\TriggerInfo\3' was added.
",
"Apr 26, 2020 @ 10:56:55.100",5,"File added to the system.","File 'HKEY_LOCAL_MACHINE\System\CurrentControlSet\Services\BluetoothUserService_3f520\TriggerInfo\2' was added.
",
"Apr 26, 2020 @ 10:56:55.085",5,"File added to the system.","File 'HKEY_LOCAL_MACHINE\System\CurrentControlSet\Services\BluetoothUserService_3f520\TriggerInfo\1' was added.
",
"Apr 26, 2020 @ 10:56:55.069",5,"File added to the system.","File 'HKEY_LOCAL_MACHINE\System\CurrentControlSet\Services\BluetoothUserService_3f520\TriggerInfo\0' was added.
",
"Apr 26, 2020 @ 10:56:55.053",5,"File added to the system.","File 'HKEY_LOCAL_MACHINE\System\CurrentControlSet\Services\BluetoothUserService_3f520\Security' was added.
",
"Apr 26, 2020 @ 10:56:54.053",5,"File added to the system.","File 'HKEY_LOCAL_MACHINE\System\CurrentControlSet\Services\BcastDVRUserService_3f520' was added.
",
"Apr 26, 2020 @ 10:56:54.038",5,"File added to the system.","File 'HKEY_LOCAL_MACHINE\System\CurrentControlSet\Services\BcastDVRUserService_3f520\Security' was added.
",
"Apr 26, 2020 @ 10:56:53.808",7,"Integrity checksum changed.","File 'HKEY_LOCAL_MACHINE\System\CurrentControlSet\Services\bam\State\UserSettings\S-1-5-90-0-1' checksum changed.
Old md5sum was: '57aab89963db21e021a8fb1def63e397'
New md5sum is : '37d80812ee416845758ac804badeea03'
Old sha1sum was: 'bafc4639617773aa8d06267b01d92467e7e9a1ea'
New sha1sum is : 'acb2534bec4dd00a385b3595b4129ca958624cff'
",
"Apr 26, 2020 @ 10:56:53.796",7,"Integrity checksum changed.","File 'HKEY_LOCAL_MACHINE\System\CurrentControlSet\Services\bam\State\UserSettings\S-1-5-21-438079597-2123118846-2669748851-1001' checksum changed.
Old md5sum was: '8e6e7974f2d8d3f529f902963e640b87'
New md5sum is : '3e4c738303b2bc7a6fd400bee372c137'
Old sha1sum was: '1b06a841f422b9af803da06e6e4f665d140f2d60'
New sha1sum is : '5de39ea5fb68698262cdbbe2359bcf0acb55c1d2'
",
"Apr 26, 2020 @ 10:56:53.755",7,"Integrity checksum changed.","File 'HKEY_LOCAL_MACHINE\System\CurrentControlSet\Services\bam\State\UserSettings\S-1-5-18' checksum changed.
Old md5sum was: 'a5d862c45086d7eb3ecd2008e6e0bf2c'
New md5sum is : '2e26d4cdb348cde76532b1256a8c5a2b'
Old sha1sum was: '7afcf8aea7a5cd7d080891bbbf5c23efc775d31d'
New sha1sum is : 'f11f5b869f02bbb74575cec94ad5149d473309bb'
",
"Apr 26, 2020 @ 10:56:51.319",5,"File added to the system.","File 'HKEY_LOCAL_MACHINE\System\CurrentControlSet\Services\AarSvc_3f520' was added.
",
"Apr 26, 2020 @ 10:56:51.288",5,"File added to the system.","File 'HKEY_LOCAL_MACHINE\System\CurrentControlSet\Services\AarSvc_3f520\Security' was added.
",
"Apr 26, 2020 @ 10:56:44.928",3,"Service startup type was changed",,"""The start type of the Windows Modules Installer service was changed from demand start to auto start."""
"Apr 26, 2020 @ 10:56:26.912",3,"Software Protection service scheduled successfully",,"""Successfully scheduled Software Protection service for re-start at 2020-04-27T10:55:25Z. Reason: RulesEngine."""
"Apr 26, 2020 @ 10:56:18.962",3,"Windows Logon Success",,"""An account was successfully logged on.

Subject:
	Security ID:		S-1-5-18
	Account Name:		DESKTOP-HUE026H$
	Account Domain:		WORKGROUP
	Logon ID:		0x3E7

Logon Information:
	Logon Type:		5
	Restricted Admin Mode:	-
	Virtual Account:		No
	Elevated Token:		Yes

Impersonation Level:		Impersonation

New Logon:
	Security ID:		S-1-5-18
	Account Name:		SYSTEM
	Account Domain:		NT AUTHORITY
	Logon ID:		0x3E7
	Linked Logon ID:		0x0
	Network Account Name:	-
	Network Account Domain:	-
	Logon GUID:		{00000000-0000-0000-0000-000000000000}

Process Information:
	Process ID:		0x24c
	Process Name:		C:\Windows\System32\services.exe

Network Information:
	Workstation Name:	-
	Source Network Address:	-
	Source Port:		-

Detailed Authentication Information:
	Logon Process:		Advapi  
	Authentication Package:	Negotiate
	Transited Services:	-
	Package Name (NTLM only):	-
	Key Length:		0

This event is generated when a logon session is created. It is generated on the computer that was accessed.

The subject fields indicate the account on the local system which requested the logon. This is most commonly a service such as the Server service, or a local process such as Winlogon.exe or Services.exe.

The logon type field indicates the kind of logon that occurred. The most common types are 2 (interactive) and 3 (network).

The New Logon fields indicate the account for whom the new logon was created, i.e. the account that was logged on.

The network fields indicate where a remote logon request originated. Workstation name is not always available and may be left blank in some cases.

The impersonation level field indicates the extent to which a process in the logon session can impersonate.

The authentication information fields provide detailed information about this specific logon request.
	- Logon GUID is a unique identifier that can be used to correlate this event with a KDC event.
	- Transited services indicate which intermediate services have participated in this logon request.
	- Package name indicates which sub-protocol was used among the NTLM protocols.
	- Key length indicates the length of the generated session key. This will be 0 if no session key was requested."""
"Apr 26, 2020 @ 10:55:57.427",3,"Windows Logon Success",,"""An account was successfully logged on.

Subject:
	Security ID:		S-1-5-18
	Account Name:		DESKTOP-HUE026H$
	Account Domain:		WORKGROUP
	Logon ID:		0x3E7

Logon Information:
	Logon Type:		5
	Restricted Admin Mode:	-
	Virtual Account:		No
	Elevated Token:		Yes

Impersonation Level:		Impersonation

New Logon:
	Security ID:		S-1-5-18
	Account Name:		SYSTEM
	Account Domain:		NT AUTHORITY
	Logon ID:		0x3E7
	Linked Logon ID:		0x0
	Network Account Name:	-
	Network Account Domain:	-
	Logon GUID:		{00000000-0000-0000-0000-000000000000}

Process Information:
	Process ID:		0x24c
	Process Name:		C:\Windows\System32\services.exe

Network Information:
	Workstation Name:	-
	Source Network Address:	-
	Source Port:		-

Detailed Authentication Information:
	Logon Process:		Advapi  
	Authentication Package:	Negotiate
	Transited Services:	-
	Package Name (NTLM only):	-
	Key Length:		0

This event is generated when a logon session is created. It is generated on the computer that was accessed.

The subject fields indicate the account on the local system which requested the logon. This is most commonly a service such as the Server service, or a local process such as Winlogon.exe or Services.exe.

The logon type field indicates the kind of logon that occurred. The most common types are 2 (interactive) and 3 (network).

The New Logon fields indicate the account for whom the new logon was created, i.e. the account that was logged on.

The network fields indicate where a remote logon request originated. Workstation name is not always available and may be left blank in some cases.

The impersonation level field indicates the extent to which a process in the logon session can impersonate.

The authentication information fields provide detailed information about this specific logon request.
	- Logon GUID is a unique identifier that can be used to correlate this event with a KDC event.
	- Transited services indicate which intermediate services have participated in this logon request.
	- Package name indicates which sub-protocol was used among the NTLM protocols.
	- Key length indicates the length of the generated session key. This will be 0 if no session key was requested."""
"Apr 26, 2020 @ 10:55:45.676",3,"Windows User Logoff",,"""An account was logged off.

Subject:
	Security ID:		S-1-5-21-438079597-2123118846-2669748851-1001
	Account Name:		John Williams
	Account Domain:		DESKTOP-HUE026H
	Logon ID:		0xBB6B1

Logon Type:			2

This event is generated when a logon session is destroyed. It may be positively correlated with a logon event using the Logon ID value. Logon IDs are only unique between reboots on the same computer."""
"Apr 26, 2020 @ 10:55:45.615",3,"Windows User Logoff",,"""An account was logged off.

Subject:
	Security ID:		S-1-5-21-438079597-2123118846-2669748851-1001
	Account Name:		John Williams
	Account Domain:		DESKTOP-HUE026H
	Logon ID:		0xBB6DA

Logon Type:			2

This event is generated when a logon session is destroyed. It may be positively correlated with a logon event using the Logon ID value. Logon IDs are only unique between reboots on the same computer."""
"Apr 26, 2020 @ 10:55:45.334",3,"Windows Workstation Logon Success",,"""An account was successfully logged on.

Subject:
	Security ID:		S-1-5-18
	Account Name:		DESKTOP-HUE026H$
	Account Domain:		WORKGROUP
	Logon ID:		0x3E7

Logon Information:
	Logon Type:		2
	Restricted Admin Mode:	-
	Virtual Account:		No
	Elevated Token:		No

Impersonation Level:		Impersonation

New Logon:
	Security ID:		S-1-5-21-438079597-2123118846-2669748851-1001
	Account Name:		John Williams
	Account Domain:		DESKTOP-HUE026H
	Logon ID:		0xBB6DA
	Linked Logon ID:		0xBB6B1
	Network Account Name:	-
	Network Account Domain:	-
	Logon GUID:		{00000000-0000-0000-0000-000000000000}

Process Information:
	Process ID:		0x160
	Process Name:		C:\Windows\System32\svchost.exe

Network Information:
	Workstation Name:	DESKTOP-HUE026H
	Source Network Address:	127.0.0.1
	Source Port:		0

Detailed Authentication Information:
	Logon Process:		User32 
	Authentication Package:	Negotiate
	Transited Services:	-
	Package Name (NTLM only):	-
	Key Length:		0

This event is generated when a logon session is created. It is generated on the computer that was accessed.

The subject fields indicate the account on the local system which requested the logon. This is most commonly a service such as the Server service, or a local process such as Winlogon.exe or Services.exe.

The logon type field indicates the kind of logon that occurred. The most common types are 2 (interactive) and 3 (network).

The New Logon fields indicate the account for whom the new logon was created, i.e. the account that was logged on.

The network fields indicate where a remote logon request originated. Workstation name is not always available and may be left blank in some cases.

The impersonation level field indicates the extent to which a process in the logon session can impersonate.

The authentication information fields provide detailed information about this specific logon request.
	- Logon GUID is a unique identifier that can be used to correlate this event with a KDC event.
	- Transited services indicate which intermediate services have participated in this logon request.
	- Package name indicates which sub-protocol was used among the NTLM protocols.
	- Key length indicates the length of the generated session key. This will be 0 if no session key was requested."""
"Apr 26, 2020 @ 10:55:45.301",3,"Windows Workstation Logon Success",,"""An account was successfully logged on.

Subject:
	Security ID:		S-1-5-18
	Account Name:		DESKTOP-HUE026H$
	Account Domain:		WORKGROUP
	Logon ID:		0x3E7

Logon Information:
	Logon Type:		2
	Restricted Admin Mode:	-
	Virtual Account:		No
	Elevated Token:		Yes

Impersonation Level:		Impersonation

New Logon:
	Security ID:		S-1-5-21-438079597-2123118846-2669748851-1001
	Account Name:		John Williams
	Account Domain:		DESKTOP-HUE026H
	Logon ID:		0xBB6B1
	Linked Logon ID:		0xBB6DA
	Network Account Name:	-
	Network Account Domain:	-
	Logon GUID:		{00000000-0000-0000-0000-000000000000}

Process Information:
	Process ID:		0x160
	Process Name:		C:\Windows\System32\svchost.exe

Network Information:
	Workstation Name:	DESKTOP-HUE026H
	Source Network Address:	127.0.0.1
	Source Port:		0

Detailed Authentication Information:
	Logon Process:		User32 
	Authentication Package:	Negotiate
	Transited Services:	-
	Package Name (NTLM only):	-
	Key Length:		0

This event is generated when a logon session is created. It is generated on the computer that was accessed.

The subject fields indicate the account on the local system which requested the logon. This is most commonly a service such as the Server service, or a local process such as Winlogon.exe or Services.exe.

The logon type field indicates the kind of logon that occurred. The most common types are 2 (interactive) and 3 (network).

The New Logon fields indicate the account for whom the new logon was created, i.e. the account that was logged on.

The network fields indicate where a remote logon request originated. Workstation name is not always available and may be left blank in some cases.

The impersonation level field indicates the extent to which a process in the logon session can impersonate.

The authentication information fields provide detailed information about this specific logon request.
	- Logon GUID is a unique identifier that can be used to correlate this event with a KDC event.
	- Transited services indicate which intermediate services have participated in this logon request.
	- Package name indicates which sub-protocol was used among the NTLM protocols.
	- Key length indicates the length of the generated session key. This will be 0 if no session key was requested."""
"Apr 26, 2020 @ 10:55:36.572",3,"Windows Logon Success",,"""An account was successfully logged on.

Subject:
	Security ID:		S-1-5-18
	Account Name:		DESKTOP-HUE026H$
	Account Domain:		WORKGROUP
	Logon ID:		0x3E7

Logon Information:
	Logon Type:		5
	Restricted Admin Mode:	-
	Virtual Account:		No
	Elevated Token:		Yes

Impersonation Level:		Impersonation

New Logon:
	Security ID:		S-1-5-18
	Account Name:		SYSTEM
	Account Domain:		NT AUTHORITY
	Logon ID:		0x3E7
	Linked Logon ID:		0x0
	Network Account Name:	-
	Network Account Domain:	-
	Logon GUID:		{00000000-0000-0000-0000-000000000000}

Process Information:
	Process ID:		0x24c
	Process Name:		C:\Windows\System32\services.exe

Network Information:
	Workstation Name:	-
	Source Network Address:	-
	Source Port:		-

Detailed Authentication Information:
	Logon Process:		Advapi  
	Authentication Package:	Negotiate
	Transited Services:	-
	Package Name (NTLM only):	-
	Key Length:		0

This event is generated when a logon session is created. It is generated on the computer that was accessed.

The subject fields indicate the account on the local system which requested the logon. This is most commonly a service such as the Server service, or a local process such as Winlogon.exe or Services.exe.

The logon type field indicates the kind of logon that occurred. The most common types are 2 (interactive) and 3 (network).

The New Logon fields indicate the account for whom the new logon was created, i.e. the account that was logged on.

The network fields indicate where a remote logon request originated. Workstation name is not always available and may be left blank in some cases.

The impersonation level field indicates the extent to which a process in the logon session can impersonate.

The authentication information fields provide detailed information about this specific logon request.
	- Logon GUID is a unique identifier that can be used to correlate this event with a KDC event.
	- Transited services indicate which intermediate services have participated in this logon request.
	- Package name indicates which sub-protocol was used among the NTLM protocols.
	- Key length indicates the length of the generated session key. This will be 0 if no session key was requested."""
"Apr 26, 2020 @ 10:55:31.708",5,"License Activation (slui.exe) failed",,"""License Activation (slui.exe) failed with the following error code:
hr=0x803F7001
Command-line arguments:
RuleId=31e71c49-8da7-4a2f-ad92-45d98a1c79ba;Action=AutoActivate;AppId=55c92734-d682-4d71-983e-d6ec3f16059f;SkuId=2b1f36bb-c1cd-4306-bf5c-a0367c2d97d8;NotificationInterval=1440;Trigger=TimerEvent"""
"Apr 26, 2020 @ 10:55:31.614",5,"License Activation (slui.exe) failed",,"""License Activation (slui.exe) failed with the following error code:
hr=0x803F7001
Command-line arguments:
RuleId=31e71c49-8da7-4a2f-ad92-45d98a1c79ba;Action=AutoActivate;AppId=55c92734-d682-4d71-983e-d6ec3f16059f;SkuId=2b1f36bb-c1cd-4306-bf5c-a0367c2d97d8;NotificationInterval=1440;Trigger=UserLogon;SessionId=1"""
"Apr 26, 2020 @ 10:55:26.522",5,"SCA summary: Benchmark for Windows audit: Score less than 80% (66)",,
"Apr 26, 2020 @ 10:55:23.742",3,"The Windows Search Service started",,"""The Windows Search Service started.
"""
"Apr 26, 2020 @ 10:55:23.665",3,"Windows Logon Success",,"""An account was successfully logged on.

Subject:
	Security ID:		S-1-5-18
	Account Name:		DESKTOP-HUE026H$
	Account Domain:		WORKGROUP
	Logon ID:		0x3E7

Logon Information:
	Logon Type:		5
	Restricted Admin Mode:	-
	Virtual Account:		No
	Elevated Token:		Yes

Impersonation Level:		Impersonation

New Logon:
	Security ID:		S-1-5-18
	Account Name:		SYSTEM
	Account Domain:		NT AUTHORITY
	Logon ID:		0x3E7
	Linked Logon ID:		0x0
	Network Account Name:	-
	Network Account Domain:	-
	Logon GUID:		{00000000-0000-0000-0000-000000000000}

Process Information:
	Process ID:		0x24c
	Process Name:		C:\Windows\System32\services.exe

Network Information:
	Workstation Name:	-
	Source Network Address:	-
	Source Port:		-

Detailed Authentication Information:
	Logon Process:		Advapi  
	Authentication Package:	Negotiate
	Transited Services:	-
	Package Name (NTLM only):	-
	Key Length:		0

This event is generated when a logon session is created. It is generated on the computer that was accessed.

The subject fields indicate the account on the local system which requested the logon. This is most commonly a service such as the Server service, or a local process such as Winlogon.exe or Services.exe.

The logon type field indicates the kind of logon that occurred. The most common types are 2 (interactive) and 3 (network).

The New Logon fields indicate the account for whom the new logon was created, i.e. the account that was logged on.

The network fields indicate where a remote logon request originated. Workstation name is not always available and may be left blank in some cases.

The impersonation level field indicates the extent to which a process in the logon session can impersonate.

The authentication information fields provide detailed information about this specific logon request.
	- Logon GUID is a unique identifier that can be used to correlate this event with a KDC event.
	- Transited services indicate which intermediate services have participated in this logon request.
	- Package name indicates which sub-protocol was used among the NTLM protocols.
	- Key length indicates the length of the generated session key. This will be 0 if no session key was requested."""
"Apr 26, 2020 @ 10:55:23.564",3,"The database engine attached a database",,"""SearchIndexer (4628,D,50) Windows: The database engine attached a database (1, C:\ProgramData\Microsoft\Search\Data\Applications\Windows\Windows.edb). (Time=0 seconds) 
 
Saved Cache: 0 0 
Additional Data: lgposAttach = 00000013:00CD:0268,
dbv = 1568.20.0 
 
Internal Timing Sequence: 
[1] 0.000003 +J(0) +M(C:0K, Fs:1, WS:4K # 0K, PF:0K # 0K, P:0K)
[2] 0.048916 -0.048683 (1) WT +J(0) +M(C:0K, Fs:25, WS:36K # 0K, PF:32K # 0K, P:32K)
[3] 0.044182 -0.039828 (6) WT +J(CM:0, PgRf:0, Rd:0/0, Dy:0/0, Lg:3480/2) +M(C:0K, Fs:41, WS:124K # 0K, PF:144K # 0K, P:144K)
[4] 0.000120 +J(0)
[5] -
[6] -
[7] -
[8] 0.002436 -0.000803 (2) CM +J(CM:2, PgRf:2, Rd:14/2, Dy:0/0, Lg:0/0) +M(C:0K, Fs:51, WS:204K # 0K, PF:640K # 0K, P:640K)
[9] 0.066380 -0.004388 (5) CM -0.061757 (1) WT +J(CM:5, PgRf:23, Rd:0/5, Dy:0/0, Lg:0/0) +M(C:0K, Fs:67, WS:268K # 0K, PF:256K # 136K, P:256K)
[10] 0.000183 -0.000084 (1) CM +J(CM:1, PgRf:40, Rd:0/1, Dy:0/0, Lg:0/0) +M(C:0K, Fs:11, WS:44K # 24K, PF:96K # 96K, P:96K)
[11] 0.000012 +J(CM:0, PgRf:1, Rd:0/0, Dy:0/0, Lg:0/0) +M(C:0K, Fs:4, WS:16K # 16K, PF:0K # 0K, P:0K)
[12] 0.000033 +J(CM:0, PgRf:42, Rd:0/0, Dy:0/0, Lg:0/0) +M(C:0K, Fs:3, WS:12K # 12K, PF:0K # 0K, P:0K)
[13] 0.0 +J(0)
[14] 0.0 +J(0)
[15] 0.000004 +J(CM:0, PgRf:1, Rd:0/0, Dy:0/0, Lg:0/0)."""
"Apr 26, 2020 @ 10:55:23.331",3,"The database engine is starting a new instance",,"""SearchIndexer (4628,P,98) Windows: The database engine (10.00.18363.0000) is starting a new instance (0)."""
"Apr 26, 2020 @ 10:55:21.786",9,"Benchmark for Windows audit: Ensure 'MSS: (AutoAdminLogon) Enable Automatic Logon (not recommended)' is set to 'Disabled': Status changed from 'not applicable' to failed",,
"Apr 26, 2020 @ 10:55:19.804",9,"ATT&CK T1058:Registry edit for new service","{""win"":{""system"":{""providerName"":""Microsoft-Windows-Sysmon"",""providerGuid"":""{5770385f-c22a-43e0-bf4c-06f5698ffbd9}"",""eventID"":""13"",""version"":""2"",""level"":""4"",""task"":""13"",""opcode"":""0"",""keywords"":""0x8000000000000000"",""systemTime"":""2020-04-26T10:55:15.274858600Z"",""eventRecordID"":""673"",""processID"":""2196"",""threadID"":""3228"",""channel"":""Microsoft-Windows-Sysmon/Operational"",""computer"":""DESKTOP-HUE026H"",""severityValue"":""INFORMATION"",""message"":""\""Registry value set:\r\nRuleName: T1031,T1050\r\nEventType: SetValue\r\nUtcTime: 2020-04-26 10:55:15.231\r\nProcessGuid: {df9fc3d3-6889-5ea5-0000-001041a80000}\r\nProcessId: 588\r\nImage: C:\\Windows\\system32\\services.exe\r\nTargetObject: HKLM\\System\\CurrentControlSet\\Services\\TabletInputService\\Start\r\nDetails: DWORD (0x00000003)\""""},""eventdata"":{""ruleName"":""T1031,T1050"",""eventType"":""SetValue"",""utcTime"":""2020-04-26 10:55:15.231"",""processGuid"":""{df9fc3d3-6889-5ea5-0000-001041a80000}"",""processId"":""588"",""image"":""C:\\\\Windows\\\\system32\\\\services.exe"",""targetObject"":""HKLM\\\\System\\\\CurrentControlSet\\\\Services\\\\TabletInputService\\\\Start"",""details"":""DWORD (0x00000003)""}}}","""Registry value set:
RuleName: T1031,T1050
EventType: SetValue
UtcTime: 2020-04-26 10:55:15.231
ProcessGuid: {df9fc3d3-6889-5ea5-0000-001041a80000}
ProcessId: 588
Image: C:\Windows\system32\services.exe
TargetObject: HKLM\System\CurrentControlSet\Services\TabletInputService\Start
Details: DWORD (0x00000003)"""
"Apr 26, 2020 @ 10:55:18.865",9,"ATT&CK T1058:Registry edit for new service","{""win"":{""system"":{""providerName"":""Microsoft-Windows-Sysmon"",""providerGuid"":""{5770385f-c22a-43e0-bf4c-06f5698ffbd9}"",""eventID"":""13"",""version"":""2"",""level"":""4"",""task"":""13"",""opcode"":""0"",""keywords"":""0x8000000000000000"",""systemTime"":""2020-04-26T10:55:14.983548900Z"",""eventRecordID"":""667"",""processID"":""2196"",""threadID"":""3228"",""channel"":""Microsoft-Windows-Sysmon/Operational"",""computer"":""DESKTOP-HUE026H"",""severityValue"":""INFORMATION"",""message"":""\""Registry value set:\r\nRuleName: T1031,T1050\r\nEventType: SetValue\r\nUtcTime: 2020-04-26 10:55:14.933\r\nProcessGuid: {df9fc3d3-6889-5ea5-0000-001041a80000}\r\nProcessId: 588\r\nImage: C:\\Windows\\system32\\services.exe\r\nTargetObject: HKLM\\System\\CurrentControlSet\\Services\\WpnUserService_3f520\\ImagePath\r\nDetails: C:\\Windows\\system32\\svchost.exe -k UnistackSvcGroup\""""},""eventdata"":{""ruleName"":""T1031,T1050"",""eventType"":""SetValue"",""utcTime"":""2020-04-26 10:55:14.933"",""processGuid"":""{df9fc3d3-6889-5ea5-0000-001041a80000}"",""processId"":""588"",""image"":""C:\\\\Windows\\\\system32\\\\services.exe"",""targetObject"":""HKLM\\\\System\\\\CurrentControlSet\\\\Services\\\\WpnUserService_3f520\\\\ImagePath"",""details"":""C:\\\\Windows\\\\system32\\\\svchost.exe -k UnistackSvcGroup""}}}","""Registry value set:
RuleName: T1031,T1050
EventType: SetValue
UtcTime: 2020-04-26 10:55:14.933
ProcessGuid: {df9fc3d3-6889-5ea5-0000-001041a80000}
ProcessId: 588
Image: C:\Windows\system32\services.exe
TargetObject: HKLM\System\CurrentControlSet\Services\WpnUserService_3f520\ImagePath
Details: C:\Windows\system32\svchost.exe -k UnistackSvcGroup"""
"Apr 26, 2020 @ 10:55:18.838",9,"ATT&CK T1058:Registry edit for new service","{""win"":{""system"":{""providerName"":""Microsoft-Windows-Sysmon"",""providerGuid"":""{5770385f-c22a-43e0-bf4c-06f5698ffbd9}"",""eventID"":""13"",""version"":""2"",""level"":""4"",""task"":""13"",""opcode"":""0"",""keywords"":""0x8000000000000000"",""systemTime"":""2020-04-26T10:55:14.983337800Z"",""eventRecordID"":""666"",""processID"":""2196"",""threadID"":""3228"",""channel"":""Microsoft-Windows-Sysmon/Operational"",""computer"":""DESKTOP-HUE026H"",""severityValue"":""INFORMATION"",""message"":""\""Registry value set:\r\nRuleName: T1031,T1050\r\nEventType: SetValue\r\nUtcTime: 2020-04-26 10:55:14.933\r\nProcessGuid: {df9fc3d3-6889-5ea5-0000-001041a80000}\r\nProcessId: 588\r\nImage: C:\\Windows\\system32\\services.exe\r\nTargetObject: HKLM\\System\\CurrentControlSet\\Services\\WpnUserService_3f520\\Start\r\nDetails: DWORD (0x00000002)\""""},""eventdata"":{""ruleName"":""T1031,T1050"",""eventType"":""SetValue"",""utcTime"":""2020-04-26 10:55:14.933"",""processGuid"":""{df9fc3d3-6889-5ea5-0000-001041a80000}"",""processId"":""588"",""image"":""C:\\\\Windows\\\\system32\\\\services.exe"",""targetObject"":""HKLM\\\\System\\\\CurrentControlSet\\\\Services\\\\WpnUserService_3f520\\\\Start"",""details"":""DWORD (0x00000002)""}}}","""Registry value set:
RuleName: T1031,T1050
EventType: SetValue
UtcTime: 2020-04-26 10:55:14.933
ProcessGuid: {df9fc3d3-6889-5ea5-0000-001041a80000}
ProcessId: 588
Image: C:\Windows\system32\services.exe
TargetObject: HKLM\System\CurrentControlSet\Services\WpnUserService_3f520\Start
Details: DWORD (0x00000002)"""
"Apr 26, 2020 @ 10:55:18.819",9,"ATT&CK T1058:Registry edit for new service","{""win"":{""system"":{""providerName"":""Microsoft-Windows-Sysmon"",""providerGuid"":""{5770385f-c22a-43e0-bf4c-06f5698ffbd9}"",""eventID"":""13"",""version"":""2"",""level"":""4"",""task"":""13"",""opcode"":""0"",""keywords"":""0x8000000000000000"",""systemTime"":""2020-04-26T10:55:14.982535100Z"",""eventRecordID"":""665"",""processID"":""2196"",""threadID"":""3228"",""channel"":""Microsoft-Windows-Sysmon/Operational"",""computer"":""DESKTOP-HUE026H"",""severityValue"":""INFORMATION"",""message"":""\""Registry value set:\r\nRuleName: T1031,T1050\r\nEventType: SetValue\r\nUtcTime: 2020-04-26 10:55:14.933\r\nProcessGuid: {df9fc3d3-6889-5ea5-0000-001041a80000}\r\nProcessId: 588\r\nImage: C:\\Windows\\system32\\services.exe\r\nTargetObject: HKLM\\System\\CurrentControlSet\\Services\\UserDataSvc_3f520\\ImagePath\r\nDetails: C:\\Windows\\system32\\svchost.exe -k UnistackSvcGroup\""""},""eventdata"":{""ruleName"":""T1031,T1050"",""eventType"":""SetValue"",""utcTime"":""2020-04-26 10:55:14.933"",""processGuid"":""{df9fc3d3-6889-5ea5-0000-001041a80000}"",""processId"":""588"",""image"":""C:\\\\Windows\\\\system32\\\\services.exe"",""targetObject"":""HKLM\\\\System\\\\CurrentControlSet\\\\Services\\\\UserDataSvc_3f520\\\\ImagePath"",""details"":""C:\\\\Windows\\\\system32\\\\svchost.exe -k UnistackSvcGroup""}}}","""Registry value set:
RuleName: T1031,T1050
EventType: SetValue
UtcTime: 2020-04-26 10:55:14.933
ProcessGuid: {df9fc3d3-6889-5ea5-0000-001041a80000}
ProcessId: 588
Image: C:\Windows\system32\services.exe
TargetObject: HKLM\System\CurrentControlSet\Services\UserDataSvc_3f520\ImagePath
Details: C:\Windows\system32\svchost.exe -k UnistackSvcGroup"""
"Apr 26, 2020 @ 10:55:18.802",9,"ATT&CK T1058:Registry edit for new service","{""win"":{""system"":{""providerName"":""Microsoft-Windows-Sysmon"",""providerGuid"":""{5770385f-c22a-43e0-bf4c-06f5698ffbd9}"",""eventID"":""13"",""version"":""2"",""level"":""4"",""task"":""13"",""opcode"":""0"",""keywords"":""0x8000000000000000"",""systemTime"":""2020-04-26T10:55:14.980829000Z"",""eventRecordID"":""664"",""processID"":""2196"",""threadID"":""3228"",""channel"":""Microsoft-Windows-Sysmon/Operational"",""computer"":""DESKTOP-HUE026H"",""severityValue"":""INFORMATION"",""message"":""\""Registry value set:\r\nRuleName: T1031,T1050\r\nEventType: SetValue\r\nUtcTime: 2020-04-26 10:55:14.933\r\nProcessGuid: {df9fc3d3-6889-5ea5-0000-001041a80000}\r\nProcessId: 588\r\nImage: C:\\Windows\\system32\\services.exe\r\nTargetObject: HKLM\\System\\CurrentControlSet\\Services\\UserDataSvc_3f520\\Start\r\nDetails: DWORD (0x00000003)\""""},""eventdata"":{""ruleName"":""T1031,T1050"",""eventType"":""SetValue"",""utcTime"":""2020-04-26 10:55:14.933"",""processGuid"":""{df9fc3d3-6889-5ea5-0000-001041a80000}"",""processId"":""588"",""image"":""C:\\\\Windows\\\\system32\\\\services.exe"",""targetObject"":""HKLM\\\\System\\\\CurrentControlSet\\\\Services\\\\UserDataSvc_3f520\\\\Start"",""details"":""DWORD (0x00000003)""}}}","""Registry value set:
RuleName: T1031,T1050
EventType: SetValue
UtcTime: 2020-04-26 10:55:14.933
ProcessGuid: {df9fc3d3-6889-5ea5-0000-001041a80000}
ProcessId: 588
Image: C:\Windows\system32\services.exe
TargetObject: HKLM\System\CurrentControlSet\Services\UserDataSvc_3f520\Start
Details: DWORD (0x00000003)"""
"Apr 26, 2020 @ 10:55:18.779",9,"ATT&CK T1058:Registry edit for new service","{""win"":{""system"":{""providerName"":""Microsoft-Windows-Sysmon"",""providerGuid"":""{5770385f-c22a-43e0-bf4c-06f5698ffbd9}"",""eventID"":""13"",""version"":""2"",""level"":""4"",""task"":""13"",""opcode"":""0"",""keywords"":""0x8000000000000000"",""systemTime"":""2020-04-26T10:55:14.979243700Z"",""eventRecordID"":""663"",""processID"":""2196"",""threadID"":""3228"",""channel"":""Microsoft-Windows-Sysmon/Operational"",""computer"":""DESKTOP-HUE026H"",""severityValue"":""INFORMATION"",""message"":""\""Registry value set:\r\nRuleName: T1031,T1050\r\nEventType: SetValue\r\nUtcTime: 2020-04-26 10:55:14.933\r\nProcessGuid: {df9fc3d3-6889-5ea5-0000-001041a80000}\r\nProcessId: 588\r\nImage: C:\\Windows\\system32\\services.exe\r\nTargetObject: HKLM\\System\\CurrentControlSet\\Services\\UnistoreSvc_3f520\\ImagePath\r\nDetails: C:\\Windows\\System32\\svchost.exe -k UnistackSvcGroup\""""},""eventdata"":{""ruleName"":""T1031,T1050"",""eventType"":""SetValue"",""utcTime"":""2020-04-26 10:55:14.933"",""processGuid"":""{df9fc3d3-6889-5ea5-0000-001041a80000}"",""processId"":""588"",""image"":""C:\\\\Windows\\\\system32\\\\services.exe"",""targetObject"":""HKLM\\\\System\\\\CurrentControlSet\\\\Services\\\\UnistoreSvc_3f520\\\\ImagePath"",""details"":""C:\\\\Windows\\\\System32\\\\svchost.exe -k UnistackSvcGroup""}}}","""Registry value set:
RuleName: T1031,T1050
EventType: SetValue
UtcTime: 2020-04-26 10:55:14.933
ProcessGuid: {df9fc3d3-6889-5ea5-0000-001041a80000}
ProcessId: 588
Image: C:\Windows\system32\services.exe
TargetObject: HKLM\System\CurrentControlSet\Services\UnistoreSvc_3f520\ImagePath
Details: C:\Windows\System32\svchost.exe -k UnistackSvcGroup"""
"Apr 26, 2020 @ 10:55:18.762",9,"ATT&CK T1058:Registry edit for new service","{""win"":{""system"":{""providerName"":""Microsoft-Windows-Sysmon"",""providerGuid"":""{5770385f-c22a-43e0-bf4c-06f5698ffbd9}"",""eventID"":""13"",""version"":""2"",""level"":""4"",""task"":""13"",""opcode"":""0"",""keywords"":""0x8000000000000000"",""systemTime"":""2020-04-26T10:55:14.978847300Z"",""eventRecordID"":""662"",""processID"":""2196"",""threadID"":""3228"",""channel"":""Microsoft-Windows-Sysmon/Operational"",""computer"":""DESKTOP-HUE026H"",""severityValue"":""INFORMATION"",""message"":""\""Registry value set:\r\nRuleName: T1031,T1050\r\nEventType: SetValue\r\nUtcTime: 2020-04-26 10:55:14.933\r\nProcessGuid: {df9fc3d3-6889-5ea5-0000-001041a80000}\r\nProcessId: 588\r\nImage: C:\\Windows\\system32\\services.exe\r\nTargetObject: HKLM\\System\\CurrentControlSet\\Services\\UnistoreSvc_3f520\\Start\r\nDetails: DWORD (0x00000003)\""""},""eventdata"":{""ruleName"":""T1031,T1050"",""eventType"":""SetValue"",""utcTime"":""2020-04-26 10:55:14.933"",""processGuid"":""{df9fc3d3-6889-5ea5-0000-001041a80000}"",""processId"":""588"",""image"":""C:\\\\Windows\\\\system32\\\\services.exe"",""targetObject"":""HKLM\\\\System\\\\CurrentControlSet\\\\Services\\\\UnistoreSvc_3f520\\\\Start"",""details"":""DWORD (0x00000003)""}}}","""Registry value set:
RuleName: T1031,T1050
EventType: SetValue
UtcTime: 2020-04-26 10:55:14.933
ProcessGuid: {df9fc3d3-6889-5ea5-0000-001041a80000}
ProcessId: 588
Image: C:\Windows\system32\services.exe
TargetObject: HKLM\System\CurrentControlSet\Services\UnistoreSvc_3f520\Start
Details: DWORD (0x00000003)"""
"Apr 26, 2020 @ 10:55:18.648",9,"ATT&CK T1058:Registry edit for new service","{""win"":{""system"":{""providerName"":""Microsoft-Windows-Sysmon"",""providerGuid"":""{5770385f-c22a-43e0-bf4c-06f5698ffbd9}"",""eventID"":""13"",""version"":""2"",""level"":""4"",""task"":""13"",""opcode"":""0"",""keywords"":""0x8000000000000000"",""systemTime"":""2020-04-26T10:55:14.978058900Z"",""eventRecordID"":""661"",""processID"":""2196"",""threadID"":""3228"",""channel"":""Microsoft-Windows-Sysmon/Operational"",""computer"":""DESKTOP-HUE026H"",""severityValue"":""INFORMATION"",""message"":""\""Registry value set:\r\nRuleName: T1031,T1050\r\nEventType: SetValue\r\nUtcTime: 2020-04-26 10:55:14.933\r\nProcessGuid: {df9fc3d3-6889-5ea5-0000-001041a80000}\r\nProcessId: 588\r\nImage: C:\\Windows\\system32\\services.exe\r\nTargetObject: HKLM\\System\\CurrentControlSet\\Services\\PrintWorkflowUserSvc_3f520\\ImagePath\r\nDetails: C:\\Windows\\system32\\svchost.exe -k PrintWorkflow\""""},""eventdata"":{""ruleName"":""T1031,T1050"",""eventType"":""SetValue"",""utcTime"":""2020-04-26 10:55:14.933"",""processGuid"":""{df9fc3d3-6889-5ea5-0000-001041a80000}"",""processId"":""588"",""image"":""C:\\\\Windows\\\\system32\\\\services.exe"",""targetObject"":""HKLM\\\\System\\\\CurrentControlSet\\\\Services\\\\PrintWorkflowUserSvc_3f520\\\\ImagePath"",""details"":""C:\\\\Windows\\\\system32\\\\svchost.exe -k PrintWorkflow""}}}","""Registry value set:
RuleName: T1031,T1050
EventType: SetValue
UtcTime: 2020-04-26 10:55:14.933
ProcessGuid: {df9fc3d3-6889-5ea5-0000-001041a80000}
ProcessId: 588
Image: C:\Windows\system32\services.exe
TargetObject: HKLM\System\CurrentControlSet\Services\PrintWorkflowUserSvc_3f520\ImagePath
Details: C:\Windows\system32\svchost.exe -k PrintWorkflow"""
"Apr 26, 2020 @ 10:55:18.618",9,"ATT&CK T1058:Registry edit for new service","{""win"":{""system"":{""providerName"":""Microsoft-Windows-Sysmon"",""providerGuid"":""{5770385f-c22a-43e0-bf4c-06f5698ffbd9}"",""eventID"":""13"",""version"":""2"",""level"":""4"",""task"":""13"",""opcode"":""0"",""keywords"":""0x8000000000000000"",""systemTime"":""2020-04-26T10:55:14.977702900Z"",""eventRecordID"":""660"",""processID"":""2196"",""threadID"":""3228"",""channel"":""Microsoft-Windows-Sysmon/Operational"",""computer"":""DESKTOP-HUE026H"",""severityValue"":""INFORMATION"",""message"":""\""Registry value set:\r\nRuleName: T1031,T1050\r\nEventType: SetValue\r\nUtcTime: 2020-04-26 10:55:14.933\r\nProcessGuid: {df9fc3d3-6889-5ea5-0000-001041a80000}\r\nProcessId: 588\r\nImage: C:\\Windows\\system32\\services.exe\r\nTargetObject: HKLM\\System\\CurrentControlSet\\Services\\PrintWorkflowUserSvc_3f520\\Start\r\nDetails: DWORD (0x00000003)\""""},""eventdata"":{""ruleName"":""T1031,T1050"",""eventType"":""SetValue"",""utcTime"":""2020-04-26 10:55:14.933"",""processGuid"":""{df9fc3d3-6889-5ea5-0000-001041a80000}"",""processId"":""588"",""image"":""C:\\\\Windows\\\\system32\\\\services.exe"",""targetObject"":""HKLM\\\\System\\\\CurrentControlSet\\\\Services\\\\PrintWorkflowUserSvc_3f520\\\\Start"",""details"":""DWORD (0x00000003)""}}}","""Registry value set:
RuleName: T1031,T1050
EventType: SetValue
UtcTime: 2020-04-26 10:55:14.933
ProcessGuid: {df9fc3d3-6889-5ea5-0000-001041a80000}
ProcessId: 588
Image: C:\Windows\system32\services.exe
TargetObject: HKLM\System\CurrentControlSet\Services\PrintWorkflowUserSvc_3f520\Start
Details: DWORD (0x00000003)"""
"Apr 26, 2020 @ 10:55:18.602",9,"ATT&CK T1058:Registry edit for new service","{""win"":{""system"":{""providerName"":""Microsoft-Windows-Sysmon"",""providerGuid"":""{5770385f-c22a-43e0-bf4c-06f5698ffbd9}"",""eventID"":""13"",""version"":""2"",""level"":""4"",""task"":""13"",""opcode"":""0"",""keywords"":""0x8000000000000000"",""systemTime"":""2020-04-26T10:55:14.976587900Z"",""eventRecordID"":""659"",""processID"":""2196"",""threadID"":""3228"",""channel"":""Microsoft-Windows-Sysmon/Operational"",""computer"":""DESKTOP-HUE026H"",""severityValue"":""INFORMATION"",""message"":""\""Registry value set:\r\nRuleName: T1031,T1050\r\nEventType: SetValue\r\nUtcTime: 2020-04-26 10:55:14.933\r\nProcessGuid: {df9fc3d3-6889-5ea5-0000-001041a80000}\r\nProcessId: 588\r\nImage: C:\\Windows\\system32\\services.exe\r\nTargetObject: HKLM\\System\\CurrentControlSet\\Services\\PimIndexMaintenanceSvc_3f520\\ImagePath\r\nDetails: C:\\Windows\\system32\\svchost.exe -k UnistackSvcGroup\""""},""eventdata"":{""ruleName"":""T1031,T1050"",""eventType"":""SetValue"",""utcTime"":""2020-04-26 10:55:14.933"",""processGuid"":""{df9fc3d3-6889-5ea5-0000-001041a80000}"",""processId"":""588"",""image"":""C:\\\\Windows\\\\system32\\\\services.exe"",""targetObject"":""HKLM\\\\System\\\\CurrentControlSet\\\\Services\\\\PimIndexMaintenanceSvc_3f520\\\\ImagePath"",""details"":""C:\\\\Windows\\\\system32\\\\svchost.exe -k UnistackSvcGroup""}}}","""Registry value set:
RuleName: T1031,T1050
EventType: SetValue
UtcTime: 2020-04-26 10:55:14.933
ProcessGuid: {df9fc3d3-6889-5ea5-0000-001041a80000}
ProcessId: 588
Image: C:\Windows\system32\services.exe
TargetObject: HKLM\System\CurrentControlSet\Services\PimIndexMaintenanceSvc_3f520\ImagePath
Details: C:\Windows\system32\svchost.exe -k UnistackSvcGroup"""
"Apr 26, 2020 @ 10:55:18.591",9,"ATT&CK T1058:Registry edit for new service","{""win"":{""system"":{""providerName"":""Microsoft-Windows-Sysmon"",""providerGuid"":""{5770385f-c22a-43e0-bf4c-06f5698ffbd9}"",""eventID"":""13"",""version"":""2"",""level"":""4"",""task"":""13"",""opcode"":""0"",""keywords"":""0x8000000000000000"",""systemTime"":""2020-04-26T10:55:14.976314000Z"",""eventRecordID"":""658"",""processID"":""2196"",""threadID"":""3228"",""channel"":""Microsoft-Windows-Sysmon/Operational"",""computer"":""DESKTOP-HUE026H"",""severityValue"":""INFORMATION"",""message"":""\""Registry value set:\r\nRuleName: T1031,T1050\r\nEventType: SetValue\r\nUtcTime: 2020-04-26 10:55:14.933\r\nProcessGuid: {df9fc3d3-6889-5ea5-0000-001041a80000}\r\nProcessId: 588\r\nImage: C:\\Windows\\system32\\services.exe\r\nTargetObject: HKLM\\System\\CurrentControlSet\\Services\\PimIndexMaintenanceSvc_3f520\\Start\r\nDetails: DWORD (0x00000003)\""""},""eventdata"":{""ruleName"":""T1031,T1050"",""eventType"":""SetValue"",""utcTime"":""2020-04-26 10:55:14.933"",""processGuid"":""{df9fc3d3-6889-5ea5-0000-001041a80000}"",""processId"":""588"",""image"":""C:\\\\Windows\\\\system32\\\\services.exe"",""targetObject"":""HKLM\\\\System\\\\CurrentControlSet\\\\Services\\\\PimIndexMaintenanceSvc_3f520\\\\Start"",""details"":""DWORD (0x00000003)""}}}","""Registry value set:
RuleName: T1031,T1050
EventType: SetValue
UtcTime: 2020-04-26 10:55:14.933
ProcessGuid: {df9fc3d3-6889-5ea5-0000-001041a80000}
ProcessId: 588
Image: C:\Windows\system32\services.exe
TargetObject: HKLM\System\CurrentControlSet\Services\PimIndexMaintenanceSvc_3f520\Start
Details: DWORD (0x00000003)"""
