timestamp,"rule.level","rule.description","data.win.system.message","data.win.eventdata.commandLine","data.win.eventdata.targetObject","full_log","data.win.eventdata.details"
"May 28, 2020 @ 10:04:55.501",12,"Sysmon - Suspicious Process - explorer.exe","""Process Create:
RuleName: 
UtcTime: 2020-05-26 09:39:19.800
ProcessGuid: {df9fc3d3-e3c7-5ecc-0000-00101ad44500}
ProcessId: 3744
Image: C:\Windows\SysWOW64\explorer.exe
FileVersion: 10.0.18362.693 (WinBuild.160101.0800)
Description: Windows Explorer
Product: Microsoft® Windows® Operating System
Company: Microsoft Corporation
OriginalFileName: EXPLORER.EXE
CommandLine: C:\Windows\SysWOW64\explorer.exe
CurrentDirectory: C:\Users\John Williams\Downloads\
User: DESKTOP-HUE026H\John Williams
LogonGuid: {df9fc3d3-dfe2-5ecc-0000-0020502d0300}
LogonId: 0x32D50
TerminalSessionId: 1
IntegrityLevel: Medium
Hashes: MD5=710CD555C00C29C59152DD50CAA553ED,SHA256=6E6E91554392595D18EE3D691258FC1D23E19DDC1E0BD6C26051DEBB8B70E5FD,IMPHASH=C3681D33DE70933393BD754BC4BCE962
ParentProcessGuid: {df9fc3d3-e37f-5ecc-0000-001040364400}
ParentProcessId: 2272
ParentImage: C:\Windows\SysWOW64\explorer.exe
ParentCommandLine: C:\Windows\SysWOW64\explorer.exe""","C:\\Windows\\SysWOW64\\explorer.exe",,"{""win"":{""system"":{""providerName"":""Microsoft-Windows-Sysmon"",""providerGuid"":""{5770385f-c22a-43e0-bf4c-06f5698ffbd9}"",""eventID"":""1"",""version"":""5"",""level"":""4"",""task"":""1"",""opcode"":""0"",""keywords"":""0x8000000000000000"",""systemTime"":""2020-05-26T09:39:19.805618100Z"",""eventRecordID"":""1771"",""processID"":""2176"",""threadID"":""3312"",""channel"":""Microsoft-Windows-Sysmon/Operational"",""computer"":""DESKTOP-HUE026H"",""severityValue"":""INFORMATION"",""message"":""\""Process Create:\r\nRuleName: \r\nUtcTime: 2020-05-26 09:39:19.800\r\nProcessGuid: {df9fc3d3-e3c7-5ecc-0000-00101ad44500}\r\nProcessId: 3744\r\nImage: C:\\Windows\\SysWOW64\\explorer.exe\r\nFileVersion: 10.0.18362.693 (WinBuild.160101.0800)\r\nDescription: Windows Explorer\r\nProduct: Microsoft® Windows® Operating System\r\nCompany: Microsoft Corporation\r\nOriginalFileName: EXPLORER.EXE\r\nCommandLine: C:\\Windows\\SysWOW64\\explorer.exe\r\nCurrentDirectory: C:\\Users\\John Williams\\Downloads\\\r\nUser: DESKTOP-HUE026H\\John Williams\r\nLogonGuid: {df9fc3d3-dfe2-5ecc-0000-0020502d0300}\r\nLogonId: 0x32D50\r\nTerminalSessionId: 1\r\nIntegrityLevel: Medium\r\nHashes: MD5=710CD555C00C29C59152DD50CAA553ED,SHA256=6E6E91554392595D18EE3D691258FC1D23E19DDC1E0BD6C26051DEBB8B70E5FD,IMPHASH=C3681D33DE70933393BD754BC4BCE962\r\nParentProcessGuid: {df9fc3d3-e37f-5ecc-0000-001040364400}\r\nParentProcessId: 2272\r\nParentImage: C:\\Windows\\SysWOW64\\explorer.exe\r\nParentCommandLine: C:\\Windows\\SysWOW64\\explorer.exe\""""},""eventdata"":{""utcTime"":""2020-05-26 09:39:19.800"",""processGuid"":""{df9fc3d3-e3c7-5ecc-0000-00101ad44500}"",""processId"":""3744"",""image"":""C:\\\\Windows\\\\SysWOW64\\\\explorer.exe"",""fileVersion"":""10.0.18362.693 (WinBuild.160101.0800)"",""description"":""Windows Explorer"",""product"":""Microsoft® Windows® Operating System"",""company"":""Microsoft Corporation"",""originalFileName"":""EXPLORER.EXE"",""commandLine"":""C:\\\\Windows\\\\SysWOW64\\\\explorer.exe"",""currentDirectory"":""C:\\\\Users\\\\John Williams\\\\Downloads\\\\"",""user"":""DESKTOP-HUE026H\\\\John Williams"",""logonGuid"":""{df9fc3d3-dfe2-5ecc-0000-0020502d0300}"",""logonId"":""0x32d50"",""terminalSessionId"":""1"",""integrityLevel"":""Medium"",""hashes"":""MD5=710CD555C00C29C59152DD50CAA553ED,SHA256=6E6E91554392595D18EE3D691258FC1D23E19DDC1E0BD6C26051DEBB8B70E5FD,IMPHASH=C3681D33DE70933393BD754BC4BCE962"",""parentProcessGuid"":""{df9fc3d3-e37f-5ecc-0000-001040364400}"",""parentProcessId"":""2272"",""parentImage"":""C:\\\\Windows\\\\SysWOW64\\\\explorer.exe"",""parentCommandLine"":""C:\\\\Windows\\\\SysWOW64\\\\explorer.exe""}}}",
"May 28, 2020 @ 10:04:07.923",12,"Sysmon - Suspicious Process - explorer.exe","""Process Create:
RuleName: 
UtcTime: 2020-05-26 09:38:32.217
ProcessGuid: {df9fc3d3-e398-5ecc-0000-001064334500}
ProcessId: 2200
Image: C:\Windows\SysWOW64\explorer.exe
FileVersion: 10.0.18362.693 (WinBuild.160101.0800)
Description: Windows Explorer
Product: Microsoft® Windows® Operating System
Company: Microsoft Corporation
OriginalFileName: EXPLORER.EXE
CommandLine: C:\Windows\SysWOW64\explorer.exe
CurrentDirectory: C:\Users\John Williams\Downloads\
User: DESKTOP-HUE026H\John Williams
LogonGuid: {df9fc3d3-dfe2-5ecc-0000-0020502d0300}
LogonId: 0x32D50
TerminalSessionId: 1
IntegrityLevel: Medium
Hashes: MD5=710CD555C00C29C59152DD50CAA553ED,SHA256=6E6E91554392595D18EE3D691258FC1D23E19DDC1E0BD6C26051DEBB8B70E5FD,IMPHASH=C3681D33DE70933393BD754BC4BCE962
ParentProcessGuid: {df9fc3d3-e37f-5ecc-0000-001040364400}
ParentProcessId: 2272
ParentImage: C:\Windows\SysWOW64\explorer.exe
ParentCommandLine: C:\Windows\SysWOW64\explorer.exe""","C:\\Windows\\SysWOW64\\explorer.exe",,"{""win"":{""system"":{""providerName"":""Microsoft-Windows-Sysmon"",""providerGuid"":""{5770385f-c22a-43e0-bf4c-06f5698ffbd9}"",""eventID"":""1"",""version"":""5"",""level"":""4"",""task"":""1"",""opcode"":""0"",""keywords"":""0x8000000000000000"",""systemTime"":""2020-05-26T09:38:32.219753200Z"",""eventRecordID"":""1769"",""processID"":""2176"",""threadID"":""3312"",""channel"":""Microsoft-Windows-Sysmon/Operational"",""computer"":""DESKTOP-HUE026H"",""severityValue"":""INFORMATION"",""message"":""\""Process Create:\r\nRuleName: \r\nUtcTime: 2020-05-26 09:38:32.217\r\nProcessGuid: {df9fc3d3-e398-5ecc-0000-001064334500}\r\nProcessId: 2200\r\nImage: C:\\Windows\\SysWOW64\\explorer.exe\r\nFileVersion: 10.0.18362.693 (WinBuild.160101.0800)\r\nDescription: Windows Explorer\r\nProduct: Microsoft® Windows® Operating System\r\nCompany: Microsoft Corporation\r\nOriginalFileName: EXPLORER.EXE\r\nCommandLine: C:\\Windows\\SysWOW64\\explorer.exe\r\nCurrentDirectory: C:\\Users\\John Williams\\Downloads\\\r\nUser: DESKTOP-HUE026H\\John Williams\r\nLogonGuid: {df9fc3d3-dfe2-5ecc-0000-0020502d0300}\r\nLogonId: 0x32D50\r\nTerminalSessionId: 1\r\nIntegrityLevel: Medium\r\nHashes: MD5=710CD555C00C29C59152DD50CAA553ED,SHA256=6E6E91554392595D18EE3D691258FC1D23E19DDC1E0BD6C26051DEBB8B70E5FD,IMPHASH=C3681D33DE70933393BD754BC4BCE962\r\nParentProcessGuid: {df9fc3d3-e37f-5ecc-0000-001040364400}\r\nParentProcessId: 2272\r\nParentImage: C:\\Windows\\SysWOW64\\explorer.exe\r\nParentCommandLine: C:\\Windows\\SysWOW64\\explorer.exe\""""},""eventdata"":{""utcTime"":""2020-05-26 09:38:32.217"",""processGuid"":""{df9fc3d3-e398-5ecc-0000-001064334500}"",""processId"":""2200"",""image"":""C:\\\\Windows\\\\SysWOW64\\\\explorer.exe"",""fileVersion"":""10.0.18362.693 (WinBuild.160101.0800)"",""description"":""Windows Explorer"",""product"":""Microsoft® Windows® Operating System"",""company"":""Microsoft Corporation"",""originalFileName"":""EXPLORER.EXE"",""commandLine"":""C:\\\\Windows\\\\SysWOW64\\\\explorer.exe"",""currentDirectory"":""C:\\\\Users\\\\John Williams\\\\Downloads\\\\"",""user"":""DESKTOP-HUE026H\\\\John Williams"",""logonGuid"":""{df9fc3d3-dfe2-5ecc-0000-0020502d0300}"",""logonId"":""0x32d50"",""terminalSessionId"":""1"",""integrityLevel"":""Medium"",""hashes"":""MD5=710CD555C00C29C59152DD50CAA553ED,SHA256=6E6E91554392595D18EE3D691258FC1D23E19DDC1E0BD6C26051DEBB8B70E5FD,IMPHASH=C3681D33DE70933393BD754BC4BCE962"",""parentProcessGuid"":""{df9fc3d3-e37f-5ecc-0000-001040364400}"",""parentProcessId"":""2272"",""parentImage"":""C:\\\\Windows\\\\SysWOW64\\\\explorer.exe"",""parentCommandLine"":""C:\\\\Windows\\\\SysWOW64\\\\explorer.exe""}}}",
"May 28, 2020 @ 10:03:43.219",12,"Sysmon - Suspicious Process - explorer.exe","""Process Create:
RuleName: 
UtcTime: 2020-05-26 09:38:07.507
ProcessGuid: {df9fc3d3-e37f-5ecc-0000-001040364400}
ProcessId: 2272
Image: C:\Windows\SysWOW64\explorer.exe
FileVersion: 10.0.18362.693 (WinBuild.160101.0800)
Description: Windows Explorer
Product: Microsoft® Windows® Operating System
Company: Microsoft Corporation
OriginalFileName: EXPLORER.EXE
CommandLine: C:\Windows\SysWOW64\explorer.exe
CurrentDirectory: C:\Users\John Williams\Downloads\
User: DESKTOP-HUE026H\John Williams
LogonGuid: {df9fc3d3-dfe2-5ecc-0000-0020502d0300}
LogonId: 0x32D50
TerminalSessionId: 1
IntegrityLevel: Medium
Hashes: MD5=710CD555C00C29C59152DD50CAA553ED,SHA256=6E6E91554392595D18EE3D691258FC1D23E19DDC1E0BD6C26051DEBB8B70E5FD,IMPHASH=C3681D33DE70933393BD754BC4BCE962
ParentProcessGuid: {df9fc3d3-e37b-5ecc-0000-0010e4c94300}
ParentProcessId: 2740
ParentImage: C:\Users\John Williams\AppData\Roaming\Microsoft\Eofgx\ywpeoq.exe
ParentCommandLine: ""C:\Users\John Williams\AppData\Roaming\Microsoft\Eofgx\ywpeoq.exe""""","C:\\Windows\\SysWOW64\\explorer.exe",,"{""win"":{""system"":{""providerName"":""Microsoft-Windows-Sysmon"",""providerGuid"":""{5770385f-c22a-43e0-bf4c-06f5698ffbd9}"",""eventID"":""1"",""version"":""5"",""level"":""4"",""task"":""1"",""opcode"":""0"",""keywords"":""0x8000000000000000"",""systemTime"":""2020-05-26T09:38:07.510583000Z"",""eventRecordID"":""1766"",""processID"":""2176"",""threadID"":""3312"",""channel"":""Microsoft-Windows-Sysmon/Operational"",""computer"":""DESKTOP-HUE026H"",""severityValue"":""INFORMATION"",""message"":""\""Process Create:\r\nRuleName: \r\nUtcTime: 2020-05-26 09:38:07.507\r\nProcessGuid: {df9fc3d3-e37f-5ecc-0000-001040364400}\r\nProcessId: 2272\r\nImage: C:\\Windows\\SysWOW64\\explorer.exe\r\nFileVersion: 10.0.18362.693 (WinBuild.160101.0800)\r\nDescription: Windows Explorer\r\nProduct: Microsoft® Windows® Operating System\r\nCompany: Microsoft Corporation\r\nOriginalFileName: EXPLORER.EXE\r\nCommandLine: C:\\Windows\\SysWOW64\\explorer.exe\r\nCurrentDirectory: C:\\Users\\John Williams\\Downloads\\\r\nUser: DESKTOP-HUE026H\\John Williams\r\nLogonGuid: {df9fc3d3-dfe2-5ecc-0000-0020502d0300}\r\nLogonId: 0x32D50\r\nTerminalSessionId: 1\r\nIntegrityLevel: Medium\r\nHashes: MD5=710CD555C00C29C59152DD50CAA553ED,SHA256=6E6E91554392595D18EE3D691258FC1D23E19DDC1E0BD6C26051DEBB8B70E5FD,IMPHASH=C3681D33DE70933393BD754BC4BCE962\r\nParentProcessGuid: {df9fc3d3-e37b-5ecc-0000-0010e4c94300}\r\nParentProcessId: 2740\r\nParentImage: C:\\Users\\John Williams\\AppData\\Roaming\\Microsoft\\Eofgx\\ywpeoq.exe\r\nParentCommandLine: \""C:\\Users\\John Williams\\AppData\\Roaming\\Microsoft\\Eofgx\\ywpeoq.exe\""\""""},""eventdata"":{""utcTime"":""2020-05-26 09:38:07.507"",""processGuid"":""{df9fc3d3-e37f-5ecc-0000-001040364400}"",""processId"":""2272"",""image"":""C:\\\\Windows\\\\SysWOW64\\\\explorer.exe"",""fileVersion"":""10.0.18362.693 (WinBuild.160101.0800)"",""description"":""Windows Explorer"",""product"":""Microsoft® Windows® Operating System"",""company"":""Microsoft Corporation"",""originalFileName"":""EXPLORER.EXE"",""commandLine"":""C:\\\\Windows\\\\SysWOW64\\\\explorer.exe"",""currentDirectory"":""C:\\\\Users\\\\John Williams\\\\Downloads\\\\"",""user"":""DESKTOP-HUE026H\\\\John Williams"",""logonGuid"":""{df9fc3d3-dfe2-5ecc-0000-0020502d0300}"",""logonId"":""0x32d50"",""terminalSessionId"":""1"",""integrityLevel"":""Medium"",""hashes"":""MD5=710CD555C00C29C59152DD50CAA553ED,SHA256=6E6E91554392595D18EE3D691258FC1D23E19DDC1E0BD6C26051DEBB8B70E5FD,IMPHASH=C3681D33DE70933393BD754BC4BCE962"",""parentProcessGuid"":""{df9fc3d3-e37b-5ecc-0000-0010e4c94300}"",""parentProcessId"":""2740"",""parentImage"":""C:\\\\Users\\\\John Williams\\\\AppData\\\\Roaming\\\\Microsoft\\\\Eofgx\\\\ywpeoq.exe"",""parentCommandLine"":""\\\""C:\\\\Users\\\\John Williams\\\\AppData\\\\Roaming\\\\Microsoft\\\\Eofgx\\\\ywpeoq.exe\\\""""}}}",
"May 28, 2020 @ 10:03:08.010",10,"ATT&CK T1060: Autorun Keys Modification","""Registry value set:
RuleName: T1060,RunKey
EventType: SetValue
UtcTime: 2020-05-26 09:37:32.291
ProcessGuid: {df9fc3d3-e198-5ecc-0000-00109c992e00}
ProcessId: 3556
Image: C:\Windows\SysWOW64\explorer.exe
TargetObject: HKU\S-1-5-21-438079597-2123118846-2669748851-1001\Software\Microsoft\Windows\CurrentVersion\Run\wrzaxthjp
Details: ""C:\Users\John Williams\AppData\Roaming\Microsoft\Eofgx\ywpeoq.exe""""",,"HKU\\S-1-5-21-438079597-2123118846-2669748851-1001\\Software\\Microsoft\\Windows\\CurrentVersion\\Run\\wrzaxthjp","{""win"":{""system"":{""providerName"":""Microsoft-Windows-Sysmon"",""providerGuid"":""{5770385f-c22a-43e0-bf4c-06f5698ffbd9}"",""eventID"":""13"",""version"":""2"",""level"":""4"",""task"":""13"",""opcode"":""0"",""keywords"":""0x8000000000000000"",""systemTime"":""2020-05-26T09:37:32.292211100Z"",""eventRecordID"":""1745"",""processID"":""2176"",""threadID"":""3312"",""channel"":""Microsoft-Windows-Sysmon/Operational"",""computer"":""DESKTOP-HUE026H"",""severityValue"":""INFORMATION"",""message"":""\""Registry value set:\r\nRuleName: T1060,RunKey\r\nEventType: SetValue\r\nUtcTime: 2020-05-26 09:37:32.291\r\nProcessGuid: {df9fc3d3-e198-5ecc-0000-00109c992e00}\r\nProcessId: 3556\r\nImage: C:\\Windows\\SysWOW64\\explorer.exe\r\nTargetObject: HKU\\S-1-5-21-438079597-2123118846-2669748851-1001\\Software\\Microsoft\\Windows\\CurrentVersion\\Run\\wrzaxthjp\r\nDetails: \""C:\\Users\\John Williams\\AppData\\Roaming\\Microsoft\\Eofgx\\ywpeoq.exe\""\""""},""eventdata"":{""ruleName"":""T1060,RunKey"",""eventType"":""SetValue"",""utcTime"":""2020-05-26 09:37:32.291"",""processGuid"":""{df9fc3d3-e198-5ecc-0000-00109c992e00}"",""processId"":""3556"",""image"":""C:\\\\Windows\\\\SysWOW64\\\\explorer.exe"",""targetObject"":""HKU\\\\S-1-5-21-438079597-2123118846-2669748851-1001\\\\Software\\\\Microsoft\\\\Windows\\\\CurrentVersion\\\\Run\\\\wrzaxthjp"",""details"":""\\\""C:\\\\Users\\\\John Williams\\\\AppData\\\\Roaming\\\\Microsoft\\\\Eofgx\\\\ywpeoq.exe\\\""""}}}","\""C:\\Users\\John Williams\\AppData\\Roaming\\Microsoft\\Eofgx\\ywpeoq.exe\"""
"May 28, 2020 @ 09:55:35.893",12,"Sysmon - Suspicious Process - explorer.exe","""Process Create:
RuleName: 
UtcTime: 2020-05-26 09:30:00.171
ProcessGuid: {df9fc3d3-e198-5ecc-0000-00109c992e00}
ProcessId: 3556
Image: C:\Windows\SysWOW64\explorer.exe
FileVersion: 10.0.18362.693 (WinBuild.160101.0800)
Description: Windows Explorer
Product: Microsoft® Windows® Operating System
Company: Microsoft Corporation
OriginalFileName: EXPLORER.EXE
CommandLine: C:\Windows\SysWOW64\explorer.exe
CurrentDirectory: C:\Users\John Williams\Downloads\
User: DESKTOP-HUE026H\John Williams
LogonGuid: {df9fc3d3-dfe2-5ecc-0000-0020502d0300}
LogonId: 0x32D50
TerminalSessionId: 1
IntegrityLevel: Medium
Hashes: MD5=710CD555C00C29C59152DD50CAA553ED,SHA256=6E6E91554392595D18EE3D691258FC1D23E19DDC1E0BD6C26051DEBB8B70E5FD,IMPHASH=C3681D33DE70933393BD754BC4BCE962
ParentProcessGuid: {df9fc3d3-e194-5ecc-0000-0010e5692e00}
ParentProcessId: 2040
ParentImage: C:\Users\John Williams\AppData\Roaming\Microsoft\Eofgx\ywpeoq.exe
ParentCommandLine: ""C:\Users\John Williams\AppData\Roaming\Microsoft\Eofgx\ywpeoq.exe""""","C:\\Windows\\SysWOW64\\explorer.exe",,"{""win"":{""system"":{""providerName"":""Microsoft-Windows-Sysmon"",""providerGuid"":""{5770385f-c22a-43e0-bf4c-06f5698ffbd9}"",""eventID"":""1"",""version"":""5"",""level"":""4"",""task"":""1"",""opcode"":""0"",""keywords"":""0x8000000000000000"",""systemTime"":""2020-05-26T09:30:00.216640900Z"",""eventRecordID"":""1524"",""processID"":""2176"",""threadID"":""3312"",""channel"":""Microsoft-Windows-Sysmon/Operational"",""computer"":""DESKTOP-HUE026H"",""severityValue"":""INFORMATION"",""message"":""\""Process Create:\r\nRuleName: \r\nUtcTime: 2020-05-26 09:30:00.171\r\nProcessGuid: {df9fc3d3-e198-5ecc-0000-00109c992e00}\r\nProcessId: 3556\r\nImage: C:\\Windows\\SysWOW64\\explorer.exe\r\nFileVersion: 10.0.18362.693 (WinBuild.160101.0800)\r\nDescription: Windows Explorer\r\nProduct: Microsoft® Windows® Operating System\r\nCompany: Microsoft Corporation\r\nOriginalFileName: EXPLORER.EXE\r\nCommandLine: C:\\Windows\\SysWOW64\\explorer.exe\r\nCurrentDirectory: C:\\Users\\John Williams\\Downloads\\\r\nUser: DESKTOP-HUE026H\\John Williams\r\nLogonGuid: {df9fc3d3-dfe2-5ecc-0000-0020502d0300}\r\nLogonId: 0x32D50\r\nTerminalSessionId: 1\r\nIntegrityLevel: Medium\r\nHashes: MD5=710CD555C00C29C59152DD50CAA553ED,SHA256=6E6E91554392595D18EE3D691258FC1D23E19DDC1E0BD6C26051DEBB8B70E5FD,IMPHASH=C3681D33DE70933393BD754BC4BCE962\r\nParentProcessGuid: {df9fc3d3-e194-5ecc-0000-0010e5692e00}\r\nParentProcessId: 2040\r\nParentImage: C:\\Users\\John Williams\\AppData\\Roaming\\Microsoft\\Eofgx\\ywpeoq.exe\r\nParentCommandLine: \""C:\\Users\\John Williams\\AppData\\Roaming\\Microsoft\\Eofgx\\ywpeoq.exe\""\""""},""eventdata"":{""utcTime"":""2020-05-26 09:30:00.171"",""processGuid"":""{df9fc3d3-e198-5ecc-0000-00109c992e00}"",""processId"":""3556"",""image"":""C:\\\\Windows\\\\SysWOW64\\\\explorer.exe"",""fileVersion"":""10.0.18362.693 (WinBuild.160101.0800)"",""description"":""Windows Explorer"",""product"":""Microsoft® Windows® Operating System"",""company"":""Microsoft Corporation"",""originalFileName"":""EXPLORER.EXE"",""commandLine"":""C:\\\\Windows\\\\SysWOW64\\\\explorer.exe"",""currentDirectory"":""C:\\\\Users\\\\John Williams\\\\Downloads\\\\"",""user"":""DESKTOP-HUE026H\\\\John Williams"",""logonGuid"":""{df9fc3d3-dfe2-5ecc-0000-0020502d0300}"",""logonId"":""0x32d50"",""terminalSessionId"":""1"",""integrityLevel"":""Medium"",""hashes"":""MD5=710CD555C00C29C59152DD50CAA553ED,SHA256=6E6E91554392595D18EE3D691258FC1D23E19DDC1E0BD6C26051DEBB8B70E5FD,IMPHASH=C3681D33DE70933393BD754BC4BCE962"",""parentProcessGuid"":""{df9fc3d3-e194-5ecc-0000-0010e5692e00}"",""parentProcessId"":""2040"",""parentImage"":""C:\\\\Users\\\\John Williams\\\\AppData\\\\Roaming\\\\Microsoft\\\\Eofgx\\\\ywpeoq.exe"",""parentCommandLine"":""\\\""C:\\\\Users\\\\John Williams\\\\AppData\\\\Roaming\\\\Microsoft\\\\Eofgx\\\\ywpeoq.exe\\\""""}}}",
"May 28, 2020 @ 09:55:32.252",8,"ATT&CK: Quick Execution of a Series of Suspicious Commands","""Process Create:
RuleName: 
UtcTime: 2020-05-26 09:29:56.664
ProcessGuid: {df9fc3d3-e194-5ecc-0000-001087762e00}
ProcessId: 3572
Image: C:\Windows\SysWOW64\PING.EXE
FileVersion: 10.0.18362.1 (WinBuild.160101.0800)
Description: TCP/IP Ping Command
Product: Microsoft® Windows® Operating System
Company: Microsoft Corporation
OriginalFileName: ping.exe
CommandLine: ping.exe  -n 6 127.0.0.1 
CurrentDirectory: C:\Users\John Williams\Downloads\
User: DESKTOP-HUE026H\John Williams
LogonGuid: {df9fc3d3-dfe2-5ecc-0000-0020502d0300}
LogonId: 0x32D50
TerminalSessionId: 1
IntegrityLevel: Medium
Hashes: MD5=36A1F0BBF757F52C9F051C91D11DE6AA,SHA256=09E7534F7703B4E067455F0D83A77EFA28A04C368381C5A0456282A57E801B04,IMPHASH=6C1FE20B3F9688A9263FFDF9FF417272
ParentProcessGuid: {df9fc3d3-e194-5ecc-0000-0010d1732e00}
ParentProcessId: 6400
ParentImage: C:\Windows\SysWOW64\cmd.exe
ParentCommandLine: ""C:\Windows\System32\cmd.exe""  /c ping.exe -n 6 127.0.0.1 &  type ""C:\Windows\System32\calc.exe"" > ""C:\Users\JOHNWI~1\AppData\Local\Temp\PicturesViewer.exe""""","ping.exe  -n 6 127.0.0.1",,"{""win"":{""system"":{""providerName"":""Microsoft-Windows-Sysmon"",""providerGuid"":""{5770385f-c22a-43e0-bf4c-06f5698ffbd9}"",""eventID"":""1"",""version"":""5"",""level"":""4"",""task"":""1"",""opcode"":""0"",""keywords"":""0x8000000000000000"",""systemTime"":""2020-05-26T09:29:56.666387700Z"",""eventRecordID"":""1520"",""processID"":""2176"",""threadID"":""3312"",""channel"":""Microsoft-Windows-Sysmon/Operational"",""computer"":""DESKTOP-HUE026H"",""severityValue"":""INFORMATION"",""message"":""\""Process Create:\r\nRuleName: \r\nUtcTime: 2020-05-26 09:29:56.664\r\nProcessGuid: {df9fc3d3-e194-5ecc-0000-001087762e00}\r\nProcessId: 3572\r\nImage: C:\\Windows\\SysWOW64\\PING.EXE\r\nFileVersion: 10.0.18362.1 (WinBuild.160101.0800)\r\nDescription: TCP/IP Ping Command\r\nProduct: Microsoft® Windows® Operating System\r\nCompany: Microsoft Corporation\r\nOriginalFileName: ping.exe\r\nCommandLine: ping.exe  -n 6 127.0.0.1 \r\nCurrentDirectory: C:\\Users\\John Williams\\Downloads\\\r\nUser: DESKTOP-HUE026H\\John Williams\r\nLogonGuid: {df9fc3d3-dfe2-5ecc-0000-0020502d0300}\r\nLogonId: 0x32D50\r\nTerminalSessionId: 1\r\nIntegrityLevel: Medium\r\nHashes: MD5=36A1F0BBF757F52C9F051C91D11DE6AA,SHA256=09E7534F7703B4E067455F0D83A77EFA28A04C368381C5A0456282A57E801B04,IMPHASH=6C1FE20B3F9688A9263FFDF9FF417272\r\nParentProcessGuid: {df9fc3d3-e194-5ecc-0000-0010d1732e00}\r\nParentProcessId: 6400\r\nParentImage: C:\\Windows\\SysWOW64\\cmd.exe\r\nParentCommandLine: \""C:\\Windows\\System32\\cmd.exe\""  /c ping.exe -n 6 127.0.0.1 &  type \""C:\\Windows\\System32\\calc.exe\"" > \""C:\\Users\\JOHNWI~1\\AppData\\Local\\Temp\\PicturesViewer.exe\""\""""},""eventdata"":{""utcTime"":""2020-05-26 09:29:56.664"",""processGuid"":""{df9fc3d3-e194-5ecc-0000-001087762e00}"",""processId"":""3572"",""image"":""C:\\\\Windows\\\\SysWOW64\\\\PING.EXE"",""fileVersion"":""10.0.18362.1 (WinBuild.160101.0800)"",""description"":""TCP/IP Ping Command"",""product"":""Microsoft® Windows® Operating System"",""company"":""Microsoft Corporation"",""originalFileName"":""ping.exe"",""commandLine"":""ping.exe  -n 6 127.0.0.1"",""currentDirectory"":""C:\\\\Users\\\\John Williams\\\\Downloads\\\\"",""user"":""DESKTOP-HUE026H\\\\John Williams"",""logonGuid"":""{df9fc3d3-dfe2-5ecc-0000-0020502d0300}"",""logonId"":""0x32d50"",""terminalSessionId"":""1"",""integrityLevel"":""Medium"",""hashes"":""MD5=36A1F0BBF757F52C9F051C91D11DE6AA,SHA256=09E7534F7703B4E067455F0D83A77EFA28A04C368381C5A0456282A57E801B04,IMPHASH=6C1FE20B3F9688A9263FFDF9FF417272"",""parentProcessGuid"":""{df9fc3d3-e194-5ecc-0000-0010d1732e00}"",""parentProcessId"":""6400"",""parentImage"":""C:\\\\Windows\\\\SysWOW64\\\\cmd.exe"",""parentCommandLine"":""\\\""C:\\\\Windows\\\\System32\\\\cmd.exe\\\""  /c ping.exe -n 6 127.0.0.1 &amp;  type \\\""C:\\\\Windows\\\\System32\\\\calc.exe\\\"" &gt; \\\""C:\\\\Users\\\\JOHNWI~1\\\\AppData\\\\Local\\\\Temp\\\\PicturesViewer.exe\\\""""}}}",
