"May 24, 2020 @ 16:26:55.049",14,"ATT&CK T1060: New RUN Key Pointing to Suspicious Folder","""Registry value set:
RuleName: T1060,RunKey
EventType: SetValue
UtcTime: 2020-05-24 16:26:51.652
ProcessGuid: {df9fc3d3-9fd5-5eca-0000-00102b300b00}
ProcessId: 6484
Image: C:\Users\John Williams\AppData\Local\Temp\Trojan.exe
TargetObject: HKU\S-1-5-21-438079597-2123118846-2669748851-1001\Software\Microsoft\Windows\CurrentVersion\Run\5cd8f17f4086744065eb0992a09e05a2
Details: ""C:\Users\John Williams\AppData\Local\Temp\Trojan.exe"" ..""",,"HKU\\S-1-5-21-438079597-2123118846-2669748851-1001\\Software\\Microsoft\\Windows\\CurrentVersion\\Run\\5cd8f17f4086744065eb0992a09e05a2","{""win"":{""system"":{""providerName"":""Microsoft-Windows-Sysmon"",""providerGuid"":""{5770385f-c22a-43e0-bf4c-06f5698ffbd9}"",""eventID"":""13"",""version"":""2"",""level"":""4"",""task"":""13"",""opcode"":""0"",""keywords"":""0x8000000000000000"",""systemTime"":""2020-05-24T16:26:51.658811200Z"",""eventRecordID"":""1941"",""processID"":""2176"",""threadID"":""3164"",""channel"":""Microsoft-Windows-Sysmon/Operational"",""computer"":""DESKTOP-HUE026H"",""severityValue"":""INFORMATION"",""message"":""\""Registry value set:\r\nRuleName: T1060,RunKey\r\nEventType: SetValue\r\nUtcTime: 2020-05-24 16:26:51.652\r\nProcessGuid: {df9fc3d3-9fd5-5eca-0000-00102b300b00}\r\nProcessId: 6484\r\nImage: C:\\Users\\John Williams\\AppData\\Local\\Temp\\Trojan.exe\r\nTargetObject: HKU\\S-1-5-21-438079597-2123118846-2669748851-1001\\Software\\Microsoft\\Windows\\CurrentVersion\\Run\\5cd8f17f4086744065eb0992a09e05a2\r\nDetails: \""C:\\Users\\John Williams\\AppData\\Local\\Temp\\Trojan.exe\"" ..\""""},""eventdata"":{""ruleName"":""T1060,RunKey"",""eventType"":""SetValue"",""utcTime"":""2020-05-24 16:26:51.652"",""processGuid"":""{df9fc3d3-9fd5-5eca-0000-00102b300b00}"",""processId"":""6484"",""image"":""C:\\\\Users\\\\John Williams\\\\AppData\\\\Local\\\\Temp\\\\Trojan.exe"",""targetObject"":""HKU\\\\S-1-5-21-438079597-2123118846-2669748851-1001\\\\Software\\\\Microsoft\\\\Windows\\\\CurrentVersion\\\\Run\\\\5cd8f17f4086744065eb0992a09e05a2"",""details"":""\\\""C:\\\\Users\\\\John Williams\\\\AppData\\\\Local\\\\Temp\\\\Trojan.exe\\\"" ..""}}}","\""C:\\Users\\John Williams\\AppData\\Local\\Temp\\Trojan.exe\"" .."
"May 24, 2020 @ 16:26:54.055",14,"ATT&CK T1060: New RUN Key Pointing to Suspicious Folder","""Registry value set:
RuleName: T1060,RunKey
EventType: SetValue
UtcTime: 2020-05-24 16:26:50.621
ProcessGuid: {df9fc3d3-9fd5-5eca-0000-00102b300b00}
ProcessId: 6484
Image: C:\Users\John Williams\AppData\Local\Temp\Trojan.exe
TargetObject: HKU\S-1-5-21-438079597-2123118846-2669748851-1001\Software\Microsoft\Windows\CurrentVersion\Run\5cd8f17f4086744065eb0992a09e05a2
Details: ""C:\Users\John Williams\AppData\Local\Temp\Trojan.exe"" ..""",,"HKU\\S-1-5-21-438079597-2123118846-2669748851-1001\\Software\\Microsoft\\Windows\\CurrentVersion\\Run\\5cd8f17f4086744065eb0992a09e05a2","{""win"":{""system"":{""providerName"":""Microsoft-Windows-Sysmon"",""providerGuid"":""{5770385f-c22a-43e0-bf4c-06f5698ffbd9}"",""eventID"":""13"",""version"":""2"",""level"":""4"",""task"":""13"",""opcode"":""0"",""keywords"":""0x8000000000000000"",""systemTime"":""2020-05-24T16:26:50.622801300Z"",""eventRecordID"":""1940"",""processID"":""2176"",""threadID"":""3164"",""channel"":""Microsoft-Windows-Sysmon/Operational"",""computer"":""DESKTOP-HUE026H"",""severityValue"":""INFORMATION"",""message"":""\""Registry value set:\r\nRuleName: T1060,RunKey\r\nEventType: SetValue\r\nUtcTime: 2020-05-24 16:26:50.621\r\nProcessGuid: {df9fc3d3-9fd5-5eca-0000-00102b300b00}\r\nProcessId: 6484\r\nImage: C:\\Users\\John Williams\\AppData\\Local\\Temp\\Trojan.exe\r\nTargetObject: HKU\\S-1-5-21-438079597-2123118846-2669748851-1001\\Software\\Microsoft\\Windows\\CurrentVersion\\Run\\5cd8f17f4086744065eb0992a09e05a2\r\nDetails: \""C:\\Users\\John Williams\\AppData\\Local\\Temp\\Trojan.exe\"" ..\""""},""eventdata"":{""ruleName"":""T1060,RunKey"",""eventType"":""SetValue"",""utcTime"":""2020-05-24 16:26:50.621"",""processGuid"":""{df9fc3d3-9fd5-5eca-0000-00102b300b00}"",""processId"":""6484"",""image"":""C:\\\\Users\\\\John Williams\\\\AppData\\\\Local\\\\Temp\\\\Trojan.exe"",""targetObject"":""HKU\\\\S-1-5-21-438079597-2123118846-2669748851-1001\\\\Software\\\\Microsoft\\\\Windows\\\\CurrentVersion\\\\Run\\\\5cd8f17f4086744065eb0992a09e05a2"",""details"":""\\\""C:\\\\Users\\\\John Williams\\\\AppData\\\\Local\\\\Temp\\\\Trojan.exe\\\"" ..""}}}","\""C:\\Users\\John Williams\\AppData\\Local\\Temp\\Trojan.exe\"" .."
"May 24, 2020 @ 16:26:53.020",14,"ATT&CK T1060: New RUN Key Pointing to Suspicious Folder","""Registry value set:
RuleName: T1060,RunKey
EventType: SetValue
UtcTime: 2020-05-24 16:26:49.605
ProcessGuid: {df9fc3d3-9fd5-5eca-0000-00102b300b00}
ProcessId: 6484
Image: C:\Users\John Williams\AppData\Local\Temp\Trojan.exe
TargetObject: HKU\S-1-5-21-438079597-2123118846-2669748851-1001\Software\Microsoft\Windows\CurrentVersion\Run\5cd8f17f4086744065eb0992a09e05a2
Details: ""C:\Users\John Williams\AppData\Local\Temp\Trojan.exe"" ..""",,"HKU\\S-1-5-21-438079597-2123118846-2669748851-1001\\Software\\Microsoft\\Windows\\CurrentVersion\\Run\\5cd8f17f4086744065eb0992a09e05a2","{""win"":{""system"":{""providerName"":""Microsoft-Windows-Sysmon"",""providerGuid"":""{5770385f-c22a-43e0-bf4c-06f5698ffbd9}"",""eventID"":""13"",""version"":""2"",""level"":""4"",""task"":""13"",""opcode"":""0"",""keywords"":""0x8000000000000000"",""systemTime"":""2020-05-24T16:26:49.606603300Z"",""eventRecordID"":""1939"",""processID"":""2176"",""threadID"":""3164"",""channel"":""Microsoft-Windows-Sysmon/Operational"",""computer"":""DESKTOP-HUE026H"",""severityValue"":""INFORMATION"",""message"":""\""Registry value set:\r\nRuleName: T1060,RunKey\r\nEventType: SetValue\r\nUtcTime: 2020-05-24 16:26:49.605\r\nProcessGuid: {df9fc3d3-9fd5-5eca-0000-00102b300b00}\r\nProcessId: 6484\r\nImage: C:\\Users\\John Williams\\AppData\\Local\\Temp\\Trojan.exe\r\nTargetObject: HKU\\S-1-5-21-438079597-2123118846-2669748851-1001\\Software\\Microsoft\\Windows\\CurrentVersion\\Run\\5cd8f17f4086744065eb0992a09e05a2\r\nDetails: \""C:\\Users\\John Williams\\AppData\\Local\\Temp\\Trojan.exe\"" ..\""""},""eventdata"":{""ruleName"":""T1060,RunKey"",""eventType"":""SetValue"",""utcTime"":""2020-05-24 16:26:49.605"",""processGuid"":""{df9fc3d3-9fd5-5eca-0000-00102b300b00}"",""processId"":""6484"",""image"":""C:\\\\Users\\\\John Williams\\\\AppData\\\\Local\\\\Temp\\\\Trojan.exe"",""targetObject"":""HKU\\\\S-1-5-21-438079597-2123118846-2669748851-1001\\\\Software\\\\Microsoft\\\\Windows\\\\CurrentVersion\\\\Run\\\\5cd8f17f4086744065eb0992a09e05a2"",""details"":""\\\""C:\\\\Users\\\\John Williams\\\\AppData\\\\Local\\\\Temp\\\\Trojan.exe\\\"" ..""}}}","\""C:\\Users\\John Williams\\AppData\\Local\\Temp\\Trojan.exe\"" .."
"May 24, 2020 @ 16:26:51.986",14,"ATT&CK T1060: New RUN Key Pointing to Suspicious Folder","""Registry value set:
RuleName: T1060,RunKey
EventType: SetValue
UtcTime: 2020-05-24 16:26:48.590
ProcessGuid: {df9fc3d3-9fd5-5eca-0000-00102b300b00}
ProcessId: 6484
Image: C:\Users\John Williams\AppData\Local\Temp\Trojan.exe
TargetObject: HKU\S-1-5-21-438079597-2123118846-2669748851-1001\Software\Microsoft\Windows\CurrentVersion\Run\5cd8f17f4086744065eb0992a09e05a2
Details: ""C:\Users\John Williams\AppData\Local\Temp\Trojan.exe"" ..""",,"HKU\\S-1-5-21-438079597-2123118846-2669748851-1001\\Software\\Microsoft\\Windows\\CurrentVersion\\Run\\5cd8f17f4086744065eb0992a09e05a2","{""win"":{""system"":{""providerName"":""Microsoft-Windows-Sysmon"",""providerGuid"":""{5770385f-c22a-43e0-bf4c-06f5698ffbd9}"",""eventID"":""13"",""version"":""2"",""level"":""4"",""task"":""13"",""opcode"":""0"",""keywords"":""0x8000000000000000"",""systemTime"":""2020-05-24T16:26:48.591204000Z"",""eventRecordID"":""1938"",""processID"":""2176"",""threadID"":""3164"",""channel"":""Microsoft-Windows-Sysmon/Operational"",""computer"":""DESKTOP-HUE026H"",""severityValue"":""INFORMATION"",""message"":""\""Registry value set:\r\nRuleName: T1060,RunKey\r\nEventType: SetValue\r\nUtcTime: 2020-05-24 16:26:48.590\r\nProcessGuid: {df9fc3d3-9fd5-5eca-0000-00102b300b00}\r\nProcessId: 6484\r\nImage: C:\\Users\\John Williams\\AppData\\Local\\Temp\\Trojan.exe\r\nTargetObject: HKU\\S-1-5-21-438079597-2123118846-2669748851-1001\\Software\\Microsoft\\Windows\\CurrentVersion\\Run\\5cd8f17f4086744065eb0992a09e05a2\r\nDetails: \""C:\\Users\\John Williams\\AppData\\Local\\Temp\\Trojan.exe\"" ..\""""},""eventdata"":{""ruleName"":""T1060,RunKey"",""eventType"":""SetValue"",""utcTime"":""2020-05-24 16:26:48.590"",""processGuid"":""{df9fc3d3-9fd5-5eca-0000-00102b300b00}"",""processId"":""6484"",""image"":""C:\\\\Users\\\\John Williams\\\\AppData\\\\Local\\\\Temp\\\\Trojan.exe"",""targetObject"":""HKU\\\\S-1-5-21-438079597-2123118846-2669748851-1001\\\\Software\\\\Microsoft\\\\Windows\\\\CurrentVersion\\\\Run\\\\5cd8f17f4086744065eb0992a09e05a2"",""details"":""\\\""C:\\\\Users\\\\John Williams\\\\AppData\\\\Local\\\\Temp\\\\Trojan.exe\\\"" ..""}}}","\""C:\\Users\\John Williams\\AppData\\Local\\Temp\\Trojan.exe\"" .."
"May 24, 2020 @ 16:26:50.986",14,"ATT&CK T1060: New RUN Key Pointing to Suspicious Folder","""Registry value set:
RuleName: T1060,RunKey
EventType: SetValue
UtcTime: 2020-05-24 16:26:47.574
ProcessGuid: {df9fc3d3-9fd5-5eca-0000-00102b300b00}
ProcessId: 6484
Image: C:\Users\John Williams\AppData\Local\Temp\Trojan.exe
TargetObject: HKU\S-1-5-21-438079597-2123118846-2669748851-1001\Software\Microsoft\Windows\CurrentVersion\Run\5cd8f17f4086744065eb0992a09e05a2
Details: ""C:\Users\John Williams\AppData\Local\Temp\Trojan.exe"" ..""",,"HKU\\S-1-5-21-438079597-2123118846-2669748851-1001\\Software\\Microsoft\\Windows\\CurrentVersion\\Run\\5cd8f17f4086744065eb0992a09e05a2","{""win"":{""system"":{""providerName"":""Microsoft-Windows-Sysmon"",""providerGuid"":""{5770385f-c22a-43e0-bf4c-06f5698ffbd9}"",""eventID"":""13"",""version"":""2"",""level"":""4"",""task"":""13"",""opcode"":""0"",""keywords"":""0x8000000000000000"",""systemTime"":""2020-05-24T16:26:47.581091800Z"",""eventRecordID"":""1937"",""processID"":""2176"",""threadID"":""3164"",""channel"":""Microsoft-Windows-Sysmon/Operational"",""computer"":""DESKTOP-HUE026H"",""severityValue"":""INFORMATION"",""message"":""\""Registry value set:\r\nRuleName: T1060,RunKey\r\nEventType: SetValue\r\nUtcTime: 2020-05-24 16:26:47.574\r\nProcessGuid: {df9fc3d3-9fd5-5eca-0000-00102b300b00}\r\nProcessId: 6484\r\nImage: C:\\Users\\John Williams\\AppData\\Local\\Temp\\Trojan.exe\r\nTargetObject: HKU\\S-1-5-21-438079597-2123118846-2669748851-1001\\Software\\Microsoft\\Windows\\CurrentVersion\\Run\\5cd8f17f4086744065eb0992a09e05a2\r\nDetails: \""C:\\Users\\John Williams\\AppData\\Local\\Temp\\Trojan.exe\"" ..\""""},""eventdata"":{""ruleName"":""T1060,RunKey"",""eventType"":""SetValue"",""utcTime"":""2020-05-24 16:26:47.574"",""processGuid"":""{df9fc3d3-9fd5-5eca-0000-00102b300b00}"",""processId"":""6484"",""image"":""C:\\\\Users\\\\John Williams\\\\AppData\\\\Local\\\\Temp\\\\Trojan.exe"",""targetObject"":""HKU\\\\S-1-5-21-438079597-2123118846-2669748851-1001\\\\Software\\\\Microsoft\\\\Windows\\\\CurrentVersion\\\\Run\\\\5cd8f17f4086744065eb0992a09e05a2"",""details"":""\\\""C:\\\\Users\\\\John Williams\\\\AppData\\\\Local\\\\Temp\\\\Trojan.exe\\\"" ..""}}}","\""C:\\Users\\John Williams\\AppData\\Local\\Temp\\Trojan.exe\"" .."
"May 24, 2020 @ 16:26:49.971",14,"ATT&CK T1060: New RUN Key Pointing to Suspicious Folder","""Registry value set:
RuleName: T1060,RunKey
EventType: SetValue
UtcTime: 2020-05-24 16:26:46.559
ProcessGuid: {df9fc3d3-9fd5-5eca-0000-00102b300b00}
ProcessId: 6484
Image: C:\Users\John Williams\AppData\Local\Temp\Trojan.exe
TargetObject: HKU\S-1-5-21-438079597-2123118846-2669748851-1001\Software\Microsoft\Windows\CurrentVersion\Run\5cd8f17f4086744065eb0992a09e05a2
Details: ""C:\Users\John Williams\AppData\Local\Temp\Trojan.exe"" ..""",,"HKU\\S-1-5-21-438079597-2123118846-2669748851-1001\\Software\\Microsoft\\Windows\\CurrentVersion\\Run\\5cd8f17f4086744065eb0992a09e05a2","{""win"":{""system"":{""providerName"":""Microsoft-Windows-Sysmon"",""providerGuid"":""{5770385f-c22a-43e0-bf4c-06f5698ffbd9}"",""eventID"":""13"",""version"":""2"",""level"":""4"",""task"":""13"",""opcode"":""0"",""keywords"":""0x8000000000000000"",""systemTime"":""2020-05-24T16:26:46.561577400Z"",""eventRecordID"":""1935"",""processID"":""2176"",""threadID"":""3164"",""channel"":""Microsoft-Windows-Sysmon/Operational"",""computer"":""DESKTOP-HUE026H"",""severityValue"":""INFORMATION"",""message"":""\""Registry value set:\r\nRuleName: T1060,RunKey\r\nEventType: SetValue\r\nUtcTime: 2020-05-24 16:26:46.559\r\nProcessGuid: {df9fc3d3-9fd5-5eca-0000-00102b300b00}\r\nProcessId: 6484\r\nImage: C:\\Users\\John Williams\\AppData\\Local\\Temp\\Trojan.exe\r\nTargetObject: HKU\\S-1-5-21-438079597-2123118846-2669748851-1001\\Software\\Microsoft\\Windows\\CurrentVersion\\Run\\5cd8f17f4086744065eb0992a09e05a2\r\nDetails: \""C:\\Users\\John Williams\\AppData\\Local\\Temp\\Trojan.exe\"" ..\""""},""eventdata"":{""ruleName"":""T1060,RunKey"",""eventType"":""SetValue"",""utcTime"":""2020-05-24 16:26:46.559"",""processGuid"":""{df9fc3d3-9fd5-5eca-0000-00102b300b00}"",""processId"":""6484"",""image"":""C:\\\\Users\\\\John Williams\\\\AppData\\\\Local\\\\Temp\\\\Trojan.exe"",""targetObject"":""HKU\\\\S-1-5-21-438079597-2123118846-2669748851-1001\\\\Software\\\\Microsoft\\\\Windows\\\\CurrentVersion\\\\Run\\\\5cd8f17f4086744065eb0992a09e05a2"",""details"":""\\\""C:\\\\Users\\\\John Williams\\\\AppData\\\\Local\\\\Temp\\\\Trojan.exe\\\"" ..""}}}","\""C:\\Users\\John Williams\\AppData\\Local\\Temp\\Trojan.exe\"" .."
"May 24, 2020 @ 16:26:48.955",14,"ATT&CK T1060: New RUN Key Pointing to Suspicious Folder","""Registry value set:
RuleName: T1060,RunKey
EventType: SetValue
UtcTime: 2020-05-24 16:26:45.543
ProcessGuid: {df9fc3d3-9fd5-5eca-0000-00102b300b00}
ProcessId: 6484
Image: C:\Users\John Williams\AppData\Local\Temp\Trojan.exe
TargetObject: HKU\S-1-5-21-438079597-2123118846-2669748851-1001\Software\Microsoft\Windows\CurrentVersion\Run\5cd8f17f4086744065eb0992a09e05a2
Details: ""C:\Users\John Williams\AppData\Local\Temp\Trojan.exe"" ..""",,"HKU\\S-1-5-21-438079597-2123118846-2669748851-1001\\Software\\Microsoft\\Windows\\CurrentVersion\\Run\\5cd8f17f4086744065eb0992a09e05a2","{""win"":{""system"":{""providerName"":""Microsoft-Windows-Sysmon"",""providerGuid"":""{5770385f-c22a-43e0-bf4c-06f5698ffbd9}"",""eventID"":""13"",""version"":""2"",""level"":""4"",""task"":""13"",""opcode"":""0"",""keywords"":""0x8000000000000000"",""systemTime"":""2020-05-24T16:26:45.544577300Z"",""eventRecordID"":""1934"",""processID"":""2176"",""threadID"":""3164"",""channel"":""Microsoft-Windows-Sysmon/Operational"",""computer"":""DESKTOP-HUE026H"",""severityValue"":""INFORMATION"",""message"":""\""Registry value set:\r\nRuleName: T1060,RunKey\r\nEventType: SetValue\r\nUtcTime: 2020-05-24 16:26:45.543\r\nProcessGuid: {df9fc3d3-9fd5-5eca-0000-00102b300b00}\r\nProcessId: 6484\r\nImage: C:\\Users\\John Williams\\AppData\\Local\\Temp\\Trojan.exe\r\nTargetObject: HKU\\S-1-5-21-438079597-2123118846-2669748851-1001\\Software\\Microsoft\\Windows\\CurrentVersion\\Run\\5cd8f17f4086744065eb0992a09e05a2\r\nDetails: \""C:\\Users\\John Williams\\AppData\\Local\\Temp\\Trojan.exe\"" ..\""""},""eventdata"":{""ruleName"":""T1060,RunKey"",""eventType"":""SetValue"",""utcTime"":""2020-05-24 16:26:45.543"",""processGuid"":""{df9fc3d3-9fd5-5eca-0000-00102b300b00}"",""processId"":""6484"",""image"":""C:\\\\Users\\\\John Williams\\\\AppData\\\\Local\\\\Temp\\\\Trojan.exe"",""targetObject"":""HKU\\\\S-1-5-21-438079597-2123118846-2669748851-1001\\\\Software\\\\Microsoft\\\\Windows\\\\CurrentVersion\\\\Run\\\\5cd8f17f4086744065eb0992a09e05a2"",""details"":""\\\""C:\\\\Users\\\\John Williams\\\\AppData\\\\Local\\\\Temp\\\\Trojan.exe\\\"" ..""}}}","\""C:\\Users\\John Williams\\AppData\\Local\\Temp\\Trojan.exe\"" .."
"May 24, 2020 @ 16:26:47.924",14,"ATT&CK T1060: New RUN Key Pointing to Suspicious Folder","""Registry value set:
RuleName: T1060,RunKey
EventType: SetValue
UtcTime: 2020-05-24 16:26:44.512
ProcessGuid: {df9fc3d3-9fd5-5eca-0000-00102b300b00}
ProcessId: 6484
Image: C:\Users\John Williams\AppData\Local\Temp\Trojan.exe
TargetObject: HKU\S-1-5-21-438079597-2123118846-2669748851-1001\Software\Microsoft\Windows\CurrentVersion\Run\5cd8f17f4086744065eb0992a09e05a2
Details: ""C:\Users\John Williams\AppData\Local\Temp\Trojan.exe"" ..""",,"HKU\\S-1-5-21-438079597-2123118846-2669748851-1001\\Software\\Microsoft\\Windows\\CurrentVersion\\Run\\5cd8f17f4086744065eb0992a09e05a2","{""win"":{""system"":{""providerName"":""Microsoft-Windows-Sysmon"",""providerGuid"":""{5770385f-c22a-43e0-bf4c-06f5698ffbd9}"",""eventID"":""13"",""version"":""2"",""level"":""4"",""task"":""13"",""opcode"":""0"",""keywords"":""0x8000000000000000"",""systemTime"":""2020-05-24T16:26:44.513540100Z"",""eventRecordID"":""1933"",""processID"":""2176"",""threadID"":""3164"",""channel"":""Microsoft-Windows-Sysmon/Operational"",""computer"":""DESKTOP-HUE026H"",""severityValue"":""INFORMATION"",""message"":""\""Registry value set:\r\nRuleName: T1060,RunKey\r\nEventType: SetValue\r\nUtcTime: 2020-05-24 16:26:44.512\r\nProcessGuid: {df9fc3d3-9fd5-5eca-0000-00102b300b00}\r\nProcessId: 6484\r\nImage: C:\\Users\\John Williams\\AppData\\Local\\Temp\\Trojan.exe\r\nTargetObject: HKU\\S-1-5-21-438079597-2123118846-2669748851-1001\\Software\\Microsoft\\Windows\\CurrentVersion\\Run\\5cd8f17f4086744065eb0992a09e05a2\r\nDetails: \""C:\\Users\\John Williams\\AppData\\Local\\Temp\\Trojan.exe\"" ..\""""},""eventdata"":{""ruleName"":""T1060,RunKey"",""eventType"":""SetValue"",""utcTime"":""2020-05-24 16:26:44.512"",""processGuid"":""{df9fc3d3-9fd5-5eca-0000-00102b300b00}"",""processId"":""6484"",""image"":""C:\\\\Users\\\\John Williams\\\\AppData\\\\Local\\\\Temp\\\\Trojan.exe"",""targetObject"":""HKU\\\\S-1-5-21-438079597-2123118846-2669748851-1001\\\\Software\\\\Microsoft\\\\Windows\\\\CurrentVersion\\\\Run\\\\5cd8f17f4086744065eb0992a09e05a2"",""details"":""\\\""C:\\\\Users\\\\John Williams\\\\AppData\\\\Local\\\\Temp\\\\Trojan.exe\\\"" ..""}}}","\""C:\\Users\\John Williams\\AppData\\Local\\Temp\\Trojan.exe\"" .."
"May 24, 2020 @ 16:26:46.909",14,"ATT&CK T1060: New RUN Key Pointing to Suspicious Folder","""Registry value set:
RuleName: T1060,RunKey
EventType: SetValue
UtcTime: 2020-05-24 16:26:43.496
ProcessGuid: {df9fc3d3-9fd5-5eca-0000-00102b300b00}
ProcessId: 6484
Image: C:\Users\John Williams\AppData\Local\Temp\Trojan.exe
TargetObject: HKU\S-1-5-21-438079597-2123118846-2669748851-1001\Software\Microsoft\Windows\CurrentVersion\Run\5cd8f17f4086744065eb0992a09e05a2
Details: ""C:\Users\John Williams\AppData\Local\Temp\Trojan.exe"" ..""",,"HKU\\S-1-5-21-438079597-2123118846-2669748851-1001\\Software\\Microsoft\\Windows\\CurrentVersion\\Run\\5cd8f17f4086744065eb0992a09e05a2","{""win"":{""system"":{""providerName"":""Microsoft-Windows-Sysmon"",""providerGuid"":""{5770385f-c22a-43e0-bf4c-06f5698ffbd9}"",""eventID"":""13"",""version"":""2"",""level"":""4"",""task"":""13"",""opcode"":""0"",""keywords"":""0x8000000000000000"",""systemTime"":""2020-05-24T16:26:43.498045100Z"",""eventRecordID"":""1932"",""processID"":""2176"",""threadID"":""3164"",""channel"":""Microsoft-Windows-Sysmon/Operational"",""computer"":""DESKTOP-HUE026H"",""severityValue"":""INFORMATION"",""message"":""\""Registry value set:\r\nRuleName: T1060,RunKey\r\nEventType: SetValue\r\nUtcTime: 2020-05-24 16:26:43.496\r\nProcessGuid: {df9fc3d3-9fd5-5eca-0000-00102b300b00}\r\nProcessId: 6484\r\nImage: C:\\Users\\John Williams\\AppData\\Local\\Temp\\Trojan.exe\r\nTargetObject: HKU\\S-1-5-21-438079597-2123118846-2669748851-1001\\Software\\Microsoft\\Windows\\CurrentVersion\\Run\\5cd8f17f4086744065eb0992a09e05a2\r\nDetails: \""C:\\Users\\John Williams\\AppData\\Local\\Temp\\Trojan.exe\"" ..\""""},""eventdata"":{""ruleName"":""T1060,RunKey"",""eventType"":""SetValue"",""utcTime"":""2020-05-24 16:26:43.496"",""processGuid"":""{df9fc3d3-9fd5-5eca-0000-00102b300b00}"",""processId"":""6484"",""image"":""C:\\\\Users\\\\John Williams\\\\AppData\\\\Local\\\\Temp\\\\Trojan.exe"",""targetObject"":""HKU\\\\S-1-5-21-438079597-2123118846-2669748851-1001\\\\Software\\\\Microsoft\\\\Windows\\\\CurrentVersion\\\\Run\\\\5cd8f17f4086744065eb0992a09e05a2"",""details"":""\\\""C:\\\\Users\\\\John Williams\\\\AppData\\\\Local\\\\Temp\\\\Trojan.exe\\\"" ..""}}}","\""C:\\Users\\John Williams\\AppData\\Local\\Temp\\Trojan.exe\"" .."
"May 24, 2020 @ 16:26:45.877",14,"ATT&CK T1060: New RUN Key Pointing to Suspicious Folder","""Registry value set:
RuleName: T1060,RunKey
EventType: SetValue
UtcTime: 2020-05-24 16:26:42.481
ProcessGuid: {df9fc3d3-9fd5-5eca-0000-00102b300b00}
ProcessId: 6484
Image: C:\Users\John Williams\AppData\Local\Temp\Trojan.exe
TargetObject: HKU\S-1-5-21-438079597-2123118846-2669748851-1001\Software\Microsoft\Windows\CurrentVersion\Run\5cd8f17f4086744065eb0992a09e05a2
Details: ""C:\Users\John Williams\AppData\Local\Temp\Trojan.exe"" ..""",,"HKU\\S-1-5-21-438079597-2123118846-2669748851-1001\\Software\\Microsoft\\Windows\\CurrentVersion\\Run\\5cd8f17f4086744065eb0992a09e05a2","{""win"":{""system"":{""providerName"":""Microsoft-Windows-Sysmon"",""providerGuid"":""{5770385f-c22a-43e0-bf4c-06f5698ffbd9}"",""eventID"":""13"",""version"":""2"",""level"":""4"",""task"":""13"",""opcode"":""0"",""keywords"":""0x8000000000000000"",""systemTime"":""2020-05-24T16:26:42.485429400Z"",""eventRecordID"":""1931"",""processID"":""2176"",""threadID"":""3164"",""channel"":""Microsoft-Windows-Sysmon/Operational"",""computer"":""DESKTOP-HUE026H"",""severityValue"":""INFORMATION"",""message"":""\""Registry value set:\r\nRuleName: T1060,RunKey\r\nEventType: SetValue\r\nUtcTime: 2020-05-24 16:26:42.481\r\nProcessGuid: {df9fc3d3-9fd5-5eca-0000-00102b300b00}\r\nProcessId: 6484\r\nImage: C:\\Users\\John Williams\\AppData\\Local\\Temp\\Trojan.exe\r\nTargetObject: HKU\\S-1-5-21-438079597-2123118846-2669748851-1001\\Software\\Microsoft\\Windows\\CurrentVersion\\Run\\5cd8f17f4086744065eb0992a09e05a2\r\nDetails: \""C:\\Users\\John Williams\\AppData\\Local\\Temp\\Trojan.exe\"" ..\""""},""eventdata"":{""ruleName"":""T1060,RunKey"",""eventType"":""SetValue"",""utcTime"":""2020-05-24 16:26:42.481"",""processGuid"":""{df9fc3d3-9fd5-5eca-0000-00102b300b00}"",""processId"":""6484"",""image"":""C:\\\\Users\\\\John Williams\\\\AppData\\\\Local\\\\Temp\\\\Trojan.exe"",""targetObject"":""HKU\\\\S-1-5-21-438079597-2123118846-2669748851-1001\\\\Software\\\\Microsoft\\\\Windows\\\\CurrentVersion\\\\Run\\\\5cd8f17f4086744065eb0992a09e05a2"",""details"":""\\\""C:\\\\Users\\\\John Williams\\\\AppData\\\\Local\\\\Temp\\\\Trojan.exe\\\"" ..""}}}","\""C:\\Users\\John Williams\\AppData\\Local\\Temp\\Trojan.exe\"" .."
"May 24, 2020 @ 16:26:44.861",14,"ATT&CK T1060: New RUN Key Pointing to Suspicious Folder","""Registry value set:
RuleName: T1060,RunKey
EventType: SetValue
UtcTime: 2020-05-24 16:26:41.450
ProcessGuid: {df9fc3d3-9fd5-5eca-0000-00102b300b00}
ProcessId: 6484
Image: C:\Users\John Williams\AppData\Local\Temp\Trojan.exe
TargetObject: HKU\S-1-5-21-438079597-2123118846-2669748851-1001\Software\Microsoft\Windows\CurrentVersion\Run\5cd8f17f4086744065eb0992a09e05a2
Details: ""C:\Users\John Williams\AppData\Local\Temp\Trojan.exe"" ..""",,"HKU\\S-1-5-21-438079597-2123118846-2669748851-1001\\Software\\Microsoft\\Windows\\CurrentVersion\\Run\\5cd8f17f4086744065eb0992a09e05a2","{""win"":{""system"":{""providerName"":""Microsoft-Windows-Sysmon"",""providerGuid"":""{5770385f-c22a-43e0-bf4c-06f5698ffbd9}"",""eventID"":""13"",""version"":""2"",""level"":""4"",""task"":""13"",""opcode"":""0"",""keywords"":""0x8000000000000000"",""systemTime"":""2020-05-24T16:26:41.466708800Z"",""eventRecordID"":""1930"",""processID"":""2176"",""threadID"":""3164"",""channel"":""Microsoft-Windows-Sysmon/Operational"",""computer"":""DESKTOP-HUE026H"",""severityValue"":""INFORMATION"",""message"":""\""Registry value set:\r\nRuleName: T1060,RunKey\r\nEventType: SetValue\r\nUtcTime: 2020-05-24 16:26:41.450\r\nProcessGuid: {df9fc3d3-9fd5-5eca-0000-00102b300b00}\r\nProcessId: 6484\r\nImage: C:\\Users\\John Williams\\AppData\\Local\\Temp\\Trojan.exe\r\nTargetObject: HKU\\S-1-5-21-438079597-2123118846-2669748851-1001\\Software\\Microsoft\\Windows\\CurrentVersion\\Run\\5cd8f17f4086744065eb0992a09e05a2\r\nDetails: \""C:\\Users\\John Williams\\AppData\\Local\\Temp\\Trojan.exe\"" ..\""""},""eventdata"":{""ruleName"":""T1060,RunKey"",""eventType"":""SetValue"",""utcTime"":""2020-05-24 16:26:41.450"",""processGuid"":""{df9fc3d3-9fd5-5eca-0000-00102b300b00}"",""processId"":""6484"",""image"":""C:\\\\Users\\\\John Williams\\\\AppData\\\\Local\\\\Temp\\\\Trojan.exe"",""targetObject"":""HKU\\\\S-1-5-21-438079597-2123118846-2669748851-1001\\\\Software\\\\Microsoft\\\\Windows\\\\CurrentVersion\\\\Run\\\\5cd8f17f4086744065eb0992a09e05a2"",""details"":""\\\""C:\\\\Users\\\\John Williams\\\\AppData\\\\Local\\\\Temp\\\\Trojan.exe\\\"" ..""}}}","\""C:\\Users\\John Williams\\AppData\\Local\\Temp\\Trojan.exe\"" .."
"May 24, 2020 @ 16:26:43.862",14,"ATT&CK T1060: New RUN Key Pointing to Suspicious Folder","""Registry value set:
RuleName: T1060,RunKey
EventType: SetValue
UtcTime: 2020-05-24 16:26:40.449
ProcessGuid: {df9fc3d3-9fd5-5eca-0000-00102b300b00}
ProcessId: 6484
Image: C:\Users\John Williams\AppData\Local\Temp\Trojan.exe
TargetObject: HKU\S-1-5-21-438079597-2123118846-2669748851-1001\Software\Microsoft\Windows\CurrentVersion\Run\5cd8f17f4086744065eb0992a09e05a2
Details: ""C:\Users\John Williams\AppData\Local\Temp\Trojan.exe"" ..""",,"HKU\\S-1-5-21-438079597-2123118846-2669748851-1001\\Software\\Microsoft\\Windows\\CurrentVersion\\Run\\5cd8f17f4086744065eb0992a09e05a2","{""win"":{""system"":{""providerName"":""Microsoft-Windows-Sysmon"",""providerGuid"":""{5770385f-c22a-43e0-bf4c-06f5698ffbd9}"",""eventID"":""13"",""version"":""2"",""level"":""4"",""task"":""13"",""opcode"":""0"",""keywords"":""0x8000000000000000"",""systemTime"":""2020-05-24T16:26:40.449946500Z"",""eventRecordID"":""1929"",""processID"":""2176"",""threadID"":""3164"",""channel"":""Microsoft-Windows-Sysmon/Operational"",""computer"":""DESKTOP-HUE026H"",""severityValue"":""INFORMATION"",""message"":""\""Registry value set:\r\nRuleName: T1060,RunKey\r\nEventType: SetValue\r\nUtcTime: 2020-05-24 16:26:40.449\r\nProcessGuid: {df9fc3d3-9fd5-5eca-0000-00102b300b00}\r\nProcessId: 6484\r\nImage: C:\\Users\\John Williams\\AppData\\Local\\Temp\\Trojan.exe\r\nTargetObject: HKU\\S-1-5-21-438079597-2123118846-2669748851-1001\\Software\\Microsoft\\Windows\\CurrentVersion\\Run\\5cd8f17f4086744065eb0992a09e05a2\r\nDetails: \""C:\\Users\\John Williams\\AppData\\Local\\Temp\\Trojan.exe\"" ..\""""},""eventdata"":{""ruleName"":""T1060,RunKey"",""eventType"":""SetValue"",""utcTime"":""2020-05-24 16:26:40.449"",""processGuid"":""{df9fc3d3-9fd5-5eca-0000-00102b300b00}"",""processId"":""6484"",""image"":""C:\\\\Users\\\\John Williams\\\\AppData\\\\Local\\\\Temp\\\\Trojan.exe"",""targetObject"":""HKU\\\\S-1-5-21-438079597-2123118846-2669748851-1001\\\\Software\\\\Microsoft\\\\Windows\\\\CurrentVersion\\\\Run\\\\5cd8f17f4086744065eb0992a09e05a2"",""details"":""\\\""C:\\\\Users\\\\John Williams\\\\AppData\\\\Local\\\\Temp\\\\Trojan.exe\\\"" ..""}}}","\""C:\\Users\\John Williams\\AppData\\Local\\Temp\\Trojan.exe\"" .."
"May 24, 2020 @ 16:26:42.831",14,"ATT&CK T1060: New RUN Key Pointing to Suspicious Folder","""Registry value set:
RuleName: T1060,RunKey
EventType: SetValue
UtcTime: 2020-05-24 16:26:39.434
ProcessGuid: {df9fc3d3-9fd5-5eca-0000-00102b300b00}
ProcessId: 6484
Image: C:\Users\John Williams\AppData\Local\Temp\Trojan.exe
TargetObject: HKU\S-1-5-21-438079597-2123118846-2669748851-1001\Software\Microsoft\Windows\CurrentVersion\Run\5cd8f17f4086744065eb0992a09e05a2
Details: ""C:\Users\John Williams\AppData\Local\Temp\Trojan.exe"" ..""",,"HKU\\S-1-5-21-438079597-2123118846-2669748851-1001\\Software\\Microsoft\\Windows\\CurrentVersion\\Run\\5cd8f17f4086744065eb0992a09e05a2","{""win"":{""system"":{""providerName"":""Microsoft-Windows-Sysmon"",""providerGuid"":""{5770385f-c22a-43e0-bf4c-06f5698ffbd9}"",""eventID"":""13"",""version"":""2"",""level"":""4"",""task"":""13"",""opcode"":""0"",""keywords"":""0x8000000000000000"",""systemTime"":""2020-05-24T16:26:39.434921900Z"",""eventRecordID"":""1927"",""processID"":""2176"",""threadID"":""3164"",""channel"":""Microsoft-Windows-Sysmon/Operational"",""computer"":""DESKTOP-HUE026H"",""severityValue"":""INFORMATION"",""message"":""\""Registry value set:\r\nRuleName: T1060,RunKey\r\nEventType: SetValue\r\nUtcTime: 2020-05-24 16:26:39.434\r\nProcessGuid: {df9fc3d3-9fd5-5eca-0000-00102b300b00}\r\nProcessId: 6484\r\nImage: C:\\Users\\John Williams\\AppData\\Local\\Temp\\Trojan.exe\r\nTargetObject: HKU\\S-1-5-21-438079597-2123118846-2669748851-1001\\Software\\Microsoft\\Windows\\CurrentVersion\\Run\\5cd8f17f4086744065eb0992a09e05a2\r\nDetails: \""C:\\Users\\John Williams\\AppData\\Local\\Temp\\Trojan.exe\"" ..\""""},""eventdata"":{""ruleName"":""T1060,RunKey"",""eventType"":""SetValue"",""utcTime"":""2020-05-24 16:26:39.434"",""processGuid"":""{df9fc3d3-9fd5-5eca-0000-00102b300b00}"",""processId"":""6484"",""image"":""C:\\\\Users\\\\John Williams\\\\AppData\\\\Local\\\\Temp\\\\Trojan.exe"",""targetObject"":""HKU\\\\S-1-5-21-438079597-2123118846-2669748851-1001\\\\Software\\\\Microsoft\\\\Windows\\\\CurrentVersion\\\\Run\\\\5cd8f17f4086744065eb0992a09e05a2"",""details"":""\\\""C:\\\\Users\\\\John Williams\\\\AppData\\\\Local\\\\Temp\\\\Trojan.exe\\\"" ..""}}}","\""C:\\Users\\John Williams\\AppData\\Local\\Temp\\Trojan.exe\"" .."
"May 24, 2020 @ 16:26:41.815",14,"ATT&CK T1060: New RUN Key Pointing to Suspicious Folder","""Registry value set:
RuleName: T1060,RunKey
EventType: SetValue
UtcTime: 2020-05-24 16:26:38.418
ProcessGuid: {df9fc3d3-9fd5-5eca-0000-00102b300b00}
ProcessId: 6484
Image: C:\Users\John Williams\AppData\Local\Temp\Trojan.exe
TargetObject: HKU\S-1-5-21-438079597-2123118846-2669748851-1001\Software\Microsoft\Windows\CurrentVersion\Run\5cd8f17f4086744065eb0992a09e05a2
Details: ""C:\Users\John Williams\AppData\Local\Temp\Trojan.exe"" ..""",,"HKU\\S-1-5-21-438079597-2123118846-2669748851-1001\\Software\\Microsoft\\Windows\\CurrentVersion\\Run\\5cd8f17f4086744065eb0992a09e05a2","{""win"":{""system"":{""providerName"":""Microsoft-Windows-Sysmon"",""providerGuid"":""{5770385f-c22a-43e0-bf4c-06f5698ffbd9}"",""eventID"":""13"",""version"":""2"",""level"":""4"",""task"":""13"",""opcode"":""0"",""keywords"":""0x8000000000000000"",""systemTime"":""2020-05-24T16:26:38.421345800Z"",""eventRecordID"":""1926"",""processID"":""2176"",""threadID"":""3164"",""channel"":""Microsoft-Windows-Sysmon/Operational"",""computer"":""DESKTOP-HUE026H"",""severityValue"":""INFORMATION"",""message"":""\""Registry value set:\r\nRuleName: T1060,RunKey\r\nEventType: SetValue\r\nUtcTime: 2020-05-24 16:26:38.418\r\nProcessGuid: {df9fc3d3-9fd5-5eca-0000-00102b300b00}\r\nProcessId: 6484\r\nImage: C:\\Users\\John Williams\\AppData\\Local\\Temp\\Trojan.exe\r\nTargetObject: HKU\\S-1-5-21-438079597-2123118846-2669748851-1001\\Software\\Microsoft\\Windows\\CurrentVersion\\Run\\5cd8f17f4086744065eb0992a09e05a2\r\nDetails: \""C:\\Users\\John Williams\\AppData\\Local\\Temp\\Trojan.exe\"" ..\""""},""eventdata"":{""ruleName"":""T1060,RunKey"",""eventType"":""SetValue"",""utcTime"":""2020-05-24 16:26:38.418"",""processGuid"":""{df9fc3d3-9fd5-5eca-0000-00102b300b00}"",""processId"":""6484"",""image"":""C:\\\\Users\\\\John Williams\\\\AppData\\\\Local\\\\Temp\\\\Trojan.exe"",""targetObject"":""HKU\\\\S-1-5-21-438079597-2123118846-2669748851-1001\\\\Software\\\\Microsoft\\\\Windows\\\\CurrentVersion\\\\Run\\\\5cd8f17f4086744065eb0992a09e05a2"",""details"":""\\\""C:\\\\Users\\\\John Williams\\\\AppData\\\\Local\\\\Temp\\\\Trojan.exe\\\"" ..""}}}","\""C:\\Users\\John Williams\\AppData\\Local\\Temp\\Trojan.exe\"" .."
"May 24, 2020 @ 16:26:40.784",14,"ATT&CK T1060: New RUN Key Pointing to Suspicious Folder","""Registry value set:
RuleName: T1060,RunKey
EventType: SetValue
UtcTime: 2020-05-24 16:26:37.387
ProcessGuid: {df9fc3d3-9fd5-5eca-0000-00102b300b00}
ProcessId: 6484
Image: C:\Users\John Williams\AppData\Local\Temp\Trojan.exe
TargetObject: HKU\S-1-5-21-438079597-2123118846-2669748851-1001\Software\Microsoft\Windows\CurrentVersion\Run\5cd8f17f4086744065eb0992a09e05a2
Details: ""C:\Users\John Williams\AppData\Local\Temp\Trojan.exe"" ..""",,"HKU\\S-1-5-21-438079597-2123118846-2669748851-1001\\Software\\Microsoft\\Windows\\CurrentVersion\\Run\\5cd8f17f4086744065eb0992a09e05a2","{""win"":{""system"":{""providerName"":""Microsoft-Windows-Sysmon"",""providerGuid"":""{5770385f-c22a-43e0-bf4c-06f5698ffbd9}"",""eventID"":""13"",""version"":""2"",""level"":""4"",""task"":""13"",""opcode"":""0"",""keywords"":""0x8000000000000000"",""systemTime"":""2020-05-24T16:26:37.388186800Z"",""eventRecordID"":""1925"",""processID"":""2176"",""threadID"":""3164"",""channel"":""Microsoft-Windows-Sysmon/Operational"",""computer"":""DESKTOP-HUE026H"",""severityValue"":""INFORMATION"",""message"":""\""Registry value set:\r\nRuleName: T1060,RunKey\r\nEventType: SetValue\r\nUtcTime: 2020-05-24 16:26:37.387\r\nProcessGuid: {df9fc3d3-9fd5-5eca-0000-00102b300b00}\r\nProcessId: 6484\r\nImage: C:\\Users\\John Williams\\AppData\\Local\\Temp\\Trojan.exe\r\nTargetObject: HKU\\S-1-5-21-438079597-2123118846-2669748851-1001\\Software\\Microsoft\\Windows\\CurrentVersion\\Run\\5cd8f17f4086744065eb0992a09e05a2\r\nDetails: \""C:\\Users\\John Williams\\AppData\\Local\\Temp\\Trojan.exe\"" ..\""""},""eventdata"":{""ruleName"":""T1060,RunKey"",""eventType"":""SetValue"",""utcTime"":""2020-05-24 16:26:37.387"",""processGuid"":""{df9fc3d3-9fd5-5eca-0000-00102b300b00}"",""processId"":""6484"",""image"":""C:\\\\Users\\\\John Williams\\\\AppData\\\\Local\\\\Temp\\\\Trojan.exe"",""targetObject"":""HKU\\\\S-1-5-21-438079597-2123118846-2669748851-1001\\\\Software\\\\Microsoft\\\\Windows\\\\CurrentVersion\\\\Run\\\\5cd8f17f4086744065eb0992a09e05a2"",""details"":""\\\""C:\\\\Users\\\\John Williams\\\\AppData\\\\Local\\\\Temp\\\\Trojan.exe\\\"" ..""}}}","\""C:\\Users\\John Williams\\AppData\\Local\\Temp\\Trojan.exe\"" .."
"May 24, 2020 @ 16:26:39.752",14,"ATT&CK T1060: New RUN Key Pointing to Suspicious Folder","""Registry value set:
RuleName: T1060,RunKey
EventType: SetValue
UtcTime: 2020-05-24 16:26:36.356
ProcessGuid: {df9fc3d3-9fd5-5eca-0000-00102b300b00}
ProcessId: 6484
Image: C:\Users\John Williams\AppData\Local\Temp\Trojan.exe
TargetObject: HKU\S-1-5-21-438079597-2123118846-2669748851-1001\Software\Microsoft\Windows\CurrentVersion\Run\5cd8f17f4086744065eb0992a09e05a2
Details: ""C:\Users\John Williams\AppData\Local\Temp\Trojan.exe"" ..""",,"HKU\\S-1-5-21-438079597-2123118846-2669748851-1001\\Software\\Microsoft\\Windows\\CurrentVersion\\Run\\5cd8f17f4086744065eb0992a09e05a2","{""win"":{""system"":{""providerName"":""Microsoft-Windows-Sysmon"",""providerGuid"":""{5770385f-c22a-43e0-bf4c-06f5698ffbd9}"",""eventID"":""13"",""version"":""2"",""level"":""4"",""task"":""13"",""opcode"":""0"",""keywords"":""0x8000000000000000"",""systemTime"":""2020-05-24T16:26:36.369623100Z"",""eventRecordID"":""1924"",""processID"":""2176"",""threadID"":""3164"",""channel"":""Microsoft-Windows-Sysmon/Operational"",""computer"":""DESKTOP-HUE026H"",""severityValue"":""INFORMATION"",""message"":""\""Registry value set:\r\nRuleName: T1060,RunKey\r\nEventType: SetValue\r\nUtcTime: 2020-05-24 16:26:36.356\r\nProcessGuid: {df9fc3d3-9fd5-5eca-0000-00102b300b00}\r\nProcessId: 6484\r\nImage: C:\\Users\\John Williams\\AppData\\Local\\Temp\\Trojan.exe\r\nTargetObject: HKU\\S-1-5-21-438079597-2123118846-2669748851-1001\\Software\\Microsoft\\Windows\\CurrentVersion\\Run\\5cd8f17f4086744065eb0992a09e05a2\r\nDetails: \""C:\\Users\\John Williams\\AppData\\Local\\Temp\\Trojan.exe\"" ..\""""},""eventdata"":{""ruleName"":""T1060,RunKey"",""eventType"":""SetValue"",""utcTime"":""2020-05-24 16:26:36.356"",""processGuid"":""{df9fc3d3-9fd5-5eca-0000-00102b300b00}"",""processId"":""6484"",""image"":""C:\\\\Users\\\\John Williams\\\\AppData\\\\Local\\\\Temp\\\\Trojan.exe"",""targetObject"":""HKU\\\\S-1-5-21-438079597-2123118846-2669748851-1001\\\\Software\\\\Microsoft\\\\Windows\\\\CurrentVersion\\\\Run\\\\5cd8f17f4086744065eb0992a09e05a2"",""details"":""\\\""C:\\\\Users\\\\John Williams\\\\AppData\\\\Local\\\\Temp\\\\Trojan.exe\\\"" ..""}}}","\""C:\\Users\\John Williams\\AppData\\Local\\Temp\\Trojan.exe\"" .."
"May 24, 2020 @ 16:26:38.754",14,"ATT&CK T1060: New RUN Key Pointing to Suspicious Folder","""Registry value set:
RuleName: T1060,RunKey
EventType: SetValue
UtcTime: 2020-05-24 16:26:35.324
ProcessGuid: {df9fc3d3-9fd5-5eca-0000-00102b300b00}
ProcessId: 6484
Image: C:\Users\John Williams\AppData\Local\Temp\Trojan.exe
TargetObject: HKU\S-1-5-21-438079597-2123118846-2669748851-1001\Software\Microsoft\Windows\CurrentVersion\Run\5cd8f17f4086744065eb0992a09e05a2
Details: ""C:\Users\John Williams\AppData\Local\Temp\Trojan.exe"" ..""",,"HKU\\S-1-5-21-438079597-2123118846-2669748851-1001\\Software\\Microsoft\\Windows\\CurrentVersion\\Run\\5cd8f17f4086744065eb0992a09e05a2","{""win"":{""system"":{""providerName"":""Microsoft-Windows-Sysmon"",""providerGuid"":""{5770385f-c22a-43e0-bf4c-06f5698ffbd9}"",""eventID"":""13"",""version"":""2"",""level"":""4"",""task"":""13"",""opcode"":""0"",""keywords"":""0x8000000000000000"",""systemTime"":""2020-05-24T16:26:35.327415500Z"",""eventRecordID"":""1923"",""processID"":""2176"",""threadID"":""3164"",""channel"":""Microsoft-Windows-Sysmon/Operational"",""computer"":""DESKTOP-HUE026H"",""severityValue"":""INFORMATION"",""message"":""\""Registry value set:\r\nRuleName: T1060,RunKey\r\nEventType: SetValue\r\nUtcTime: 2020-05-24 16:26:35.324\r\nProcessGuid: {df9fc3d3-9fd5-5eca-0000-00102b300b00}\r\nProcessId: 6484\r\nImage: C:\\Users\\John Williams\\AppData\\Local\\Temp\\Trojan.exe\r\nTargetObject: HKU\\S-1-5-21-438079597-2123118846-2669748851-1001\\Software\\Microsoft\\Windows\\CurrentVersion\\Run\\5cd8f17f4086744065eb0992a09e05a2\r\nDetails: \""C:\\Users\\John Williams\\AppData\\Local\\Temp\\Trojan.exe\"" ..\""""},""eventdata"":{""ruleName"":""T1060,RunKey"",""eventType"":""SetValue"",""utcTime"":""2020-05-24 16:26:35.324"",""processGuid"":""{df9fc3d3-9fd5-5eca-0000-00102b300b00}"",""processId"":""6484"",""image"":""C:\\\\Users\\\\John Williams\\\\AppData\\\\Local\\\\Temp\\\\Trojan.exe"",""targetObject"":""HKU\\\\S-1-5-21-438079597-2123118846-2669748851-1001\\\\Software\\\\Microsoft\\\\Windows\\\\CurrentVersion\\\\Run\\\\5cd8f17f4086744065eb0992a09e05a2"",""details"":""\\\""C:\\\\Users\\\\John Williams\\\\AppData\\\\Local\\\\Temp\\\\Trojan.exe\\\"" ..""}}}","\""C:\\Users\\John Williams\\AppData\\Local\\Temp\\Trojan.exe\"" .."
"May 24, 2020 @ 16:26:37.721",14,"ATT&CK T1060: New RUN Key Pointing to Suspicious Folder","""Registry value set:
RuleName: T1060,RunKey
EventType: SetValue
UtcTime: 2020-05-24 16:26:34.308
ProcessGuid: {df9fc3d3-9fd5-5eca-0000-00102b300b00}
ProcessId: 6484
Image: C:\Users\John Williams\AppData\Local\Temp\Trojan.exe
TargetObject: HKU\S-1-5-21-438079597-2123118846-2669748851-1001\Software\Microsoft\Windows\CurrentVersion\Run\5cd8f17f4086744065eb0992a09e05a2
Details: ""C:\Users\John Williams\AppData\Local\Temp\Trojan.exe"" ..""",,"HKU\\S-1-5-21-438079597-2123118846-2669748851-1001\\Software\\Microsoft\\Windows\\CurrentVersion\\Run\\5cd8f17f4086744065eb0992a09e05a2","{""win"":{""system"":{""providerName"":""Microsoft-Windows-Sysmon"",""providerGuid"":""{5770385f-c22a-43e0-bf4c-06f5698ffbd9}"",""eventID"":""13"",""version"":""2"",""level"":""4"",""task"":""13"",""opcode"":""0"",""keywords"":""0x8000000000000000"",""systemTime"":""2020-05-24T16:26:34.310205200Z"",""eventRecordID"":""1922"",""processID"":""2176"",""threadID"":""3164"",""channel"":""Microsoft-Windows-Sysmon/Operational"",""computer"":""DESKTOP-HUE026H"",""severityValue"":""INFORMATION"",""message"":""\""Registry value set:\r\nRuleName: T1060,RunKey\r\nEventType: SetValue\r\nUtcTime: 2020-05-24 16:26:34.308\r\nProcessGuid: {df9fc3d3-9fd5-5eca-0000-00102b300b00}\r\nProcessId: 6484\r\nImage: C:\\Users\\John Williams\\AppData\\Local\\Temp\\Trojan.exe\r\nTargetObject: HKU\\S-1-5-21-438079597-2123118846-2669748851-1001\\Software\\Microsoft\\Windows\\CurrentVersion\\Run\\5cd8f17f4086744065eb0992a09e05a2\r\nDetails: \""C:\\Users\\John Williams\\AppData\\Local\\Temp\\Trojan.exe\"" ..\""""},""eventdata"":{""ruleName"":""T1060,RunKey"",""eventType"":""SetValue"",""utcTime"":""2020-05-24 16:26:34.308"",""processGuid"":""{df9fc3d3-9fd5-5eca-0000-00102b300b00}"",""processId"":""6484"",""image"":""C:\\\\Users\\\\John Williams\\\\AppData\\\\Local\\\\Temp\\\\Trojan.exe"",""targetObject"":""HKU\\\\S-1-5-21-438079597-2123118846-2669748851-1001\\\\Software\\\\Microsoft\\\\Windows\\\\CurrentVersion\\\\Run\\\\5cd8f17f4086744065eb0992a09e05a2"",""details"":""\\\""C:\\\\Users\\\\John Williams\\\\AppData\\\\Local\\\\Temp\\\\Trojan.exe\\\"" ..""}}}","\""C:\\Users\\John Williams\\AppData\\Local\\Temp\\Trojan.exe\"" .."
"May 24, 2020 @ 16:26:36.674",14,"ATT&CK T1060: New RUN Key Pointing to Suspicious Folder","""Registry value set:
RuleName: T1060,RunKey
EventType: SetValue
UtcTime: 2020-05-24 16:26:33.293
ProcessGuid: {df9fc3d3-9fd5-5eca-0000-00102b300b00}
ProcessId: 6484
Image: C:\Users\John Williams\AppData\Local\Temp\Trojan.exe
TargetObject: HKU\S-1-5-21-438079597-2123118846-2669748851-1001\Software\Microsoft\Windows\CurrentVersion\Run\5cd8f17f4086744065eb0992a09e05a2
Details: ""C:\Users\John Williams\AppData\Local\Temp\Trojan.exe"" ..""",,"HKU\\S-1-5-21-438079597-2123118846-2669748851-1001\\Software\\Microsoft\\Windows\\CurrentVersion\\Run\\5cd8f17f4086744065eb0992a09e05a2","{""win"":{""system"":{""providerName"":""Microsoft-Windows-Sysmon"",""providerGuid"":""{5770385f-c22a-43e0-bf4c-06f5698ffbd9}"",""eventID"":""13"",""version"":""2"",""level"":""4"",""task"":""13"",""opcode"":""0"",""keywords"":""0x8000000000000000"",""systemTime"":""2020-05-24T16:26:33.297982300Z"",""eventRecordID"":""1921"",""processID"":""2176"",""threadID"":""3164"",""channel"":""Microsoft-Windows-Sysmon/Operational"",""computer"":""DESKTOP-HUE026H"",""severityValue"":""INFORMATION"",""message"":""\""Registry value set:\r\nRuleName: T1060,RunKey\r\nEventType: SetValue\r\nUtcTime: 2020-05-24 16:26:33.293\r\nProcessGuid: {df9fc3d3-9fd5-5eca-0000-00102b300b00}\r\nProcessId: 6484\r\nImage: C:\\Users\\John Williams\\AppData\\Local\\Temp\\Trojan.exe\r\nTargetObject: HKU\\S-1-5-21-438079597-2123118846-2669748851-1001\\Software\\Microsoft\\Windows\\CurrentVersion\\Run\\5cd8f17f4086744065eb0992a09e05a2\r\nDetails: \""C:\\Users\\John Williams\\AppData\\Local\\Temp\\Trojan.exe\"" ..\""""},""eventdata"":{""ruleName"":""T1060,RunKey"",""eventType"":""SetValue"",""utcTime"":""2020-05-24 16:26:33.293"",""processGuid"":""{df9fc3d3-9fd5-5eca-0000-00102b300b00}"",""processId"":""6484"",""image"":""C:\\\\Users\\\\John Williams\\\\AppData\\\\Local\\\\Temp\\\\Trojan.exe"",""targetObject"":""HKU\\\\S-1-5-21-438079597-2123118846-2669748851-1001\\\\Software\\\\Microsoft\\\\Windows\\\\CurrentVersion\\\\Run\\\\5cd8f17f4086744065eb0992a09e05a2"",""details"":""\\\""C:\\\\Users\\\\John Williams\\\\AppData\\\\Local\\\\Temp\\\\Trojan.exe\\\"" ..""}}}","\""C:\\Users\\John Williams\\AppData\\Local\\Temp\\Trojan.exe\"" .."
"May 24, 2020 @ 16:26:35.768",14,"ATT&CK T1060: New RUN Key Pointing to Suspicious Folder","""Registry value set:
RuleName: T1060,RunKey
EventType: SetValue
UtcTime: 2020-05-24 16:26:32.262
ProcessGuid: {df9fc3d3-9fd5-5eca-0000-00102b300b00}
ProcessId: 6484
Image: C:\Users\John Williams\AppData\Local\Temp\Trojan.exe
TargetObject: HKU\S-1-5-21-438079597-2123118846-2669748851-1001\Software\Microsoft\Windows\CurrentVersion\Run\5cd8f17f4086744065eb0992a09e05a2
Details: ""C:\Users\John Williams\AppData\Local\Temp\Trojan.exe"" ..""",,"HKU\\S-1-5-21-438079597-2123118846-2669748851-1001\\Software\\Microsoft\\Windows\\CurrentVersion\\Run\\5cd8f17f4086744065eb0992a09e05a2","{""win"":{""system"":{""providerName"":""Microsoft-Windows-Sysmon"",""providerGuid"":""{5770385f-c22a-43e0-bf4c-06f5698ffbd9}"",""eventID"":""13"",""version"":""2"",""level"":""4"",""task"":""13"",""opcode"":""0"",""keywords"":""0x8000000000000000"",""systemTime"":""2020-05-24T16:26:32.262670900Z"",""eventRecordID"":""1920"",""processID"":""2176"",""threadID"":""3164"",""channel"":""Microsoft-Windows-Sysmon/Operational"",""computer"":""DESKTOP-HUE026H"",""severityValue"":""INFORMATION"",""message"":""\""Registry value set:\r\nRuleName: T1060,RunKey\r\nEventType: SetValue\r\nUtcTime: 2020-05-24 16:26:32.262\r\nProcessGuid: {df9fc3d3-9fd5-5eca-0000-00102b300b00}\r\nProcessId: 6484\r\nImage: C:\\Users\\John Williams\\AppData\\Local\\Temp\\Trojan.exe\r\nTargetObject: HKU\\S-1-5-21-438079597-2123118846-2669748851-1001\\Software\\Microsoft\\Windows\\CurrentVersion\\Run\\5cd8f17f4086744065eb0992a09e05a2\r\nDetails: \""C:\\Users\\John Williams\\AppData\\Local\\Temp\\Trojan.exe\"" ..\""""},""eventdata"":{""ruleName"":""T1060,RunKey"",""eventType"":""SetValue"",""utcTime"":""2020-05-24 16:26:32.262"",""processGuid"":""{df9fc3d3-9fd5-5eca-0000-00102b300b00}"",""processId"":""6484"",""image"":""C:\\\\Users\\\\John Williams\\\\AppData\\\\Local\\\\Temp\\\\Trojan.exe"",""targetObject"":""HKU\\\\S-1-5-21-438079597-2123118846-2669748851-1001\\\\Software\\\\Microsoft\\\\Windows\\\\CurrentVersion\\\\Run\\\\5cd8f17f4086744065eb0992a09e05a2"",""details"":""\\\""C:\\\\Users\\\\John Williams\\\\AppData\\\\Local\\\\Temp\\\\Trojan.exe\\\"" ..""}}}","\""C:\\Users\\John Williams\\AppData\\Local\\Temp\\Trojan.exe\"" .."
"May 24, 2020 @ 16:26:35.737",14,"ATT&CK T1060: New RUN Key Pointing to Suspicious Folder","""Registry value set:
RuleName: T1060,RunKey
EventType: SetValue
UtcTime: 2020-05-24 16:26:31.246
ProcessGuid: {df9fc3d3-9fd5-5eca-0000-00102b300b00}
ProcessId: 6484
Image: C:\Users\John Williams\AppData\Local\Temp\Trojan.exe
TargetObject: HKU\S-1-5-21-438079597-2123118846-2669748851-1001\Software\Microsoft\Windows\CurrentVersion\Run\5cd8f17f4086744065eb0992a09e05a2
Details: ""C:\Users\John Williams\AppData\Local\Temp\Trojan.exe"" ..""",,"HKU\\S-1-5-21-438079597-2123118846-2669748851-1001\\Software\\Microsoft\\Windows\\CurrentVersion\\Run\\5cd8f17f4086744065eb0992a09e05a2","{""win"":{""system"":{""providerName"":""Microsoft-Windows-Sysmon"",""providerGuid"":""{5770385f-c22a-43e0-bf4c-06f5698ffbd9}"",""eventID"":""13"",""version"":""2"",""level"":""4"",""task"":""13"",""opcode"":""0"",""keywords"":""0x8000000000000000"",""systemTime"":""2020-05-24T16:26:31.248142200Z"",""eventRecordID"":""1919"",""processID"":""2176"",""threadID"":""3164"",""channel"":""Microsoft-Windows-Sysmon/Operational"",""computer"":""DESKTOP-HUE026H"",""severityValue"":""INFORMATION"",""message"":""\""Registry value set:\r\nRuleName: T1060,RunKey\r\nEventType: SetValue\r\nUtcTime: 2020-05-24 16:26:31.246\r\nProcessGuid: {df9fc3d3-9fd5-5eca-0000-00102b300b00}\r\nProcessId: 6484\r\nImage: C:\\Users\\John Williams\\AppData\\Local\\Temp\\Trojan.exe\r\nTargetObject: HKU\\S-1-5-21-438079597-2123118846-2669748851-1001\\Software\\Microsoft\\Windows\\CurrentVersion\\Run\\5cd8f17f4086744065eb0992a09e05a2\r\nDetails: \""C:\\Users\\John Williams\\AppData\\Local\\Temp\\Trojan.exe\"" ..\""""},""eventdata"":{""ruleName"":""T1060,RunKey"",""eventType"":""SetValue"",""utcTime"":""2020-05-24 16:26:31.246"",""processGuid"":""{df9fc3d3-9fd5-5eca-0000-00102b300b00}"",""processId"":""6484"",""image"":""C:\\\\Users\\\\John Williams\\\\AppData\\\\Local\\\\Temp\\\\Trojan.exe"",""targetObject"":""HKU\\\\S-1-5-21-438079597-2123118846-2669748851-1001\\\\Software\\\\Microsoft\\\\Windows\\\\CurrentVersion\\\\Run\\\\5cd8f17f4086744065eb0992a09e05a2"",""details"":""\\\""C:\\\\Users\\\\John Williams\\\\AppData\\\\Local\\\\Temp\\\\Trojan.exe\\\"" ..""}}}","\""C:\\Users\\John Williams\\AppData\\Local\\Temp\\Trojan.exe\"" .."
