"May 24, 2020 @ 16:26:14.096",14,"ATT&CK T1060: New RUN Key Pointing to Suspicious Folder","""Registry value set:
RuleName: T1060,RunKey
EventType: SetValue
UtcTime: 2020-05-24 16:26:08.683
ProcessGuid: {df9fc3d3-9fd5-5eca-0000-00102b300b00}
ProcessId: 6484
Image: C:\Users\John Williams\AppData\Local\Temp\Trojan.exe
TargetObject: HKU\S-1-5-21-438079597-2123118846-2669748851-1001\Software\Microsoft\Windows\CurrentVersion\Run\5cd8f17f4086744065eb0992a09e05a2
Details: ""C:\Users\John Williams\AppData\Local\Temp\Trojan.exe"" ..""",,"HKU\\S-1-5-21-438079597-2123118846-2669748851-1001\\Software\\Microsoft\\Windows\\CurrentVersion\\Run\\5cd8f17f4086744065eb0992a09e05a2","{""win"":{""system"":{""providerName"":""Microsoft-Windows-Sysmon"",""providerGuid"":""{5770385f-c22a-43e0-bf4c-06f5698ffbd9}"",""eventID"":""13"",""version"":""2"",""level"":""4"",""task"":""13"",""opcode"":""0"",""keywords"":""0x8000000000000000"",""systemTime"":""2020-05-24T16:26:08.685402300Z"",""eventRecordID"":""1885"",""processID"":""2176"",""threadID"":""3164"",""channel"":""Microsoft-Windows-Sysmon/Operational"",""computer"":""DESKTOP-HUE026H"",""severityValue"":""INFORMATION"",""message"":""\""Registry value set:\r\nRuleName: T1060,RunKey\r\nEventType: SetValue\r\nUtcTime: 2020-05-24 16:26:08.683\r\nProcessGuid: {df9fc3d3-9fd5-5eca-0000-00102b300b00}\r\nProcessId: 6484\r\nImage: C:\\Users\\John Williams\\AppData\\Local\\Temp\\Trojan.exe\r\nTargetObject: HKU\\S-1-5-21-438079597-2123118846-2669748851-1001\\Software\\Microsoft\\Windows\\CurrentVersion\\Run\\5cd8f17f4086744065eb0992a09e05a2\r\nDetails: \""C:\\Users\\John Williams\\AppData\\Local\\Temp\\Trojan.exe\"" ..\""""},""eventdata"":{""ruleName"":""T1060,RunKey"",""eventType"":""SetValue"",""utcTime"":""2020-05-24 16:26:08.683"",""processGuid"":""{df9fc3d3-9fd5-5eca-0000-00102b300b00}"",""processId"":""6484"",""image"":""C:\\\\Users\\\\John Williams\\\\AppData\\\\Local\\\\Temp\\\\Trojan.exe"",""targetObject"":""HKU\\\\S-1-5-21-438079597-2123118846-2669748851-1001\\\\Software\\\\Microsoft\\\\Windows\\\\CurrentVersion\\\\Run\\\\5cd8f17f4086744065eb0992a09e05a2"",""details"":""\\\""C:\\\\Users\\\\John Williams\\\\AppData\\\\Local\\\\Temp\\\\Trojan.exe\\\"" ..""}}}","\""C:\\Users\\John Williams\\AppData\\Local\\Temp\\Trojan.exe\"" .."
"May 24, 2020 @ 16:26:11.052",14,"ATT&CK T1060: New RUN Key Pointing to Suspicious Folder","""Registry value set:
RuleName: T1060,RunKey
EventType: SetValue
UtcTime: 2020-05-24 16:26:07.652
ProcessGuid: {df9fc3d3-9fd5-5eca-0000-00102b300b00}
ProcessId: 6484
Image: C:\Users\John Williams\AppData\Local\Temp\Trojan.exe
TargetObject: HKU\S-1-5-21-438079597-2123118846-2669748851-1001\Software\Microsoft\Windows\CurrentVersion\Run\5cd8f17f4086744065eb0992a09e05a2
Details: ""C:\Users\John Williams\AppData\Local\Temp\Trojan.exe"" ..""",,"HKU\\S-1-5-21-438079597-2123118846-2669748851-1001\\Software\\Microsoft\\Windows\\CurrentVersion\\Run\\5cd8f17f4086744065eb0992a09e05a2","{""win"":{""system"":{""providerName"":""Microsoft-Windows-Sysmon"",""providerGuid"":""{5770385f-c22a-43e0-bf4c-06f5698ffbd9}"",""eventID"":""13"",""version"":""2"",""level"":""4"",""task"":""13"",""opcode"":""0"",""keywords"":""0x8000000000000000"",""systemTime"":""2020-05-24T16:26:07.653852200Z"",""eventRecordID"":""1884"",""processID"":""2176"",""threadID"":""3164"",""channel"":""Microsoft-Windows-Sysmon/Operational"",""computer"":""DESKTOP-HUE026H"",""severityValue"":""INFORMATION"",""message"":""\""Registry value set:\r\nRuleName: T1060,RunKey\r\nEventType: SetValue\r\nUtcTime: 2020-05-24 16:26:07.652\r\nProcessGuid: {df9fc3d3-9fd5-5eca-0000-00102b300b00}\r\nProcessId: 6484\r\nImage: C:\\Users\\John Williams\\AppData\\Local\\Temp\\Trojan.exe\r\nTargetObject: HKU\\S-1-5-21-438079597-2123118846-2669748851-1001\\Software\\Microsoft\\Windows\\CurrentVersion\\Run\\5cd8f17f4086744065eb0992a09e05a2\r\nDetails: \""C:\\Users\\John Williams\\AppData\\Local\\Temp\\Trojan.exe\"" ..\""""},""eventdata"":{""ruleName"":""T1060,RunKey"",""eventType"":""SetValue"",""utcTime"":""2020-05-24 16:26:07.652"",""processGuid"":""{df9fc3d3-9fd5-5eca-0000-00102b300b00}"",""processId"":""6484"",""image"":""C:\\\\Users\\\\John Williams\\\\AppData\\\\Local\\\\Temp\\\\Trojan.exe"",""targetObject"":""HKU\\\\S-1-5-21-438079597-2123118846-2669748851-1001\\\\Software\\\\Microsoft\\\\Windows\\\\CurrentVersion\\\\Run\\\\5cd8f17f4086744065eb0992a09e05a2"",""details"":""\\\""C:\\\\Users\\\\John Williams\\\\AppData\\\\Local\\\\Temp\\\\Trojan.exe\\\"" ..""}}}","\""C:\\Users\\John Williams\\AppData\\Local\\Temp\\Trojan.exe\"" .."
"May 24, 2020 @ 16:26:10.017",14,"ATT&CK T1060: New RUN Key Pointing to Suspicious Folder","""Registry value set:
RuleName: T1060,RunKey
EventType: SetValue
UtcTime: 2020-05-24 16:26:06.621
ProcessGuid: {df9fc3d3-9fd5-5eca-0000-00102b300b00}
ProcessId: 6484
Image: C:\Users\John Williams\AppData\Local\Temp\Trojan.exe
TargetObject: HKU\S-1-5-21-438079597-2123118846-2669748851-1001\Software\Microsoft\Windows\CurrentVersion\Run\5cd8f17f4086744065eb0992a09e05a2
Details: ""C:\Users\John Williams\AppData\Local\Temp\Trojan.exe"" ..""",,"HKU\\S-1-5-21-438079597-2123118846-2669748851-1001\\Software\\Microsoft\\Windows\\CurrentVersion\\Run\\5cd8f17f4086744065eb0992a09e05a2","{""win"":{""system"":{""providerName"":""Microsoft-Windows-Sysmon"",""providerGuid"":""{5770385f-c22a-43e0-bf4c-06f5698ffbd9}"",""eventID"":""13"",""version"":""2"",""level"":""4"",""task"":""13"",""opcode"":""0"",""keywords"":""0x8000000000000000"",""systemTime"":""2020-05-24T16:26:06.622251900Z"",""eventRecordID"":""1883"",""processID"":""2176"",""threadID"":""3164"",""channel"":""Microsoft-Windows-Sysmon/Operational"",""computer"":""DESKTOP-HUE026H"",""severityValue"":""INFORMATION"",""message"":""\""Registry value set:\r\nRuleName: T1060,RunKey\r\nEventType: SetValue\r\nUtcTime: 2020-05-24 16:26:06.621\r\nProcessGuid: {df9fc3d3-9fd5-5eca-0000-00102b300b00}\r\nProcessId: 6484\r\nImage: C:\\Users\\John Williams\\AppData\\Local\\Temp\\Trojan.exe\r\nTargetObject: HKU\\S-1-5-21-438079597-2123118846-2669748851-1001\\Software\\Microsoft\\Windows\\CurrentVersion\\Run\\5cd8f17f4086744065eb0992a09e05a2\r\nDetails: \""C:\\Users\\John Williams\\AppData\\Local\\Temp\\Trojan.exe\"" ..\""""},""eventdata"":{""ruleName"":""T1060,RunKey"",""eventType"":""SetValue"",""utcTime"":""2020-05-24 16:26:06.621"",""processGuid"":""{df9fc3d3-9fd5-5eca-0000-00102b300b00}"",""processId"":""6484"",""image"":""C:\\\\Users\\\\John Williams\\\\AppData\\\\Local\\\\Temp\\\\Trojan.exe"",""targetObject"":""HKU\\\\S-1-5-21-438079597-2123118846-2669748851-1001\\\\Software\\\\Microsoft\\\\Windows\\\\CurrentVersion\\\\Run\\\\5cd8f17f4086744065eb0992a09e05a2"",""details"":""\\\""C:\\\\Users\\\\John Williams\\\\AppData\\\\Local\\\\Temp\\\\Trojan.exe\\\"" ..""}}}","\""C:\\Users\\John Williams\\AppData\\Local\\Temp\\Trojan.exe\"" .."
"May 24, 2020 @ 16:26:09.002",14,"ATT&CK T1060: New RUN Key Pointing to Suspicious Folder","""Registry value set:
RuleName: T1060,RunKey
EventType: SetValue
UtcTime: 2020-05-24 16:26:05.606
ProcessGuid: {df9fc3d3-9fd5-5eca-0000-00102b300b00}
ProcessId: 6484
Image: C:\Users\John Williams\AppData\Local\Temp\Trojan.exe
TargetObject: HKU\S-1-5-21-438079597-2123118846-2669748851-1001\Software\Microsoft\Windows\CurrentVersion\Run\5cd8f17f4086744065eb0992a09e05a2
Details: ""C:\Users\John Williams\AppData\Local\Temp\Trojan.exe"" ..""",,"HKU\\S-1-5-21-438079597-2123118846-2669748851-1001\\Software\\Microsoft\\Windows\\CurrentVersion\\Run\\5cd8f17f4086744065eb0992a09e05a2","{""win"":{""system"":{""providerName"":""Microsoft-Windows-Sysmon"",""providerGuid"":""{5770385f-c22a-43e0-bf4c-06f5698ffbd9}"",""eventID"":""13"",""version"":""2"",""level"":""4"",""task"":""13"",""opcode"":""0"",""keywords"":""0x8000000000000000"",""systemTime"":""2020-05-24T16:26:05.610310400Z"",""eventRecordID"":""1882"",""processID"":""2176"",""threadID"":""3164"",""channel"":""Microsoft-Windows-Sysmon/Operational"",""computer"":""DESKTOP-HUE026H"",""severityValue"":""INFORMATION"",""message"":""\""Registry value set:\r\nRuleName: T1060,RunKey\r\nEventType: SetValue\r\nUtcTime: 2020-05-24 16:26:05.606\r\nProcessGuid: {df9fc3d3-9fd5-5eca-0000-00102b300b00}\r\nProcessId: 6484\r\nImage: C:\\Users\\John Williams\\AppData\\Local\\Temp\\Trojan.exe\r\nTargetObject: HKU\\S-1-5-21-438079597-2123118846-2669748851-1001\\Software\\Microsoft\\Windows\\CurrentVersion\\Run\\5cd8f17f4086744065eb0992a09e05a2\r\nDetails: \""C:\\Users\\John Williams\\AppData\\Local\\Temp\\Trojan.exe\"" ..\""""},""eventdata"":{""ruleName"":""T1060,RunKey"",""eventType"":""SetValue"",""utcTime"":""2020-05-24 16:26:05.606"",""processGuid"":""{df9fc3d3-9fd5-5eca-0000-00102b300b00}"",""processId"":""6484"",""image"":""C:\\\\Users\\\\John Williams\\\\AppData\\\\Local\\\\Temp\\\\Trojan.exe"",""targetObject"":""HKU\\\\S-1-5-21-438079597-2123118846-2669748851-1001\\\\Software\\\\Microsoft\\\\Windows\\\\CurrentVersion\\\\Run\\\\5cd8f17f4086744065eb0992a09e05a2"",""details"":""\\\""C:\\\\Users\\\\John Williams\\\\AppData\\\\Local\\\\Temp\\\\Trojan.exe\\\"" ..""}}}","\""C:\\Users\\John Williams\\AppData\\Local\\Temp\\Trojan.exe\"" .."
"May 24, 2020 @ 16:26:08.001",14,"ATT&CK T1060: New RUN Key Pointing to Suspicious Folder","""Registry value set:
RuleName: T1060,RunKey
EventType: SetValue
UtcTime: 2020-05-24 16:26:04.590
ProcessGuid: {df9fc3d3-9fd5-5eca-0000-00102b300b00}
ProcessId: 6484
Image: C:\Users\John Williams\AppData\Local\Temp\Trojan.exe
TargetObject: HKU\S-1-5-21-438079597-2123118846-2669748851-1001\Software\Microsoft\Windows\CurrentVersion\Run\5cd8f17f4086744065eb0992a09e05a2
Details: ""C:\Users\John Williams\AppData\Local\Temp\Trojan.exe"" ..""",,"HKU\\S-1-5-21-438079597-2123118846-2669748851-1001\\Software\\Microsoft\\Windows\\CurrentVersion\\Run\\5cd8f17f4086744065eb0992a09e05a2","{""win"":{""system"":{""providerName"":""Microsoft-Windows-Sysmon"",""providerGuid"":""{5770385f-c22a-43e0-bf4c-06f5698ffbd9}"",""eventID"":""13"",""version"":""2"",""level"":""4"",""task"":""13"",""opcode"":""0"",""keywords"":""0x8000000000000000"",""systemTime"":""2020-05-24T16:26:04.592651100Z"",""eventRecordID"":""1875"",""processID"":""2176"",""threadID"":""3164"",""channel"":""Microsoft-Windows-Sysmon/Operational"",""computer"":""DESKTOP-HUE026H"",""severityValue"":""INFORMATION"",""message"":""\""Registry value set:\r\nRuleName: T1060,RunKey\r\nEventType: SetValue\r\nUtcTime: 2020-05-24 16:26:04.590\r\nProcessGuid: {df9fc3d3-9fd5-5eca-0000-00102b300b00}\r\nProcessId: 6484\r\nImage: C:\\Users\\John Williams\\AppData\\Local\\Temp\\Trojan.exe\r\nTargetObject: HKU\\S-1-5-21-438079597-2123118846-2669748851-1001\\Software\\Microsoft\\Windows\\CurrentVersion\\Run\\5cd8f17f4086744065eb0992a09e05a2\r\nDetails: \""C:\\Users\\John Williams\\AppData\\Local\\Temp\\Trojan.exe\"" ..\""""},""eventdata"":{""ruleName"":""T1060,RunKey"",""eventType"":""SetValue"",""utcTime"":""2020-05-24 16:26:04.590"",""processGuid"":""{df9fc3d3-9fd5-5eca-0000-00102b300b00}"",""processId"":""6484"",""image"":""C:\\\\Users\\\\John Williams\\\\AppData\\\\Local\\\\Temp\\\\Trojan.exe"",""targetObject"":""HKU\\\\S-1-5-21-438079597-2123118846-2669748851-1001\\\\Software\\\\Microsoft\\\\Windows\\\\CurrentVersion\\\\Run\\\\5cd8f17f4086744065eb0992a09e05a2"",""details"":""\\\""C:\\\\Users\\\\John Williams\\\\AppData\\\\Local\\\\Temp\\\\Trojan.exe\\\"" ..""}}}","\""C:\\Users\\John Williams\\AppData\\Local\\Temp\\Trojan.exe\"" .."
"May 24, 2020 @ 16:26:06.955",14,"ATT&CK T1060: New RUN Key Pointing to Suspicious Folder","""Registry value set:
RuleName: T1060,RunKey
EventType: SetValue
UtcTime: 2020-05-24 16:26:03.559
ProcessGuid: {df9fc3d3-9fd5-5eca-0000-00102b300b00}
ProcessId: 6484
Image: C:\Users\John Williams\AppData\Local\Temp\Trojan.exe
TargetObject: HKU\S-1-5-21-438079597-2123118846-2669748851-1001\Software\Microsoft\Windows\CurrentVersion\Run\5cd8f17f4086744065eb0992a09e05a2
Details: ""C:\Users\John Williams\AppData\Local\Temp\Trojan.exe"" ..""",,"HKU\\S-1-5-21-438079597-2123118846-2669748851-1001\\Software\\Microsoft\\Windows\\CurrentVersion\\Run\\5cd8f17f4086744065eb0992a09e05a2","{""win"":{""system"":{""providerName"":""Microsoft-Windows-Sysmon"",""providerGuid"":""{5770385f-c22a-43e0-bf4c-06f5698ffbd9}"",""eventID"":""13"",""version"":""2"",""level"":""4"",""task"":""13"",""opcode"":""0"",""keywords"":""0x8000000000000000"",""systemTime"":""2020-05-24T16:26:03.559759300Z"",""eventRecordID"":""1874"",""processID"":""2176"",""threadID"":""3164"",""channel"":""Microsoft-Windows-Sysmon/Operational"",""computer"":""DESKTOP-HUE026H"",""severityValue"":""INFORMATION"",""message"":""\""Registry value set:\r\nRuleName: T1060,RunKey\r\nEventType: SetValue\r\nUtcTime: 2020-05-24 16:26:03.559\r\nProcessGuid: {df9fc3d3-9fd5-5eca-0000-00102b300b00}\r\nProcessId: 6484\r\nImage: C:\\Users\\John Williams\\AppData\\Local\\Temp\\Trojan.exe\r\nTargetObject: HKU\\S-1-5-21-438079597-2123118846-2669748851-1001\\Software\\Microsoft\\Windows\\CurrentVersion\\Run\\5cd8f17f4086744065eb0992a09e05a2\r\nDetails: \""C:\\Users\\John Williams\\AppData\\Local\\Temp\\Trojan.exe\"" ..\""""},""eventdata"":{""ruleName"":""T1060,RunKey"",""eventType"":""SetValue"",""utcTime"":""2020-05-24 16:26:03.559"",""processGuid"":""{df9fc3d3-9fd5-5eca-0000-00102b300b00}"",""processId"":""6484"",""image"":""C:\\\\Users\\\\John Williams\\\\AppData\\\\Local\\\\Temp\\\\Trojan.exe"",""targetObject"":""HKU\\\\S-1-5-21-438079597-2123118846-2669748851-1001\\\\Software\\\\Microsoft\\\\Windows\\\\CurrentVersion\\\\Run\\\\5cd8f17f4086744065eb0992a09e05a2"",""details"":""\\\""C:\\\\Users\\\\John Williams\\\\AppData\\\\Local\\\\Temp\\\\Trojan.exe\\\"" ..""}}}","\""C:\\Users\\John Williams\\AppData\\Local\\Temp\\Trojan.exe\"" .."
"May 24, 2020 @ 16:26:05.939",14,"ATT&CK T1060: New RUN Key Pointing to Suspicious Folder","""Registry value set:
RuleName: T1060,RunKey
EventType: SetValue
UtcTime: 2020-05-24 16:26:02.543
ProcessGuid: {df9fc3d3-9fd5-5eca-0000-00102b300b00}
ProcessId: 6484
Image: C:\Users\John Williams\AppData\Local\Temp\Trojan.exe
TargetObject: HKU\S-1-5-21-438079597-2123118846-2669748851-1001\Software\Microsoft\Windows\CurrentVersion\Run\5cd8f17f4086744065eb0992a09e05a2
Details: ""C:\Users\John Williams\AppData\Local\Temp\Trojan.exe"" ..""",,"HKU\\S-1-5-21-438079597-2123118846-2669748851-1001\\Software\\Microsoft\\Windows\\CurrentVersion\\Run\\5cd8f17f4086744065eb0992a09e05a2","{""win"":{""system"":{""providerName"":""Microsoft-Windows-Sysmon"",""providerGuid"":""{5770385f-c22a-43e0-bf4c-06f5698ffbd9}"",""eventID"":""13"",""version"":""2"",""level"":""4"",""task"":""13"",""opcode"":""0"",""keywords"":""0x8000000000000000"",""systemTime"":""2020-05-24T16:26:02.544262200Z"",""eventRecordID"":""1873"",""processID"":""2176"",""threadID"":""3164"",""channel"":""Microsoft-Windows-Sysmon/Operational"",""computer"":""DESKTOP-HUE026H"",""severityValue"":""INFORMATION"",""message"":""\""Registry value set:\r\nRuleName: T1060,RunKey\r\nEventType: SetValue\r\nUtcTime: 2020-05-24 16:26:02.543\r\nProcessGuid: {df9fc3d3-9fd5-5eca-0000-00102b300b00}\r\nProcessId: 6484\r\nImage: C:\\Users\\John Williams\\AppData\\Local\\Temp\\Trojan.exe\r\nTargetObject: HKU\\S-1-5-21-438079597-2123118846-2669748851-1001\\Software\\Microsoft\\Windows\\CurrentVersion\\Run\\5cd8f17f4086744065eb0992a09e05a2\r\nDetails: \""C:\\Users\\John Williams\\AppData\\Local\\Temp\\Trojan.exe\"" ..\""""},""eventdata"":{""ruleName"":""T1060,RunKey"",""eventType"":""SetValue"",""utcTime"":""2020-05-24 16:26:02.543"",""processGuid"":""{df9fc3d3-9fd5-5eca-0000-00102b300b00}"",""processId"":""6484"",""image"":""C:\\\\Users\\\\John Williams\\\\AppData\\\\Local\\\\Temp\\\\Trojan.exe"",""targetObject"":""HKU\\\\S-1-5-21-438079597-2123118846-2669748851-1001\\\\Software\\\\Microsoft\\\\Windows\\\\CurrentVersion\\\\Run\\\\5cd8f17f4086744065eb0992a09e05a2"",""details"":""\\\""C:\\\\Users\\\\John Williams\\\\AppData\\\\Local\\\\Temp\\\\Trojan.exe\\\"" ..""}}}","\""C:\\Users\\John Williams\\AppData\\Local\\Temp\\Trojan.exe\"" .."
"May 24, 2020 @ 16:26:04.923",14,"ATT&CK T1060: New RUN Key Pointing to Suspicious Folder","""Registry value set:
RuleName: T1060,RunKey
EventType: SetValue
UtcTime: 2020-05-24 16:26:01.527
ProcessGuid: {df9fc3d3-9fd5-5eca-0000-00102b300b00}
ProcessId: 6484
Image: C:\Users\John Williams\AppData\Local\Temp\Trojan.exe
TargetObject: HKU\S-1-5-21-438079597-2123118846-2669748851-1001\Software\Microsoft\Windows\CurrentVersion\Run\5cd8f17f4086744065eb0992a09e05a2
Details: ""C:\Users\John Williams\AppData\Local\Temp\Trojan.exe"" ..""",,"HKU\\S-1-5-21-438079597-2123118846-2669748851-1001\\Software\\Microsoft\\Windows\\CurrentVersion\\Run\\5cd8f17f4086744065eb0992a09e05a2","{""win"":{""system"":{""providerName"":""Microsoft-Windows-Sysmon"",""providerGuid"":""{5770385f-c22a-43e0-bf4c-06f5698ffbd9}"",""eventID"":""13"",""version"":""2"",""level"":""4"",""task"":""13"",""opcode"":""0"",""keywords"":""0x8000000000000000"",""systemTime"":""2020-05-24T16:26:01.530183000Z"",""eventRecordID"":""1872"",""processID"":""2176"",""threadID"":""3164"",""channel"":""Microsoft-Windows-Sysmon/Operational"",""computer"":""DESKTOP-HUE026H"",""severityValue"":""INFORMATION"",""message"":""\""Registry value set:\r\nRuleName: T1060,RunKey\r\nEventType: SetValue\r\nUtcTime: 2020-05-24 16:26:01.527\r\nProcessGuid: {df9fc3d3-9fd5-5eca-0000-00102b300b00}\r\nProcessId: 6484\r\nImage: C:\\Users\\John Williams\\AppData\\Local\\Temp\\Trojan.exe\r\nTargetObject: HKU\\S-1-5-21-438079597-2123118846-2669748851-1001\\Software\\Microsoft\\Windows\\CurrentVersion\\Run\\5cd8f17f4086744065eb0992a09e05a2\r\nDetails: \""C:\\Users\\John Williams\\AppData\\Local\\Temp\\Trojan.exe\"" ..\""""},""eventdata"":{""ruleName"":""T1060,RunKey"",""eventType"":""SetValue"",""utcTime"":""2020-05-24 16:26:01.527"",""processGuid"":""{df9fc3d3-9fd5-5eca-0000-00102b300b00}"",""processId"":""6484"",""image"":""C:\\\\Users\\\\John Williams\\\\AppData\\\\Local\\\\Temp\\\\Trojan.exe"",""targetObject"":""HKU\\\\S-1-5-21-438079597-2123118846-2669748851-1001\\\\Software\\\\Microsoft\\\\Windows\\\\CurrentVersion\\\\Run\\\\5cd8f17f4086744065eb0992a09e05a2"",""details"":""\\\""C:\\\\Users\\\\John Williams\\\\AppData\\\\Local\\\\Temp\\\\Trojan.exe\\\"" ..""}}}","\""C:\\Users\\John Williams\\AppData\\Local\\Temp\\Trojan.exe\"" .."
"May 24, 2020 @ 16:26:03.909",14,"ATT&CK T1060: New RUN Key Pointing to Suspicious Folder","""Registry value set:
RuleName: T1060,RunKey
EventType: SetValue
UtcTime: 2020-05-24 16:26:00.512
ProcessGuid: {df9fc3d3-9fd5-5eca-0000-00102b300b00}
ProcessId: 6484
Image: C:\Users\John Williams\AppData\Local\Temp\Trojan.exe
TargetObject: HKU\S-1-5-21-438079597-2123118846-2669748851-1001\Software\Microsoft\Windows\CurrentVersion\Run\5cd8f17f4086744065eb0992a09e05a2
Details: ""C:\Users\John Williams\AppData\Local\Temp\Trojan.exe"" ..""",,"HKU\\S-1-5-21-438079597-2123118846-2669748851-1001\\Software\\Microsoft\\Windows\\CurrentVersion\\Run\\5cd8f17f4086744065eb0992a09e05a2","{""win"":{""system"":{""providerName"":""Microsoft-Windows-Sysmon"",""providerGuid"":""{5770385f-c22a-43e0-bf4c-06f5698ffbd9}"",""eventID"":""13"",""version"":""2"",""level"":""4"",""task"":""13"",""opcode"":""0"",""keywords"":""0x8000000000000000"",""systemTime"":""2020-05-24T16:26:00.513605200Z"",""eventRecordID"":""1871"",""processID"":""2176"",""threadID"":""3164"",""channel"":""Microsoft-Windows-Sysmon/Operational"",""computer"":""DESKTOP-HUE026H"",""severityValue"":""INFORMATION"",""message"":""\""Registry value set:\r\nRuleName: T1060,RunKey\r\nEventType: SetValue\r\nUtcTime: 2020-05-24 16:26:00.512\r\nProcessGuid: {df9fc3d3-9fd5-5eca-0000-00102b300b00}\r\nProcessId: 6484\r\nImage: C:\\Users\\John Williams\\AppData\\Local\\Temp\\Trojan.exe\r\nTargetObject: HKU\\S-1-5-21-438079597-2123118846-2669748851-1001\\Software\\Microsoft\\Windows\\CurrentVersion\\Run\\5cd8f17f4086744065eb0992a09e05a2\r\nDetails: \""C:\\Users\\John Williams\\AppData\\Local\\Temp\\Trojan.exe\"" ..\""""},""eventdata"":{""ruleName"":""T1060,RunKey"",""eventType"":""SetValue"",""utcTime"":""2020-05-24 16:26:00.512"",""processGuid"":""{df9fc3d3-9fd5-5eca-0000-00102b300b00}"",""processId"":""6484"",""image"":""C:\\\\Users\\\\John Williams\\\\AppData\\\\Local\\\\Temp\\\\Trojan.exe"",""targetObject"":""HKU\\\\S-1-5-21-438079597-2123118846-2669748851-1001\\\\Software\\\\Microsoft\\\\Windows\\\\CurrentVersion\\\\Run\\\\5cd8f17f4086744065eb0992a09e05a2"",""details"":""\\\""C:\\\\Users\\\\John Williams\\\\AppData\\\\Local\\\\Temp\\\\Trojan.exe\\\"" ..""}}}","\""C:\\Users\\John Williams\\AppData\\Local\\Temp\\Trojan.exe\"" .."
"May 24, 2020 @ 16:26:02.954",14,"ATT&CK T1060: New RUN Key Pointing to Suspicious Folder","""Registry value set:
RuleName: T1060,RunKey
EventType: SetValue
UtcTime: 2020-05-24 16:25:59.496
ProcessGuid: {df9fc3d3-9fd5-5eca-0000-00102b300b00}
ProcessId: 6484
Image: C:\Users\John Williams\AppData\Local\Temp\Trojan.exe
TargetObject: HKU\S-1-5-21-438079597-2123118846-2669748851-1001\Software\Microsoft\Windows\CurrentVersion\Run\5cd8f17f4086744065eb0992a09e05a2
Details: ""C:\Users\John Williams\AppData\Local\Temp\Trojan.exe"" ..""",,"HKU\\S-1-5-21-438079597-2123118846-2669748851-1001\\Software\\Microsoft\\Windows\\CurrentVersion\\Run\\5cd8f17f4086744065eb0992a09e05a2","{""win"":{""system"":{""providerName"":""Microsoft-Windows-Sysmon"",""providerGuid"":""{5770385f-c22a-43e0-bf4c-06f5698ffbd9}"",""eventID"":""13"",""version"":""2"",""level"":""4"",""task"":""13"",""opcode"":""0"",""keywords"":""0x8000000000000000"",""systemTime"":""2020-05-24T16:25:59.499257300Z"",""eventRecordID"":""1870"",""processID"":""2176"",""threadID"":""3164"",""channel"":""Microsoft-Windows-Sysmon/Operational"",""computer"":""DESKTOP-HUE026H"",""severityValue"":""INFORMATION"",""message"":""\""Registry value set:\r\nRuleName: T1060,RunKey\r\nEventType: SetValue\r\nUtcTime: 2020-05-24 16:25:59.496\r\nProcessGuid: {df9fc3d3-9fd5-5eca-0000-00102b300b00}\r\nProcessId: 6484\r\nImage: C:\\Users\\John Williams\\AppData\\Local\\Temp\\Trojan.exe\r\nTargetObject: HKU\\S-1-5-21-438079597-2123118846-2669748851-1001\\Software\\Microsoft\\Windows\\CurrentVersion\\Run\\5cd8f17f4086744065eb0992a09e05a2\r\nDetails: \""C:\\Users\\John Williams\\AppData\\Local\\Temp\\Trojan.exe\"" ..\""""},""eventdata"":{""ruleName"":""T1060,RunKey"",""eventType"":""SetValue"",""utcTime"":""2020-05-24 16:25:59.496"",""processGuid"":""{df9fc3d3-9fd5-5eca-0000-00102b300b00}"",""processId"":""6484"",""image"":""C:\\\\Users\\\\John Williams\\\\AppData\\\\Local\\\\Temp\\\\Trojan.exe"",""targetObject"":""HKU\\\\S-1-5-21-438079597-2123118846-2669748851-1001\\\\Software\\\\Microsoft\\\\Windows\\\\CurrentVersion\\\\Run\\\\5cd8f17f4086744065eb0992a09e05a2"",""details"":""\\\""C:\\\\Users\\\\John Williams\\\\AppData\\\\Local\\\\Temp\\\\Trojan.exe\\\"" ..""}}}","\""C:\\Users\\John Williams\\AppData\\Local\\Temp\\Trojan.exe\"" .."
"May 24, 2020 @ 16:26:01.985",14,"ATT&CK T1060: New RUN Key Pointing to Suspicious Folder","""Registry value set:
RuleName: T1060,RunKey
EventType: SetValue
UtcTime: 2020-05-24 16:25:58.480
ProcessGuid: {df9fc3d3-9fd5-5eca-0000-00102b300b00}
ProcessId: 6484
Image: C:\Users\John Williams\AppData\Local\Temp\Trojan.exe
TargetObject: HKU\S-1-5-21-438079597-2123118846-2669748851-1001\Software\Microsoft\Windows\CurrentVersion\Run\5cd8f17f4086744065eb0992a09e05a2
Details: ""C:\Users\John Williams\AppData\Local\Temp\Trojan.exe"" ..""",,"HKU\\S-1-5-21-438079597-2123118846-2669748851-1001\\Software\\Microsoft\\Windows\\CurrentVersion\\Run\\5cd8f17f4086744065eb0992a09e05a2","{""win"":{""system"":{""providerName"":""Microsoft-Windows-Sysmon"",""providerGuid"":""{5770385f-c22a-43e0-bf4c-06f5698ffbd9}"",""eventID"":""13"",""version"":""2"",""level"":""4"",""task"":""13"",""opcode"":""0"",""keywords"":""0x8000000000000000"",""systemTime"":""2020-05-24T16:25:58.482524200Z"",""eventRecordID"":""1869"",""processID"":""2176"",""threadID"":""3164"",""channel"":""Microsoft-Windows-Sysmon/Operational"",""computer"":""DESKTOP-HUE026H"",""severityValue"":""INFORMATION"",""message"":""\""Registry value set:\r\nRuleName: T1060,RunKey\r\nEventType: SetValue\r\nUtcTime: 2020-05-24 16:25:58.480\r\nProcessGuid: {df9fc3d3-9fd5-5eca-0000-00102b300b00}\r\nProcessId: 6484\r\nImage: C:\\Users\\John Williams\\AppData\\Local\\Temp\\Trojan.exe\r\nTargetObject: HKU\\S-1-5-21-438079597-2123118846-2669748851-1001\\Software\\Microsoft\\Windows\\CurrentVersion\\Run\\5cd8f17f4086744065eb0992a09e05a2\r\nDetails: \""C:\\Users\\John Williams\\AppData\\Local\\Temp\\Trojan.exe\"" ..\""""},""eventdata"":{""ruleName"":""T1060,RunKey"",""eventType"":""SetValue"",""utcTime"":""2020-05-24 16:25:58.480"",""processGuid"":""{df9fc3d3-9fd5-5eca-0000-00102b300b00}"",""processId"":""6484"",""image"":""C:\\\\Users\\\\John Williams\\\\AppData\\\\Local\\\\Temp\\\\Trojan.exe"",""targetObject"":""HKU\\\\S-1-5-21-438079597-2123118846-2669748851-1001\\\\Software\\\\Microsoft\\\\Windows\\\\CurrentVersion\\\\Run\\\\5cd8f17f4086744065eb0992a09e05a2"",""details"":""\\\""C:\\\\Users\\\\John Williams\\\\AppData\\\\Local\\\\Temp\\\\Trojan.exe\\\"" ..""}}}","\""C:\\Users\\John Williams\\AppData\\Local\\Temp\\Trojan.exe\"" .."
"May 24, 2020 @ 16:26:01.611",7,"Integrity checksum changed.",,,,"File '[x64] HKEY_LOCAL_MACHINE\Software\Microsoft\Windows NT\CurrentVersion\Winlogon' checksum changed.
Old md5sum was: '496e80acc19637c8daf8c286b6ea10f0'
New md5sum is : '8efb4315bce364ff5fc1ea393021f2d5'
Old sha1sum was: '88ef9e17f6f18f6242bf8a46b383b017d42012b9'
New sha1sum is : '66c3c5bb7b6fc78ac1bba9905a2803f0ab51d3b5'
",
"May 24, 2020 @ 16:26:01.596",7,"Integrity checksum changed.",,,,"File '[x64] HKEY_LOCAL_MACHINE\Software\Microsoft\Windows NT\CurrentVersion\Winlogon\VolatileUserMgrKey\1\S-1-5-21-438079597-2123118846-2669748851-1001' checksum changed.
Old md5sum was: '89598d32459256342f73e9b832b618dc'
New md5sum is : 'bac6942daff7935ddffecaf1ad4a5459'
Old sha1sum was: '68aacf23a86d664018607a7fc5d1379269af8643'
New sha1sum is : '5e5d36881472a35a5cc8de540bac37b1760f64d4'
",
"May 24, 2020 @ 16:26:00.845",14,"ATT&CK T1060: New RUN Key Pointing to Suspicious Folder","""Registry value set:
RuleName: T1060,RunKey
EventType: SetValue
UtcTime: 2020-05-24 16:25:57.449
ProcessGuid: {df9fc3d3-9fd5-5eca-0000-00102b300b00}
ProcessId: 6484
Image: C:\Users\John Williams\AppData\Local\Temp\Trojan.exe
TargetObject: HKU\S-1-5-21-438079597-2123118846-2669748851-1001\Software\Microsoft\Windows\CurrentVersion\Run\5cd8f17f4086744065eb0992a09e05a2
Details: ""C:\Users\John Williams\AppData\Local\Temp\Trojan.exe"" ..""",,"HKU\\S-1-5-21-438079597-2123118846-2669748851-1001\\Software\\Microsoft\\Windows\\CurrentVersion\\Run\\5cd8f17f4086744065eb0992a09e05a2","{""win"":{""system"":{""providerName"":""Microsoft-Windows-Sysmon"",""providerGuid"":""{5770385f-c22a-43e0-bf4c-06f5698ffbd9}"",""eventID"":""13"",""version"":""2"",""level"":""4"",""task"":""13"",""opcode"":""0"",""keywords"":""0x8000000000000000"",""systemTime"":""2020-05-24T16:25:57.451113000Z"",""eventRecordID"":""1868"",""processID"":""2176"",""threadID"":""3164"",""channel"":""Microsoft-Windows-Sysmon/Operational"",""computer"":""DESKTOP-HUE026H"",""severityValue"":""INFORMATION"",""message"":""\""Registry value set:\r\nRuleName: T1060,RunKey\r\nEventType: SetValue\r\nUtcTime: 2020-05-24 16:25:57.449\r\nProcessGuid: {df9fc3d3-9fd5-5eca-0000-00102b300b00}\r\nProcessId: 6484\r\nImage: C:\\Users\\John Williams\\AppData\\Local\\Temp\\Trojan.exe\r\nTargetObject: HKU\\S-1-5-21-438079597-2123118846-2669748851-1001\\Software\\Microsoft\\Windows\\CurrentVersion\\Run\\5cd8f17f4086744065eb0992a09e05a2\r\nDetails: \""C:\\Users\\John Williams\\AppData\\Local\\Temp\\Trojan.exe\"" ..\""""},""eventdata"":{""ruleName"":""T1060,RunKey"",""eventType"":""SetValue"",""utcTime"":""2020-05-24 16:25:57.449"",""processGuid"":""{df9fc3d3-9fd5-5eca-0000-00102b300b00}"",""processId"":""6484"",""image"":""C:\\\\Users\\\\John Williams\\\\AppData\\\\Local\\\\Temp\\\\Trojan.exe"",""targetObject"":""HKU\\\\S-1-5-21-438079597-2123118846-2669748851-1001\\\\Software\\\\Microsoft\\\\Windows\\\\CurrentVersion\\\\Run\\\\5cd8f17f4086744065eb0992a09e05a2"",""details"":""\\\""C:\\\\Users\\\\John Williams\\\\AppData\\\\Local\\\\Temp\\\\Trojan.exe\\\"" ..""}}}","\""C:\\Users\\John Williams\\AppData\\Local\\Temp\\Trojan.exe\"" .."
"May 24, 2020 @ 16:25:59.814",14,"ATT&CK T1060: New RUN Key Pointing to Suspicious Folder","""Registry value set:
RuleName: T1060,RunKey
EventType: SetValue
UtcTime: 2020-05-24 16:25:56.418
ProcessGuid: {df9fc3d3-9fd5-5eca-0000-00102b300b00}
ProcessId: 6484
Image: C:\Users\John Williams\AppData\Local\Temp\Trojan.exe
TargetObject: HKU\S-1-5-21-438079597-2123118846-2669748851-1001\Software\Microsoft\Windows\CurrentVersion\Run\5cd8f17f4086744065eb0992a09e05a2
Details: ""C:\Users\John Williams\AppData\Local\Temp\Trojan.exe"" ..""",,"HKU\\S-1-5-21-438079597-2123118846-2669748851-1001\\Software\\Microsoft\\Windows\\CurrentVersion\\Run\\5cd8f17f4086744065eb0992a09e05a2","{""win"":{""system"":{""providerName"":""Microsoft-Windows-Sysmon"",""providerGuid"":""{5770385f-c22a-43e0-bf4c-06f5698ffbd9}"",""eventID"":""13"",""version"":""2"",""level"":""4"",""task"":""13"",""opcode"":""0"",""keywords"":""0x8000000000000000"",""systemTime"":""2020-05-24T16:25:56.424343300Z"",""eventRecordID"":""1867"",""processID"":""2176"",""threadID"":""3164"",""channel"":""Microsoft-Windows-Sysmon/Operational"",""computer"":""DESKTOP-HUE026H"",""severityValue"":""INFORMATION"",""message"":""\""Registry value set:\r\nRuleName: T1060,RunKey\r\nEventType: SetValue\r\nUtcTime: 2020-05-24 16:25:56.418\r\nProcessGuid: {df9fc3d3-9fd5-5eca-0000-00102b300b00}\r\nProcessId: 6484\r\nImage: C:\\Users\\John Williams\\AppData\\Local\\Temp\\Trojan.exe\r\nTargetObject: HKU\\S-1-5-21-438079597-2123118846-2669748851-1001\\Software\\Microsoft\\Windows\\CurrentVersion\\Run\\5cd8f17f4086744065eb0992a09e05a2\r\nDetails: \""C:\\Users\\John Williams\\AppData\\Local\\Temp\\Trojan.exe\"" ..\""""},""eventdata"":{""ruleName"":""T1060,RunKey"",""eventType"":""SetValue"",""utcTime"":""2020-05-24 16:25:56.418"",""processGuid"":""{df9fc3d3-9fd5-5eca-0000-00102b300b00}"",""processId"":""6484"",""image"":""C:\\\\Users\\\\John Williams\\\\AppData\\\\Local\\\\Temp\\\\Trojan.exe"",""targetObject"":""HKU\\\\S-1-5-21-438079597-2123118846-2669748851-1001\\\\Software\\\\Microsoft\\\\Windows\\\\CurrentVersion\\\\Run\\\\5cd8f17f4086744065eb0992a09e05a2"",""details"":""\\\""C:\\\\Users\\\\John Williams\\\\AppData\\\\Local\\\\Temp\\\\Trojan.exe\\\"" ..""}}}","\""C:\\Users\\John Williams\\AppData\\Local\\Temp\\Trojan.exe\"" .."
"May 24, 2020 @ 16:25:59.642",7,"Integrity checksum changed.",,,,"File '[x64] HKEY_LOCAL_MACHINE\Software\Microsoft\Internet Explorer' checksum changed.
Old md5sum was: 'd41d8cd98f00b204e9800998ecf8427e'
New md5sum is : '497a8c7081c737f07c267a30b1538ff9'
Old sha1sum was: 'da39a3ee5e6b4b0d3255bfef95601890afd80709'
New sha1sum is : '58d9cdbd07af978efc5e91b8e7a66696280d3b1e'
",
"May 24, 2020 @ 16:25:59.251",14,"ATT&CK T1060: New RUN Key Pointing to Suspicious Folder","""Registry value set:
RuleName: T1060,RunKey
EventType: SetValue
UtcTime: 2020-05-24 16:25:55.387
ProcessGuid: {df9fc3d3-9fd5-5eca-0000-00102b300b00}
ProcessId: 6484
Image: C:\Users\John Williams\AppData\Local\Temp\Trojan.exe
TargetObject: HKU\S-1-5-21-438079597-2123118846-2669748851-1001\Software\Microsoft\Windows\CurrentVersion\Run\5cd8f17f4086744065eb0992a09e05a2
Details: ""C:\Users\John Williams\AppData\Local\Temp\Trojan.exe"" ..""",,"HKU\\S-1-5-21-438079597-2123118846-2669748851-1001\\Software\\Microsoft\\Windows\\CurrentVersion\\Run\\5cd8f17f4086744065eb0992a09e05a2","{""win"":{""system"":{""providerName"":""Microsoft-Windows-Sysmon"",""providerGuid"":""{5770385f-c22a-43e0-bf4c-06f5698ffbd9}"",""eventID"":""13"",""version"":""2"",""level"":""4"",""task"":""13"",""opcode"":""0"",""keywords"":""0x8000000000000000"",""systemTime"":""2020-05-24T16:25:55.388958700Z"",""eventRecordID"":""1866"",""processID"":""2176"",""threadID"":""3164"",""channel"":""Microsoft-Windows-Sysmon/Operational"",""computer"":""DESKTOP-HUE026H"",""severityValue"":""INFORMATION"",""message"":""\""Registry value set:\r\nRuleName: T1060,RunKey\r\nEventType: SetValue\r\nUtcTime: 2020-05-24 16:25:55.387\r\nProcessGuid: {df9fc3d3-9fd5-5eca-0000-00102b300b00}\r\nProcessId: 6484\r\nImage: C:\\Users\\John Williams\\AppData\\Local\\Temp\\Trojan.exe\r\nTargetObject: HKU\\S-1-5-21-438079597-2123118846-2669748851-1001\\Software\\Microsoft\\Windows\\CurrentVersion\\Run\\5cd8f17f4086744065eb0992a09e05a2\r\nDetails: \""C:\\Users\\John Williams\\AppData\\Local\\Temp\\Trojan.exe\"" ..\""""},""eventdata"":{""ruleName"":""T1060,RunKey"",""eventType"":""SetValue"",""utcTime"":""2020-05-24 16:25:55.387"",""processGuid"":""{df9fc3d3-9fd5-5eca-0000-00102b300b00}"",""processId"":""6484"",""image"":""C:\\\\Users\\\\John Williams\\\\AppData\\\\Local\\\\Temp\\\\Trojan.exe"",""targetObject"":""HKU\\\\S-1-5-21-438079597-2123118846-2669748851-1001\\\\Software\\\\Microsoft\\\\Windows\\\\CurrentVersion\\\\Run\\\\5cd8f17f4086744065eb0992a09e05a2"",""details"":""\\\""C:\\\\Users\\\\John Williams\\\\AppData\\\\Local\\\\Temp\\\\Trojan.exe\\\"" ..""}}}","\""C:\\Users\\John Williams\\AppData\\Local\\Temp\\Trojan.exe\"" .."
"May 24, 2020 @ 16:25:58.548",14,"ATT&CK T1060: New RUN Key Pointing to Suspicious Folder","""Registry value set:
RuleName: T1060,RunKey
EventType: SetValue
UtcTime: 2020-05-24 16:25:54.356
ProcessGuid: {df9fc3d3-9fd5-5eca-0000-00102b300b00}
ProcessId: 6484
Image: C:\Users\John Williams\AppData\Local\Temp\Trojan.exe
TargetObject: HKU\S-1-5-21-438079597-2123118846-2669748851-1001\Software\Microsoft\Windows\CurrentVersion\Run\5cd8f17f4086744065eb0992a09e05a2
Details: ""C:\Users\John Williams\AppData\Local\Temp\Trojan.exe"" ..""",,"HKU\\S-1-5-21-438079597-2123118846-2669748851-1001\\Software\\Microsoft\\Windows\\CurrentVersion\\Run\\5cd8f17f4086744065eb0992a09e05a2","{""win"":{""system"":{""providerName"":""Microsoft-Windows-Sysmon"",""providerGuid"":""{5770385f-c22a-43e0-bf4c-06f5698ffbd9}"",""eventID"":""13"",""version"":""2"",""level"":""4"",""task"":""13"",""opcode"":""0"",""keywords"":""0x8000000000000000"",""systemTime"":""2020-05-24T16:25:54.358535800Z"",""eventRecordID"":""1865"",""processID"":""2176"",""threadID"":""3164"",""channel"":""Microsoft-Windows-Sysmon/Operational"",""computer"":""DESKTOP-HUE026H"",""severityValue"":""INFORMATION"",""message"":""\""Registry value set:\r\nRuleName: T1060,RunKey\r\nEventType: SetValue\r\nUtcTime: 2020-05-24 16:25:54.356\r\nProcessGuid: {df9fc3d3-9fd5-5eca-0000-00102b300b00}\r\nProcessId: 6484\r\nImage: C:\\Users\\John Williams\\AppData\\Local\\Temp\\Trojan.exe\r\nTargetObject: HKU\\S-1-5-21-438079597-2123118846-2669748851-1001\\Software\\Microsoft\\Windows\\CurrentVersion\\Run\\5cd8f17f4086744065eb0992a09e05a2\r\nDetails: \""C:\\Users\\John Williams\\AppData\\Local\\Temp\\Trojan.exe\"" ..\""""},""eventdata"":{""ruleName"":""T1060,RunKey"",""eventType"":""SetValue"",""utcTime"":""2020-05-24 16:25:54.356"",""processGuid"":""{df9fc3d3-9fd5-5eca-0000-00102b300b00}"",""processId"":""6484"",""image"":""C:\\\\Users\\\\John Williams\\\\AppData\\\\Local\\\\Temp\\\\Trojan.exe"",""targetObject"":""HKU\\\\S-1-5-21-438079597-2123118846-2669748851-1001\\\\Software\\\\Microsoft\\\\Windows\\\\CurrentVersion\\\\Run\\\\5cd8f17f4086744065eb0992a09e05a2"",""details"":""\\\""C:\\\\Users\\\\John Williams\\\\AppData\\\\Local\\\\Temp\\\\Trojan.exe\\\"" ..""}}}","\""C:\\Users\\John Williams\\AppData\\Local\\Temp\\Trojan.exe\"" .."
"May 24, 2020 @ 16:25:57.142",14,"ATT&CK T1060: New RUN Key Pointing to Suspicious Folder","""Registry value set:
RuleName: T1060,RunKey
EventType: SetValue
UtcTime: 2020-05-24 16:25:53.340
ProcessGuid: {df9fc3d3-9fd5-5eca-0000-00102b300b00}
ProcessId: 6484
Image: C:\Users\John Williams\AppData\Local\Temp\Trojan.exe
TargetObject: HKU\S-1-5-21-438079597-2123118846-2669748851-1001\Software\Microsoft\Windows\CurrentVersion\Run\5cd8f17f4086744065eb0992a09e05a2
Details: ""C:\Users\John Williams\AppData\Local\Temp\Trojan.exe"" ..""",,"HKU\\S-1-5-21-438079597-2123118846-2669748851-1001\\Software\\Microsoft\\Windows\\CurrentVersion\\Run\\5cd8f17f4086744065eb0992a09e05a2","{""win"":{""system"":{""providerName"":""Microsoft-Windows-Sysmon"",""providerGuid"":""{5770385f-c22a-43e0-bf4c-06f5698ffbd9}"",""eventID"":""13"",""version"":""2"",""level"":""4"",""task"":""13"",""opcode"":""0"",""keywords"":""0x8000000000000000"",""systemTime"":""2020-05-24T16:25:53.341294700Z"",""eventRecordID"":""1863"",""processID"":""2176"",""threadID"":""3164"",""channel"":""Microsoft-Windows-Sysmon/Operational"",""computer"":""DESKTOP-HUE026H"",""severityValue"":""INFORMATION"",""message"":""\""Registry value set:\r\nRuleName: T1060,RunKey\r\nEventType: SetValue\r\nUtcTime: 2020-05-24 16:25:53.340\r\nProcessGuid: {df9fc3d3-9fd5-5eca-0000-00102b300b00}\r\nProcessId: 6484\r\nImage: C:\\Users\\John Williams\\AppData\\Local\\Temp\\Trojan.exe\r\nTargetObject: HKU\\S-1-5-21-438079597-2123118846-2669748851-1001\\Software\\Microsoft\\Windows\\CurrentVersion\\Run\\5cd8f17f4086744065eb0992a09e05a2\r\nDetails: \""C:\\Users\\John Williams\\AppData\\Local\\Temp\\Trojan.exe\"" ..\""""},""eventdata"":{""ruleName"":""T1060,RunKey"",""eventType"":""SetValue"",""utcTime"":""2020-05-24 16:25:53.340"",""processGuid"":""{df9fc3d3-9fd5-5eca-0000-00102b300b00}"",""processId"":""6484"",""image"":""C:\\\\Users\\\\John Williams\\\\AppData\\\\Local\\\\Temp\\\\Trojan.exe"",""targetObject"":""HKU\\\\S-1-5-21-438079597-2123118846-2669748851-1001\\\\Software\\\\Microsoft\\\\Windows\\\\CurrentVersion\\\\Run\\\\5cd8f17f4086744065eb0992a09e05a2"",""details"":""\\\""C:\\\\Users\\\\John Williams\\\\AppData\\\\Local\\\\Temp\\\\Trojan.exe\\\"" ..""}}}","\""C:\\Users\\John Williams\\AppData\\Local\\Temp\\Trojan.exe\"" .."
"May 24, 2020 @ 16:25:55.736",14,"ATT&CK T1060: New RUN Key Pointing to Suspicious Folder","""Registry value set:
RuleName: T1060,RunKey
EventType: SetValue
UtcTime: 2020-05-24 16:25:52.324
ProcessGuid: {df9fc3d3-9fd5-5eca-0000-00102b300b00}
ProcessId: 6484
Image: C:\Users\John Williams\AppData\Local\Temp\Trojan.exe
TargetObject: HKU\S-1-5-21-438079597-2123118846-2669748851-1001\Software\Microsoft\Windows\CurrentVersion\Run\5cd8f17f4086744065eb0992a09e05a2
Details: ""C:\Users\John Williams\AppData\Local\Temp\Trojan.exe"" ..""",,"HKU\\S-1-5-21-438079597-2123118846-2669748851-1001\\Software\\Microsoft\\Windows\\CurrentVersion\\Run\\5cd8f17f4086744065eb0992a09e05a2","{""win"":{""system"":{""providerName"":""Microsoft-Windows-Sysmon"",""providerGuid"":""{5770385f-c22a-43e0-bf4c-06f5698ffbd9}"",""eventID"":""13"",""version"":""2"",""level"":""4"",""task"":""13"",""opcode"":""0"",""keywords"":""0x8000000000000000"",""systemTime"":""2020-05-24T16:25:52.329449100Z"",""eventRecordID"":""1861"",""processID"":""2176"",""threadID"":""3164"",""channel"":""Microsoft-Windows-Sysmon/Operational"",""computer"":""DESKTOP-HUE026H"",""severityValue"":""INFORMATION"",""message"":""\""Registry value set:\r\nRuleName: T1060,RunKey\r\nEventType: SetValue\r\nUtcTime: 2020-05-24 16:25:52.324\r\nProcessGuid: {df9fc3d3-9fd5-5eca-0000-00102b300b00}\r\nProcessId: 6484\r\nImage: C:\\Users\\John Williams\\AppData\\Local\\Temp\\Trojan.exe\r\nTargetObject: HKU\\S-1-5-21-438079597-2123118846-2669748851-1001\\Software\\Microsoft\\Windows\\CurrentVersion\\Run\\5cd8f17f4086744065eb0992a09e05a2\r\nDetails: \""C:\\Users\\John Williams\\AppData\\Local\\Temp\\Trojan.exe\"" ..\""""},""eventdata"":{""ruleName"":""T1060,RunKey"",""eventType"":""SetValue"",""utcTime"":""2020-05-24 16:25:52.324"",""processGuid"":""{df9fc3d3-9fd5-5eca-0000-00102b300b00}"",""processId"":""6484"",""image"":""C:\\\\Users\\\\John Williams\\\\AppData\\\\Local\\\\Temp\\\\Trojan.exe"",""targetObject"":""HKU\\\\S-1-5-21-438079597-2123118846-2669748851-1001\\\\Software\\\\Microsoft\\\\Windows\\\\CurrentVersion\\\\Run\\\\5cd8f17f4086744065eb0992a09e05a2"",""details"":""\\\""C:\\\\Users\\\\John Williams\\\\AppData\\\\Local\\\\Temp\\\\Trojan.exe\\\"" ..""}}}","\""C:\\Users\\John Williams\\AppData\\Local\\Temp\\Trojan.exe\"" .."
"May 24, 2020 @ 16:25:54.954",14,"ATT&CK T1060: New RUN Key Pointing to Suspicious Folder","""Registry value set:
RuleName: T1060,RunKey
EventType: SetValue
UtcTime: 2020-05-24 16:25:51.293
ProcessGuid: {df9fc3d3-9fd5-5eca-0000-00102b300b00}
ProcessId: 6484
Image: C:\Users\John Williams\AppData\Local\Temp\Trojan.exe
TargetObject: HKU\S-1-5-21-438079597-2123118846-2669748851-1001\Software\Microsoft\Windows\CurrentVersion\Run\5cd8f17f4086744065eb0992a09e05a2
Details: ""C:\Users\John Williams\AppData\Local\Temp\Trojan.exe"" ..""",,"HKU\\S-1-5-21-438079597-2123118846-2669748851-1001\\Software\\Microsoft\\Windows\\CurrentVersion\\Run\\5cd8f17f4086744065eb0992a09e05a2","{""win"":{""system"":{""providerName"":""Microsoft-Windows-Sysmon"",""providerGuid"":""{5770385f-c22a-43e0-bf4c-06f5698ffbd9}"",""eventID"":""13"",""version"":""2"",""level"":""4"",""task"":""13"",""opcode"":""0"",""keywords"":""0x8000000000000000"",""systemTime"":""2020-05-24T16:25:51.294972000Z"",""eventRecordID"":""1860"",""processID"":""2176"",""threadID"":""3164"",""channel"":""Microsoft-Windows-Sysmon/Operational"",""computer"":""DESKTOP-HUE026H"",""severityValue"":""INFORMATION"",""message"":""\""Registry value set:\r\nRuleName: T1060,RunKey\r\nEventType: SetValue\r\nUtcTime: 2020-05-24 16:25:51.293\r\nProcessGuid: {df9fc3d3-9fd5-5eca-0000-00102b300b00}\r\nProcessId: 6484\r\nImage: C:\\Users\\John Williams\\AppData\\Local\\Temp\\Trojan.exe\r\nTargetObject: HKU\\S-1-5-21-438079597-2123118846-2669748851-1001\\Software\\Microsoft\\Windows\\CurrentVersion\\Run\\5cd8f17f4086744065eb0992a09e05a2\r\nDetails: \""C:\\Users\\John Williams\\AppData\\Local\\Temp\\Trojan.exe\"" ..\""""},""eventdata"":{""ruleName"":""T1060,RunKey"",""eventType"":""SetValue"",""utcTime"":""2020-05-24 16:25:51.293"",""processGuid"":""{df9fc3d3-9fd5-5eca-0000-00102b300b00}"",""processId"":""6484"",""image"":""C:\\\\Users\\\\John Williams\\\\AppData\\\\Local\\\\Temp\\\\Trojan.exe"",""targetObject"":""HKU\\\\S-1-5-21-438079597-2123118846-2669748851-1001\\\\Software\\\\Microsoft\\\\Windows\\\\CurrentVersion\\\\Run\\\\5cd8f17f4086744065eb0992a09e05a2"",""details"":""\\\""C:\\\\Users\\\\John Williams\\\\AppData\\\\Local\\\\Temp\\\\Trojan.exe\\\"" ..""}}}","\""C:\\Users\\John Williams\\AppData\\Local\\Temp\\Trojan.exe\"" .."
"May 24, 2020 @ 16:25:53.751",14,"ATT&CK T1060: New RUN Key Pointing to Suspicious Folder","""Registry value set:
RuleName: T1060,RunKey
EventType: SetValue
UtcTime: 2020-05-24 16:25:50.277
ProcessGuid: {df9fc3d3-9fd5-5eca-0000-00102b300b00}
ProcessId: 6484
Image: C:\Users\John Williams\AppData\Local\Temp\Trojan.exe
TargetObject: HKU\S-1-5-21-438079597-2123118846-2669748851-1001\Software\Microsoft\Windows\CurrentVersion\Run\5cd8f17f4086744065eb0992a09e05a2
Details: ""C:\Users\John Williams\AppData\Local\Temp\Trojan.exe"" ..""",,"HKU\\S-1-5-21-438079597-2123118846-2669748851-1001\\Software\\Microsoft\\Windows\\CurrentVersion\\Run\\5cd8f17f4086744065eb0992a09e05a2","{""win"":{""system"":{""providerName"":""Microsoft-Windows-Sysmon"",""providerGuid"":""{5770385f-c22a-43e0-bf4c-06f5698ffbd9}"",""eventID"":""13"",""version"":""2"",""level"":""4"",""task"":""13"",""opcode"":""0"",""keywords"":""0x8000000000000000"",""systemTime"":""2020-05-24T16:25:50.281203800Z"",""eventRecordID"":""1858"",""processID"":""2176"",""threadID"":""3164"",""channel"":""Microsoft-Windows-Sysmon/Operational"",""computer"":""DESKTOP-HUE026H"",""severityValue"":""INFORMATION"",""message"":""\""Registry value set:\r\nRuleName: T1060,RunKey\r\nEventType: SetValue\r\nUtcTime: 2020-05-24 16:25:50.277\r\nProcessGuid: {df9fc3d3-9fd5-5eca-0000-00102b300b00}\r\nProcessId: 6484\r\nImage: C:\\Users\\John Williams\\AppData\\Local\\Temp\\Trojan.exe\r\nTargetObject: HKU\\S-1-5-21-438079597-2123118846-2669748851-1001\\Software\\Microsoft\\Windows\\CurrentVersion\\Run\\5cd8f17f4086744065eb0992a09e05a2\r\nDetails: \""C:\\Users\\John Williams\\AppData\\Local\\Temp\\Trojan.exe\"" ..\""""},""eventdata"":{""ruleName"":""T1060,RunKey"",""eventType"":""SetValue"",""utcTime"":""2020-05-24 16:25:50.277"",""processGuid"":""{df9fc3d3-9fd5-5eca-0000-00102b300b00}"",""processId"":""6484"",""image"":""C:\\\\Users\\\\John Williams\\\\AppData\\\\Local\\\\Temp\\\\Trojan.exe"",""targetObject"":""HKU\\\\S-1-5-21-438079597-2123118846-2669748851-1001\\\\Software\\\\Microsoft\\\\Windows\\\\CurrentVersion\\\\Run\\\\5cd8f17f4086744065eb0992a09e05a2"",""details"":""\\\""C:\\\\Users\\\\John Williams\\\\AppData\\\\Local\\\\Temp\\\\Trojan.exe\\\"" ..""}}}","\""C:\\Users\\John Williams\\AppData\\Local\\Temp\\Trojan.exe\"" .."
"May 24, 2020 @ 16:25:52.678",14,"ATT&CK T1060: New RUN Key Pointing to Suspicious Folder","""Registry value set:
RuleName: T1060,RunKey
EventType: SetValue
UtcTime: 2020-05-24 16:25:49.246
ProcessGuid: {df9fc3d3-9fd5-5eca-0000-00102b300b00}
ProcessId: 6484
Image: C:\Users\John Williams\AppData\Local\Temp\Trojan.exe
TargetObject: HKU\S-1-5-21-438079597-2123118846-2669748851-1001\Software\Microsoft\Windows\CurrentVersion\Run\5cd8f17f4086744065eb0992a09e05a2
Details: ""C:\Users\John Williams\AppData\Local\Temp\Trojan.exe"" ..""",,"HKU\\S-1-5-21-438079597-2123118846-2669748851-1001\\Software\\Microsoft\\Windows\\CurrentVersion\\Run\\5cd8f17f4086744065eb0992a09e05a2","{""win"":{""system"":{""providerName"":""Microsoft-Windows-Sysmon"",""providerGuid"":""{5770385f-c22a-43e0-bf4c-06f5698ffbd9}"",""eventID"":""13"",""version"":""2"",""level"":""4"",""task"":""13"",""opcode"":""0"",""keywords"":""0x8000000000000000"",""systemTime"":""2020-05-24T16:25:49.251246800Z"",""eventRecordID"":""1857"",""processID"":""2176"",""threadID"":""3164"",""channel"":""Microsoft-Windows-Sysmon/Operational"",""computer"":""DESKTOP-HUE026H"",""severityValue"":""INFORMATION"",""message"":""\""Registry value set:\r\nRuleName: T1060,RunKey\r\nEventType: SetValue\r\nUtcTime: 2020-05-24 16:25:49.246\r\nProcessGuid: {df9fc3d3-9fd5-5eca-0000-00102b300b00}\r\nProcessId: 6484\r\nImage: C:\\Users\\John Williams\\AppData\\Local\\Temp\\Trojan.exe\r\nTargetObject: HKU\\S-1-5-21-438079597-2123118846-2669748851-1001\\Software\\Microsoft\\Windows\\CurrentVersion\\Run\\5cd8f17f4086744065eb0992a09e05a2\r\nDetails: \""C:\\Users\\John Williams\\AppData\\Local\\Temp\\Trojan.exe\"" ..\""""},""eventdata"":{""ruleName"":""T1060,RunKey"",""eventType"":""SetValue"",""utcTime"":""2020-05-24 16:25:49.246"",""processGuid"":""{df9fc3d3-9fd5-5eca-0000-00102b300b00}"",""processId"":""6484"",""image"":""C:\\\\Users\\\\John Williams\\\\AppData\\\\Local\\\\Temp\\\\Trojan.exe"",""targetObject"":""HKU\\\\S-1-5-21-438079597-2123118846-2669748851-1001\\\\Software\\\\Microsoft\\\\Windows\\\\CurrentVersion\\\\Run\\\\5cd8f17f4086744065eb0992a09e05a2"",""details"":""\\\""C:\\\\Users\\\\John Williams\\\\AppData\\\\Local\\\\Temp\\\\Trojan.exe\\\"" ..""}}}","\""C:\\Users\\John Williams\\AppData\\Local\\Temp\\Trojan.exe\"" .."
"May 24, 2020 @ 16:25:52.220",14,"ATT&CK T1060: New RUN Key Pointing to Suspicious Folder","""Registry value set:
RuleName: T1060,RunKey
EventType: SetValue
UtcTime: 2020-05-24 16:25:48.230
ProcessGuid: {df9fc3d3-9fd5-5eca-0000-00102b300b00}
ProcessId: 6484
Image: C:\Users\John Williams\AppData\Local\Temp\Trojan.exe
TargetObject: HKU\S-1-5-21-438079597-2123118846-2669748851-1001\Software\Microsoft\Windows\CurrentVersion\Run\5cd8f17f4086744065eb0992a09e05a2
Details: ""C:\Users\John Williams\AppData\Local\Temp\Trojan.exe"" ..""",,"HKU\\S-1-5-21-438079597-2123118846-2669748851-1001\\Software\\Microsoft\\Windows\\CurrentVersion\\Run\\5cd8f17f4086744065eb0992a09e05a2","{""win"":{""system"":{""providerName"":""Microsoft-Windows-Sysmon"",""providerGuid"":""{5770385f-c22a-43e0-bf4c-06f5698ffbd9}"",""eventID"":""13"",""version"":""2"",""level"":""4"",""task"":""13"",""opcode"":""0"",""keywords"":""0x8000000000000000"",""systemTime"":""2020-05-24T16:25:48.231825600Z"",""eventRecordID"":""1856"",""processID"":""2176"",""threadID"":""3164"",""channel"":""Microsoft-Windows-Sysmon/Operational"",""computer"":""DESKTOP-HUE026H"",""severityValue"":""INFORMATION"",""message"":""\""Registry value set:\r\nRuleName: T1060,RunKey\r\nEventType: SetValue\r\nUtcTime: 2020-05-24 16:25:48.230\r\nProcessGuid: {df9fc3d3-9fd5-5eca-0000-00102b300b00}\r\nProcessId: 6484\r\nImage: C:\\Users\\John Williams\\AppData\\Local\\Temp\\Trojan.exe\r\nTargetObject: HKU\\S-1-5-21-438079597-2123118846-2669748851-1001\\Software\\Microsoft\\Windows\\CurrentVersion\\Run\\5cd8f17f4086744065eb0992a09e05a2\r\nDetails: \""C:\\Users\\John Williams\\AppData\\Local\\Temp\\Trojan.exe\"" ..\""""},""eventdata"":{""ruleName"":""T1060,RunKey"",""eventType"":""SetValue"",""utcTime"":""2020-05-24 16:25:48.230"",""processGuid"":""{df9fc3d3-9fd5-5eca-0000-00102b300b00}"",""processId"":""6484"",""image"":""C:\\\\Users\\\\John Williams\\\\AppData\\\\Local\\\\Temp\\\\Trojan.exe"",""targetObject"":""HKU\\\\S-1-5-21-438079597-2123118846-2669748851-1001\\\\Software\\\\Microsoft\\\\Windows\\\\CurrentVersion\\\\Run\\\\5cd8f17f4086744065eb0992a09e05a2"",""details"":""\\\""C:\\\\Users\\\\John Williams\\\\AppData\\\\Local\\\\Temp\\\\Trojan.exe\\\"" ..""}}}","\""C:\\Users\\John Williams\\AppData\\Local\\Temp\\Trojan.exe\"" .."
