"May 24, 2020 @ 16:23:08.587",14,"ATT&CK T1060: New RUN Key Pointing to Suspicious Folder","""Registry value set:
RuleName: T1060,RunKey
EventType: SetValue
UtcTime: 2020-05-22 13:25:55.455
ProcessGuid: {df9fc3d3-d1c5-5ec7-0000-001082ab2600}
ProcessId: 7072
Image: C:\Users\JOHNWI~1\AppData\Local\Temp\Trojan.exe
TargetObject: HKU\S-1-5-21-438079597-2123118846-2669748851-1001\Software\Microsoft\Windows\CurrentVersion\Run\5cd8f17f4086744065eb0992a09e05a2
Details: ""C:\Users\John Williams\AppData\Local\Temp\Trojan.exe"" ..""",,"HKU\\S-1-5-21-438079597-2123118846-2669748851-1001\\Software\\Microsoft\\Windows\\CurrentVersion\\Run\\5cd8f17f4086744065eb0992a09e05a2","{""win"":{""system"":{""providerName"":""Microsoft-Windows-Sysmon"",""providerGuid"":""{5770385f-c22a-43e0-bf4c-06f5698ffbd9}"",""eventID"":""13"",""version"":""2"",""level"":""4"",""task"":""13"",""opcode"":""0"",""keywords"":""0x8000000000000000"",""systemTime"":""2020-05-22T13:25:55.461176900Z"",""eventRecordID"":""1566"",""processID"":""2292"",""threadID"":""3260"",""channel"":""Microsoft-Windows-Sysmon/Operational"",""computer"":""DESKTOP-HUE026H"",""severityValue"":""INFORMATION"",""message"":""\""Registry value set:\r\nRuleName: T1060,RunKey\r\nEventType: SetValue\r\nUtcTime: 2020-05-22 13:25:55.455\r\nProcessGuid: {df9fc3d3-d1c5-5ec7-0000-001082ab2600}\r\nProcessId: 7072\r\nImage: C:\\Users\\JOHNWI~1\\AppData\\Local\\Temp\\Trojan.exe\r\nTargetObject: HKU\\S-1-5-21-438079597-2123118846-2669748851-1001\\Software\\Microsoft\\Windows\\CurrentVersion\\Run\\5cd8f17f4086744065eb0992a09e05a2\r\nDetails: \""C:\\Users\\John Williams\\AppData\\Local\\Temp\\Trojan.exe\"" ..\""""},""eventdata"":{""ruleName"":""T1060,RunKey"",""eventType"":""SetValue"",""utcTime"":""2020-05-22 13:25:55.455"",""processGuid"":""{df9fc3d3-d1c5-5ec7-0000-001082ab2600}"",""processId"":""7072"",""image"":""C:\\\\Users\\\\JOHNWI~1\\\\AppData\\\\Local\\\\Temp\\\\Trojan.exe"",""targetObject"":""HKU\\\\S-1-5-21-438079597-2123118846-2669748851-1001\\\\Software\\\\Microsoft\\\\Windows\\\\CurrentVersion\\\\Run\\\\5cd8f17f4086744065eb0992a09e05a2"",""details"":""\\\""C:\\\\Users\\\\John Williams\\\\AppData\\\\Local\\\\Temp\\\\Trojan.exe\\\"" ..""}}}","\""C:\\Users\\John Williams\\AppData\\Local\\Temp\\Trojan.exe\"" .."
"May 24, 2020 @ 16:23:07.553",14,"ATT&CK T1060: New RUN Key Pointing to Suspicious Folder","""Registry value set:
RuleName: T1060,RunKey
EventType: SetValue
UtcTime: 2020-05-22 13:25:54.424
ProcessGuid: {df9fc3d3-d1c5-5ec7-0000-001082ab2600}
ProcessId: 7072
Image: C:\Users\JOHNWI~1\AppData\Local\Temp\Trojan.exe
TargetObject: HKU\S-1-5-21-438079597-2123118846-2669748851-1001\Software\Microsoft\Windows\CurrentVersion\Run\5cd8f17f4086744065eb0992a09e05a2
Details: ""C:\Users\John Williams\AppData\Local\Temp\Trojan.exe"" ..""",,"HKU\\S-1-5-21-438079597-2123118846-2669748851-1001\\Software\\Microsoft\\Windows\\CurrentVersion\\Run\\5cd8f17f4086744065eb0992a09e05a2","{""win"":{""system"":{""providerName"":""Microsoft-Windows-Sysmon"",""providerGuid"":""{5770385f-c22a-43e0-bf4c-06f5698ffbd9}"",""eventID"":""13"",""version"":""2"",""level"":""4"",""task"":""13"",""opcode"":""0"",""keywords"":""0x8000000000000000"",""systemTime"":""2020-05-22T13:25:54.431912100Z"",""eventRecordID"":""1563"",""processID"":""2292"",""threadID"":""3260"",""channel"":""Microsoft-Windows-Sysmon/Operational"",""computer"":""DESKTOP-HUE026H"",""severityValue"":""INFORMATION"",""message"":""\""Registry value set:\r\nRuleName: T1060,RunKey\r\nEventType: SetValue\r\nUtcTime: 2020-05-22 13:25:54.424\r\nProcessGuid: {df9fc3d3-d1c5-5ec7-0000-001082ab2600}\r\nProcessId: 7072\r\nImage: C:\\Users\\JOHNWI~1\\AppData\\Local\\Temp\\Trojan.exe\r\nTargetObject: HKU\\S-1-5-21-438079597-2123118846-2669748851-1001\\Software\\Microsoft\\Windows\\CurrentVersion\\Run\\5cd8f17f4086744065eb0992a09e05a2\r\nDetails: \""C:\\Users\\John Williams\\AppData\\Local\\Temp\\Trojan.exe\"" ..\""""},""eventdata"":{""ruleName"":""T1060,RunKey"",""eventType"":""SetValue"",""utcTime"":""2020-05-22 13:25:54.424"",""processGuid"":""{df9fc3d3-d1c5-5ec7-0000-001082ab2600}"",""processId"":""7072"",""image"":""C:\\\\Users\\\\JOHNWI~1\\\\AppData\\\\Local\\\\Temp\\\\Trojan.exe"",""targetObject"":""HKU\\\\S-1-5-21-438079597-2123118846-2669748851-1001\\\\Software\\\\Microsoft\\\\Windows\\\\CurrentVersion\\\\Run\\\\5cd8f17f4086744065eb0992a09e05a2"",""details"":""\\\""C:\\\\Users\\\\John Williams\\\\AppData\\\\Local\\\\Temp\\\\Trojan.exe\\\"" ..""}}}","\""C:\\Users\\John Williams\\AppData\\Local\\Temp\\Trojan.exe\"" .."
"May 24, 2020 @ 16:23:06.537",14,"ATT&CK T1060: New RUN Key Pointing to Suspicious Folder","""Registry value set:
RuleName: T1060,RunKey
EventType: SetValue
UtcTime: 2020-05-22 13:25:53.408
ProcessGuid: {df9fc3d3-d1c5-5ec7-0000-001082ab2600}
ProcessId: 7072
Image: C:\Users\JOHNWI~1\AppData\Local\Temp\Trojan.exe
TargetObject: HKU\S-1-5-21-438079597-2123118846-2669748851-1001\Software\Microsoft\Windows\CurrentVersion\Run\5cd8f17f4086744065eb0992a09e05a2
Details: ""C:\Users\John Williams\AppData\Local\Temp\Trojan.exe"" ..""",,"HKU\\S-1-5-21-438079597-2123118846-2669748851-1001\\Software\\Microsoft\\Windows\\CurrentVersion\\Run\\5cd8f17f4086744065eb0992a09e05a2","{""win"":{""system"":{""providerName"":""Microsoft-Windows-Sysmon"",""providerGuid"":""{5770385f-c22a-43e0-bf4c-06f5698ffbd9}"",""eventID"":""13"",""version"":""2"",""level"":""4"",""task"":""13"",""opcode"":""0"",""keywords"":""0x8000000000000000"",""systemTime"":""2020-05-22T13:25:53.420291600Z"",""eventRecordID"":""1561"",""processID"":""2292"",""threadID"":""3260"",""channel"":""Microsoft-Windows-Sysmon/Operational"",""computer"":""DESKTOP-HUE026H"",""severityValue"":""INFORMATION"",""message"":""\""Registry value set:\r\nRuleName: T1060,RunKey\r\nEventType: SetValue\r\nUtcTime: 2020-05-22 13:25:53.408\r\nProcessGuid: {df9fc3d3-d1c5-5ec7-0000-001082ab2600}\r\nProcessId: 7072\r\nImage: C:\\Users\\JOHNWI~1\\AppData\\Local\\Temp\\Trojan.exe\r\nTargetObject: HKU\\S-1-5-21-438079597-2123118846-2669748851-1001\\Software\\Microsoft\\Windows\\CurrentVersion\\Run\\5cd8f17f4086744065eb0992a09e05a2\r\nDetails: \""C:\\Users\\John Williams\\AppData\\Local\\Temp\\Trojan.exe\"" ..\""""},""eventdata"":{""ruleName"":""T1060,RunKey"",""eventType"":""SetValue"",""utcTime"":""2020-05-22 13:25:53.408"",""processGuid"":""{df9fc3d3-d1c5-5ec7-0000-001082ab2600}"",""processId"":""7072"",""image"":""C:\\\\Users\\\\JOHNWI~1\\\\AppData\\\\Local\\\\Temp\\\\Trojan.exe"",""targetObject"":""HKU\\\\S-1-5-21-438079597-2123118846-2669748851-1001\\\\Software\\\\Microsoft\\\\Windows\\\\CurrentVersion\\\\Run\\\\5cd8f17f4086744065eb0992a09e05a2"",""details"":""\\\""C:\\\\Users\\\\John Williams\\\\AppData\\\\Local\\\\Temp\\\\Trojan.exe\\\"" ..""}}}","\""C:\\Users\\John Williams\\AppData\\Local\\Temp\\Trojan.exe\"" .."
"May 24, 2020 @ 16:23:05.538",14,"ATT&CK T1060: New RUN Key Pointing to Suspicious Folder","""Registry value set:
RuleName: T1060,RunKey
EventType: SetValue
UtcTime: 2020-05-22 13:25:52.393
ProcessGuid: {df9fc3d3-d1c5-5ec7-0000-001082ab2600}
ProcessId: 7072
Image: C:\Users\JOHNWI~1\AppData\Local\Temp\Trojan.exe
TargetObject: HKU\S-1-5-21-438079597-2123118846-2669748851-1001\Software\Microsoft\Windows\CurrentVersion\Run\5cd8f17f4086744065eb0992a09e05a2
Details: ""C:\Users\John Williams\AppData\Local\Temp\Trojan.exe"" ..""",,"HKU\\S-1-5-21-438079597-2123118846-2669748851-1001\\Software\\Microsoft\\Windows\\CurrentVersion\\Run\\5cd8f17f4086744065eb0992a09e05a2","{""win"":{""system"":{""providerName"":""Microsoft-Windows-Sysmon"",""providerGuid"":""{5770385f-c22a-43e0-bf4c-06f5698ffbd9}"",""eventID"":""13"",""version"":""2"",""level"":""4"",""task"":""13"",""opcode"":""0"",""keywords"":""0x8000000000000000"",""systemTime"":""2020-05-22T13:25:52.394518700Z"",""eventRecordID"":""1556"",""processID"":""2292"",""threadID"":""3260"",""channel"":""Microsoft-Windows-Sysmon/Operational"",""computer"":""DESKTOP-HUE026H"",""severityValue"":""INFORMATION"",""message"":""\""Registry value set:\r\nRuleName: T1060,RunKey\r\nEventType: SetValue\r\nUtcTime: 2020-05-22 13:25:52.393\r\nProcessGuid: {df9fc3d3-d1c5-5ec7-0000-001082ab2600}\r\nProcessId: 7072\r\nImage: C:\\Users\\JOHNWI~1\\AppData\\Local\\Temp\\Trojan.exe\r\nTargetObject: HKU\\S-1-5-21-438079597-2123118846-2669748851-1001\\Software\\Microsoft\\Windows\\CurrentVersion\\Run\\5cd8f17f4086744065eb0992a09e05a2\r\nDetails: \""C:\\Users\\John Williams\\AppData\\Local\\Temp\\Trojan.exe\"" ..\""""},""eventdata"":{""ruleName"":""T1060,RunKey"",""eventType"":""SetValue"",""utcTime"":""2020-05-22 13:25:52.393"",""processGuid"":""{df9fc3d3-d1c5-5ec7-0000-001082ab2600}"",""processId"":""7072"",""image"":""C:\\\\Users\\\\JOHNWI~1\\\\AppData\\\\Local\\\\Temp\\\\Trojan.exe"",""targetObject"":""HKU\\\\S-1-5-21-438079597-2123118846-2669748851-1001\\\\Software\\\\Microsoft\\\\Windows\\\\CurrentVersion\\\\Run\\\\5cd8f17f4086744065eb0992a09e05a2"",""details"":""\\\""C:\\\\Users\\\\John Williams\\\\AppData\\\\Local\\\\Temp\\\\Trojan.exe\\\"" ..""}}}","\""C:\\Users\\John Williams\\AppData\\Local\\Temp\\Trojan.exe\"" .."
"May 24, 2020 @ 16:23:04.490",14,"ATT&CK T1060: New RUN Key Pointing to Suspicious Folder","""Registry value set:
RuleName: T1060,RunKey
EventType: SetValue
UtcTime: 2020-05-22 13:25:51.377
ProcessGuid: {df9fc3d3-d1c5-5ec7-0000-001082ab2600}
ProcessId: 7072
Image: C:\Users\JOHNWI~1\AppData\Local\Temp\Trojan.exe
TargetObject: HKU\S-1-5-21-438079597-2123118846-2669748851-1001\Software\Microsoft\Windows\CurrentVersion\Run\5cd8f17f4086744065eb0992a09e05a2
Details: ""C:\Users\John Williams\AppData\Local\Temp\Trojan.exe"" ..""",,"HKU\\S-1-5-21-438079597-2123118846-2669748851-1001\\Software\\Microsoft\\Windows\\CurrentVersion\\Run\\5cd8f17f4086744065eb0992a09e05a2","{""win"":{""system"":{""providerName"":""Microsoft-Windows-Sysmon"",""providerGuid"":""{5770385f-c22a-43e0-bf4c-06f5698ffbd9}"",""eventID"":""13"",""version"":""2"",""level"":""4"",""task"":""13"",""opcode"":""0"",""keywords"":""0x8000000000000000"",""systemTime"":""2020-05-22T13:25:51.377895700Z"",""eventRecordID"":""1554"",""processID"":""2292"",""threadID"":""3260"",""channel"":""Microsoft-Windows-Sysmon/Operational"",""computer"":""DESKTOP-HUE026H"",""severityValue"":""INFORMATION"",""message"":""\""Registry value set:\r\nRuleName: T1060,RunKey\r\nEventType: SetValue\r\nUtcTime: 2020-05-22 13:25:51.377\r\nProcessGuid: {df9fc3d3-d1c5-5ec7-0000-001082ab2600}\r\nProcessId: 7072\r\nImage: C:\\Users\\JOHNWI~1\\AppData\\Local\\Temp\\Trojan.exe\r\nTargetObject: HKU\\S-1-5-21-438079597-2123118846-2669748851-1001\\Software\\Microsoft\\Windows\\CurrentVersion\\Run\\5cd8f17f4086744065eb0992a09e05a2\r\nDetails: \""C:\\Users\\John Williams\\AppData\\Local\\Temp\\Trojan.exe\"" ..\""""},""eventdata"":{""ruleName"":""T1060,RunKey"",""eventType"":""SetValue"",""utcTime"":""2020-05-22 13:25:51.377"",""processGuid"":""{df9fc3d3-d1c5-5ec7-0000-001082ab2600}"",""processId"":""7072"",""image"":""C:\\\\Users\\\\JOHNWI~1\\\\AppData\\\\Local\\\\Temp\\\\Trojan.exe"",""targetObject"":""HKU\\\\S-1-5-21-438079597-2123118846-2669748851-1001\\\\Software\\\\Microsoft\\\\Windows\\\\CurrentVersion\\\\Run\\\\5cd8f17f4086744065eb0992a09e05a2"",""details"":""\\\""C:\\\\Users\\\\John Williams\\\\AppData\\\\Local\\\\Temp\\\\Trojan.exe\\\"" ..""}}}","\""C:\\Users\\John Williams\\AppData\\Local\\Temp\\Trojan.exe\"" .."
"May 24, 2020 @ 16:23:03.380",14,"ATT&CK T1060: New RUN Key Pointing to Suspicious Folder","""Registry value set:
RuleName: T1060,RunKey
EventType: SetValue
UtcTime: 2020-05-22 13:25:50.361
ProcessGuid: {df9fc3d3-d1c5-5ec7-0000-001082ab2600}
ProcessId: 7072
Image: C:\Users\JOHNWI~1\AppData\Local\Temp\Trojan.exe
TargetObject: HKU\S-1-5-21-438079597-2123118846-2669748851-1001\Software\Microsoft\Windows\CurrentVersion\Run\5cd8f17f4086744065eb0992a09e05a2
Details: ""C:\Users\John Williams\AppData\Local\Temp\Trojan.exe"" ..""",,"HKU\\S-1-5-21-438079597-2123118846-2669748851-1001\\Software\\Microsoft\\Windows\\CurrentVersion\\Run\\5cd8f17f4086744065eb0992a09e05a2","{""win"":{""system"":{""providerName"":""Microsoft-Windows-Sysmon"",""providerGuid"":""{5770385f-c22a-43e0-bf4c-06f5698ffbd9}"",""eventID"":""13"",""version"":""2"",""level"":""4"",""task"":""13"",""opcode"":""0"",""keywords"":""0x8000000000000000"",""systemTime"":""2020-05-22T13:25:50.369824700Z"",""eventRecordID"":""1553"",""processID"":""2292"",""threadID"":""3260"",""channel"":""Microsoft-Windows-Sysmon/Operational"",""computer"":""DESKTOP-HUE026H"",""severityValue"":""INFORMATION"",""message"":""\""Registry value set:\r\nRuleName: T1060,RunKey\r\nEventType: SetValue\r\nUtcTime: 2020-05-22 13:25:50.361\r\nProcessGuid: {df9fc3d3-d1c5-5ec7-0000-001082ab2600}\r\nProcessId: 7072\r\nImage: C:\\Users\\JOHNWI~1\\AppData\\Local\\Temp\\Trojan.exe\r\nTargetObject: HKU\\S-1-5-21-438079597-2123118846-2669748851-1001\\Software\\Microsoft\\Windows\\CurrentVersion\\Run\\5cd8f17f4086744065eb0992a09e05a2\r\nDetails: \""C:\\Users\\John Williams\\AppData\\Local\\Temp\\Trojan.exe\"" ..\""""},""eventdata"":{""ruleName"":""T1060,RunKey"",""eventType"":""SetValue"",""utcTime"":""2020-05-22 13:25:50.361"",""processGuid"":""{df9fc3d3-d1c5-5ec7-0000-001082ab2600}"",""processId"":""7072"",""image"":""C:\\\\Users\\\\JOHNWI~1\\\\AppData\\\\Local\\\\Temp\\\\Trojan.exe"",""targetObject"":""HKU\\\\S-1-5-21-438079597-2123118846-2669748851-1001\\\\Software\\\\Microsoft\\\\Windows\\\\CurrentVersion\\\\Run\\\\5cd8f17f4086744065eb0992a09e05a2"",""details"":""\\\""C:\\\\Users\\\\John Williams\\\\AppData\\\\Local\\\\Temp\\\\Trojan.exe\\\"" ..""}}}","\""C:\\Users\\John Williams\\AppData\\Local\\Temp\\Trojan.exe\"" .."
"May 24, 2020 @ 16:23:02.349",14,"ATT&CK T1060: New RUN Key Pointing to Suspicious Folder","""Registry value set:
RuleName: T1060,RunKey
EventType: SetValue
UtcTime: 2020-05-22 13:25:49.346
ProcessGuid: {df9fc3d3-d1c5-5ec7-0000-001082ab2600}
ProcessId: 7072
Image: C:\Users\JOHNWI~1\AppData\Local\Temp\Trojan.exe
TargetObject: HKU\S-1-5-21-438079597-2123118846-2669748851-1001\Software\Microsoft\Windows\CurrentVersion\Run\5cd8f17f4086744065eb0992a09e05a2
Details: ""C:\Users\John Williams\AppData\Local\Temp\Trojan.exe"" ..""",,"HKU\\S-1-5-21-438079597-2123118846-2669748851-1001\\Software\\Microsoft\\Windows\\CurrentVersion\\Run\\5cd8f17f4086744065eb0992a09e05a2","{""win"":{""system"":{""providerName"":""Microsoft-Windows-Sysmon"",""providerGuid"":""{5770385f-c22a-43e0-bf4c-06f5698ffbd9}"",""eventID"":""13"",""version"":""2"",""level"":""4"",""task"":""13"",""opcode"":""0"",""keywords"":""0x8000000000000000"",""systemTime"":""2020-05-22T13:25:49.352085800Z"",""eventRecordID"":""1550"",""processID"":""2292"",""threadID"":""3260"",""channel"":""Microsoft-Windows-Sysmon/Operational"",""computer"":""DESKTOP-HUE026H"",""severityValue"":""INFORMATION"",""message"":""\""Registry value set:\r\nRuleName: T1060,RunKey\r\nEventType: SetValue\r\nUtcTime: 2020-05-22 13:25:49.346\r\nProcessGuid: {df9fc3d3-d1c5-5ec7-0000-001082ab2600}\r\nProcessId: 7072\r\nImage: C:\\Users\\JOHNWI~1\\AppData\\Local\\Temp\\Trojan.exe\r\nTargetObject: HKU\\S-1-5-21-438079597-2123118846-2669748851-1001\\Software\\Microsoft\\Windows\\CurrentVersion\\Run\\5cd8f17f4086744065eb0992a09e05a2\r\nDetails: \""C:\\Users\\John Williams\\AppData\\Local\\Temp\\Trojan.exe\"" ..\""""},""eventdata"":{""ruleName"":""T1060,RunKey"",""eventType"":""SetValue"",""utcTime"":""2020-05-22 13:25:49.346"",""processGuid"":""{df9fc3d3-d1c5-5ec7-0000-001082ab2600}"",""processId"":""7072"",""image"":""C:\\\\Users\\\\JOHNWI~1\\\\AppData\\\\Local\\\\Temp\\\\Trojan.exe"",""targetObject"":""HKU\\\\S-1-5-21-438079597-2123118846-2669748851-1001\\\\Software\\\\Microsoft\\\\Windows\\\\CurrentVersion\\\\Run\\\\5cd8f17f4086744065eb0992a09e05a2"",""details"":""\\\""C:\\\\Users\\\\John Williams\\\\AppData\\\\Local\\\\Temp\\\\Trojan.exe\\\"" ..""}}}","\""C:\\Users\\John Williams\\AppData\\Local\\Temp\\Trojan.exe\"" .."
"May 24, 2020 @ 16:23:00.506",14,"ATT&CK T1060: New RUN Key Pointing to Suspicious Folder","""Registry value set:
RuleName: T1060,RunKey
EventType: SetValue
UtcTime: 2020-05-22 13:25:48.331
ProcessGuid: {df9fc3d3-d1c5-5ec7-0000-001082ab2600}
ProcessId: 7072
Image: C:\Users\JOHNWI~1\AppData\Local\Temp\Trojan.exe
TargetObject: HKU\S-1-5-21-438079597-2123118846-2669748851-1001\Software\Microsoft\Windows\CurrentVersion\Run\5cd8f17f4086744065eb0992a09e05a2
Details: ""C:\Users\John Williams\AppData\Local\Temp\Trojan.exe"" ..""",,"HKU\\S-1-5-21-438079597-2123118846-2669748851-1001\\Software\\Microsoft\\Windows\\CurrentVersion\\Run\\5cd8f17f4086744065eb0992a09e05a2","{""win"":{""system"":{""providerName"":""Microsoft-Windows-Sysmon"",""providerGuid"":""{5770385f-c22a-43e0-bf4c-06f5698ffbd9}"",""eventID"":""13"",""version"":""2"",""level"":""4"",""task"":""13"",""opcode"":""0"",""keywords"":""0x8000000000000000"",""systemTime"":""2020-05-22T13:25:48.333307200Z"",""eventRecordID"":""1548"",""processID"":""2292"",""threadID"":""3260"",""channel"":""Microsoft-Windows-Sysmon/Operational"",""computer"":""DESKTOP-HUE026H"",""severityValue"":""INFORMATION"",""message"":""\""Registry value set:\r\nRuleName: T1060,RunKey\r\nEventType: SetValue\r\nUtcTime: 2020-05-22 13:25:48.331\r\nProcessGuid: {df9fc3d3-d1c5-5ec7-0000-001082ab2600}\r\nProcessId: 7072\r\nImage: C:\\Users\\JOHNWI~1\\AppData\\Local\\Temp\\Trojan.exe\r\nTargetObject: HKU\\S-1-5-21-438079597-2123118846-2669748851-1001\\Software\\Microsoft\\Windows\\CurrentVersion\\Run\\5cd8f17f4086744065eb0992a09e05a2\r\nDetails: \""C:\\Users\\John Williams\\AppData\\Local\\Temp\\Trojan.exe\"" ..\""""},""eventdata"":{""ruleName"":""T1060,RunKey"",""eventType"":""SetValue"",""utcTime"":""2020-05-22 13:25:48.331"",""processGuid"":""{df9fc3d3-d1c5-5ec7-0000-001082ab2600}"",""processId"":""7072"",""image"":""C:\\\\Users\\\\JOHNWI~1\\\\AppData\\\\Local\\\\Temp\\\\Trojan.exe"",""targetObject"":""HKU\\\\S-1-5-21-438079597-2123118846-2669748851-1001\\\\Software\\\\Microsoft\\\\Windows\\\\CurrentVersion\\\\Run\\\\5cd8f17f4086744065eb0992a09e05a2"",""details"":""\\\""C:\\\\Users\\\\John Williams\\\\AppData\\\\Local\\\\Temp\\\\Trojan.exe\\\"" ..""}}}","\""C:\\Users\\John Williams\\AppData\\Local\\Temp\\Trojan.exe\"" .."
"May 24, 2020 @ 16:23:00.475",14,"ATT&CK T1060: New RUN Key Pointing to Suspicious Folder","""Registry value set:
RuleName: T1060,RunKey
EventType: SetValue
UtcTime: 2020-05-22 13:25:47.314
ProcessGuid: {df9fc3d3-d1c5-5ec7-0000-001082ab2600}
ProcessId: 7072
Image: C:\Users\JOHNWI~1\AppData\Local\Temp\Trojan.exe
TargetObject: HKU\S-1-5-21-438079597-2123118846-2669748851-1001\Software\Microsoft\Windows\CurrentVersion\Run\5cd8f17f4086744065eb0992a09e05a2
Details: ""C:\Users\John Williams\AppData\Local\Temp\Trojan.exe"" ..""",,"HKU\\S-1-5-21-438079597-2123118846-2669748851-1001\\Software\\Microsoft\\Windows\\CurrentVersion\\Run\\5cd8f17f4086744065eb0992a09e05a2","{""win"":{""system"":{""providerName"":""Microsoft-Windows-Sysmon"",""providerGuid"":""{5770385f-c22a-43e0-bf4c-06f5698ffbd9}"",""eventID"":""13"",""version"":""2"",""level"":""4"",""task"":""13"",""opcode"":""0"",""keywords"":""0x8000000000000000"",""systemTime"":""2020-05-22T13:25:47.363058900Z"",""eventRecordID"":""1546"",""processID"":""2292"",""threadID"":""3260"",""channel"":""Microsoft-Windows-Sysmon/Operational"",""computer"":""DESKTOP-HUE026H"",""severityValue"":""INFORMATION"",""message"":""\""Registry value set:\r\nRuleName: T1060,RunKey\r\nEventType: SetValue\r\nUtcTime: 2020-05-22 13:25:47.314\r\nProcessGuid: {df9fc3d3-d1c5-5ec7-0000-001082ab2600}\r\nProcessId: 7072\r\nImage: C:\\Users\\JOHNWI~1\\AppData\\Local\\Temp\\Trojan.exe\r\nTargetObject: HKU\\S-1-5-21-438079597-2123118846-2669748851-1001\\Software\\Microsoft\\Windows\\CurrentVersion\\Run\\5cd8f17f4086744065eb0992a09e05a2\r\nDetails: \""C:\\Users\\John Williams\\AppData\\Local\\Temp\\Trojan.exe\"" ..\""""},""eventdata"":{""ruleName"":""T1060,RunKey"",""eventType"":""SetValue"",""utcTime"":""2020-05-22 13:25:47.314"",""processGuid"":""{df9fc3d3-d1c5-5ec7-0000-001082ab2600}"",""processId"":""7072"",""image"":""C:\\\\Users\\\\JOHNWI~1\\\\AppData\\\\Local\\\\Temp\\\\Trojan.exe"",""targetObject"":""HKU\\\\S-1-5-21-438079597-2123118846-2669748851-1001\\\\Software\\\\Microsoft\\\\Windows\\\\CurrentVersion\\\\Run\\\\5cd8f17f4086744065eb0992a09e05a2"",""details"":""\\\""C:\\\\Users\\\\John Williams\\\\AppData\\\\Local\\\\Temp\\\\Trojan.exe\\\"" ..""}}}","\""C:\\Users\\John Williams\\AppData\\Local\\Temp\\Trojan.exe\"" .."
"May 24, 2020 @ 16:22:59.524",14,"ATT&CK T1060: New RUN Key Pointing to Suspicious Folder","""Registry value set:
RuleName: T1060,RunKey
EventType: SetValue
UtcTime: 2020-05-22 13:25:46.283
ProcessGuid: {df9fc3d3-d1c5-5ec7-0000-001082ab2600}
ProcessId: 7072
Image: C:\Users\JOHNWI~1\AppData\Local\Temp\Trojan.exe
TargetObject: HKU\S-1-5-21-438079597-2123118846-2669748851-1001\Software\Microsoft\Windows\CurrentVersion\Run\5cd8f17f4086744065eb0992a09e05a2
Details: ""C:\Users\John Williams\AppData\Local\Temp\Trojan.exe"" ..""",,"HKU\\S-1-5-21-438079597-2123118846-2669748851-1001\\Software\\Microsoft\\Windows\\CurrentVersion\\Run\\5cd8f17f4086744065eb0992a09e05a2","{""win"":{""system"":{""providerName"":""Microsoft-Windows-Sysmon"",""providerGuid"":""{5770385f-c22a-43e0-bf4c-06f5698ffbd9}"",""eventID"":""13"",""version"":""2"",""level"":""4"",""task"":""13"",""opcode"":""0"",""keywords"":""0x8000000000000000"",""systemTime"":""2020-05-22T13:25:46.289162000Z"",""eventRecordID"":""1545"",""processID"":""2292"",""threadID"":""3260"",""channel"":""Microsoft-Windows-Sysmon/Operational"",""computer"":""DESKTOP-HUE026H"",""severityValue"":""INFORMATION"",""message"":""\""Registry value set:\r\nRuleName: T1060,RunKey\r\nEventType: SetValue\r\nUtcTime: 2020-05-22 13:25:46.283\r\nProcessGuid: {df9fc3d3-d1c5-5ec7-0000-001082ab2600}\r\nProcessId: 7072\r\nImage: C:\\Users\\JOHNWI~1\\AppData\\Local\\Temp\\Trojan.exe\r\nTargetObject: HKU\\S-1-5-21-438079597-2123118846-2669748851-1001\\Software\\Microsoft\\Windows\\CurrentVersion\\Run\\5cd8f17f4086744065eb0992a09e05a2\r\nDetails: \""C:\\Users\\John Williams\\AppData\\Local\\Temp\\Trojan.exe\"" ..\""""},""eventdata"":{""ruleName"":""T1060,RunKey"",""eventType"":""SetValue"",""utcTime"":""2020-05-22 13:25:46.283"",""processGuid"":""{df9fc3d3-d1c5-5ec7-0000-001082ab2600}"",""processId"":""7072"",""image"":""C:\\\\Users\\\\JOHNWI~1\\\\AppData\\\\Local\\\\Temp\\\\Trojan.exe"",""targetObject"":""HKU\\\\S-1-5-21-438079597-2123118846-2669748851-1001\\\\Software\\\\Microsoft\\\\Windows\\\\CurrentVersion\\\\Run\\\\5cd8f17f4086744065eb0992a09e05a2"",""details"":""\\\""C:\\\\Users\\\\John Williams\\\\AppData\\\\Local\\\\Temp\\\\Trojan.exe\\\"" ..""}}}","\""C:\\Users\\John Williams\\AppData\\Local\\Temp\\Trojan.exe\"" .."
"May 24, 2020 @ 16:22:58.540",14,"ATT&CK T1060: New RUN Key Pointing to Suspicious Folder","""Registry value set:
RuleName: T1060,RunKey
EventType: SetValue
UtcTime: 2020-05-22 13:25:45.252
ProcessGuid: {df9fc3d3-d1c5-5ec7-0000-001082ab2600}
ProcessId: 7072
Image: C:\Users\JOHNWI~1\AppData\Local\Temp\Trojan.exe
TargetObject: HKU\S-1-5-21-438079597-2123118846-2669748851-1001\Software\Microsoft\Windows\CurrentVersion\Run\5cd8f17f4086744065eb0992a09e05a2
Details: ""C:\Users\John Williams\AppData\Local\Temp\Trojan.exe"" ..""",,"HKU\\S-1-5-21-438079597-2123118846-2669748851-1001\\Software\\Microsoft\\Windows\\CurrentVersion\\Run\\5cd8f17f4086744065eb0992a09e05a2","{""win"":{""system"":{""providerName"":""Microsoft-Windows-Sysmon"",""providerGuid"":""{5770385f-c22a-43e0-bf4c-06f5698ffbd9}"",""eventID"":""13"",""version"":""2"",""level"":""4"",""task"":""13"",""opcode"":""0"",""keywords"":""0x8000000000000000"",""systemTime"":""2020-05-22T13:25:45.257349000Z"",""eventRecordID"":""1543"",""processID"":""2292"",""threadID"":""3260"",""channel"":""Microsoft-Windows-Sysmon/Operational"",""computer"":""DESKTOP-HUE026H"",""severityValue"":""INFORMATION"",""message"":""\""Registry value set:\r\nRuleName: T1060,RunKey\r\nEventType: SetValue\r\nUtcTime: 2020-05-22 13:25:45.252\r\nProcessGuid: {df9fc3d3-d1c5-5ec7-0000-001082ab2600}\r\nProcessId: 7072\r\nImage: C:\\Users\\JOHNWI~1\\AppData\\Local\\Temp\\Trojan.exe\r\nTargetObject: HKU\\S-1-5-21-438079597-2123118846-2669748851-1001\\Software\\Microsoft\\Windows\\CurrentVersion\\Run\\5cd8f17f4086744065eb0992a09e05a2\r\nDetails: \""C:\\Users\\John Williams\\AppData\\Local\\Temp\\Trojan.exe\"" ..\""""},""eventdata"":{""ruleName"":""T1060,RunKey"",""eventType"":""SetValue"",""utcTime"":""2020-05-22 13:25:45.252"",""processGuid"":""{df9fc3d3-d1c5-5ec7-0000-001082ab2600}"",""processId"":""7072"",""image"":""C:\\\\Users\\\\JOHNWI~1\\\\AppData\\\\Local\\\\Temp\\\\Trojan.exe"",""targetObject"":""HKU\\\\S-1-5-21-438079597-2123118846-2669748851-1001\\\\Software\\\\Microsoft\\\\Windows\\\\CurrentVersion\\\\Run\\\\5cd8f17f4086744065eb0992a09e05a2"",""details"":""\\\""C:\\\\Users\\\\John Williams\\\\AppData\\\\Local\\\\Temp\\\\Trojan.exe\\\"" ..""}}}","\""C:\\Users\\John Williams\\AppData\\Local\\Temp\\Trojan.exe\"" .."
"May 24, 2020 @ 16:22:58.443",14,"ATT&CK T1060: New RUN Key Pointing to Suspicious Folder","""Registry value set:
RuleName: T1060,RunKey
EventType: SetValue
UtcTime: 2020-05-22 13:25:44.237
ProcessGuid: {df9fc3d3-d1c5-5ec7-0000-001082ab2600}
ProcessId: 7072
Image: C:\Users\JOHNWI~1\AppData\Local\Temp\Trojan.exe
TargetObject: HKU\S-1-5-21-438079597-2123118846-2669748851-1001\Software\Microsoft\Windows\CurrentVersion\Run\5cd8f17f4086744065eb0992a09e05a2
Details: ""C:\Users\John Williams\AppData\Local\Temp\Trojan.exe"" ..""",,"HKU\\S-1-5-21-438079597-2123118846-2669748851-1001\\Software\\Microsoft\\Windows\\CurrentVersion\\Run\\5cd8f17f4086744065eb0992a09e05a2","{""win"":{""system"":{""providerName"":""Microsoft-Windows-Sysmon"",""providerGuid"":""{5770385f-c22a-43e0-bf4c-06f5698ffbd9}"",""eventID"":""13"",""version"":""2"",""level"":""4"",""task"":""13"",""opcode"":""0"",""keywords"":""0x8000000000000000"",""systemTime"":""2020-05-22T13:25:44.239767200Z"",""eventRecordID"":""1537"",""processID"":""2292"",""threadID"":""3260"",""channel"":""Microsoft-Windows-Sysmon/Operational"",""computer"":""DESKTOP-HUE026H"",""severityValue"":""INFORMATION"",""message"":""\""Registry value set:\r\nRuleName: T1060,RunKey\r\nEventType: SetValue\r\nUtcTime: 2020-05-22 13:25:44.237\r\nProcessGuid: {df9fc3d3-d1c5-5ec7-0000-001082ab2600}\r\nProcessId: 7072\r\nImage: C:\\Users\\JOHNWI~1\\AppData\\Local\\Temp\\Trojan.exe\r\nTargetObject: HKU\\S-1-5-21-438079597-2123118846-2669748851-1001\\Software\\Microsoft\\Windows\\CurrentVersion\\Run\\5cd8f17f4086744065eb0992a09e05a2\r\nDetails: \""C:\\Users\\John Williams\\AppData\\Local\\Temp\\Trojan.exe\"" ..\""""},""eventdata"":{""ruleName"":""T1060,RunKey"",""eventType"":""SetValue"",""utcTime"":""2020-05-22 13:25:44.237"",""processGuid"":""{df9fc3d3-d1c5-5ec7-0000-001082ab2600}"",""processId"":""7072"",""image"":""C:\\\\Users\\\\JOHNWI~1\\\\AppData\\\\Local\\\\Temp\\\\Trojan.exe"",""targetObject"":""HKU\\\\S-1-5-21-438079597-2123118846-2669748851-1001\\\\Software\\\\Microsoft\\\\Windows\\\\CurrentVersion\\\\Run\\\\5cd8f17f4086744065eb0992a09e05a2"",""details"":""\\\""C:\\\\Users\\\\John Williams\\\\AppData\\\\Local\\\\Temp\\\\Trojan.exe\\\"" ..""}}}","\""C:\\Users\\John Williams\\AppData\\Local\\Temp\\Trojan.exe\"" .."
"May 24, 2020 @ 16:22:58.396",14,"ATT&CK T1060: New RUN Key Pointing to Suspicious Folder","""Registry value set:
RuleName: T1060,RunKey
EventType: SetValue
UtcTime: 2020-05-22 13:25:43.221
ProcessGuid: {df9fc3d3-d1c5-5ec7-0000-001082ab2600}
ProcessId: 7072
Image: C:\Users\JOHNWI~1\AppData\Local\Temp\Trojan.exe
TargetObject: HKU\S-1-5-21-438079597-2123118846-2669748851-1001\Software\Microsoft\Windows\CurrentVersion\Run\5cd8f17f4086744065eb0992a09e05a2
Details: ""C:\Users\John Williams\AppData\Local\Temp\Trojan.exe"" ..""",,"HKU\\S-1-5-21-438079597-2123118846-2669748851-1001\\Software\\Microsoft\\Windows\\CurrentVersion\\Run\\5cd8f17f4086744065eb0992a09e05a2","{""win"":{""system"":{""providerName"":""Microsoft-Windows-Sysmon"",""providerGuid"":""{5770385f-c22a-43e0-bf4c-06f5698ffbd9}"",""eventID"":""13"",""version"":""2"",""level"":""4"",""task"":""13"",""opcode"":""0"",""keywords"":""0x8000000000000000"",""systemTime"":""2020-05-22T13:25:43.224771900Z"",""eventRecordID"":""1536"",""processID"":""2292"",""threadID"":""3260"",""channel"":""Microsoft-Windows-Sysmon/Operational"",""computer"":""DESKTOP-HUE026H"",""severityValue"":""INFORMATION"",""message"":""\""Registry value set:\r\nRuleName: T1060,RunKey\r\nEventType: SetValue\r\nUtcTime: 2020-05-22 13:25:43.221\r\nProcessGuid: {df9fc3d3-d1c5-5ec7-0000-001082ab2600}\r\nProcessId: 7072\r\nImage: C:\\Users\\JOHNWI~1\\AppData\\Local\\Temp\\Trojan.exe\r\nTargetObject: HKU\\S-1-5-21-438079597-2123118846-2669748851-1001\\Software\\Microsoft\\Windows\\CurrentVersion\\Run\\5cd8f17f4086744065eb0992a09e05a2\r\nDetails: \""C:\\Users\\John Williams\\AppData\\Local\\Temp\\Trojan.exe\"" ..\""""},""eventdata"":{""ruleName"":""T1060,RunKey"",""eventType"":""SetValue"",""utcTime"":""2020-05-22 13:25:43.221"",""processGuid"":""{df9fc3d3-d1c5-5ec7-0000-001082ab2600}"",""processId"":""7072"",""image"":""C:\\\\Users\\\\JOHNWI~1\\\\AppData\\\\Local\\\\Temp\\\\Trojan.exe"",""targetObject"":""HKU\\\\S-1-5-21-438079597-2123118846-2669748851-1001\\\\Software\\\\Microsoft\\\\Windows\\\\CurrentVersion\\\\Run\\\\5cd8f17f4086744065eb0992a09e05a2"",""details"":""\\\""C:\\\\Users\\\\John Williams\\\\AppData\\\\Local\\\\Temp\\\\Trojan.exe\\\"" ..""}}}","\""C:\\Users\\John Williams\\AppData\\Local\\Temp\\Trojan.exe\"" .."
"May 24, 2020 @ 16:22:55.341",14,"ATT&CK T1060: New RUN Key Pointing to Suspicious Folder","""Registry value set:
RuleName: T1060,RunKey
EventType: SetValue
UtcTime: 2020-05-22 13:25:42.206
ProcessGuid: {df9fc3d3-d1c5-5ec7-0000-001082ab2600}
ProcessId: 7072
Image: C:\Users\JOHNWI~1\AppData\Local\Temp\Trojan.exe
TargetObject: HKU\S-1-5-21-438079597-2123118846-2669748851-1001\Software\Microsoft\Windows\CurrentVersion\Run\5cd8f17f4086744065eb0992a09e05a2
Details: ""C:\Users\John Williams\AppData\Local\Temp\Trojan.exe"" ..""",,"HKU\\S-1-5-21-438079597-2123118846-2669748851-1001\\Software\\Microsoft\\Windows\\CurrentVersion\\Run\\5cd8f17f4086744065eb0992a09e05a2","{""win"":{""system"":{""providerName"":""Microsoft-Windows-Sysmon"",""providerGuid"":""{5770385f-c22a-43e0-bf4c-06f5698ffbd9}"",""eventID"":""13"",""version"":""2"",""level"":""4"",""task"":""13"",""opcode"":""0"",""keywords"":""0x8000000000000000"",""systemTime"":""2020-05-22T13:25:42.206897300Z"",""eventRecordID"":""1534"",""processID"":""2292"",""threadID"":""3260"",""channel"":""Microsoft-Windows-Sysmon/Operational"",""computer"":""DESKTOP-HUE026H"",""severityValue"":""INFORMATION"",""message"":""\""Registry value set:\r\nRuleName: T1060,RunKey\r\nEventType: SetValue\r\nUtcTime: 2020-05-22 13:25:42.206\r\nProcessGuid: {df9fc3d3-d1c5-5ec7-0000-001082ab2600}\r\nProcessId: 7072\r\nImage: C:\\Users\\JOHNWI~1\\AppData\\Local\\Temp\\Trojan.exe\r\nTargetObject: HKU\\S-1-5-21-438079597-2123118846-2669748851-1001\\Software\\Microsoft\\Windows\\CurrentVersion\\Run\\5cd8f17f4086744065eb0992a09e05a2\r\nDetails: \""C:\\Users\\John Williams\\AppData\\Local\\Temp\\Trojan.exe\"" ..\""""},""eventdata"":{""ruleName"":""T1060,RunKey"",""eventType"":""SetValue"",""utcTime"":""2020-05-22 13:25:42.206"",""processGuid"":""{df9fc3d3-d1c5-5ec7-0000-001082ab2600}"",""processId"":""7072"",""image"":""C:\\\\Users\\\\JOHNWI~1\\\\AppData\\\\Local\\\\Temp\\\\Trojan.exe"",""targetObject"":""HKU\\\\S-1-5-21-438079597-2123118846-2669748851-1001\\\\Software\\\\Microsoft\\\\Windows\\\\CurrentVersion\\\\Run\\\\5cd8f17f4086744065eb0992a09e05a2"",""details"":""\\\""C:\\\\Users\\\\John Williams\\\\AppData\\\\Local\\\\Temp\\\\Trojan.exe\\\"" ..""}}}","\""C:\\Users\\John Williams\\AppData\\Local\\Temp\\Trojan.exe\"" .."
"May 24, 2020 @ 16:22:53.708",14,"ATT&CK T1060: New RUN Key Pointing to Suspicious Folder","""Registry value set:
RuleName: T1060,RunKey
EventType: SetValue
UtcTime: 2020-05-22 13:25:41.189
ProcessGuid: {df9fc3d3-d1c5-5ec7-0000-001082ab2600}
ProcessId: 7072
Image: C:\Users\JOHNWI~1\AppData\Local\Temp\Trojan.exe
TargetObject: HKU\S-1-5-21-438079597-2123118846-2669748851-1001\Software\Microsoft\Windows\CurrentVersion\Run\5cd8f17f4086744065eb0992a09e05a2
Details: ""C:\Users\John Williams\AppData\Local\Temp\Trojan.exe"" ..""",,"HKU\\S-1-5-21-438079597-2123118846-2669748851-1001\\Software\\Microsoft\\Windows\\CurrentVersion\\Run\\5cd8f17f4086744065eb0992a09e05a2","{""win"":{""system"":{""providerName"":""Microsoft-Windows-Sysmon"",""providerGuid"":""{5770385f-c22a-43e0-bf4c-06f5698ffbd9}"",""eventID"":""13"",""version"":""2"",""level"":""4"",""task"":""13"",""opcode"":""0"",""keywords"":""0x8000000000000000"",""systemTime"":""2020-05-22T13:25:41.196994800Z"",""eventRecordID"":""1533"",""processID"":""2292"",""threadID"":""3260"",""channel"":""Microsoft-Windows-Sysmon/Operational"",""computer"":""DESKTOP-HUE026H"",""severityValue"":""INFORMATION"",""message"":""\""Registry value set:\r\nRuleName: T1060,RunKey\r\nEventType: SetValue\r\nUtcTime: 2020-05-22 13:25:41.189\r\nProcessGuid: {df9fc3d3-d1c5-5ec7-0000-001082ab2600}\r\nProcessId: 7072\r\nImage: C:\\Users\\JOHNWI~1\\AppData\\Local\\Temp\\Trojan.exe\r\nTargetObject: HKU\\S-1-5-21-438079597-2123118846-2669748851-1001\\Software\\Microsoft\\Windows\\CurrentVersion\\Run\\5cd8f17f4086744065eb0992a09e05a2\r\nDetails: \""C:\\Users\\John Williams\\AppData\\Local\\Temp\\Trojan.exe\"" ..\""""},""eventdata"":{""ruleName"":""T1060,RunKey"",""eventType"":""SetValue"",""utcTime"":""2020-05-22 13:25:41.189"",""processGuid"":""{df9fc3d3-d1c5-5ec7-0000-001082ab2600}"",""processId"":""7072"",""image"":""C:\\\\Users\\\\JOHNWI~1\\\\AppData\\\\Local\\\\Temp\\\\Trojan.exe"",""targetObject"":""HKU\\\\S-1-5-21-438079597-2123118846-2669748851-1001\\\\Software\\\\Microsoft\\\\Windows\\\\CurrentVersion\\\\Run\\\\5cd8f17f4086744065eb0992a09e05a2"",""details"":""\\\""C:\\\\Users\\\\John Williams\\\\AppData\\\\Local\\\\Temp\\\\Trojan.exe\\\"" ..""}}}","\""C:\\Users\\John Williams\\AppData\\Local\\Temp\\Trojan.exe\"" .."
"May 24, 2020 @ 16:22:52.336",14,"ATT&CK T1060: New RUN Key Pointing to Suspicious Folder","""Registry value set:
RuleName: T1060,RunKey
EventType: SetValue
UtcTime: 2020-05-22 13:25:40.174
ProcessGuid: {df9fc3d3-d1c5-5ec7-0000-001082ab2600}
ProcessId: 7072
Image: C:\Users\JOHNWI~1\AppData\Local\Temp\Trojan.exe
TargetObject: HKU\S-1-5-21-438079597-2123118846-2669748851-1001\Software\Microsoft\Windows\CurrentVersion\Run\5cd8f17f4086744065eb0992a09e05a2
Details: ""C:\Users\John Williams\AppData\Local\Temp\Trojan.exe"" ..""",,"HKU\\S-1-5-21-438079597-2123118846-2669748851-1001\\Software\\Microsoft\\Windows\\CurrentVersion\\Run\\5cd8f17f4086744065eb0992a09e05a2","{""win"":{""system"":{""providerName"":""Microsoft-Windows-Sysmon"",""providerGuid"":""{5770385f-c22a-43e0-bf4c-06f5698ffbd9}"",""eventID"":""13"",""version"":""2"",""level"":""4"",""task"":""13"",""opcode"":""0"",""keywords"":""0x8000000000000000"",""systemTime"":""2020-05-22T13:25:40.180978500Z"",""eventRecordID"":""1530"",""processID"":""2292"",""threadID"":""3260"",""channel"":""Microsoft-Windows-Sysmon/Operational"",""computer"":""DESKTOP-HUE026H"",""severityValue"":""INFORMATION"",""message"":""\""Registry value set:\r\nRuleName: T1060,RunKey\r\nEventType: SetValue\r\nUtcTime: 2020-05-22 13:25:40.174\r\nProcessGuid: {df9fc3d3-d1c5-5ec7-0000-001082ab2600}\r\nProcessId: 7072\r\nImage: C:\\Users\\JOHNWI~1\\AppData\\Local\\Temp\\Trojan.exe\r\nTargetObject: HKU\\S-1-5-21-438079597-2123118846-2669748851-1001\\Software\\Microsoft\\Windows\\CurrentVersion\\Run\\5cd8f17f4086744065eb0992a09e05a2\r\nDetails: \""C:\\Users\\John Williams\\AppData\\Local\\Temp\\Trojan.exe\"" ..\""""},""eventdata"":{""ruleName"":""T1060,RunKey"",""eventType"":""SetValue"",""utcTime"":""2020-05-22 13:25:40.174"",""processGuid"":""{df9fc3d3-d1c5-5ec7-0000-001082ab2600}"",""processId"":""7072"",""image"":""C:\\\\Users\\\\JOHNWI~1\\\\AppData\\\\Local\\\\Temp\\\\Trojan.exe"",""targetObject"":""HKU\\\\S-1-5-21-438079597-2123118846-2669748851-1001\\\\Software\\\\Microsoft\\\\Windows\\\\CurrentVersion\\\\Run\\\\5cd8f17f4086744065eb0992a09e05a2"",""details"":""\\\""C:\\\\Users\\\\John Williams\\\\AppData\\\\Local\\\\Temp\\\\Trojan.exe\\\"" ..""}}}","\""C:\\Users\\John Williams\\AppData\\Local\\Temp\\Trojan.exe\"" .."
"May 24, 2020 @ 16:22:52.318",14,"ATT&CK T1060: New RUN Key Pointing to Suspicious Folder","""Registry value set:
RuleName: T1060,RunKey
EventType: SetValue
UtcTime: 2020-05-22 13:25:39.158
ProcessGuid: {df9fc3d3-d1c5-5ec7-0000-001082ab2600}
ProcessId: 7072
Image: C:\Users\JOHNWI~1\AppData\Local\Temp\Trojan.exe
TargetObject: HKU\S-1-5-21-438079597-2123118846-2669748851-1001\Software\Microsoft\Windows\CurrentVersion\Run\5cd8f17f4086744065eb0992a09e05a2
Details: ""C:\Users\John Williams\AppData\Local\Temp\Trojan.exe"" ..""",,"HKU\\S-1-5-21-438079597-2123118846-2669748851-1001\\Software\\Microsoft\\Windows\\CurrentVersion\\Run\\5cd8f17f4086744065eb0992a09e05a2","{""win"":{""system"":{""providerName"":""Microsoft-Windows-Sysmon"",""providerGuid"":""{5770385f-c22a-43e0-bf4c-06f5698ffbd9}"",""eventID"":""13"",""version"":""2"",""level"":""4"",""task"":""13"",""opcode"":""0"",""keywords"":""0x8000000000000000"",""systemTime"":""2020-05-22T13:25:39.191709000Z"",""eventRecordID"":""1529"",""processID"":""2292"",""threadID"":""3260"",""channel"":""Microsoft-Windows-Sysmon/Operational"",""computer"":""DESKTOP-HUE026H"",""severityValue"":""INFORMATION"",""message"":""\""Registry value set:\r\nRuleName: T1060,RunKey\r\nEventType: SetValue\r\nUtcTime: 2020-05-22 13:25:39.158\r\nProcessGuid: {df9fc3d3-d1c5-5ec7-0000-001082ab2600}\r\nProcessId: 7072\r\nImage: C:\\Users\\JOHNWI~1\\AppData\\Local\\Temp\\Trojan.exe\r\nTargetObject: HKU\\S-1-5-21-438079597-2123118846-2669748851-1001\\Software\\Microsoft\\Windows\\CurrentVersion\\Run\\5cd8f17f4086744065eb0992a09e05a2\r\nDetails: \""C:\\Users\\John Williams\\AppData\\Local\\Temp\\Trojan.exe\"" ..\""""},""eventdata"":{""ruleName"":""T1060,RunKey"",""eventType"":""SetValue"",""utcTime"":""2020-05-22 13:25:39.158"",""processGuid"":""{df9fc3d3-d1c5-5ec7-0000-001082ab2600}"",""processId"":""7072"",""image"":""C:\\\\Users\\\\JOHNWI~1\\\\AppData\\\\Local\\\\Temp\\\\Trojan.exe"",""targetObject"":""HKU\\\\S-1-5-21-438079597-2123118846-2669748851-1001\\\\Software\\\\Microsoft\\\\Windows\\\\CurrentVersion\\\\Run\\\\5cd8f17f4086744065eb0992a09e05a2"",""details"":""\\\""C:\\\\Users\\\\John Williams\\\\AppData\\\\Local\\\\Temp\\\\Trojan.exe\\\"" ..""}}}","\""C:\\Users\\John Williams\\AppData\\Local\\Temp\\Trojan.exe\"" .."
"May 24, 2020 @ 16:22:51.318",14,"ATT&CK T1060: New RUN Key Pointing to Suspicious Folder","""Registry value set:
RuleName: T1060,RunKey
EventType: SetValue
UtcTime: 2020-05-22 13:25:38.080
ProcessGuid: {df9fc3d3-d1c5-5ec7-0000-001082ab2600}
ProcessId: 7072
Image: C:\Users\JOHNWI~1\AppData\Local\Temp\Trojan.exe
TargetObject: HKU\S-1-5-21-438079597-2123118846-2669748851-1001\Software\Microsoft\Windows\CurrentVersion\Run\5cd8f17f4086744065eb0992a09e05a2
Details: ""C:\Users\John Williams\AppData\Local\Temp\Trojan.exe"" ..""",,"HKU\\S-1-5-21-438079597-2123118846-2669748851-1001\\Software\\Microsoft\\Windows\\CurrentVersion\\Run\\5cd8f17f4086744065eb0992a09e05a2","{""win"":{""system"":{""providerName"":""Microsoft-Windows-Sysmon"",""providerGuid"":""{5770385f-c22a-43e0-bf4c-06f5698ffbd9}"",""eventID"":""13"",""version"":""2"",""level"":""4"",""task"":""13"",""opcode"":""0"",""keywords"":""0x8000000000000000"",""systemTime"":""2020-05-22T13:25:38.092608500Z"",""eventRecordID"":""1527"",""processID"":""2292"",""threadID"":""3260"",""channel"":""Microsoft-Windows-Sysmon/Operational"",""computer"":""DESKTOP-HUE026H"",""severityValue"":""INFORMATION"",""message"":""\""Registry value set:\r\nRuleName: T1060,RunKey\r\nEventType: SetValue\r\nUtcTime: 2020-05-22 13:25:38.080\r\nProcessGuid: {df9fc3d3-d1c5-5ec7-0000-001082ab2600}\r\nProcessId: 7072\r\nImage: C:\\Users\\JOHNWI~1\\AppData\\Local\\Temp\\Trojan.exe\r\nTargetObject: HKU\\S-1-5-21-438079597-2123118846-2669748851-1001\\Software\\Microsoft\\Windows\\CurrentVersion\\Run\\5cd8f17f4086744065eb0992a09e05a2\r\nDetails: \""C:\\Users\\John Williams\\AppData\\Local\\Temp\\Trojan.exe\"" ..\""""},""eventdata"":{""ruleName"":""T1060,RunKey"",""eventType"":""SetValue"",""utcTime"":""2020-05-22 13:25:38.080"",""processGuid"":""{df9fc3d3-d1c5-5ec7-0000-001082ab2600}"",""processId"":""7072"",""image"":""C:\\\\Users\\\\JOHNWI~1\\\\AppData\\\\Local\\\\Temp\\\\Trojan.exe"",""targetObject"":""HKU\\\\S-1-5-21-438079597-2123118846-2669748851-1001\\\\Software\\\\Microsoft\\\\Windows\\\\CurrentVersion\\\\Run\\\\5cd8f17f4086744065eb0992a09e05a2"",""details"":""\\\""C:\\\\Users\\\\John Williams\\\\AppData\\\\Local\\\\Temp\\\\Trojan.exe\\\"" ..""}}}","\""C:\\Users\\John Williams\\AppData\\Local\\Temp\\Trojan.exe\"" .."
"May 24, 2020 @ 16:22:50.185",14,"ATT&CK T1060: New RUN Key Pointing to Suspicious Folder","""Registry value set:
RuleName: T1060,RunKey
EventType: SetValue
UtcTime: 2020-05-22 13:25:37.064
ProcessGuid: {df9fc3d3-d1c5-5ec7-0000-001082ab2600}
ProcessId: 7072
Image: C:\Users\JOHNWI~1\AppData\Local\Temp\Trojan.exe
TargetObject: HKU\S-1-5-21-438079597-2123118846-2669748851-1001\Software\Microsoft\Windows\CurrentVersion\Run\5cd8f17f4086744065eb0992a09e05a2
Details: ""C:\Users\John Williams\AppData\Local\Temp\Trojan.exe"" ..""",,"HKU\\S-1-5-21-438079597-2123118846-2669748851-1001\\Software\\Microsoft\\Windows\\CurrentVersion\\Run\\5cd8f17f4086744065eb0992a09e05a2","{""win"":{""system"":{""providerName"":""Microsoft-Windows-Sysmon"",""providerGuid"":""{5770385f-c22a-43e0-bf4c-06f5698ffbd9}"",""eventID"":""13"",""version"":""2"",""level"":""4"",""task"":""13"",""opcode"":""0"",""keywords"":""0x8000000000000000"",""systemTime"":""2020-05-22T13:25:37.076546700Z"",""eventRecordID"":""1525"",""processID"":""2292"",""threadID"":""3260"",""channel"":""Microsoft-Windows-Sysmon/Operational"",""computer"":""DESKTOP-HUE026H"",""severityValue"":""INFORMATION"",""message"":""\""Registry value set:\r\nRuleName: T1060,RunKey\r\nEventType: SetValue\r\nUtcTime: 2020-05-22 13:25:37.064\r\nProcessGuid: {df9fc3d3-d1c5-5ec7-0000-001082ab2600}\r\nProcessId: 7072\r\nImage: C:\\Users\\JOHNWI~1\\AppData\\Local\\Temp\\Trojan.exe\r\nTargetObject: HKU\\S-1-5-21-438079597-2123118846-2669748851-1001\\Software\\Microsoft\\Windows\\CurrentVersion\\Run\\5cd8f17f4086744065eb0992a09e05a2\r\nDetails: \""C:\\Users\\John Williams\\AppData\\Local\\Temp\\Trojan.exe\"" ..\""""},""eventdata"":{""ruleName"":""T1060,RunKey"",""eventType"":""SetValue"",""utcTime"":""2020-05-22 13:25:37.064"",""processGuid"":""{df9fc3d3-d1c5-5ec7-0000-001082ab2600}"",""processId"":""7072"",""image"":""C:\\\\Users\\\\JOHNWI~1\\\\AppData\\\\Local\\\\Temp\\\\Trojan.exe"",""targetObject"":""HKU\\\\S-1-5-21-438079597-2123118846-2669748851-1001\\\\Software\\\\Microsoft\\\\Windows\\\\CurrentVersion\\\\Run\\\\5cd8f17f4086744065eb0992a09e05a2"",""details"":""\\\""C:\\\\Users\\\\John Williams\\\\AppData\\\\Local\\\\Temp\\\\Trojan.exe\\\"" ..""}}}","\""C:\\Users\\John Williams\\AppData\\Local\\Temp\\Trojan.exe\"" .."
"May 24, 2020 @ 16:22:49.224",14,"ATT&CK T1060: New RUN Key Pointing to Suspicious Folder","""Registry value set:
RuleName: T1060,RunKey
EventType: SetValue
UtcTime: 2020-05-22 13:25:36.049
ProcessGuid: {df9fc3d3-d1c5-5ec7-0000-001082ab2600}
ProcessId: 7072
Image: C:\Users\JOHNWI~1\AppData\Local\Temp\Trojan.exe
TargetObject: HKU\S-1-5-21-438079597-2123118846-2669748851-1001\Software\Microsoft\Windows\CurrentVersion\Run\5cd8f17f4086744065eb0992a09e05a2
Details: ""C:\Users\John Williams\AppData\Local\Temp\Trojan.exe"" ..""",,"HKU\\S-1-5-21-438079597-2123118846-2669748851-1001\\Software\\Microsoft\\Windows\\CurrentVersion\\Run\\5cd8f17f4086744065eb0992a09e05a2","{""win"":{""system"":{""providerName"":""Microsoft-Windows-Sysmon"",""providerGuid"":""{5770385f-c22a-43e0-bf4c-06f5698ffbd9}"",""eventID"":""13"",""version"":""2"",""level"":""4"",""task"":""13"",""opcode"":""0"",""keywords"":""0x8000000000000000"",""systemTime"":""2020-05-22T13:25:36.057247000Z"",""eventRecordID"":""1524"",""processID"":""2292"",""threadID"":""3260"",""channel"":""Microsoft-Windows-Sysmon/Operational"",""computer"":""DESKTOP-HUE026H"",""severityValue"":""INFORMATION"",""message"":""\""Registry value set:\r\nRuleName: T1060,RunKey\r\nEventType: SetValue\r\nUtcTime: 2020-05-22 13:25:36.049\r\nProcessGuid: {df9fc3d3-d1c5-5ec7-0000-001082ab2600}\r\nProcessId: 7072\r\nImage: C:\\Users\\JOHNWI~1\\AppData\\Local\\Temp\\Trojan.exe\r\nTargetObject: HKU\\S-1-5-21-438079597-2123118846-2669748851-1001\\Software\\Microsoft\\Windows\\CurrentVersion\\Run\\5cd8f17f4086744065eb0992a09e05a2\r\nDetails: \""C:\\Users\\John Williams\\AppData\\Local\\Temp\\Trojan.exe\"" ..\""""},""eventdata"":{""ruleName"":""T1060,RunKey"",""eventType"":""SetValue"",""utcTime"":""2020-05-22 13:25:36.049"",""processGuid"":""{df9fc3d3-d1c5-5ec7-0000-001082ab2600}"",""processId"":""7072"",""image"":""C:\\\\Users\\\\JOHNWI~1\\\\AppData\\\\Local\\\\Temp\\\\Trojan.exe"",""targetObject"":""HKU\\\\S-1-5-21-438079597-2123118846-2669748851-1001\\\\Software\\\\Microsoft\\\\Windows\\\\CurrentVersion\\\\Run\\\\5cd8f17f4086744065eb0992a09e05a2"",""details"":""\\\""C:\\\\Users\\\\John Williams\\\\AppData\\\\Local\\\\Temp\\\\Trojan.exe\\\"" ..""}}}","\""C:\\Users\\John Williams\\AppData\\Local\\Temp\\Trojan.exe\"" .."
"May 24, 2020 @ 16:22:48.164",14,"ATT&CK T1060: New RUN Key Pointing to Suspicious Folder","""Registry value set:
RuleName: T1060,RunKey
EventType: SetValue
UtcTime: 2020-05-22 13:25:35.017
ProcessGuid: {df9fc3d3-d1c5-5ec7-0000-001082ab2600}
ProcessId: 7072
Image: C:\Users\JOHNWI~1\AppData\Local\Temp\Trojan.exe
TargetObject: HKU\S-1-5-21-438079597-2123118846-2669748851-1001\Software\Microsoft\Windows\CurrentVersion\Run\5cd8f17f4086744065eb0992a09e05a2
Details: ""C:\Users\John Williams\AppData\Local\Temp\Trojan.exe"" ..""",,"HKU\\S-1-5-21-438079597-2123118846-2669748851-1001\\Software\\Microsoft\\Windows\\CurrentVersion\\Run\\5cd8f17f4086744065eb0992a09e05a2","{""win"":{""system"":{""providerName"":""Microsoft-Windows-Sysmon"",""providerGuid"":""{5770385f-c22a-43e0-bf4c-06f5698ffbd9}"",""eventID"":""13"",""version"":""2"",""level"":""4"",""task"":""13"",""opcode"":""0"",""keywords"":""0x8000000000000000"",""systemTime"":""2020-05-22T13:25:35.020292700Z"",""eventRecordID"":""1522"",""processID"":""2292"",""threadID"":""3260"",""channel"":""Microsoft-Windows-Sysmon/Operational"",""computer"":""DESKTOP-HUE026H"",""severityValue"":""INFORMATION"",""message"":""\""Registry value set:\r\nRuleName: T1060,RunKey\r\nEventType: SetValue\r\nUtcTime: 2020-05-22 13:25:35.017\r\nProcessGuid: {df9fc3d3-d1c5-5ec7-0000-001082ab2600}\r\nProcessId: 7072\r\nImage: C:\\Users\\JOHNWI~1\\AppData\\Local\\Temp\\Trojan.exe\r\nTargetObject: HKU\\S-1-5-21-438079597-2123118846-2669748851-1001\\Software\\Microsoft\\Windows\\CurrentVersion\\Run\\5cd8f17f4086744065eb0992a09e05a2\r\nDetails: \""C:\\Users\\John Williams\\AppData\\Local\\Temp\\Trojan.exe\"" ..\""""},""eventdata"":{""ruleName"":""T1060,RunKey"",""eventType"":""SetValue"",""utcTime"":""2020-05-22 13:25:35.017"",""processGuid"":""{df9fc3d3-d1c5-5ec7-0000-001082ab2600}"",""processId"":""7072"",""image"":""C:\\\\Users\\\\JOHNWI~1\\\\AppData\\\\Local\\\\Temp\\\\Trojan.exe"",""targetObject"":""HKU\\\\S-1-5-21-438079597-2123118846-2669748851-1001\\\\Software\\\\Microsoft\\\\Windows\\\\CurrentVersion\\\\Run\\\\5cd8f17f4086744065eb0992a09e05a2"",""details"":""\\\""C:\\\\Users\\\\John Williams\\\\AppData\\\\Local\\\\Temp\\\\Trojan.exe\\\"" ..""}}}","\""C:\\Users\\John Williams\\AppData\\Local\\Temp\\Trojan.exe\"" .."
