"May 24, 2020 @ 16:27:37.815",14,"ATT&CK T1060: New RUN Key Pointing to Suspicious Folder","""Registry value set:
RuleName: T1060,RunKey
EventType: SetValue
UtcTime: 2020-05-24 16:27:34.402
ProcessGuid: {df9fc3d3-9fd5-5eca-0000-00102b300b00}
ProcessId: 6484
Image: C:\Users\John Williams\AppData\Local\Temp\Trojan.exe
TargetObject: HKU\S-1-5-21-438079597-2123118846-2669748851-1001\Software\Microsoft\Windows\CurrentVersion\Run\5cd8f17f4086744065eb0992a09e05a2
Details: ""C:\Users\John Williams\AppData\Local\Temp\Trojan.exe"" ..""",,"HKU\\S-1-5-21-438079597-2123118846-2669748851-1001\\Software\\Microsoft\\Windows\\CurrentVersion\\Run\\5cd8f17f4086744065eb0992a09e05a2","{""win"":{""system"":{""providerName"":""Microsoft-Windows-Sysmon"",""providerGuid"":""{5770385f-c22a-43e0-bf4c-06f5698ffbd9}"",""eventID"":""13"",""version"":""2"",""level"":""4"",""task"":""13"",""opcode"":""0"",""keywords"":""0x8000000000000000"",""systemTime"":""2020-05-24T16:27:34.417196300Z"",""eventRecordID"":""2008"",""processID"":""2176"",""threadID"":""3164"",""channel"":""Microsoft-Windows-Sysmon/Operational"",""computer"":""DESKTOP-HUE026H"",""severityValue"":""INFORMATION"",""message"":""\""Registry value set:\r\nRuleName: T1060,RunKey\r\nEventType: SetValue\r\nUtcTime: 2020-05-24 16:27:34.402\r\nProcessGuid: {df9fc3d3-9fd5-5eca-0000-00102b300b00}\r\nProcessId: 6484\r\nImage: C:\\Users\\John Williams\\AppData\\Local\\Temp\\Trojan.exe\r\nTargetObject: HKU\\S-1-5-21-438079597-2123118846-2669748851-1001\\Software\\Microsoft\\Windows\\CurrentVersion\\Run\\5cd8f17f4086744065eb0992a09e05a2\r\nDetails: \""C:\\Users\\John Williams\\AppData\\Local\\Temp\\Trojan.exe\"" ..\""""},""eventdata"":{""ruleName"":""T1060,RunKey"",""eventType"":""SetValue"",""utcTime"":""2020-05-24 16:27:34.402"",""processGuid"":""{df9fc3d3-9fd5-5eca-0000-00102b300b00}"",""processId"":""6484"",""image"":""C:\\\\Users\\\\John Williams\\\\AppData\\\\Local\\\\Temp\\\\Trojan.exe"",""targetObject"":""HKU\\\\S-1-5-21-438079597-2123118846-2669748851-1001\\\\Software\\\\Microsoft\\\\Windows\\\\CurrentVersion\\\\Run\\\\5cd8f17f4086744065eb0992a09e05a2"",""details"":""\\\""C:\\\\Users\\\\John Williams\\\\AppData\\\\Local\\\\Temp\\\\Trojan.exe\\\"" ..""}}}","\""C:\\Users\\John Williams\\AppData\\Local\\Temp\\Trojan.exe\"" .."
"May 24, 2020 @ 16:27:36.776",14,"ATT&CK T1060: New RUN Key Pointing to Suspicious Folder","""Registry value set:
RuleName: T1060,RunKey
EventType: SetValue
UtcTime: 2020-05-24 16:27:33.371
ProcessGuid: {df9fc3d3-9fd5-5eca-0000-00102b300b00}
ProcessId: 6484
Image: C:\Users\John Williams\AppData\Local\Temp\Trojan.exe
TargetObject: HKU\S-1-5-21-438079597-2123118846-2669748851-1001\Software\Microsoft\Windows\CurrentVersion\Run\5cd8f17f4086744065eb0992a09e05a2
Details: ""C:\Users\John Williams\AppData\Local\Temp\Trojan.exe"" ..""",,"HKU\\S-1-5-21-438079597-2123118846-2669748851-1001\\Software\\Microsoft\\Windows\\CurrentVersion\\Run\\5cd8f17f4086744065eb0992a09e05a2","{""win"":{""system"":{""providerName"":""Microsoft-Windows-Sysmon"",""providerGuid"":""{5770385f-c22a-43e0-bf4c-06f5698ffbd9}"",""eventID"":""13"",""version"":""2"",""level"":""4"",""task"":""13"",""opcode"":""0"",""keywords"":""0x8000000000000000"",""systemTime"":""2020-05-24T16:27:33.375259600Z"",""eventRecordID"":""2007"",""processID"":""2176"",""threadID"":""3164"",""channel"":""Microsoft-Windows-Sysmon/Operational"",""computer"":""DESKTOP-HUE026H"",""severityValue"":""INFORMATION"",""message"":""\""Registry value set:\r\nRuleName: T1060,RunKey\r\nEventType: SetValue\r\nUtcTime: 2020-05-24 16:27:33.371\r\nProcessGuid: {df9fc3d3-9fd5-5eca-0000-00102b300b00}\r\nProcessId: 6484\r\nImage: C:\\Users\\John Williams\\AppData\\Local\\Temp\\Trojan.exe\r\nTargetObject: HKU\\S-1-5-21-438079597-2123118846-2669748851-1001\\Software\\Microsoft\\Windows\\CurrentVersion\\Run\\5cd8f17f4086744065eb0992a09e05a2\r\nDetails: \""C:\\Users\\John Williams\\AppData\\Local\\Temp\\Trojan.exe\"" ..\""""},""eventdata"":{""ruleName"":""T1060,RunKey"",""eventType"":""SetValue"",""utcTime"":""2020-05-24 16:27:33.371"",""processGuid"":""{df9fc3d3-9fd5-5eca-0000-00102b300b00}"",""processId"":""6484"",""image"":""C:\\\\Users\\\\John Williams\\\\AppData\\\\Local\\\\Temp\\\\Trojan.exe"",""targetObject"":""HKU\\\\S-1-5-21-438079597-2123118846-2669748851-1001\\\\Software\\\\Microsoft\\\\Windows\\\\CurrentVersion\\\\Run\\\\5cd8f17f4086744065eb0992a09e05a2"",""details"":""\\\""C:\\\\Users\\\\John Williams\\\\AppData\\\\Local\\\\Temp\\\\Trojan.exe\\\"" ..""}}}","\""C:\\Users\\John Williams\\AppData\\Local\\Temp\\Trojan.exe\"" .."
"May 24, 2020 @ 16:27:35.747",14,"ATT&CK T1060: New RUN Key Pointing to Suspicious Folder","""Registry value set:
RuleName: T1060,RunKey
EventType: SetValue
UtcTime: 2020-05-24 16:27:32.356
ProcessGuid: {df9fc3d3-9fd5-5eca-0000-00102b300b00}
ProcessId: 6484
Image: C:\Users\John Williams\AppData\Local\Temp\Trojan.exe
TargetObject: HKU\S-1-5-21-438079597-2123118846-2669748851-1001\Software\Microsoft\Windows\CurrentVersion\Run\5cd8f17f4086744065eb0992a09e05a2
Details: ""C:\Users\John Williams\AppData\Local\Temp\Trojan.exe"" ..""",,"HKU\\S-1-5-21-438079597-2123118846-2669748851-1001\\Software\\Microsoft\\Windows\\CurrentVersion\\Run\\5cd8f17f4086744065eb0992a09e05a2","{""win"":{""system"":{""providerName"":""Microsoft-Windows-Sysmon"",""providerGuid"":""{5770385f-c22a-43e0-bf4c-06f5698ffbd9}"",""eventID"":""13"",""version"":""2"",""level"":""4"",""task"":""13"",""opcode"":""0"",""keywords"":""0x8000000000000000"",""systemTime"":""2020-05-24T16:27:32.357577900Z"",""eventRecordID"":""2006"",""processID"":""2176"",""threadID"":""3164"",""channel"":""Microsoft-Windows-Sysmon/Operational"",""computer"":""DESKTOP-HUE026H"",""severityValue"":""INFORMATION"",""message"":""\""Registry value set:\r\nRuleName: T1060,RunKey\r\nEventType: SetValue\r\nUtcTime: 2020-05-24 16:27:32.356\r\nProcessGuid: {df9fc3d3-9fd5-5eca-0000-00102b300b00}\r\nProcessId: 6484\r\nImage: C:\\Users\\John Williams\\AppData\\Local\\Temp\\Trojan.exe\r\nTargetObject: HKU\\S-1-5-21-438079597-2123118846-2669748851-1001\\Software\\Microsoft\\Windows\\CurrentVersion\\Run\\5cd8f17f4086744065eb0992a09e05a2\r\nDetails: \""C:\\Users\\John Williams\\AppData\\Local\\Temp\\Trojan.exe\"" ..\""""},""eventdata"":{""ruleName"":""T1060,RunKey"",""eventType"":""SetValue"",""utcTime"":""2020-05-24 16:27:32.356"",""processGuid"":""{df9fc3d3-9fd5-5eca-0000-00102b300b00}"",""processId"":""6484"",""image"":""C:\\\\Users\\\\John Williams\\\\AppData\\\\Local\\\\Temp\\\\Trojan.exe"",""targetObject"":""HKU\\\\S-1-5-21-438079597-2123118846-2669748851-1001\\\\Software\\\\Microsoft\\\\Windows\\\\CurrentVersion\\\\Run\\\\5cd8f17f4086744065eb0992a09e05a2"",""details"":""\\\""C:\\\\Users\\\\John Williams\\\\AppData\\\\Local\\\\Temp\\\\Trojan.exe\\\"" ..""}}}","\""C:\\Users\\John Williams\\AppData\\Local\\Temp\\Trojan.exe\"" .."
"May 24, 2020 @ 16:27:34.746",14,"ATT&CK T1060: New RUN Key Pointing to Suspicious Folder","""Registry value set:
RuleName: T1060,RunKey
EventType: SetValue
UtcTime: 2020-05-24 16:27:31.340
ProcessGuid: {df9fc3d3-9fd5-5eca-0000-00102b300b00}
ProcessId: 6484
Image: C:\Users\John Williams\AppData\Local\Temp\Trojan.exe
TargetObject: HKU\S-1-5-21-438079597-2123118846-2669748851-1001\Software\Microsoft\Windows\CurrentVersion\Run\5cd8f17f4086744065eb0992a09e05a2
Details: ""C:\Users\John Williams\AppData\Local\Temp\Trojan.exe"" ..""",,"HKU\\S-1-5-21-438079597-2123118846-2669748851-1001\\Software\\Microsoft\\Windows\\CurrentVersion\\Run\\5cd8f17f4086744065eb0992a09e05a2","{""win"":{""system"":{""providerName"":""Microsoft-Windows-Sysmon"",""providerGuid"":""{5770385f-c22a-43e0-bf4c-06f5698ffbd9}"",""eventID"":""13"",""version"":""2"",""level"":""4"",""task"":""13"",""opcode"":""0"",""keywords"":""0x8000000000000000"",""systemTime"":""2020-05-24T16:27:31.345210900Z"",""eventRecordID"":""2005"",""processID"":""2176"",""threadID"":""3164"",""channel"":""Microsoft-Windows-Sysmon/Operational"",""computer"":""DESKTOP-HUE026H"",""severityValue"":""INFORMATION"",""message"":""\""Registry value set:\r\nRuleName: T1060,RunKey\r\nEventType: SetValue\r\nUtcTime: 2020-05-24 16:27:31.340\r\nProcessGuid: {df9fc3d3-9fd5-5eca-0000-00102b300b00}\r\nProcessId: 6484\r\nImage: C:\\Users\\John Williams\\AppData\\Local\\Temp\\Trojan.exe\r\nTargetObject: HKU\\S-1-5-21-438079597-2123118846-2669748851-1001\\Software\\Microsoft\\Windows\\CurrentVersion\\Run\\5cd8f17f4086744065eb0992a09e05a2\r\nDetails: \""C:\\Users\\John Williams\\AppData\\Local\\Temp\\Trojan.exe\"" ..\""""},""eventdata"":{""ruleName"":""T1060,RunKey"",""eventType"":""SetValue"",""utcTime"":""2020-05-24 16:27:31.340"",""processGuid"":""{df9fc3d3-9fd5-5eca-0000-00102b300b00}"",""processId"":""6484"",""image"":""C:\\\\Users\\\\John Williams\\\\AppData\\\\Local\\\\Temp\\\\Trojan.exe"",""targetObject"":""HKU\\\\S-1-5-21-438079597-2123118846-2669748851-1001\\\\Software\\\\Microsoft\\\\Windows\\\\CurrentVersion\\\\Run\\\\5cd8f17f4086744065eb0992a09e05a2"",""details"":""\\\""C:\\\\Users\\\\John Williams\\\\AppData\\\\Local\\\\Temp\\\\Trojan.exe\\\"" ..""}}}","\""C:\\Users\\John Williams\\AppData\\Local\\Temp\\Trojan.exe\"" .."
"May 24, 2020 @ 16:27:33.701",14,"ATT&CK T1060: New RUN Key Pointing to Suspicious Folder","""Registry value set:
RuleName: T1060,RunKey
EventType: SetValue
UtcTime: 2020-05-24 16:27:30.324
ProcessGuid: {df9fc3d3-9fd5-5eca-0000-00102b300b00}
ProcessId: 6484
Image: C:\Users\John Williams\AppData\Local\Temp\Trojan.exe
TargetObject: HKU\S-1-5-21-438079597-2123118846-2669748851-1001\Software\Microsoft\Windows\CurrentVersion\Run\5cd8f17f4086744065eb0992a09e05a2
Details: ""C:\Users\John Williams\AppData\Local\Temp\Trojan.exe"" ..""",,"HKU\\S-1-5-21-438079597-2123118846-2669748851-1001\\Software\\Microsoft\\Windows\\CurrentVersion\\Run\\5cd8f17f4086744065eb0992a09e05a2","{""win"":{""system"":{""providerName"":""Microsoft-Windows-Sysmon"",""providerGuid"":""{5770385f-c22a-43e0-bf4c-06f5698ffbd9}"",""eventID"":""13"",""version"":""2"",""level"":""4"",""task"":""13"",""opcode"":""0"",""keywords"":""0x8000000000000000"",""systemTime"":""2020-05-24T16:27:30.325274000Z"",""eventRecordID"":""2002"",""processID"":""2176"",""threadID"":""3164"",""channel"":""Microsoft-Windows-Sysmon/Operational"",""computer"":""DESKTOP-HUE026H"",""severityValue"":""INFORMATION"",""message"":""\""Registry value set:\r\nRuleName: T1060,RunKey\r\nEventType: SetValue\r\nUtcTime: 2020-05-24 16:27:30.324\r\nProcessGuid: {df9fc3d3-9fd5-5eca-0000-00102b300b00}\r\nProcessId: 6484\r\nImage: C:\\Users\\John Williams\\AppData\\Local\\Temp\\Trojan.exe\r\nTargetObject: HKU\\S-1-5-21-438079597-2123118846-2669748851-1001\\Software\\Microsoft\\Windows\\CurrentVersion\\Run\\5cd8f17f4086744065eb0992a09e05a2\r\nDetails: \""C:\\Users\\John Williams\\AppData\\Local\\Temp\\Trojan.exe\"" ..\""""},""eventdata"":{""ruleName"":""T1060,RunKey"",""eventType"":""SetValue"",""utcTime"":""2020-05-24 16:27:30.324"",""processGuid"":""{df9fc3d3-9fd5-5eca-0000-00102b300b00}"",""processId"":""6484"",""image"":""C:\\\\Users\\\\John Williams\\\\AppData\\\\Local\\\\Temp\\\\Trojan.exe"",""targetObject"":""HKU\\\\S-1-5-21-438079597-2123118846-2669748851-1001\\\\Software\\\\Microsoft\\\\Windows\\\\CurrentVersion\\\\Run\\\\5cd8f17f4086744065eb0992a09e05a2"",""details"":""\\\""C:\\\\Users\\\\John Williams\\\\AppData\\\\Local\\\\Temp\\\\Trojan.exe\\\"" ..""}}}","\""C:\\Users\\John Williams\\AppData\\Local\\Temp\\Trojan.exe\"" .."
"May 24, 2020 @ 16:27:32.699",14,"ATT&CK T1060: New RUN Key Pointing to Suspicious Folder","""Registry value set:
RuleName: T1060,RunKey
EventType: SetValue
UtcTime: 2020-05-24 16:27:29.308
ProcessGuid: {df9fc3d3-9fd5-5eca-0000-00102b300b00}
ProcessId: 6484
Image: C:\Users\John Williams\AppData\Local\Temp\Trojan.exe
TargetObject: HKU\S-1-5-21-438079597-2123118846-2669748851-1001\Software\Microsoft\Windows\CurrentVersion\Run\5cd8f17f4086744065eb0992a09e05a2
Details: ""C:\Users\John Williams\AppData\Local\Temp\Trojan.exe"" ..""",,"HKU\\S-1-5-21-438079597-2123118846-2669748851-1001\\Software\\Microsoft\\Windows\\CurrentVersion\\Run\\5cd8f17f4086744065eb0992a09e05a2","{""win"":{""system"":{""providerName"":""Microsoft-Windows-Sysmon"",""providerGuid"":""{5770385f-c22a-43e0-bf4c-06f5698ffbd9}"",""eventID"":""13"",""version"":""2"",""level"":""4"",""task"":""13"",""opcode"":""0"",""keywords"":""0x8000000000000000"",""systemTime"":""2020-05-24T16:27:29.310809700Z"",""eventRecordID"":""2001"",""processID"":""2176"",""threadID"":""3164"",""channel"":""Microsoft-Windows-Sysmon/Operational"",""computer"":""DESKTOP-HUE026H"",""severityValue"":""INFORMATION"",""message"":""\""Registry value set:\r\nRuleName: T1060,RunKey\r\nEventType: SetValue\r\nUtcTime: 2020-05-24 16:27:29.308\r\nProcessGuid: {df9fc3d3-9fd5-5eca-0000-00102b300b00}\r\nProcessId: 6484\r\nImage: C:\\Users\\John Williams\\AppData\\Local\\Temp\\Trojan.exe\r\nTargetObject: HKU\\S-1-5-21-438079597-2123118846-2669748851-1001\\Software\\Microsoft\\Windows\\CurrentVersion\\Run\\5cd8f17f4086744065eb0992a09e05a2\r\nDetails: \""C:\\Users\\John Williams\\AppData\\Local\\Temp\\Trojan.exe\"" ..\""""},""eventdata"":{""ruleName"":""T1060,RunKey"",""eventType"":""SetValue"",""utcTime"":""2020-05-24 16:27:29.308"",""processGuid"":""{df9fc3d3-9fd5-5eca-0000-00102b300b00}"",""processId"":""6484"",""image"":""C:\\\\Users\\\\John Williams\\\\AppData\\\\Local\\\\Temp\\\\Trojan.exe"",""targetObject"":""HKU\\\\S-1-5-21-438079597-2123118846-2669748851-1001\\\\Software\\\\Microsoft\\\\Windows\\\\CurrentVersion\\\\Run\\\\5cd8f17f4086744065eb0992a09e05a2"",""details"":""\\\""C:\\\\Users\\\\John Williams\\\\AppData\\\\Local\\\\Temp\\\\Trojan.exe\\\"" ..""}}}","\""C:\\Users\\John Williams\\AppData\\Local\\Temp\\Trojan.exe\"" .."
"May 24, 2020 @ 16:27:31.684",14,"ATT&CK T1060: New RUN Key Pointing to Suspicious Folder","""Registry value set:
RuleName: T1060,RunKey
EventType: SetValue
UtcTime: 2020-05-24 16:27:28.293
ProcessGuid: {df9fc3d3-9fd5-5eca-0000-00102b300b00}
ProcessId: 6484
Image: C:\Users\John Williams\AppData\Local\Temp\Trojan.exe
TargetObject: HKU\S-1-5-21-438079597-2123118846-2669748851-1001\Software\Microsoft\Windows\CurrentVersion\Run\5cd8f17f4086744065eb0992a09e05a2
Details: ""C:\Users\John Williams\AppData\Local\Temp\Trojan.exe"" ..""",,"HKU\\S-1-5-21-438079597-2123118846-2669748851-1001\\Software\\Microsoft\\Windows\\CurrentVersion\\Run\\5cd8f17f4086744065eb0992a09e05a2","{""win"":{""system"":{""providerName"":""Microsoft-Windows-Sysmon"",""providerGuid"":""{5770385f-c22a-43e0-bf4c-06f5698ffbd9}"",""eventID"":""13"",""version"":""2"",""level"":""4"",""task"":""13"",""opcode"":""0"",""keywords"":""0x8000000000000000"",""systemTime"":""2020-05-24T16:27:28.301009300Z"",""eventRecordID"":""2000"",""processID"":""2176"",""threadID"":""3164"",""channel"":""Microsoft-Windows-Sysmon/Operational"",""computer"":""DESKTOP-HUE026H"",""severityValue"":""INFORMATION"",""message"":""\""Registry value set:\r\nRuleName: T1060,RunKey\r\nEventType: SetValue\r\nUtcTime: 2020-05-24 16:27:28.293\r\nProcessGuid: {df9fc3d3-9fd5-5eca-0000-00102b300b00}\r\nProcessId: 6484\r\nImage: C:\\Users\\John Williams\\AppData\\Local\\Temp\\Trojan.exe\r\nTargetObject: HKU\\S-1-5-21-438079597-2123118846-2669748851-1001\\Software\\Microsoft\\Windows\\CurrentVersion\\Run\\5cd8f17f4086744065eb0992a09e05a2\r\nDetails: \""C:\\Users\\John Williams\\AppData\\Local\\Temp\\Trojan.exe\"" ..\""""},""eventdata"":{""ruleName"":""T1060,RunKey"",""eventType"":""SetValue"",""utcTime"":""2020-05-24 16:27:28.293"",""processGuid"":""{df9fc3d3-9fd5-5eca-0000-00102b300b00}"",""processId"":""6484"",""image"":""C:\\\\Users\\\\John Williams\\\\AppData\\\\Local\\\\Temp\\\\Trojan.exe"",""targetObject"":""HKU\\\\S-1-5-21-438079597-2123118846-2669748851-1001\\\\Software\\\\Microsoft\\\\Windows\\\\CurrentVersion\\\\Run\\\\5cd8f17f4086744065eb0992a09e05a2"",""details"":""\\\""C:\\\\Users\\\\John Williams\\\\AppData\\\\Local\\\\Temp\\\\Trojan.exe\\\"" ..""}}}","\""C:\\Users\\John Williams\\AppData\\Local\\Temp\\Trojan.exe\"" .."
"May 24, 2020 @ 16:27:30.653",14,"ATT&CK T1060: New RUN Key Pointing to Suspicious Folder","""Registry value set:
RuleName: T1060,RunKey
EventType: SetValue
UtcTime: 2020-05-24 16:27:27.261
ProcessGuid: {df9fc3d3-9fd5-5eca-0000-00102b300b00}
ProcessId: 6484
Image: C:\Users\John Williams\AppData\Local\Temp\Trojan.exe
TargetObject: HKU\S-1-5-21-438079597-2123118846-2669748851-1001\Software\Microsoft\Windows\CurrentVersion\Run\5cd8f17f4086744065eb0992a09e05a2
Details: ""C:\Users\John Williams\AppData\Local\Temp\Trojan.exe"" ..""",,"HKU\\S-1-5-21-438079597-2123118846-2669748851-1001\\Software\\Microsoft\\Windows\\CurrentVersion\\Run\\5cd8f17f4086744065eb0992a09e05a2","{""win"":{""system"":{""providerName"":""Microsoft-Windows-Sysmon"",""providerGuid"":""{5770385f-c22a-43e0-bf4c-06f5698ffbd9}"",""eventID"":""13"",""version"":""2"",""level"":""4"",""task"":""13"",""opcode"":""0"",""keywords"":""0x8000000000000000"",""systemTime"":""2020-05-24T16:27:27.266046600Z"",""eventRecordID"":""1999"",""processID"":""2176"",""threadID"":""3164"",""channel"":""Microsoft-Windows-Sysmon/Operational"",""computer"":""DESKTOP-HUE026H"",""severityValue"":""INFORMATION"",""message"":""\""Registry value set:\r\nRuleName: T1060,RunKey\r\nEventType: SetValue\r\nUtcTime: 2020-05-24 16:27:27.261\r\nProcessGuid: {df9fc3d3-9fd5-5eca-0000-00102b300b00}\r\nProcessId: 6484\r\nImage: C:\\Users\\John Williams\\AppData\\Local\\Temp\\Trojan.exe\r\nTargetObject: HKU\\S-1-5-21-438079597-2123118846-2669748851-1001\\Software\\Microsoft\\Windows\\CurrentVersion\\Run\\5cd8f17f4086744065eb0992a09e05a2\r\nDetails: \""C:\\Users\\John Williams\\AppData\\Local\\Temp\\Trojan.exe\"" ..\""""},""eventdata"":{""ruleName"":""T1060,RunKey"",""eventType"":""SetValue"",""utcTime"":""2020-05-24 16:27:27.261"",""processGuid"":""{df9fc3d3-9fd5-5eca-0000-00102b300b00}"",""processId"":""6484"",""image"":""C:\\\\Users\\\\John Williams\\\\AppData\\\\Local\\\\Temp\\\\Trojan.exe"",""targetObject"":""HKU\\\\S-1-5-21-438079597-2123118846-2669748851-1001\\\\Software\\\\Microsoft\\\\Windows\\\\CurrentVersion\\\\Run\\\\5cd8f17f4086744065eb0992a09e05a2"",""details"":""\\\""C:\\\\Users\\\\John Williams\\\\AppData\\\\Local\\\\Temp\\\\Trojan.exe\\\"" ..""}}}","\""C:\\Users\\John Williams\\AppData\\Local\\Temp\\Trojan.exe\"" .."
"May 24, 2020 @ 16:27:29.637",14,"ATT&CK T1060: New RUN Key Pointing to Suspicious Folder","""Registry value set:
RuleName: T1060,RunKey
EventType: SetValue
UtcTime: 2020-05-24 16:27:26.230
ProcessGuid: {df9fc3d3-9fd5-5eca-0000-00102b300b00}
ProcessId: 6484
Image: C:\Users\John Williams\AppData\Local\Temp\Trojan.exe
TargetObject: HKU\S-1-5-21-438079597-2123118846-2669748851-1001\Software\Microsoft\Windows\CurrentVersion\Run\5cd8f17f4086744065eb0992a09e05a2
Details: ""C:\Users\John Williams\AppData\Local\Temp\Trojan.exe"" ..""",,"HKU\\S-1-5-21-438079597-2123118846-2669748851-1001\\Software\\Microsoft\\Windows\\CurrentVersion\\Run\\5cd8f17f4086744065eb0992a09e05a2","{""win"":{""system"":{""providerName"":""Microsoft-Windows-Sysmon"",""providerGuid"":""{5770385f-c22a-43e0-bf4c-06f5698ffbd9}"",""eventID"":""13"",""version"":""2"",""level"":""4"",""task"":""13"",""opcode"":""0"",""keywords"":""0x8000000000000000"",""systemTime"":""2020-05-24T16:27:26.233516400Z"",""eventRecordID"":""1998"",""processID"":""2176"",""threadID"":""3164"",""channel"":""Microsoft-Windows-Sysmon/Operational"",""computer"":""DESKTOP-HUE026H"",""severityValue"":""INFORMATION"",""message"":""\""Registry value set:\r\nRuleName: T1060,RunKey\r\nEventType: SetValue\r\nUtcTime: 2020-05-24 16:27:26.230\r\nProcessGuid: {df9fc3d3-9fd5-5eca-0000-00102b300b00}\r\nProcessId: 6484\r\nImage: C:\\Users\\John Williams\\AppData\\Local\\Temp\\Trojan.exe\r\nTargetObject: HKU\\S-1-5-21-438079597-2123118846-2669748851-1001\\Software\\Microsoft\\Windows\\CurrentVersion\\Run\\5cd8f17f4086744065eb0992a09e05a2\r\nDetails: \""C:\\Users\\John Williams\\AppData\\Local\\Temp\\Trojan.exe\"" ..\""""},""eventdata"":{""ruleName"":""T1060,RunKey"",""eventType"":""SetValue"",""utcTime"":""2020-05-24 16:27:26.230"",""processGuid"":""{df9fc3d3-9fd5-5eca-0000-00102b300b00}"",""processId"":""6484"",""image"":""C:\\\\Users\\\\John Williams\\\\AppData\\\\Local\\\\Temp\\\\Trojan.exe"",""targetObject"":""HKU\\\\S-1-5-21-438079597-2123118846-2669748851-1001\\\\Software\\\\Microsoft\\\\Windows\\\\CurrentVersion\\\\Run\\\\5cd8f17f4086744065eb0992a09e05a2"",""details"":""\\\""C:\\\\Users\\\\John Williams\\\\AppData\\\\Local\\\\Temp\\\\Trojan.exe\\\"" ..""}}}","\""C:\\Users\\John Williams\\AppData\\Local\\Temp\\Trojan.exe\"" .."
"May 24, 2020 @ 16:27:28.635",14,"ATT&CK T1060: New RUN Key Pointing to Suspicious Folder","""Registry value set:
RuleName: T1060,RunKey
EventType: SetValue
UtcTime: 2020-05-24 16:27:25.215
ProcessGuid: {df9fc3d3-9fd5-5eca-0000-00102b300b00}
ProcessId: 6484
Image: C:\Users\John Williams\AppData\Local\Temp\Trojan.exe
TargetObject: HKU\S-1-5-21-438079597-2123118846-2669748851-1001\Software\Microsoft\Windows\CurrentVersion\Run\5cd8f17f4086744065eb0992a09e05a2
Details: ""C:\Users\John Williams\AppData\Local\Temp\Trojan.exe"" ..""",,"HKU\\S-1-5-21-438079597-2123118846-2669748851-1001\\Software\\Microsoft\\Windows\\CurrentVersion\\Run\\5cd8f17f4086744065eb0992a09e05a2","{""win"":{""system"":{""providerName"":""Microsoft-Windows-Sysmon"",""providerGuid"":""{5770385f-c22a-43e0-bf4c-06f5698ffbd9}"",""eventID"":""13"",""version"":""2"",""level"":""4"",""task"":""13"",""opcode"":""0"",""keywords"":""0x8000000000000000"",""systemTime"":""2020-05-24T16:27:25.218954200Z"",""eventRecordID"":""1995"",""processID"":""2176"",""threadID"":""3164"",""channel"":""Microsoft-Windows-Sysmon/Operational"",""computer"":""DESKTOP-HUE026H"",""severityValue"":""INFORMATION"",""message"":""\""Registry value set:\r\nRuleName: T1060,RunKey\r\nEventType: SetValue\r\nUtcTime: 2020-05-24 16:27:25.215\r\nProcessGuid: {df9fc3d3-9fd5-5eca-0000-00102b300b00}\r\nProcessId: 6484\r\nImage: C:\\Users\\John Williams\\AppData\\Local\\Temp\\Trojan.exe\r\nTargetObject: HKU\\S-1-5-21-438079597-2123118846-2669748851-1001\\Software\\Microsoft\\Windows\\CurrentVersion\\Run\\5cd8f17f4086744065eb0992a09e05a2\r\nDetails: \""C:\\Users\\John Williams\\AppData\\Local\\Temp\\Trojan.exe\"" ..\""""},""eventdata"":{""ruleName"":""T1060,RunKey"",""eventType"":""SetValue"",""utcTime"":""2020-05-24 16:27:25.215"",""processGuid"":""{df9fc3d3-9fd5-5eca-0000-00102b300b00}"",""processId"":""6484"",""image"":""C:\\\\Users\\\\John Williams\\\\AppData\\\\Local\\\\Temp\\\\Trojan.exe"",""targetObject"":""HKU\\\\S-1-5-21-438079597-2123118846-2669748851-1001\\\\Software\\\\Microsoft\\\\Windows\\\\CurrentVersion\\\\Run\\\\5cd8f17f4086744065eb0992a09e05a2"",""details"":""\\\""C:\\\\Users\\\\John Williams\\\\AppData\\\\Local\\\\Temp\\\\Trojan.exe\\\"" ..""}}}","\""C:\\Users\\John Williams\\AppData\\Local\\Temp\\Trojan.exe\"" .."
"May 24, 2020 @ 16:27:27.618",14,"ATT&CK T1060: New RUN Key Pointing to Suspicious Folder","""Registry value set:
RuleName: T1060,RunKey
EventType: SetValue
UtcTime: 2020-05-24 16:27:24.199
ProcessGuid: {df9fc3d3-9fd5-5eca-0000-00102b300b00}
ProcessId: 6484
Image: C:\Users\John Williams\AppData\Local\Temp\Trojan.exe
TargetObject: HKU\S-1-5-21-438079597-2123118846-2669748851-1001\Software\Microsoft\Windows\CurrentVersion\Run\5cd8f17f4086744065eb0992a09e05a2
Details: ""C:\Users\John Williams\AppData\Local\Temp\Trojan.exe"" ..""",,"HKU\\S-1-5-21-438079597-2123118846-2669748851-1001\\Software\\Microsoft\\Windows\\CurrentVersion\\Run\\5cd8f17f4086744065eb0992a09e05a2","{""win"":{""system"":{""providerName"":""Microsoft-Windows-Sysmon"",""providerGuid"":""{5770385f-c22a-43e0-bf4c-06f5698ffbd9}"",""eventID"":""13"",""version"":""2"",""level"":""4"",""task"":""13"",""opcode"":""0"",""keywords"":""0x8000000000000000"",""systemTime"":""2020-05-24T16:27:24.206352100Z"",""eventRecordID"":""1994"",""processID"":""2176"",""threadID"":""3164"",""channel"":""Microsoft-Windows-Sysmon/Operational"",""computer"":""DESKTOP-HUE026H"",""severityValue"":""INFORMATION"",""message"":""\""Registry value set:\r\nRuleName: T1060,RunKey\r\nEventType: SetValue\r\nUtcTime: 2020-05-24 16:27:24.199\r\nProcessGuid: {df9fc3d3-9fd5-5eca-0000-00102b300b00}\r\nProcessId: 6484\r\nImage: C:\\Users\\John Williams\\AppData\\Local\\Temp\\Trojan.exe\r\nTargetObject: HKU\\S-1-5-21-438079597-2123118846-2669748851-1001\\Software\\Microsoft\\Windows\\CurrentVersion\\Run\\5cd8f17f4086744065eb0992a09e05a2\r\nDetails: \""C:\\Users\\John Williams\\AppData\\Local\\Temp\\Trojan.exe\"" ..\""""},""eventdata"":{""ruleName"":""T1060,RunKey"",""eventType"":""SetValue"",""utcTime"":""2020-05-24 16:27:24.199"",""processGuid"":""{df9fc3d3-9fd5-5eca-0000-00102b300b00}"",""processId"":""6484"",""image"":""C:\\\\Users\\\\John Williams\\\\AppData\\\\Local\\\\Temp\\\\Trojan.exe"",""targetObject"":""HKU\\\\S-1-5-21-438079597-2123118846-2669748851-1001\\\\Software\\\\Microsoft\\\\Windows\\\\CurrentVersion\\\\Run\\\\5cd8f17f4086744065eb0992a09e05a2"",""details"":""\\\""C:\\\\Users\\\\John Williams\\\\AppData\\\\Local\\\\Temp\\\\Trojan.exe\\\"" ..""}}}","\""C:\\Users\\John Williams\\AppData\\Local\\Temp\\Trojan.exe\"" .."
"May 24, 2020 @ 16:27:26.577",14,"ATT&CK T1060: New RUN Key Pointing to Suspicious Folder","""Registry value set:
RuleName: T1060,RunKey
EventType: SetValue
UtcTime: 2020-05-24 16:27:23.184
ProcessGuid: {df9fc3d3-9fd5-5eca-0000-00102b300b00}
ProcessId: 6484
Image: C:\Users\John Williams\AppData\Local\Temp\Trojan.exe
TargetObject: HKU\S-1-5-21-438079597-2123118846-2669748851-1001\Software\Microsoft\Windows\CurrentVersion\Run\5cd8f17f4086744065eb0992a09e05a2
Details: ""C:\Users\John Williams\AppData\Local\Temp\Trojan.exe"" ..""",,"HKU\\S-1-5-21-438079597-2123118846-2669748851-1001\\Software\\Microsoft\\Windows\\CurrentVersion\\Run\\5cd8f17f4086744065eb0992a09e05a2","{""win"":{""system"":{""providerName"":""Microsoft-Windows-Sysmon"",""providerGuid"":""{5770385f-c22a-43e0-bf4c-06f5698ffbd9}"",""eventID"":""13"",""version"":""2"",""level"":""4"",""task"":""13"",""opcode"":""0"",""keywords"":""0x8000000000000000"",""systemTime"":""2020-05-24T16:27:23.185239000Z"",""eventRecordID"":""1991"",""processID"":""2176"",""threadID"":""3164"",""channel"":""Microsoft-Windows-Sysmon/Operational"",""computer"":""DESKTOP-HUE026H"",""severityValue"":""INFORMATION"",""message"":""\""Registry value set:\r\nRuleName: T1060,RunKey\r\nEventType: SetValue\r\nUtcTime: 2020-05-24 16:27:23.184\r\nProcessGuid: {df9fc3d3-9fd5-5eca-0000-00102b300b00}\r\nProcessId: 6484\r\nImage: C:\\Users\\John Williams\\AppData\\Local\\Temp\\Trojan.exe\r\nTargetObject: HKU\\S-1-5-21-438079597-2123118846-2669748851-1001\\Software\\Microsoft\\Windows\\CurrentVersion\\Run\\5cd8f17f4086744065eb0992a09e05a2\r\nDetails: \""C:\\Users\\John Williams\\AppData\\Local\\Temp\\Trojan.exe\"" ..\""""},""eventdata"":{""ruleName"":""T1060,RunKey"",""eventType"":""SetValue"",""utcTime"":""2020-05-24 16:27:23.184"",""processGuid"":""{df9fc3d3-9fd5-5eca-0000-00102b300b00}"",""processId"":""6484"",""image"":""C:\\\\Users\\\\John Williams\\\\AppData\\\\Local\\\\Temp\\\\Trojan.exe"",""targetObject"":""HKU\\\\S-1-5-21-438079597-2123118846-2669748851-1001\\\\Software\\\\Microsoft\\\\Windows\\\\CurrentVersion\\\\Run\\\\5cd8f17f4086744065eb0992a09e05a2"",""details"":""\\\""C:\\\\Users\\\\John Williams\\\\AppData\\\\Local\\\\Temp\\\\Trojan.exe\\\"" ..""}}}","\""C:\\Users\\John Williams\\AppData\\Local\\Temp\\Trojan.exe\"" .."
"May 24, 2020 @ 16:27:26.125",10,"Multiple Windows error events","""Id = {00000000-0000-0000-0000-000000000000}; ClientMachine = DESKTOP-HUE026H; User = NT AUTHORITY\SYSTEM; ClientProcessId = 4400; Component = Unknown; Operation = Start IWbemServices::ExecQuery - root\Microsoft\Windows\DeviceGuard : SELECT AvailableSecurityProperties FROM Win32_DeviceGuard ; ResultCode = 0x80041032; PossibleCause = Unknown""",,,,
"May 24, 2020 @ 16:27:25.560",14,"ATT&CK T1060: New RUN Key Pointing to Suspicious Folder","""Registry value set:
RuleName: T1060,RunKey
EventType: SetValue
UtcTime: 2020-05-24 16:27:22.152
ProcessGuid: {df9fc3d3-9fd5-5eca-0000-00102b300b00}
ProcessId: 6484
Image: C:\Users\John Williams\AppData\Local\Temp\Trojan.exe
TargetObject: HKU\S-1-5-21-438079597-2123118846-2669748851-1001\Software\Microsoft\Windows\CurrentVersion\Run\5cd8f17f4086744065eb0992a09e05a2
Details: ""C:\Users\John Williams\AppData\Local\Temp\Trojan.exe"" ..""",,"HKU\\S-1-5-21-438079597-2123118846-2669748851-1001\\Software\\Microsoft\\Windows\\CurrentVersion\\Run\\5cd8f17f4086744065eb0992a09e05a2","{""win"":{""system"":{""providerName"":""Microsoft-Windows-Sysmon"",""providerGuid"":""{5770385f-c22a-43e0-bf4c-06f5698ffbd9}"",""eventID"":""13"",""version"":""2"",""level"":""4"",""task"":""13"",""opcode"":""0"",""keywords"":""0x8000000000000000"",""systemTime"":""2020-05-24T16:27:22.168829100Z"",""eventRecordID"":""1990"",""processID"":""2176"",""threadID"":""3164"",""channel"":""Microsoft-Windows-Sysmon/Operational"",""computer"":""DESKTOP-HUE026H"",""severityValue"":""INFORMATION"",""message"":""\""Registry value set:\r\nRuleName: T1060,RunKey\r\nEventType: SetValue\r\nUtcTime: 2020-05-24 16:27:22.152\r\nProcessGuid: {df9fc3d3-9fd5-5eca-0000-00102b300b00}\r\nProcessId: 6484\r\nImage: C:\\Users\\John Williams\\AppData\\Local\\Temp\\Trojan.exe\r\nTargetObject: HKU\\S-1-5-21-438079597-2123118846-2669748851-1001\\Software\\Microsoft\\Windows\\CurrentVersion\\Run\\5cd8f17f4086744065eb0992a09e05a2\r\nDetails: \""C:\\Users\\John Williams\\AppData\\Local\\Temp\\Trojan.exe\"" ..\""""},""eventdata"":{""ruleName"":""T1060,RunKey"",""eventType"":""SetValue"",""utcTime"":""2020-05-24 16:27:22.152"",""processGuid"":""{df9fc3d3-9fd5-5eca-0000-00102b300b00}"",""processId"":""6484"",""image"":""C:\\\\Users\\\\John Williams\\\\AppData\\\\Local\\\\Temp\\\\Trojan.exe"",""targetObject"":""HKU\\\\S-1-5-21-438079597-2123118846-2669748851-1001\\\\Software\\\\Microsoft\\\\Windows\\\\CurrentVersion\\\\Run\\\\5cd8f17f4086744065eb0992a09e05a2"",""details"":""\\\""C:\\\\Users\\\\John Williams\\\\AppData\\\\Local\\\\Temp\\\\Trojan.exe\\\"" ..""}}}","\""C:\\Users\\John Williams\\AppData\\Local\\Temp\\Trojan.exe\"" .."
"May 24, 2020 @ 16:27:24.545",14,"ATT&CK T1060: New RUN Key Pointing to Suspicious Folder","""Registry value set:
RuleName: T1060,RunKey
EventType: SetValue
UtcTime: 2020-05-24 16:27:21.137
ProcessGuid: {df9fc3d3-9fd5-5eca-0000-00102b300b00}
ProcessId: 6484
Image: C:\Users\John Williams\AppData\Local\Temp\Trojan.exe
TargetObject: HKU\S-1-5-21-438079597-2123118846-2669748851-1001\Software\Microsoft\Windows\CurrentVersion\Run\5cd8f17f4086744065eb0992a09e05a2
Details: ""C:\Users\John Williams\AppData\Local\Temp\Trojan.exe"" ..""",,"HKU\\S-1-5-21-438079597-2123118846-2669748851-1001\\Software\\Microsoft\\Windows\\CurrentVersion\\Run\\5cd8f17f4086744065eb0992a09e05a2","{""win"":{""system"":{""providerName"":""Microsoft-Windows-Sysmon"",""providerGuid"":""{5770385f-c22a-43e0-bf4c-06f5698ffbd9}"",""eventID"":""13"",""version"":""2"",""level"":""4"",""task"":""13"",""opcode"":""0"",""keywords"":""0x8000000000000000"",""systemTime"":""2020-05-24T16:27:21.138338800Z"",""eventRecordID"":""1986"",""processID"":""2176"",""threadID"":""3164"",""channel"":""Microsoft-Windows-Sysmon/Operational"",""computer"":""DESKTOP-HUE026H"",""severityValue"":""INFORMATION"",""message"":""\""Registry value set:\r\nRuleName: T1060,RunKey\r\nEventType: SetValue\r\nUtcTime: 2020-05-24 16:27:21.137\r\nProcessGuid: {df9fc3d3-9fd5-5eca-0000-00102b300b00}\r\nProcessId: 6484\r\nImage: C:\\Users\\John Williams\\AppData\\Local\\Temp\\Trojan.exe\r\nTargetObject: HKU\\S-1-5-21-438079597-2123118846-2669748851-1001\\Software\\Microsoft\\Windows\\CurrentVersion\\Run\\5cd8f17f4086744065eb0992a09e05a2\r\nDetails: \""C:\\Users\\John Williams\\AppData\\Local\\Temp\\Trojan.exe\"" ..\""""},""eventdata"":{""ruleName"":""T1060,RunKey"",""eventType"":""SetValue"",""utcTime"":""2020-05-24 16:27:21.137"",""processGuid"":""{df9fc3d3-9fd5-5eca-0000-00102b300b00}"",""processId"":""6484"",""image"":""C:\\\\Users\\\\John Williams\\\\AppData\\\\Local\\\\Temp\\\\Trojan.exe"",""targetObject"":""HKU\\\\S-1-5-21-438079597-2123118846-2669748851-1001\\\\Software\\\\Microsoft\\\\Windows\\\\CurrentVersion\\\\Run\\\\5cd8f17f4086744065eb0992a09e05a2"",""details"":""\\\""C:\\\\Users\\\\John Williams\\\\AppData\\\\Local\\\\Temp\\\\Trojan.exe\\\"" ..""}}}","\""C:\\Users\\John Williams\\AppData\\Local\\Temp\\Trojan.exe\"" .."
"May 24, 2020 @ 16:27:23.514",14,"ATT&CK T1060: New RUN Key Pointing to Suspicious Folder","""Registry value set:
RuleName: T1060,RunKey
EventType: SetValue
UtcTime: 2020-05-24 16:27:20.121
ProcessGuid: {df9fc3d3-9fd5-5eca-0000-00102b300b00}
ProcessId: 6484
Image: C:\Users\John Williams\AppData\Local\Temp\Trojan.exe
TargetObject: HKU\S-1-5-21-438079597-2123118846-2669748851-1001\Software\Microsoft\Windows\CurrentVersion\Run\5cd8f17f4086744065eb0992a09e05a2
Details: ""C:\Users\John Williams\AppData\Local\Temp\Trojan.exe"" ..""",,"HKU\\S-1-5-21-438079597-2123118846-2669748851-1001\\Software\\Microsoft\\Windows\\CurrentVersion\\Run\\5cd8f17f4086744065eb0992a09e05a2","{""win"":{""system"":{""providerName"":""Microsoft-Windows-Sysmon"",""providerGuid"":""{5770385f-c22a-43e0-bf4c-06f5698ffbd9}"",""eventID"":""13"",""version"":""2"",""level"":""4"",""task"":""13"",""opcode"":""0"",""keywords"":""0x8000000000000000"",""systemTime"":""2020-05-24T16:27:20.131555600Z"",""eventRecordID"":""1984"",""processID"":""2176"",""threadID"":""3164"",""channel"":""Microsoft-Windows-Sysmon/Operational"",""computer"":""DESKTOP-HUE026H"",""severityValue"":""INFORMATION"",""message"":""\""Registry value set:\r\nRuleName: T1060,RunKey\r\nEventType: SetValue\r\nUtcTime: 2020-05-24 16:27:20.121\r\nProcessGuid: {df9fc3d3-9fd5-5eca-0000-00102b300b00}\r\nProcessId: 6484\r\nImage: C:\\Users\\John Williams\\AppData\\Local\\Temp\\Trojan.exe\r\nTargetObject: HKU\\S-1-5-21-438079597-2123118846-2669748851-1001\\Software\\Microsoft\\Windows\\CurrentVersion\\Run\\5cd8f17f4086744065eb0992a09e05a2\r\nDetails: \""C:\\Users\\John Williams\\AppData\\Local\\Temp\\Trojan.exe\"" ..\""""},""eventdata"":{""ruleName"":""T1060,RunKey"",""eventType"":""SetValue"",""utcTime"":""2020-05-24 16:27:20.121"",""processGuid"":""{df9fc3d3-9fd5-5eca-0000-00102b300b00}"",""processId"":""6484"",""image"":""C:\\\\Users\\\\John Williams\\\\AppData\\\\Local\\\\Temp\\\\Trojan.exe"",""targetObject"":""HKU\\\\S-1-5-21-438079597-2123118846-2669748851-1001\\\\Software\\\\Microsoft\\\\Windows\\\\CurrentVersion\\\\Run\\\\5cd8f17f4086744065eb0992a09e05a2"",""details"":""\\\""C:\\\\Users\\\\John Williams\\\\AppData\\\\Local\\\\Temp\\\\Trojan.exe\\\"" ..""}}}","\""C:\\Users\\John Williams\\AppData\\Local\\Temp\\Trojan.exe\"" .."
"May 24, 2020 @ 16:27:22.498",14,"ATT&CK T1060: New RUN Key Pointing to Suspicious Folder","""Registry value set:
RuleName: T1060,RunKey
EventType: SetValue
UtcTime: 2020-05-24 16:27:19.090
ProcessGuid: {df9fc3d3-9fd5-5eca-0000-00102b300b00}
ProcessId: 6484
Image: C:\Users\John Williams\AppData\Local\Temp\Trojan.exe
TargetObject: HKU\S-1-5-21-438079597-2123118846-2669748851-1001\Software\Microsoft\Windows\CurrentVersion\Run\5cd8f17f4086744065eb0992a09e05a2
Details: ""C:\Users\John Williams\AppData\Local\Temp\Trojan.exe"" ..""",,"HKU\\S-1-5-21-438079597-2123118846-2669748851-1001\\Software\\Microsoft\\Windows\\CurrentVersion\\Run\\5cd8f17f4086744065eb0992a09e05a2","{""win"":{""system"":{""providerName"":""Microsoft-Windows-Sysmon"",""providerGuid"":""{5770385f-c22a-43e0-bf4c-06f5698ffbd9}"",""eventID"":""13"",""version"":""2"",""level"":""4"",""task"":""13"",""opcode"":""0"",""keywords"":""0x8000000000000000"",""systemTime"":""2020-05-24T16:27:19.098827800Z"",""eventRecordID"":""1983"",""processID"":""2176"",""threadID"":""3164"",""channel"":""Microsoft-Windows-Sysmon/Operational"",""computer"":""DESKTOP-HUE026H"",""severityValue"":""INFORMATION"",""message"":""\""Registry value set:\r\nRuleName: T1060,RunKey\r\nEventType: SetValue\r\nUtcTime: 2020-05-24 16:27:19.090\r\nProcessGuid: {df9fc3d3-9fd5-5eca-0000-00102b300b00}\r\nProcessId: 6484\r\nImage: C:\\Users\\John Williams\\AppData\\Local\\Temp\\Trojan.exe\r\nTargetObject: HKU\\S-1-5-21-438079597-2123118846-2669748851-1001\\Software\\Microsoft\\Windows\\CurrentVersion\\Run\\5cd8f17f4086744065eb0992a09e05a2\r\nDetails: \""C:\\Users\\John Williams\\AppData\\Local\\Temp\\Trojan.exe\"" ..\""""},""eventdata"":{""ruleName"":""T1060,RunKey"",""eventType"":""SetValue"",""utcTime"":""2020-05-24 16:27:19.090"",""processGuid"":""{df9fc3d3-9fd5-5eca-0000-00102b300b00}"",""processId"":""6484"",""image"":""C:\\\\Users\\\\John Williams\\\\AppData\\\\Local\\\\Temp\\\\Trojan.exe"",""targetObject"":""HKU\\\\S-1-5-21-438079597-2123118846-2669748851-1001\\\\Software\\\\Microsoft\\\\Windows\\\\CurrentVersion\\\\Run\\\\5cd8f17f4086744065eb0992a09e05a2"",""details"":""\\\""C:\\\\Users\\\\John Williams\\\\AppData\\\\Local\\\\Temp\\\\Trojan.exe\\\"" ..""}}}","\""C:\\Users\\John Williams\\AppData\\Local\\Temp\\Trojan.exe\"" .."
"May 24, 2020 @ 16:27:21.453",14,"ATT&CK T1060: New RUN Key Pointing to Suspicious Folder","""Registry value set:
RuleName: T1060,RunKey
EventType: SetValue
UtcTime: 2020-05-24 16:27:18.074
ProcessGuid: {df9fc3d3-9fd5-5eca-0000-00102b300b00}
ProcessId: 6484
Image: C:\Users\John Williams\AppData\Local\Temp\Trojan.exe
TargetObject: HKU\S-1-5-21-438079597-2123118846-2669748851-1001\Software\Microsoft\Windows\CurrentVersion\Run\5cd8f17f4086744065eb0992a09e05a2
Details: ""C:\Users\John Williams\AppData\Local\Temp\Trojan.exe"" ..""",,"HKU\\S-1-5-21-438079597-2123118846-2669748851-1001\\Software\\Microsoft\\Windows\\CurrentVersion\\Run\\5cd8f17f4086744065eb0992a09e05a2","{""win"":{""system"":{""providerName"":""Microsoft-Windows-Sysmon"",""providerGuid"":""{5770385f-c22a-43e0-bf4c-06f5698ffbd9}"",""eventID"":""13"",""version"":""2"",""level"":""4"",""task"":""13"",""opcode"":""0"",""keywords"":""0x8000000000000000"",""systemTime"":""2020-05-24T16:27:18.078667200Z"",""eventRecordID"":""1980"",""processID"":""2176"",""threadID"":""3164"",""channel"":""Microsoft-Windows-Sysmon/Operational"",""computer"":""DESKTOP-HUE026H"",""severityValue"":""INFORMATION"",""message"":""\""Registry value set:\r\nRuleName: T1060,RunKey\r\nEventType: SetValue\r\nUtcTime: 2020-05-24 16:27:18.074\r\nProcessGuid: {df9fc3d3-9fd5-5eca-0000-00102b300b00}\r\nProcessId: 6484\r\nImage: C:\\Users\\John Williams\\AppData\\Local\\Temp\\Trojan.exe\r\nTargetObject: HKU\\S-1-5-21-438079597-2123118846-2669748851-1001\\Software\\Microsoft\\Windows\\CurrentVersion\\Run\\5cd8f17f4086744065eb0992a09e05a2\r\nDetails: \""C:\\Users\\John Williams\\AppData\\Local\\Temp\\Trojan.exe\"" ..\""""},""eventdata"":{""ruleName"":""T1060,RunKey"",""eventType"":""SetValue"",""utcTime"":""2020-05-24 16:27:18.074"",""processGuid"":""{df9fc3d3-9fd5-5eca-0000-00102b300b00}"",""processId"":""6484"",""image"":""C:\\\\Users\\\\John Williams\\\\AppData\\\\Local\\\\Temp\\\\Trojan.exe"",""targetObject"":""HKU\\\\S-1-5-21-438079597-2123118846-2669748851-1001\\\\Software\\\\Microsoft\\\\Windows\\\\CurrentVersion\\\\Run\\\\5cd8f17f4086744065eb0992a09e05a2"",""details"":""\\\""C:\\\\Users\\\\John Williams\\\\AppData\\\\Local\\\\Temp\\\\Trojan.exe\\\"" ..""}}}","\""C:\\Users\\John Williams\\AppData\\Local\\Temp\\Trojan.exe\"" .."
"May 24, 2020 @ 16:27:20.452",14,"ATT&CK T1060: New RUN Key Pointing to Suspicious Folder","""Registry value set:
RuleName: T1060,RunKey
EventType: SetValue
UtcTime: 2020-05-24 16:27:17.043
ProcessGuid: {df9fc3d3-9fd5-5eca-0000-00102b300b00}
ProcessId: 6484
Image: C:\Users\John Williams\AppData\Local\Temp\Trojan.exe
TargetObject: HKU\S-1-5-21-438079597-2123118846-2669748851-1001\Software\Microsoft\Windows\CurrentVersion\Run\5cd8f17f4086744065eb0992a09e05a2
Details: ""C:\Users\John Williams\AppData\Local\Temp\Trojan.exe"" ..""",,"HKU\\S-1-5-21-438079597-2123118846-2669748851-1001\\Software\\Microsoft\\Windows\\CurrentVersion\\Run\\5cd8f17f4086744065eb0992a09e05a2","{""win"":{""system"":{""providerName"":""Microsoft-Windows-Sysmon"",""providerGuid"":""{5770385f-c22a-43e0-bf4c-06f5698ffbd9}"",""eventID"":""13"",""version"":""2"",""level"":""4"",""task"":""13"",""opcode"":""0"",""keywords"":""0x8000000000000000"",""systemTime"":""2020-05-24T16:27:17.054226600Z"",""eventRecordID"":""1977"",""processID"":""2176"",""threadID"":""3164"",""channel"":""Microsoft-Windows-Sysmon/Operational"",""computer"":""DESKTOP-HUE026H"",""severityValue"":""INFORMATION"",""message"":""\""Registry value set:\r\nRuleName: T1060,RunKey\r\nEventType: SetValue\r\nUtcTime: 2020-05-24 16:27:17.043\r\nProcessGuid: {df9fc3d3-9fd5-5eca-0000-00102b300b00}\r\nProcessId: 6484\r\nImage: C:\\Users\\John Williams\\AppData\\Local\\Temp\\Trojan.exe\r\nTargetObject: HKU\\S-1-5-21-438079597-2123118846-2669748851-1001\\Software\\Microsoft\\Windows\\CurrentVersion\\Run\\5cd8f17f4086744065eb0992a09e05a2\r\nDetails: \""C:\\Users\\John Williams\\AppData\\Local\\Temp\\Trojan.exe\"" ..\""""},""eventdata"":{""ruleName"":""T1060,RunKey"",""eventType"":""SetValue"",""utcTime"":""2020-05-24 16:27:17.043"",""processGuid"":""{df9fc3d3-9fd5-5eca-0000-00102b300b00}"",""processId"":""6484"",""image"":""C:\\\\Users\\\\John Williams\\\\AppData\\\\Local\\\\Temp\\\\Trojan.exe"",""targetObject"":""HKU\\\\S-1-5-21-438079597-2123118846-2669748851-1001\\\\Software\\\\Microsoft\\\\Windows\\\\CurrentVersion\\\\Run\\\\5cd8f17f4086744065eb0992a09e05a2"",""details"":""\\\""C:\\\\Users\\\\John Williams\\\\AppData\\\\Local\\\\Temp\\\\Trojan.exe\\\"" ..""}}}","\""C:\\Users\\John Williams\\AppData\\Local\\Temp\\Trojan.exe\"" .."
"May 24, 2020 @ 16:27:19.550",14,"ATT&CK T1060: New RUN Key Pointing to Suspicious Folder","""Registry value set:
RuleName: T1060,RunKey
EventType: SetValue
UtcTime: 2020-05-24 16:27:16.018
ProcessGuid: {df9fc3d3-9fd5-5eca-0000-00102b300b00}
ProcessId: 6484
Image: C:\Users\John Williams\AppData\Local\Temp\Trojan.exe
TargetObject: HKU\S-1-5-21-438079597-2123118846-2669748851-1001\Software\Microsoft\Windows\CurrentVersion\Run\5cd8f17f4086744065eb0992a09e05a2
Details: ""C:\Users\John Williams\AppData\Local\Temp\Trojan.exe"" ..""",,"HKU\\S-1-5-21-438079597-2123118846-2669748851-1001\\Software\\Microsoft\\Windows\\CurrentVersion\\Run\\5cd8f17f4086744065eb0992a09e05a2","{""win"":{""system"":{""providerName"":""Microsoft-Windows-Sysmon"",""providerGuid"":""{5770385f-c22a-43e0-bf4c-06f5698ffbd9}"",""eventID"":""13"",""version"":""2"",""level"":""4"",""task"":""13"",""opcode"":""0"",""keywords"":""0x8000000000000000"",""systemTime"":""2020-05-24T16:27:16.021275600Z"",""eventRecordID"":""1968"",""processID"":""2176"",""threadID"":""3164"",""channel"":""Microsoft-Windows-Sysmon/Operational"",""computer"":""DESKTOP-HUE026H"",""severityValue"":""INFORMATION"",""message"":""\""Registry value set:\r\nRuleName: T1060,RunKey\r\nEventType: SetValue\r\nUtcTime: 2020-05-24 16:27:16.018\r\nProcessGuid: {df9fc3d3-9fd5-5eca-0000-00102b300b00}\r\nProcessId: 6484\r\nImage: C:\\Users\\John Williams\\AppData\\Local\\Temp\\Trojan.exe\r\nTargetObject: HKU\\S-1-5-21-438079597-2123118846-2669748851-1001\\Software\\Microsoft\\Windows\\CurrentVersion\\Run\\5cd8f17f4086744065eb0992a09e05a2\r\nDetails: \""C:\\Users\\John Williams\\AppData\\Local\\Temp\\Trojan.exe\"" ..\""""},""eventdata"":{""ruleName"":""T1060,RunKey"",""eventType"":""SetValue"",""utcTime"":""2020-05-24 16:27:16.018"",""processGuid"":""{df9fc3d3-9fd5-5eca-0000-00102b300b00}"",""processId"":""6484"",""image"":""C:\\\\Users\\\\John Williams\\\\AppData\\\\Local\\\\Temp\\\\Trojan.exe"",""targetObject"":""HKU\\\\S-1-5-21-438079597-2123118846-2669748851-1001\\\\Software\\\\Microsoft\\\\Windows\\\\CurrentVersion\\\\Run\\\\5cd8f17f4086744065eb0992a09e05a2"",""details"":""\\\""C:\\\\Users\\\\John Williams\\\\AppData\\\\Local\\\\Temp\\\\Trojan.exe\\\"" ..""}}}","\""C:\\Users\\John Williams\\AppData\\Local\\Temp\\Trojan.exe\"" .."
"May 24, 2020 @ 16:27:19.504",14,"ATT&CK T1060: New RUN Key Pointing to Suspicious Folder","""Registry value set:
RuleName: T1060,RunKey
EventType: SetValue
UtcTime: 2020-05-24 16:27:15.012
ProcessGuid: {df9fc3d3-9fd5-5eca-0000-00102b300b00}
ProcessId: 6484
Image: C:\Users\John Williams\AppData\Local\Temp\Trojan.exe
TargetObject: HKU\S-1-5-21-438079597-2123118846-2669748851-1001\Software\Microsoft\Windows\CurrentVersion\Run\5cd8f17f4086744065eb0992a09e05a2
Details: ""C:\Users\John Williams\AppData\Local\Temp\Trojan.exe"" ..""",,"HKU\\S-1-5-21-438079597-2123118846-2669748851-1001\\Software\\Microsoft\\Windows\\CurrentVersion\\Run\\5cd8f17f4086744065eb0992a09e05a2","{""win"":{""system"":{""providerName"":""Microsoft-Windows-Sysmon"",""providerGuid"":""{5770385f-c22a-43e0-bf4c-06f5698ffbd9}"",""eventID"":""13"",""version"":""2"",""level"":""4"",""task"":""13"",""opcode"":""0"",""keywords"":""0x8000000000000000"",""systemTime"":""2020-05-24T16:27:15.015789400Z"",""eventRecordID"":""1967"",""processID"":""2176"",""threadID"":""3164"",""channel"":""Microsoft-Windows-Sysmon/Operational"",""computer"":""DESKTOP-HUE026H"",""severityValue"":""INFORMATION"",""message"":""\""Registry value set:\r\nRuleName: T1060,RunKey\r\nEventType: SetValue\r\nUtcTime: 2020-05-24 16:27:15.012\r\nProcessGuid: {df9fc3d3-9fd5-5eca-0000-00102b300b00}\r\nProcessId: 6484\r\nImage: C:\\Users\\John Williams\\AppData\\Local\\Temp\\Trojan.exe\r\nTargetObject: HKU\\S-1-5-21-438079597-2123118846-2669748851-1001\\Software\\Microsoft\\Windows\\CurrentVersion\\Run\\5cd8f17f4086744065eb0992a09e05a2\r\nDetails: \""C:\\Users\\John Williams\\AppData\\Local\\Temp\\Trojan.exe\"" ..\""""},""eventdata"":{""ruleName"":""T1060,RunKey"",""eventType"":""SetValue"",""utcTime"":""2020-05-24 16:27:15.012"",""processGuid"":""{df9fc3d3-9fd5-5eca-0000-00102b300b00}"",""processId"":""6484"",""image"":""C:\\\\Users\\\\John Williams\\\\AppData\\\\Local\\\\Temp\\\\Trojan.exe"",""targetObject"":""HKU\\\\S-1-5-21-438079597-2123118846-2669748851-1001\\\\Software\\\\Microsoft\\\\Windows\\\\CurrentVersion\\\\Run\\\\5cd8f17f4086744065eb0992a09e05a2"",""details"":""\\\""C:\\\\Users\\\\John Williams\\\\AppData\\\\Local\\\\Temp\\\\Trojan.exe\\\"" ..""}}}","\""C:\\Users\\John Williams\\AppData\\Local\\Temp\\Trojan.exe\"" .."
"May 24, 2020 @ 16:27:17.374",14,"ATT&CK T1060: New RUN Key Pointing to Suspicious Folder","""Registry value set:
RuleName: T1060,RunKey
EventType: SetValue
UtcTime: 2020-05-24 16:27:13.980
ProcessGuid: {df9fc3d3-9fd5-5eca-0000-00102b300b00}
ProcessId: 6484
Image: C:\Users\John Williams\AppData\Local\Temp\Trojan.exe
TargetObject: HKU\S-1-5-21-438079597-2123118846-2669748851-1001\Software\Microsoft\Windows\CurrentVersion\Run\5cd8f17f4086744065eb0992a09e05a2
Details: ""C:\Users\John Williams\AppData\Local\Temp\Trojan.exe"" ..""",,"HKU\\S-1-5-21-438079597-2123118846-2669748851-1001\\Software\\Microsoft\\Windows\\CurrentVersion\\Run\\5cd8f17f4086744065eb0992a09e05a2","{""win"":{""system"":{""providerName"":""Microsoft-Windows-Sysmon"",""providerGuid"":""{5770385f-c22a-43e0-bf4c-06f5698ffbd9}"",""eventID"":""13"",""version"":""2"",""level"":""4"",""task"":""13"",""opcode"":""0"",""keywords"":""0x8000000000000000"",""systemTime"":""2020-05-24T16:27:13.981765300Z"",""eventRecordID"":""1966"",""processID"":""2176"",""threadID"":""3164"",""channel"":""Microsoft-Windows-Sysmon/Operational"",""computer"":""DESKTOP-HUE026H"",""severityValue"":""INFORMATION"",""message"":""\""Registry value set:\r\nRuleName: T1060,RunKey\r\nEventType: SetValue\r\nUtcTime: 2020-05-24 16:27:13.980\r\nProcessGuid: {df9fc3d3-9fd5-5eca-0000-00102b300b00}\r\nProcessId: 6484\r\nImage: C:\\Users\\John Williams\\AppData\\Local\\Temp\\Trojan.exe\r\nTargetObject: HKU\\S-1-5-21-438079597-2123118846-2669748851-1001\\Software\\Microsoft\\Windows\\CurrentVersion\\Run\\5cd8f17f4086744065eb0992a09e05a2\r\nDetails: \""C:\\Users\\John Williams\\AppData\\Local\\Temp\\Trojan.exe\"" ..\""""},""eventdata"":{""ruleName"":""T1060,RunKey"",""eventType"":""SetValue"",""utcTime"":""2020-05-24 16:27:13.980"",""processGuid"":""{df9fc3d3-9fd5-5eca-0000-00102b300b00}"",""processId"":""6484"",""image"":""C:\\\\Users\\\\John Williams\\\\AppData\\\\Local\\\\Temp\\\\Trojan.exe"",""targetObject"":""HKU\\\\S-1-5-21-438079597-2123118846-2669748851-1001\\\\Software\\\\Microsoft\\\\Windows\\\\CurrentVersion\\\\Run\\\\5cd8f17f4086744065eb0992a09e05a2"",""details"":""\\\""C:\\\\Users\\\\John Williams\\\\AppData\\\\Local\\\\Temp\\\\Trojan.exe\\\"" ..""}}}","\""C:\\Users\\John Williams\\AppData\\Local\\Temp\\Trojan.exe\"" .."
