"May 22, 2020 @ 15:09:28.904",3,"Windows Logon Success","""An account was successfully logged on.

Subject:
	Security ID:		S-1-5-18
	Account Name:		DESKTOP-HUE026H$
	Account Domain:		WORKGROUP
	Logon ID:		0x3E7

Logon Information:
	Logon Type:		5
	Restricted Admin Mode:	-
	Virtual Account:		No
	Elevated Token:		Yes

Impersonation Level:		Impersonation

New Logon:
	Security ID:		S-1-5-18
	Account Name:		SYSTEM
	Account Domain:		NT AUTHORITY
	Logon ID:		0x3E7
	Linked Logon ID:		0x0
	Network Account Name:	-
	Network Account Domain:	-
	Logon GUID:		{00000000-0000-0000-0000-000000000000}

Process Information:
	Process ID:		0x244
	Process Name:		C:\Windows\System32\services.exe

Network Information:
	Workstation Name:	-
	Source Network Address:	-
	Source Port:		-

Detailed Authentication Information:
	Logon Process:		Advapi  
	Authentication Package:	Negotiate
	Transited Services:	-
	Package Name (NTLM only):	-
	Key Length:		0

This event is generated when a logon session is created. It is generated on the computer that was accessed.

The subject fields indicate the account on the local system which requested the logon. This is most commonly a service such as the Server service, or a local process such as Winlogon.exe or Services.exe.

The logon type field indicates the kind of logon that occurred. The most common types are 2 (interactive) and 3 (network).

The New Logon fields indicate the account for whom the new logon was created, i.e. the account that was logged on.

The network fields indicate where a remote logon request originated. Workstation name is not always available and may be left blank in some cases.

The impersonation level field indicates the extent to which a process in the logon session can impersonate.

The authentication information fields provide detailed information about this specific logon request.
	- Logon GUID is a unique identifier that can be used to correlate this event with a KDC event.
	- Transited services indicate which intermediate services have participated in this logon request.
	- Package name indicates which sub-protocol was used among the NTLM protocols.
	- Key length indicates the length of the generated session key. This will be 0 if no session key was requested.""",
"May 22, 2020 @ 15:09:15.715",8,"Windows Audit Policy changed","""System audit policy was changed.

Subject:
	Security ID:		S-1-5-18
	Account Name:		DESKTOP-HUE026H$
	Account Domain:		WORKGROUP
	Logon ID:		0x3E7

Audit Policy Change:
	Category:		Object Access
	Subcategory:		Handle Manipulation
	Subcategory GUID:	{0cce9223-69ae-11d9-bed3-505054503030}
	Changes:		Success Added""",
"May 22, 2020 @ 15:09:15.708",8,"Windows Audit Policy changed","""System audit policy was changed.

Subject:
	Security ID:		S-1-5-18
	Account Name:		DESKTOP-HUE026H$
	Account Domain:		WORKGROUP
	Logon ID:		0x3E7

Audit Policy Change:
	Category:		Object Access
	Subcategory:		File System
	Subcategory GUID:	{0cce921d-69ae-11d9-bed3-505054503030}
	Changes:		Success Added""",
"May 22, 2020 @ 15:09:10.849",5,"Name resolution for the name www.bbc.com timed out","""Name resolution for the name www.bbc.com timed out after none of the configured DNS servers responded.""",
"May 22, 2020 @ 15:09:07.785",7,"Integrity checksum changed.",,"File '[x64] HKEY_LOCAL_MACHINE\Software\Microsoft\Active Setup\Installed Components\{8A69D345-D564-463c-AFF1-A69D9E530F96}' checksum changed.
Old md5sum was: '7fa7290c3b0e7b2d8ed5a092299db356'
New md5sum is : '271f59daf9ca28fbeb0bd234897e1662'
Old sha1sum was: '27735fff26a4f9093576dfbd77d06599094d3497'
New sha1sum is : 'e8d6ecabf76ed97cd87dc8593f64cd69ec8ec7a2'
"
"May 22, 2020 @ 15:09:01.487",7,"Integrity checksum changed.",,"File '[x64] HKEY_LOCAL_MACHINE\Software\Microsoft\Internet Explorer\Main\FeatureControl\FEATURE_USE_WINDOWEDSELECTCONTROL' checksum changed.
Old md5sum was: '370914f65a755a1cbfcf0c873b11feaa'
New md5sum is : '1c729912f87f9abbd1574176fc5996f7'
Old sha1sum was: 'ea4c2f8e1a1dc5de73a98dbadb5abff9297c9a4b'
New sha1sum is : '1d2094dc263dc3db258f4421536e179cfbd9cfb0'
"
"May 22, 2020 @ 15:09:01.379",3,"Windows Logon Success","""An account was successfully logged on.

Subject:
	Security ID:		S-1-5-18
	Account Name:		DESKTOP-HUE026H$
	Account Domain:		WORKGROUP
	Logon ID:		0x3E7

Logon Information:
	Logon Type:		5
	Restricted Admin Mode:	-
	Virtual Account:		No
	Elevated Token:		Yes

Impersonation Level:		Impersonation

New Logon:
	Security ID:		S-1-5-18
	Account Name:		SYSTEM
	Account Domain:		NT AUTHORITY
	Logon ID:		0x3E7
	Linked Logon ID:		0x0
	Network Account Name:	-
	Network Account Domain:	-
	Logon GUID:		{00000000-0000-0000-0000-000000000000}

Process Information:
	Process ID:		0x244
	Process Name:		C:\Windows\System32\services.exe

Network Information:
	Workstation Name:	-
	Source Network Address:	-
	Source Port:		-

Detailed Authentication Information:
	Logon Process:		Advapi  
	Authentication Package:	Negotiate
	Transited Services:	-
	Package Name (NTLM only):	-
	Key Length:		0

This event is generated when a logon session is created. It is generated on the computer that was accessed.

The subject fields indicate the account on the local system which requested the logon. This is most commonly a service such as the Server service, or a local process such as Winlogon.exe or Services.exe.

The logon type field indicates the kind of logon that occurred. The most common types are 2 (interactive) and 3 (network).

The New Logon fields indicate the account for whom the new logon was created, i.e. the account that was logged on.

The network fields indicate where a remote logon request originated. Workstation name is not always available and may be left blank in some cases.

The impersonation level field indicates the extent to which a process in the logon session can impersonate.

The authentication information fields provide detailed information about this specific logon request.
	- Logon GUID is a unique identifier that can be used to correlate this event with a KDC event.
	- Transited services indicate which intermediate services have participated in this logon request.
	- Package name indicates which sub-protocol was used among the NTLM protocols.
	- Key length indicates the length of the generated session key. This will be 0 if no session key was requested.""",
"May 22, 2020 @ 15:08:44.237",5,"Windows error event","""Id = {00000000-0000-0000-0000-000000000000}; ClientMachine = DESKTOP-HUE026H; User = DESKTOP-HUE026H\John Williams; ClientProcessId = 6876; Component = Unknown; Operation = Start IWbemServices::ExecQuery - ROOT\CIMV2 : SELECT * FROM Win32_PhysicalMemory WHERE Tag='Physical Memory 0'; ResultCode = 0x80041032; PossibleCause = Unknown""",
"May 22, 2020 @ 15:08:44.224",5,"Windows error event","""Id = {00000000-0000-0000-0000-000000000000}; ClientMachine = DESKTOP-HUE026H; User = DESKTOP-HUE026H\John Williams; ClientProcessId = 6876; Component = Unknown; Operation = Start IWbemServices::ExecQuery - ROOT\CIMV2 : SELECT * FROM Win32_DiskDrive WHERE DeviceID LIKE '%PHYSICALDRIVE0%'; ResultCode = 0x80041032; PossibleCause = Unknown""",
"May 22, 2020 @ 15:08:44.194",5,"Windows error event","""Id = {00000000-0000-0000-0000-000000000000}; ClientMachine = DESKTOP-HUE026H; User = DESKTOP-HUE026H\John Williams; ClientProcessId = 6876; Component = Unknown; Operation = Start IWbemServices::ExecQuery - ROOT\CIMV2 : SELECT * FROM Win32_ComputerSystemProduct; ResultCode = 0x80041032; PossibleCause = Unknown""",
"May 22, 2020 @ 15:08:31.202",3,"Windows Logon Success","""An account was successfully logged on.

Subject:
	Security ID:		S-1-5-18
	Account Name:		DESKTOP-HUE026H$
	Account Domain:		WORKGROUP
	Logon ID:		0x3E7

Logon Information:
	Logon Type:		5
	Restricted Admin Mode:	-
	Virtual Account:		No
	Elevated Token:		Yes

Impersonation Level:		Impersonation

New Logon:
	Security ID:		S-1-5-18
	Account Name:		SYSTEM
	Account Domain:		NT AUTHORITY
	Logon ID:		0x3E7
	Linked Logon ID:		0x0
	Network Account Name:	-
	Network Account Domain:	-
	Logon GUID:		{00000000-0000-0000-0000-000000000000}

Process Information:
	Process ID:		0x244
	Process Name:		C:\Windows\System32\services.exe

Network Information:
	Workstation Name:	-
	Source Network Address:	-
	Source Port:		-

Detailed Authentication Information:
	Logon Process:		Advapi  
	Authentication Package:	Negotiate
	Transited Services:	-
	Package Name (NTLM only):	-
	Key Length:		0

This event is generated when a logon session is created. It is generated on the computer that was accessed.

The subject fields indicate the account on the local system which requested the logon. This is most commonly a service such as the Server service, or a local process such as Winlogon.exe or Services.exe.

The logon type field indicates the kind of logon that occurred. The most common types are 2 (interactive) and 3 (network).

The New Logon fields indicate the account for whom the new logon was created, i.e. the account that was logged on.

The network fields indicate where a remote logon request originated. Workstation name is not always available and may be left blank in some cases.

The impersonation level field indicates the extent to which a process in the logon session can impersonate.

The authentication information fields provide detailed information about this specific logon request.
	- Logon GUID is a unique identifier that can be used to correlate this event with a KDC event.
	- Transited services indicate which intermediate services have participated in this logon request.
	- Package name indicates which sub-protocol was used among the NTLM protocols.
	- Key length indicates the length of the generated session key. This will be 0 if no session key was requested.""",
"May 22, 2020 @ 15:08:17.757",5,"Windows error event","""Id = {00000000-0000-0000-0000-000000000000}; ClientMachine = DESKTOP-HUE026H; User = NT AUTHORITY\SYSTEM; ClientProcessId = 3256; Component = Unknown; Operation = Start IWbemServices::ExecQuery - ROOT\CIMV2 : select ChassisTypes from Win32_SystemEnclosure; ResultCode = 0x80041032; PossibleCause = Unknown""",
"May 22, 2020 @ 15:07:55.054",7,"Integrity checksum changed.",,"File 'HKEY_LOCAL_MACHINE\Security\Policy\PolAdtEv' checksum changed.
Old md5sum was: 'b40de87500ee3eed90c2ce3ce8c7946f'
New md5sum is : '9d15aff4d26f802c3c4d3d74a00d8d4d'
Old sha1sum was: '2f6e6dd0efd148b1c11d33c91e9cea4a97a84792'
New sha1sum is : '11f3afa3902d0fadfcc52e4c051995f536c7d4e2'
"
"May 22, 2020 @ 15:07:52.691",5,"License Activation (slui.exe) failed","""License Activation (slui.exe) failed with the following error code:
hr=0x803F7001
Command-line arguments:
RuleId=31e71c49-8da7-4a2f-ad92-45d98a1c79ba;Action=AutoActivate;AppId=55c92734-d682-4d71-983e-d6ec3f16059f;SkuId=2b1f36bb-c1cd-4306-bf5c-a0367c2d97d8;NotificationInterval=1440;Trigger=TimerEvent""",
"May 22, 2020 @ 15:07:51.478",5,"License Activation (slui.exe) failed","""License Activation (slui.exe) failed with the following error code:
hr=0x803F7001
Command-line arguments:
RuleId=31e71c49-8da7-4a2f-ad92-45d98a1c79ba;Action=AutoActivate;AppId=55c92734-d682-4d71-983e-d6ec3f16059f;SkuId=2b1f36bb-c1cd-4306-bf5c-a0367c2d97d8;NotificationInterval=1440;Trigger=UserLogon;SessionId=1""",
"May 22, 2020 @ 15:07:48.108",3,"Windows Logon Success","""An account was successfully logged on.

Subject:
	Security ID:		S-1-5-18
	Account Name:		DESKTOP-HUE026H$
	Account Domain:		WORKGROUP
	Logon ID:		0x3E7

Logon Information:
	Logon Type:		5
	Restricted Admin Mode:	-
	Virtual Account:		No
	Elevated Token:		Yes

Impersonation Level:		Impersonation

New Logon:
	Security ID:		S-1-5-18
	Account Name:		SYSTEM
	Account Domain:		NT AUTHORITY
	Logon ID:		0x3E7
	Linked Logon ID:		0x0
	Network Account Name:	-
	Network Account Domain:	-
	Logon GUID:		{00000000-0000-0000-0000-000000000000}

Process Information:
	Process ID:		0x244
	Process Name:		C:\Windows\System32\services.exe

Network Information:
	Workstation Name:	-
	Source Network Address:	-
	Source Port:		-

Detailed Authentication Information:
	Logon Process:		Advapi  
	Authentication Package:	Negotiate
	Transited Services:	-
	Package Name (NTLM only):	-
	Key Length:		0

This event is generated when a logon session is created. It is generated on the computer that was accessed.

The subject fields indicate the account on the local system which requested the logon. This is most commonly a service such as the Server service, or a local process such as Winlogon.exe or Services.exe.

The logon type field indicates the kind of logon that occurred. The most common types are 2 (interactive) and 3 (network).

The New Logon fields indicate the account for whom the new logon was created, i.e. the account that was logged on.

The network fields indicate where a remote logon request originated. Workstation name is not always available and may be left blank in some cases.

The impersonation level field indicates the extent to which a process in the logon session can impersonate.

The authentication information fields provide detailed information about this specific logon request.
	- Logon GUID is a unique identifier that can be used to correlate this event with a KDC event.
	- Transited services indicate which intermediate services have participated in this logon request.
	- Package name indicates which sub-protocol was used among the NTLM protocols.
	- Key length indicates the length of the generated session key. This will be 0 if no session key was requested.""",
