"Apr 24, 2020 @ 10:25:55.422",5,"License Activation (slui.exe) failed",,"""License Activation (slui.exe) failed with the following error code:
hr=0x803F7001
Command-line arguments:
RuleId=31e71c49-8da7-4a2f-ad92-45d98a1c79ba;Action=AutoActivate;AppId=55c92734-d682-4d71-983e-d6ec3f16059f;SkuId=2b1f36bb-c1cd-4306-bf5c-a0367c2d97d8;NotificationInterval=1440;Trigger=NetworkAvailable"""
"Apr 24, 2020 @ 10:25:52.548",5,"License Activation (slui.exe) failed",,"""License Activation (slui.exe) failed with the following error code:
hr=0x803F7001
Command-line arguments:
RuleId=31e71c49-8da7-4a2f-ad92-45d98a1c79ba;Action=AutoActivate;AppId=55c92734-d682-4d71-983e-d6ec3f16059f;SkuId=2b1f36bb-c1cd-4306-bf5c-a0367c2d97d8;NotificationInterval=1440;Trigger=UserLogon;SessionId=1"""
"Apr 24, 2020 @ 10:25:52.283",3,"Windows User Logoff",,"""An account was logged off.

Subject:
	Security ID:		S-1-5-21-438079597-2123118846-2669748851-1001
	Account Name:		John Williams
	Account Domain:		DESKTOP-HUE026H
	Logon ID:		0x864E9

Logon Type:			2

This event is generated when a logon session is destroyed. It may be positively correlated with a logon event using the Logon ID value. Logon IDs are only unique between reboots on the same computer."""
"Apr 24, 2020 @ 10:25:52.253",3,"Windows User Logoff",,"""An account was logged off.

Subject:
	Security ID:		S-1-5-21-438079597-2123118846-2669748851-1001
	Account Name:		John Williams
	Account Domain:		DESKTOP-HUE026H
	Logon ID:		0x86508

Logon Type:			2

This event is generated when a logon session is destroyed. It may be positively correlated with a logon event using the Logon ID value. Logon IDs are only unique between reboots on the same computer."""
"Apr 24, 2020 @ 10:25:52.213",3,"Windows Workstation Logon Success",,"""An account was successfully logged on.

Subject:
	Security ID:		S-1-5-18
	Account Name:		DESKTOP-HUE026H$
	Account Domain:		WORKGROUP
	Logon ID:		0x3E7

Logon Information:
	Logon Type:		2
	Restricted Admin Mode:	-
	Virtual Account:		No
	Elevated Token:		No

Impersonation Level:		Impersonation

New Logon:
	Security ID:		S-1-5-21-438079597-2123118846-2669748851-1001
	Account Name:		John Williams
	Account Domain:		DESKTOP-HUE026H
	Logon ID:		0x86508
	Linked Logon ID:		0x864E9
	Network Account Name:	-
	Network Account Domain:	-
	Logon GUID:		{00000000-0000-0000-0000-000000000000}

Process Information:
	Process ID:		0x154
	Process Name:		C:\Windows\System32\svchost.exe

Network Information:
	Workstation Name:	DESKTOP-HUE026H
	Source Network Address:	127.0.0.1
	Source Port:		0

Detailed Authentication Information:
	Logon Process:		User32 
	Authentication Package:	Negotiate
	Transited Services:	-
	Package Name (NTLM only):	-
	Key Length:		0

This event is generated when a logon session is created. It is generated on the computer that was accessed.

The subject fields indicate the account on the local system which requested the logon. This is most commonly a service such as the Server service, or a local process such as Winlogon.exe or Services.exe.

The logon type field indicates the kind of logon that occurred. The most common types are 2 (interactive) and 3 (network).

The New Logon fields indicate the account for whom the new logon was created, i.e. the account that was logged on.

The network fields indicate where a remote logon request originated. Workstation name is not always available and may be left blank in some cases.

The impersonation level field indicates the extent to which a process in the logon session can impersonate.

The authentication information fields provide detailed information about this specific logon request.
	- Logon GUID is a unique identifier that can be used to correlate this event with a KDC event.
	- Transited services indicate which intermediate services have participated in this logon request.
	- Package name indicates which sub-protocol was used among the NTLM protocols.
	- Key length indicates the length of the generated session key. This will be 0 if no session key was requested."""
"Apr 24, 2020 @ 10:25:52.189",3,"Windows Workstation Logon Success",,"""An account was successfully logged on.

Subject:
	Security ID:		S-1-5-18
	Account Name:		DESKTOP-HUE026H$
	Account Domain:		WORKGROUP
	Logon ID:		0x3E7

Logon Information:
	Logon Type:		2
	Restricted Admin Mode:	-
	Virtual Account:		No
	Elevated Token:		Yes

Impersonation Level:		Impersonation

New Logon:
	Security ID:		S-1-5-21-438079597-2123118846-2669748851-1001
	Account Name:		John Williams
	Account Domain:		DESKTOP-HUE026H
	Logon ID:		0x864E9
	Linked Logon ID:		0x86508
	Network Account Name:	-
	Network Account Domain:	-
	Logon GUID:		{00000000-0000-0000-0000-000000000000}

Process Information:
	Process ID:		0x154
	Process Name:		C:\Windows\System32\svchost.exe

Network Information:
	Workstation Name:	DESKTOP-HUE026H
	Source Network Address:	127.0.0.1
	Source Port:		0

Detailed Authentication Information:
	Logon Process:		User32 
	Authentication Package:	Negotiate
	Transited Services:	-
	Package Name (NTLM only):	-
	Key Length:		0

This event is generated when a logon session is created. It is generated on the computer that was accessed.

The subject fields indicate the account on the local system which requested the logon. This is most commonly a service such as the Server service, or a local process such as Winlogon.exe or Services.exe.

The logon type field indicates the kind of logon that occurred. The most common types are 2 (interactive) and 3 (network).

The New Logon fields indicate the account for whom the new logon was created, i.e. the account that was logged on.

The network fields indicate where a remote logon request originated. Workstation name is not always available and may be left blank in some cases.

The impersonation level field indicates the extent to which a process in the logon session can impersonate.

The authentication information fields provide detailed information about this specific logon request.
	- Logon GUID is a unique identifier that can be used to correlate this event with a KDC event.
	- Transited services indicate which intermediate services have participated in this logon request.
	- Package name indicates which sub-protocol was used among the NTLM protocols.
	- Key length indicates the length of the generated session key. This will be 0 if no session key was requested."""
"Apr 24, 2020 @ 10:25:47.284",5,"SCA summary: Benchmark for Windows audit: Score less than 80% (66)",,
"Apr 24, 2020 @ 10:25:44.264",3,"The Windows Search Service started",,"""The Windows Search Service started.
"""
"Apr 24, 2020 @ 10:25:44.181",3,"Windows Logon Success",,"""An account was successfully logged on.

Subject:
	Security ID:		S-1-5-18
	Account Name:		DESKTOP-HUE026H$
	Account Domain:		WORKGROUP
	Logon ID:		0x3E7

Logon Information:
	Logon Type:		5
	Restricted Admin Mode:	-
	Virtual Account:		No
	Elevated Token:		Yes

Impersonation Level:		Impersonation

New Logon:
	Security ID:		S-1-5-18
	Account Name:		SYSTEM
	Account Domain:		NT AUTHORITY
	Logon ID:		0x3E7
	Linked Logon ID:		0x0
	Network Account Name:	-
	Network Account Domain:	-
	Logon GUID:		{00000000-0000-0000-0000-000000000000}

Process Information:
	Process ID:		0x248
	Process Name:		C:\Windows\System32\services.exe

Network Information:
	Workstation Name:	-
	Source Network Address:	-
	Source Port:		-

Detailed Authentication Information:
	Logon Process:		Advapi  
	Authentication Package:	Negotiate
	Transited Services:	-
	Package Name (NTLM only):	-
	Key Length:		0

This event is generated when a logon session is created. It is generated on the computer that was accessed.

The subject fields indicate the account on the local system which requested the logon. This is most commonly a service such as the Server service, or a local process such as Winlogon.exe or Services.exe.

The logon type field indicates the kind of logon that occurred. The most common types are 2 (interactive) and 3 (network).

The New Logon fields indicate the account for whom the new logon was created, i.e. the account that was logged on.

The network fields indicate where a remote logon request originated. Workstation name is not always available and may be left blank in some cases.

The impersonation level field indicates the extent to which a process in the logon session can impersonate.

The authentication information fields provide detailed information about this specific logon request.
	- Logon GUID is a unique identifier that can be used to correlate this event with a KDC event.
	- Transited services indicate which intermediate services have participated in this logon request.
	- Package name indicates which sub-protocol was used among the NTLM protocols.
	- Key length indicates the length of the generated session key. This will be 0 if no session key was requested."""
"Apr 24, 2020 @ 10:25:44.149",3,"The database engine attached a database",,"""SearchIndexer (4468,D,50) Windows: The database engine attached a database (1, C:\ProgramData\Microsoft\Search\Data\Applications\Windows\Windows.edb). (Time=0 seconds) 
 
Saved Cache: 0 0 
Additional Data: lgposAttach = 00000013:00DB:0268,
dbv = 1568.20.0 
 
Internal Timing Sequence: 
[1] 0.000008 +J(0) +M(C:0K, Fs:1, WS:4K # 0K, PF:0K # 0K, P:0K)
[2] 0.080503 -0.080241 (1) WT +J(0) +M(C:0K, Fs:25, WS:36K # 0K, PF:32K # 0K, P:32K)
[3] 0.096983 -0.066686 (5) WT +J(CM:0, PgRf:0, Rd:0/0, Dy:0/0, Lg:3480/2) +M(C:0K, Fs:42, WS:124K # 0K, PF:148K # 0K, P:148K)
[4] 0.000100 +J(0)
[5] -
[6] -
[7] -
[8] 0.016881 -0.000653 (2) CM +J(CM:2, PgRf:2, Rd:14/2, Dy:0/0, Lg:0/0) +M(C:0K, Fs:52, WS:208K # 0K, PF:660K # 0K, P:660K)
[9] 0.086385 -0.000192 (5) CM -0.085901 (1) WT +J(CM:5, PgRf:23, Rd:0/5, Dy:0/0, Lg:0/0) +M(C:0K, Fs:67, WS:268K # 0K, PF:256K # 132K, P:256K)
[10] 0.000319 -0.000195 (1) CM +J(CM:1, PgRf:40, Rd:0/1, Dy:0/0, Lg:0/0) +M(C:0K, Fs:11, WS:44K # 8K, PF:96K # 96K, P:96K)
[11] 0.000017 +J(CM:0, PgRf:1, Rd:0/0, Dy:0/0, Lg:0/0) +M(C:0K, Fs:4, WS:16K # 16K, PF:0K # 0K, P:0K)
[12] 0.000052 +J(CM:0, PgRf:42, Rd:0/0, Dy:0/0, Lg:0/0) +M(C:0K, Fs:3, WS:12K # 12K, PF:0K # 0K, P:0K)
[13] 0.000001 +J(0)
[14] 0.000001 +J(0)
[15] 0.000008 +J(CM:0, PgRf:1, Rd:0/0, Dy:0/0, Lg:0/0)."""
"Apr 24, 2020 @ 10:25:44.058",3,"The database engine is starting a new instance",,"""SearchIndexer (4468,P,98) Windows: The database engine (10.00.18363.0000) is starting a new instance (0)."""
"Apr 24, 2020 @ 10:25:42.236",9,"Benchmark for Windows audit: Ensure 'MSS: (AutoAdminLogon) Enable Automatic Logon (not recommended)' is set to 'Disabled': Status changed from 'not applicable' to failed",,
"Apr 24, 2020 @ 10:25:40.879",9,"ATT&CK T1058:Registry edit for new service","{""win"":{""system"":{""providerName"":""Microsoft-Windows-Sysmon"",""providerGuid"":""{5770385f-c22a-43e0-bf4c-06f5698ffbd9}"",""eventID"":""13"",""version"":""2"",""level"":""4"",""task"":""13"",""opcode"":""0"",""keywords"":""0x8000000000000000"",""systemTime"":""2020-04-24T10:25:35.473847400Z"",""eventRecordID"":""545"",""processID"":""2148"",""threadID"":""2680"",""channel"":""Microsoft-Windows-Sysmon/Operational"",""computer"":""DESKTOP-HUE026H"",""severityValue"":""INFORMATION"",""message"":""\""Registry value set:\r\nRuleName: T1031,T1050\r\nEventType: SetValue\r\nUtcTime: 2020-04-24 10:25:35.414\r\nProcessGuid: {df9fc3d3-be95-5ea2-0000-001031a80000}\r\nProcessId: 584\r\nImage: C:\\Windows\\system32\\services.exe\r\nTargetObject: HKLM\\System\\CurrentControlSet\\Services\\TabletInputService\\Start\r\nDetails: DWORD (0x00000003)\""""},""eventdata"":{""ruleName"":""T1031,T1050"",""eventType"":""SetValue"",""utcTime"":""2020-04-24 10:25:35.414"",""processGuid"":""{df9fc3d3-be95-5ea2-0000-001031a80000}"",""processId"":""584"",""image"":""C:\\\\Windows\\\\system32\\\\services.exe"",""targetObject"":""HKLM\\\\System\\\\CurrentControlSet\\\\Services\\\\TabletInputService\\\\Start"",""details"":""DWORD (0x00000003)""}}}","""Registry value set:
RuleName: T1031,T1050
EventType: SetValue
UtcTime: 2020-04-24 10:25:35.414
ProcessGuid: {df9fc3d3-be95-5ea2-0000-001031a80000}
ProcessId: 584
Image: C:\Windows\system32\services.exe
TargetObject: HKLM\System\CurrentControlSet\Services\TabletInputService\Start
Details: DWORD (0x00000003)"""
"Apr 24, 2020 @ 10:25:40.712",9,"ATT&CK T1058:Registry edit for new service","{""win"":{""system"":{""providerName"":""Microsoft-Windows-Sysmon"",""providerGuid"":""{5770385f-c22a-43e0-bf4c-06f5698ffbd9}"",""eventID"":""13"",""version"":""2"",""level"":""4"",""task"":""13"",""opcode"":""0"",""keywords"":""0x8000000000000000"",""systemTime"":""2020-04-24T10:25:35.021631700Z"",""eventRecordID"":""539"",""processID"":""2148"",""threadID"":""2680"",""channel"":""Microsoft-Windows-Sysmon/Operational"",""computer"":""DESKTOP-HUE026H"",""severityValue"":""INFORMATION"",""message"":""\""Registry value set:\r\nRuleName: T1031,T1050\r\nEventType: SetValue\r\nUtcTime: 2020-04-24 10:25:34.962\r\nProcessGuid: {df9fc3d3-be95-5ea2-0000-001031a80000}\r\nProcessId: 584\r\nImage: C:\\Windows\\system32\\services.exe\r\nTargetObject: HKLM\\System\\CurrentControlSet\\Services\\WpnUserService_3ea3f\\ImagePath\r\nDetails: C:\\Windows\\system32\\svchost.exe -k UnistackSvcGroup\""""},""eventdata"":{""ruleName"":""T1031,T1050"",""eventType"":""SetValue"",""utcTime"":""2020-04-24 10:25:34.962"",""processGuid"":""{df9fc3d3-be95-5ea2-0000-001031a80000}"",""processId"":""584"",""image"":""C:\\\\Windows\\\\system32\\\\services.exe"",""targetObject"":""HKLM\\\\System\\\\CurrentControlSet\\\\Services\\\\WpnUserService_3ea3f\\\\ImagePath"",""details"":""C:\\\\Windows\\\\system32\\\\svchost.exe -k UnistackSvcGroup""}}}","""Registry value set:
RuleName: T1031,T1050
EventType: SetValue
UtcTime: 2020-04-24 10:25:34.962
ProcessGuid: {df9fc3d3-be95-5ea2-0000-001031a80000}
ProcessId: 584
Image: C:\Windows\system32\services.exe
TargetObject: HKLM\System\CurrentControlSet\Services\WpnUserService_3ea3f\ImagePath
Details: C:\Windows\system32\svchost.exe -k UnistackSvcGroup"""
"Apr 24, 2020 @ 10:25:40.686",9,"ATT&CK T1058:Registry edit for new service","{""win"":{""system"":{""providerName"":""Microsoft-Windows-Sysmon"",""providerGuid"":""{5770385f-c22a-43e0-bf4c-06f5698ffbd9}"",""eventID"":""13"",""version"":""2"",""level"":""4"",""task"":""13"",""opcode"":""0"",""keywords"":""0x8000000000000000"",""systemTime"":""2020-04-24T10:25:35.021301500Z"",""eventRecordID"":""538"",""processID"":""2148"",""threadID"":""2680"",""channel"":""Microsoft-Windows-Sysmon/Operational"",""computer"":""DESKTOP-HUE026H"",""severityValue"":""INFORMATION"",""message"":""\""Registry value set:\r\nRuleName: T1031,T1050\r\nEventType: SetValue\r\nUtcTime: 2020-04-24 10:25:34.962\r\nProcessGuid: {df9fc3d3-be95-5ea2-0000-001031a80000}\r\nProcessId: 584\r\nImage: C:\\Windows\\system32\\services.exe\r\nTargetObject: HKLM\\System\\CurrentControlSet\\Services\\WpnUserService_3ea3f\\Start\r\nDetails: DWORD (0x00000002)\""""},""eventdata"":{""ruleName"":""T1031,T1050"",""eventType"":""SetValue"",""utcTime"":""2020-04-24 10:25:34.962"",""processGuid"":""{df9fc3d3-be95-5ea2-0000-001031a80000}"",""processId"":""584"",""image"":""C:\\\\Windows\\\\system32\\\\services.exe"",""targetObject"":""HKLM\\\\System\\\\CurrentControlSet\\\\Services\\\\WpnUserService_3ea3f\\\\Start"",""details"":""DWORD (0x00000002)""}}}","""Registry value set:
RuleName: T1031,T1050
EventType: SetValue
UtcTime: 2020-04-24 10:25:34.962
ProcessGuid: {df9fc3d3-be95-5ea2-0000-001031a80000}
ProcessId: 584
Image: C:\Windows\system32\services.exe
TargetObject: HKLM\System\CurrentControlSet\Services\WpnUserService_3ea3f\Start
Details: DWORD (0x00000002)"""
"Apr 24, 2020 @ 10:25:40.642",9,"ATT&CK T1058:Registry edit for new service","{""win"":{""system"":{""providerName"":""Microsoft-Windows-Sysmon"",""providerGuid"":""{5770385f-c22a-43e0-bf4c-06f5698ffbd9}"",""eventID"":""13"",""version"":""2"",""level"":""4"",""task"":""13"",""opcode"":""0"",""keywords"":""0x8000000000000000"",""systemTime"":""2020-04-24T10:25:35.019949100Z"",""eventRecordID"":""537"",""processID"":""2148"",""threadID"":""2680"",""channel"":""Microsoft-Windows-Sysmon/Operational"",""computer"":""DESKTOP-HUE026H"",""severityValue"":""INFORMATION"",""message"":""\""Registry value set:\r\nRuleName: T1031,T1050\r\nEventType: SetValue\r\nUtcTime: 2020-04-24 10:25:34.962\r\nProcessGuid: {df9fc3d3-be95-5ea2-0000-001031a80000}\r\nProcessId: 584\r\nImage: C:\\Windows\\system32\\services.exe\r\nTargetObject: HKLM\\System\\CurrentControlSet\\Services\\UserDataSvc_3ea3f\\ImagePath\r\nDetails: C:\\Windows\\system32\\svchost.exe -k UnistackSvcGroup\""""},""eventdata"":{""ruleName"":""T1031,T1050"",""eventType"":""SetValue"",""utcTime"":""2020-04-24 10:25:34.962"",""processGuid"":""{df9fc3d3-be95-5ea2-0000-001031a80000}"",""processId"":""584"",""image"":""C:\\\\Windows\\\\system32\\\\services.exe"",""targetObject"":""HKLM\\\\System\\\\CurrentControlSet\\\\Services\\\\UserDataSvc_3ea3f\\\\ImagePath"",""details"":""C:\\\\Windows\\\\system32\\\\svchost.exe -k UnistackSvcGroup""}}}","""Registry value set:
RuleName: T1031,T1050
EventType: SetValue
UtcTime: 2020-04-24 10:25:34.962
ProcessGuid: {df9fc3d3-be95-5ea2-0000-001031a80000}
ProcessId: 584
Image: C:\Windows\system32\services.exe
TargetObject: HKLM\System\CurrentControlSet\Services\UserDataSvc_3ea3f\ImagePath
Details: C:\Windows\system32\svchost.exe -k UnistackSvcGroup"""
"Apr 24, 2020 @ 10:25:40.637",9,"ATT&CK T1058:Registry edit for new service","{""win"":{""system"":{""providerName"":""Microsoft-Windows-Sysmon"",""providerGuid"":""{5770385f-c22a-43e0-bf4c-06f5698ffbd9}"",""eventID"":""13"",""version"":""2"",""level"":""4"",""task"":""13"",""opcode"":""0"",""keywords"":""0x8000000000000000"",""systemTime"":""2020-04-24T10:25:35.019560900Z"",""eventRecordID"":""536"",""processID"":""2148"",""threadID"":""2680"",""channel"":""Microsoft-Windows-Sysmon/Operational"",""computer"":""DESKTOP-HUE026H"",""severityValue"":""INFORMATION"",""message"":""\""Registry value set:\r\nRuleName: T1031,T1050\r\nEventType: SetValue\r\nUtcTime: 2020-04-24 10:25:34.962\r\nProcessGuid: {df9fc3d3-be95-5ea2-0000-001031a80000}\r\nProcessId: 584\r\nImage: C:\\Windows\\system32\\services.exe\r\nTargetObject: HKLM\\System\\CurrentControlSet\\Services\\UserDataSvc_3ea3f\\Start\r\nDetails: DWORD (0x00000003)\""""},""eventdata"":{""ruleName"":""T1031,T1050"",""eventType"":""SetValue"",""utcTime"":""2020-04-24 10:25:34.962"",""processGuid"":""{df9fc3d3-be95-5ea2-0000-001031a80000}"",""processId"":""584"",""image"":""C:\\\\Windows\\\\system32\\\\services.exe"",""targetObject"":""HKLM\\\\System\\\\CurrentControlSet\\\\Services\\\\UserDataSvc_3ea3f\\\\Start"",""details"":""DWORD (0x00000003)""}}}","""Registry value set:
RuleName: T1031,T1050
EventType: SetValue
UtcTime: 2020-04-24 10:25:34.962
ProcessGuid: {df9fc3d3-be95-5ea2-0000-001031a80000}
ProcessId: 584
Image: C:\Windows\system32\services.exe
TargetObject: HKLM\System\CurrentControlSet\Services\UserDataSvc_3ea3f\Start
Details: DWORD (0x00000003)"""
"Apr 24, 2020 @ 10:25:40.583",9,"ATT&CK T1058:Registry edit for new service","{""win"":{""system"":{""providerName"":""Microsoft-Windows-Sysmon"",""providerGuid"":""{5770385f-c22a-43e0-bf4c-06f5698ffbd9}"",""eventID"":""13"",""version"":""2"",""level"":""4"",""task"":""13"",""opcode"":""0"",""keywords"":""0x8000000000000000"",""systemTime"":""2020-04-24T10:25:35.017993100Z"",""eventRecordID"":""535"",""processID"":""2148"",""threadID"":""2680"",""channel"":""Microsoft-Windows-Sysmon/Operational"",""computer"":""DESKTOP-HUE026H"",""severityValue"":""INFORMATION"",""message"":""\""Registry value set:\r\nRuleName: T1031,T1050\r\nEventType: SetValue\r\nUtcTime: 2020-04-24 10:25:34.962\r\nProcessGuid: {df9fc3d3-be95-5ea2-0000-001031a80000}\r\nProcessId: 584\r\nImage: C:\\Windows\\system32\\services.exe\r\nTargetObject: HKLM\\System\\CurrentControlSet\\Services\\UnistoreSvc_3ea3f\\ImagePath\r\nDetails: C:\\Windows\\System32\\svchost.exe -k UnistackSvcGroup\""""},""eventdata"":{""ruleName"":""T1031,T1050"",""eventType"":""SetValue"",""utcTime"":""2020-04-24 10:25:34.962"",""processGuid"":""{df9fc3d3-be95-5ea2-0000-001031a80000}"",""processId"":""584"",""image"":""C:\\\\Windows\\\\system32\\\\services.exe"",""targetObject"":""HKLM\\\\System\\\\CurrentControlSet\\\\Services\\\\UnistoreSvc_3ea3f\\\\ImagePath"",""details"":""C:\\\\Windows\\\\System32\\\\svchost.exe -k UnistackSvcGroup""}}}","""Registry value set:
RuleName: T1031,T1050
EventType: SetValue
UtcTime: 2020-04-24 10:25:34.962
ProcessGuid: {df9fc3d3-be95-5ea2-0000-001031a80000}
ProcessId: 584
Image: C:\Windows\system32\services.exe
TargetObject: HKLM\System\CurrentControlSet\Services\UnistoreSvc_3ea3f\ImagePath
Details: C:\Windows\System32\svchost.exe -k UnistackSvcGroup"""
"Apr 24, 2020 @ 10:25:40.565",9,"ATT&CK T1058:Registry edit for new service","{""win"":{""system"":{""providerName"":""Microsoft-Windows-Sysmon"",""providerGuid"":""{5770385f-c22a-43e0-bf4c-06f5698ffbd9}"",""eventID"":""13"",""version"":""2"",""level"":""4"",""task"":""13"",""opcode"":""0"",""keywords"":""0x8000000000000000"",""systemTime"":""2020-04-24T10:25:35.017212000Z"",""eventRecordID"":""534"",""processID"":""2148"",""threadID"":""2680"",""channel"":""Microsoft-Windows-Sysmon/Operational"",""computer"":""DESKTOP-HUE026H"",""severityValue"":""INFORMATION"",""message"":""\""Registry value set:\r\nRuleName: T1031,T1050\r\nEventType: SetValue\r\nUtcTime: 2020-04-24 10:25:34.962\r\nProcessGuid: {df9fc3d3-be95-5ea2-0000-001031a80000}\r\nProcessId: 584\r\nImage: C:\\Windows\\system32\\services.exe\r\nTargetObject: HKLM\\System\\CurrentControlSet\\Services\\UnistoreSvc_3ea3f\\Start\r\nDetails: DWORD (0x00000003)\""""},""eventdata"":{""ruleName"":""T1031,T1050"",""eventType"":""SetValue"",""utcTime"":""2020-04-24 10:25:34.962"",""processGuid"":""{df9fc3d3-be95-5ea2-0000-001031a80000}"",""processId"":""584"",""image"":""C:\\\\Windows\\\\system32\\\\services.exe"",""targetObject"":""HKLM\\\\System\\\\CurrentControlSet\\\\Services\\\\UnistoreSvc_3ea3f\\\\Start"",""details"":""DWORD (0x00000003)""}}}","""Registry value set:
RuleName: T1031,T1050
EventType: SetValue
UtcTime: 2020-04-24 10:25:34.962
ProcessGuid: {df9fc3d3-be95-5ea2-0000-001031a80000}
ProcessId: 584
Image: C:\Windows\system32\services.exe
TargetObject: HKLM\System\CurrentControlSet\Services\UnistoreSvc_3ea3f\Start
Details: DWORD (0x00000003)"""
"Apr 24, 2020 @ 10:25:40.540",9,"ATT&CK T1058:Registry edit for new service","{""win"":{""system"":{""providerName"":""Microsoft-Windows-Sysmon"",""providerGuid"":""{5770385f-c22a-43e0-bf4c-06f5698ffbd9}"",""eventID"":""13"",""version"":""2"",""level"":""4"",""task"":""13"",""opcode"":""0"",""keywords"":""0x8000000000000000"",""systemTime"":""2020-04-24T10:25:35.013087000Z"",""eventRecordID"":""533"",""processID"":""2148"",""threadID"":""2680"",""channel"":""Microsoft-Windows-Sysmon/Operational"",""computer"":""DESKTOP-HUE026H"",""severityValue"":""INFORMATION"",""message"":""\""Registry value set:\r\nRuleName: T1031,T1050\r\nEventType: SetValue\r\nUtcTime: 2020-04-24 10:25:34.962\r\nProcessGuid: {df9fc3d3-be95-5ea2-0000-001031a80000}\r\nProcessId: 584\r\nImage: C:\\Windows\\system32\\services.exe\r\nTargetObject: HKLM\\System\\CurrentControlSet\\Services\\PrintWorkflowUserSvc_3ea3f\\ImagePath\r\nDetails: C:\\Windows\\system32\\svchost.exe -k PrintWorkflow\""""},""eventdata"":{""ruleName"":""T1031,T1050"",""eventType"":""SetValue"",""utcTime"":""2020-04-24 10:25:34.962"",""processGuid"":""{df9fc3d3-be95-5ea2-0000-001031a80000}"",""processId"":""584"",""image"":""C:\\\\Windows\\\\system32\\\\services.exe"",""targetObject"":""HKLM\\\\System\\\\CurrentControlSet\\\\Services\\\\PrintWorkflowUserSvc_3ea3f\\\\ImagePath"",""details"":""C:\\\\Windows\\\\system32\\\\svchost.exe -k PrintWorkflow""}}}","""Registry value set:
RuleName: T1031,T1050
EventType: SetValue
UtcTime: 2020-04-24 10:25:34.962
ProcessGuid: {df9fc3d3-be95-5ea2-0000-001031a80000}
ProcessId: 584
Image: C:\Windows\system32\services.exe
TargetObject: HKLM\System\CurrentControlSet\Services\PrintWorkflowUserSvc_3ea3f\ImagePath
Details: C:\Windows\system32\svchost.exe -k PrintWorkflow"""
"Apr 24, 2020 @ 10:25:40.506",9,"ATT&CK T1058:Registry edit for new service","{""win"":{""system"":{""providerName"":""Microsoft-Windows-Sysmon"",""providerGuid"":""{5770385f-c22a-43e0-bf4c-06f5698ffbd9}"",""eventID"":""13"",""version"":""2"",""level"":""4"",""task"":""13"",""opcode"":""0"",""keywords"":""0x8000000000000000"",""systemTime"":""2020-04-24T10:25:35.012466500Z"",""eventRecordID"":""532"",""processID"":""2148"",""threadID"":""2680"",""channel"":""Microsoft-Windows-Sysmon/Operational"",""computer"":""DESKTOP-HUE026H"",""severityValue"":""INFORMATION"",""message"":""\""Registry value set:\r\nRuleName: T1031,T1050\r\nEventType: SetValue\r\nUtcTime: 2020-04-24 10:25:34.962\r\nProcessGuid: {df9fc3d3-be95-5ea2-0000-001031a80000}\r\nProcessId: 584\r\nImage: C:\\Windows\\system32\\services.exe\r\nTargetObject: HKLM\\System\\CurrentControlSet\\Services\\PrintWorkflowUserSvc_3ea3f\\Start\r\nDetails: DWORD (0x00000003)\""""},""eventdata"":{""ruleName"":""T1031,T1050"",""eventType"":""SetValue"",""utcTime"":""2020-04-24 10:25:34.962"",""processGuid"":""{df9fc3d3-be95-5ea2-0000-001031a80000}"",""processId"":""584"",""image"":""C:\\\\Windows\\\\system32\\\\services.exe"",""targetObject"":""HKLM\\\\System\\\\CurrentControlSet\\\\Services\\\\PrintWorkflowUserSvc_3ea3f\\\\Start"",""details"":""DWORD (0x00000003)""}}}","""Registry value set:
RuleName: T1031,T1050
EventType: SetValue
UtcTime: 2020-04-24 10:25:34.962
ProcessGuid: {df9fc3d3-be95-5ea2-0000-001031a80000}
ProcessId: 584
Image: C:\Windows\system32\services.exe
TargetObject: HKLM\System\CurrentControlSet\Services\PrintWorkflowUserSvc_3ea3f\Start
Details: DWORD (0x00000003)"""
"Apr 24, 2020 @ 10:25:40.409",9,"ATT&CK T1058:Registry edit for new service","{""win"":{""system"":{""providerName"":""Microsoft-Windows-Sysmon"",""providerGuid"":""{5770385f-c22a-43e0-bf4c-06f5698ffbd9}"",""eventID"":""13"",""version"":""2"",""level"":""4"",""task"":""13"",""opcode"":""0"",""keywords"":""0x8000000000000000"",""systemTime"":""2020-04-24T10:25:35.011150200Z"",""eventRecordID"":""531"",""processID"":""2148"",""threadID"":""2680"",""channel"":""Microsoft-Windows-Sysmon/Operational"",""computer"":""DESKTOP-HUE026H"",""severityValue"":""INFORMATION"",""message"":""\""Registry value set:\r\nRuleName: T1031,T1050\r\nEventType: SetValue\r\nUtcTime: 2020-04-24 10:25:34.962\r\nProcessGuid: {df9fc3d3-be95-5ea2-0000-001031a80000}\r\nProcessId: 584\r\nImage: C:\\Windows\\system32\\services.exe\r\nTargetObject: HKLM\\System\\CurrentControlSet\\Services\\PimIndexMaintenanceSvc_3ea3f\\ImagePath\r\nDetails: C:\\Windows\\system32\\svchost.exe -k UnistackSvcGroup\""""},""eventdata"":{""ruleName"":""T1031,T1050"",""eventType"":""SetValue"",""utcTime"":""2020-04-24 10:25:34.962"",""processGuid"":""{df9fc3d3-be95-5ea2-0000-001031a80000}"",""processId"":""584"",""image"":""C:\\\\Windows\\\\system32\\\\services.exe"",""targetObject"":""HKLM\\\\System\\\\CurrentControlSet\\\\Services\\\\PimIndexMaintenanceSvc_3ea3f\\\\ImagePath"",""details"":""C:\\\\Windows\\\\system32\\\\svchost.exe -k UnistackSvcGroup""}}}","""Registry value set:
RuleName: T1031,T1050
EventType: SetValue
UtcTime: 2020-04-24 10:25:34.962
ProcessGuid: {df9fc3d3-be95-5ea2-0000-001031a80000}
ProcessId: 584
Image: C:\Windows\system32\services.exe
TargetObject: HKLM\System\CurrentControlSet\Services\PimIndexMaintenanceSvc_3ea3f\ImagePath
Details: C:\Windows\system32\svchost.exe -k UnistackSvcGroup"""
"Apr 24, 2020 @ 10:25:40.398",9,"ATT&CK T1058:Registry edit for new service","{""win"":{""system"":{""providerName"":""Microsoft-Windows-Sysmon"",""providerGuid"":""{5770385f-c22a-43e0-bf4c-06f5698ffbd9}"",""eventID"":""13"",""version"":""2"",""level"":""4"",""task"":""13"",""opcode"":""0"",""keywords"":""0x8000000000000000"",""systemTime"":""2020-04-24T10:25:35.010762700Z"",""eventRecordID"":""530"",""processID"":""2148"",""threadID"":""2680"",""channel"":""Microsoft-Windows-Sysmon/Operational"",""computer"":""DESKTOP-HUE026H"",""severityValue"":""INFORMATION"",""message"":""\""Registry value set:\r\nRuleName: T1031,T1050\r\nEventType: SetValue\r\nUtcTime: 2020-04-24 10:25:34.962\r\nProcessGuid: {df9fc3d3-be95-5ea2-0000-001031a80000}\r\nProcessId: 584\r\nImage: C:\\Windows\\system32\\services.exe\r\nTargetObject: HKLM\\System\\CurrentControlSet\\Services\\PimIndexMaintenanceSvc_3ea3f\\Start\r\nDetails: DWORD (0x00000003)\""""},""eventdata"":{""ruleName"":""T1031,T1050"",""eventType"":""SetValue"",""utcTime"":""2020-04-24 10:25:34.962"",""processGuid"":""{df9fc3d3-be95-5ea2-0000-001031a80000}"",""processId"":""584"",""image"":""C:\\\\Windows\\\\system32\\\\services.exe"",""targetObject"":""HKLM\\\\System\\\\CurrentControlSet\\\\Services\\\\PimIndexMaintenanceSvc_3ea3f\\\\Start"",""details"":""DWORD (0x00000003)""}}}","""Registry value set:
RuleName: T1031,T1050
EventType: SetValue
UtcTime: 2020-04-24 10:25:34.962
ProcessGuid: {df9fc3d3-be95-5ea2-0000-001031a80000}
ProcessId: 584
Image: C:\Windows\system32\services.exe
TargetObject: HKLM\System\CurrentControlSet\Services\PimIndexMaintenanceSvc_3ea3f\Start
Details: DWORD (0x00000003)"""
"Apr 24, 2020 @ 10:25:40.383",9,"ATT&CK T1058:Registry edit for new service","{""win"":{""system"":{""providerName"":""Microsoft-Windows-Sysmon"",""providerGuid"":""{5770385f-c22a-43e0-bf4c-06f5698ffbd9}"",""eventID"":""13"",""version"":""2"",""level"":""4"",""task"":""13"",""opcode"":""0"",""keywords"":""0x8000000000000000"",""systemTime"":""2020-04-24T10:25:35.009467900Z"",""eventRecordID"":""529"",""processID"":""2148"",""threadID"":""2680"",""channel"":""Microsoft-Windows-Sysmon/Operational"",""computer"":""DESKTOP-HUE026H"",""severityValue"":""INFORMATION"",""message"":""\""Registry value set:\r\nRuleName: T1031,T1050\r\nEventType: SetValue\r\nUtcTime: 2020-04-24 10:25:34.962\r\nProcessGuid: {df9fc3d3-be95-5ea2-0000-001031a80000}\r\nProcessId: 584\r\nImage: C:\\Windows\\system32\\services.exe\r\nTargetObject: HKLM\\System\\CurrentControlSet\\Services\\OneSyncSvc_3ea3f\\ImagePath\r\nDetails: C:\\Windows\\system32\\svchost.exe -k UnistackSvcGroup\""""},""eventdata"":{""ruleName"":""T1031,T1050"",""eventType"":""SetValue"",""utcTime"":""2020-04-24 10:25:34.962"",""processGuid"":""{df9fc3d3-be95-5ea2-0000-001031a80000}"",""processId"":""584"",""image"":""C:\\\\Windows\\\\system32\\\\services.exe"",""targetObject"":""HKLM\\\\System\\\\CurrentControlSet\\\\Services\\\\OneSyncSvc_3ea3f\\\\ImagePath"",""details"":""C:\\\\Windows\\\\system32\\\\svchost.exe -k UnistackSvcGroup""}}}","""Registry value set:
RuleName: T1031,T1050
EventType: SetValue
UtcTime: 2020-04-24 10:25:34.962
ProcessGuid: {df9fc3d3-be95-5ea2-0000-001031a80000}
ProcessId: 584
Image: C:\Windows\system32\services.exe
TargetObject: HKLM\System\CurrentControlSet\Services\OneSyncSvc_3ea3f\ImagePath
Details: C:\Windows\system32\svchost.exe -k UnistackSvcGroup"""
"Apr 24, 2020 @ 10:25:40.343",9,"ATT&CK T1058:Registry edit for new service","{""win"":{""system"":{""providerName"":""Microsoft-Windows-Sysmon"",""providerGuid"":""{5770385f-c22a-43e0-bf4c-06f5698ffbd9}"",""eventID"":""13"",""version"":""2"",""level"":""4"",""task"":""13"",""opcode"":""0"",""keywords"":""0x8000000000000000"",""systemTime"":""2020-04-24T10:25:35.008533700Z"",""eventRecordID"":""528"",""processID"":""2148"",""threadID"":""2680"",""channel"":""Microsoft-Windows-Sysmon/Operational"",""computer"":""DESKTOP-HUE026H"",""severityValue"":""INFORMATION"",""message"":""\""Registry value set:\r\nRuleName: T1031,T1050\r\nEventType: SetValue\r\nUtcTime: 2020-04-24 10:25:34.962\r\nProcessGuid: {df9fc3d3-be95-5ea2-0000-001031a80000}\r\nProcessId: 584\r\nImage: C:\\Windows\\system32\\services.exe\r\nTargetObject: HKLM\\System\\CurrentControlSet\\Services\\OneSyncSvc_3ea3f\\Start\r\nDetails: DWORD (0x00000002)\""""},""eventdata"":{""ruleName"":""T1031,T1050"",""eventType"":""SetValue"",""utcTime"":""2020-04-24 10:25:34.962"",""processGuid"":""{df9fc3d3-be95-5ea2-0000-001031a80000}"",""processId"":""584"",""image"":""C:\\\\Windows\\\\system32\\\\services.exe"",""targetObject"":""HKLM\\\\System\\\\CurrentControlSet\\\\Services\\\\OneSyncSvc_3ea3f\\\\Start"",""details"":""DWORD (0x00000002)""}}}","""Registry value set:
RuleName: T1031,T1050
EventType: SetValue
UtcTime: 2020-04-24 10:25:34.962
ProcessGuid: {df9fc3d3-be95-5ea2-0000-001031a80000}
ProcessId: 584
Image: C:\Windows\system32\services.exe
TargetObject: HKLM\System\CurrentControlSet\Services\OneSyncSvc_3ea3f\Start
Details: DWORD (0x00000002)"""
"Apr 24, 2020 @ 10:25:40.329",9,"ATT&CK T1058:Registry edit for new service","{""win"":{""system"":{""providerName"":""Microsoft-Windows-Sysmon"",""providerGuid"":""{5770385f-c22a-43e0-bf4c-06f5698ffbd9}"",""eventID"":""13"",""version"":""2"",""level"":""4"",""task"":""13"",""opcode"":""0"",""keywords"":""0x8000000000000000"",""systemTime"":""2020-04-24T10:25:35.005449600Z"",""eventRecordID"":""527"",""processID"":""2148"",""threadID"":""2680"",""channel"":""Microsoft-Windows-Sysmon/Operational"",""computer"":""DESKTOP-HUE026H"",""severityValue"":""INFORMATION"",""message"":""\""Registry value set:\r\nRuleName: T1031,T1050\r\nEventType: SetValue\r\nUtcTime: 2020-04-24 10:25:34.962\r\nProcessGuid: {df9fc3d3-be95-5ea2-0000-001031a80000}\r\nProcessId: 584\r\nImage: C:\\Windows\\system32\\services.exe\r\nTargetObject: HKLM\\System\\CurrentControlSet\\Services\\MessagingService_3ea3f\\ImagePath\r\nDetails: C:\\Windows\\system32\\svchost.exe -k UnistackSvcGroup\""""},""eventdata"":{""ruleName"":""T1031,T1050"",""eventType"":""SetValue"",""utcTime"":""2020-04-24 10:25:34.962"",""processGuid"":""{df9fc3d3-be95-5ea2-0000-001031a80000}"",""processId"":""584"",""image"":""C:\\\\Windows\\\\system32\\\\services.exe"",""targetObject"":""HKLM\\\\System\\\\CurrentControlSet\\\\Services\\\\MessagingService_3ea3f\\\\ImagePath"",""details"":""C:\\\\Windows\\\\system32\\\\svchost.exe -k UnistackSvcGroup""}}}","""Registry value set:
RuleName: T1031,T1050
EventType: SetValue
UtcTime: 2020-04-24 10:25:34.962
ProcessGuid: {df9fc3d3-be95-5ea2-0000-001031a80000}
ProcessId: 584
Image: C:\Windows\system32\services.exe
TargetObject: HKLM\System\CurrentControlSet\Services\MessagingService_3ea3f\ImagePath
Details: C:\Windows\system32\svchost.exe -k UnistackSvcGroup"""
"Apr 24, 2020 @ 10:25:40.316",9,"ATT&CK T1058:Registry edit for new service","{""win"":{""system"":{""providerName"":""Microsoft-Windows-Sysmon"",""providerGuid"":""{5770385f-c22a-43e0-bf4c-06f5698ffbd9}"",""eventID"":""13"",""version"":""2"",""level"":""4"",""task"":""13"",""opcode"":""0"",""keywords"":""0x8000000000000000"",""systemTime"":""2020-04-24T10:25:35.005239800Z"",""eventRecordID"":""526"",""processID"":""2148"",""threadID"":""2680"",""channel"":""Microsoft-Windows-Sysmon/Operational"",""computer"":""DESKTOP-HUE026H"",""severityValue"":""INFORMATION"",""message"":""\""Registry value set:\r\nRuleName: T1031,T1050\r\nEventType: SetValue\r\nUtcTime: 2020-04-24 10:25:34.962\r\nProcessGuid: {df9fc3d3-be95-5ea2-0000-001031a80000}\r\nProcessId: 584\r\nImage: C:\\Windows\\system32\\services.exe\r\nTargetObject: HKLM\\System\\CurrentControlSet\\Services\\MessagingService_3ea3f\\Start\r\nDetails: DWORD (0x00000003)\""""},""eventdata"":{""ruleName"":""T1031,T1050"",""eventType"":""SetValue"",""utcTime"":""2020-04-24 10:25:34.962"",""processGuid"":""{df9fc3d3-be95-5ea2-0000-001031a80000}"",""processId"":""584"",""image"":""C:\\\\Windows\\\\system32\\\\services.exe"",""targetObject"":""HKLM\\\\System\\\\CurrentControlSet\\\\Services\\\\MessagingService_3ea3f\\\\Start"",""details"":""DWORD (0x00000003)""}}}","""Registry value set:
RuleName: T1031,T1050
EventType: SetValue
UtcTime: 2020-04-24 10:25:34.962
ProcessGuid: {df9fc3d3-be95-5ea2-0000-001031a80000}
ProcessId: 584
Image: C:\Windows\system32\services.exe
TargetObject: HKLM\System\CurrentControlSet\Services\MessagingService_3ea3f\Start
Details: DWORD (0x00000003)"""
"Apr 24, 2020 @ 10:25:40.298",9,"ATT&CK T1058:Registry edit for new service","{""win"":{""system"":{""providerName"":""Microsoft-Windows-Sysmon"",""providerGuid"":""{5770385f-c22a-43e0-bf4c-06f5698ffbd9}"",""eventID"":""13"",""version"":""2"",""level"":""4"",""task"":""13"",""opcode"":""0"",""keywords"":""0x8000000000000000"",""systemTime"":""2020-04-24T10:25:35.004210500Z"",""eventRecordID"":""525"",""processID"":""2148"",""threadID"":""2680"",""channel"":""Microsoft-Windows-Sysmon/Operational"",""computer"":""DESKTOP-HUE026H"",""severityValue"":""INFORMATION"",""message"":""\""Registry value set:\r\nRuleName: T1031,T1050\r\nEventType: SetValue\r\nUtcTime: 2020-04-24 10:25:34.962\r\nProcessGuid: {df9fc3d3-be95-5ea2-0000-001031a80000}\r\nProcessId: 584\r\nImage: C:\\Windows\\system32\\services.exe\r\nTargetObject: HKLM\\System\\CurrentControlSet\\Services\\DevicesFlowUserSvc_3ea3f\\ImagePath\r\nDetails: C:\\Windows\\system32\\svchost.exe -k DevicesFlow\""""},""eventdata"":{""ruleName"":""T1031,T1050"",""eventType"":""SetValue"",""utcTime"":""2020-04-24 10:25:34.962"",""processGuid"":""{df9fc3d3-be95-5ea2-0000-001031a80000}"",""processId"":""584"",""image"":""C:\\\\Windows\\\\system32\\\\services.exe"",""targetObject"":""HKLM\\\\System\\\\CurrentControlSet\\\\Services\\\\DevicesFlowUserSvc_3ea3f\\\\ImagePath"",""details"":""C:\\\\Windows\\\\system32\\\\svchost.exe -k DevicesFlow""}}}","""Registry value set:
RuleName: T1031,T1050
EventType: SetValue
UtcTime: 2020-04-24 10:25:34.962
ProcessGuid: {df9fc3d3-be95-5ea2-0000-001031a80000}
ProcessId: 584
Image: C:\Windows\system32\services.exe
TargetObject: HKLM\System\CurrentControlSet\Services\DevicesFlowUserSvc_3ea3f\ImagePath
Details: C:\Windows\system32\svchost.exe -k DevicesFlow"""
"Apr 24, 2020 @ 10:25:40.287",9,"ATT&CK T1058:Registry edit for new service","{""win"":{""system"":{""providerName"":""Microsoft-Windows-Sysmon"",""providerGuid"":""{5770385f-c22a-43e0-bf4c-06f5698ffbd9}"",""eventID"":""13"",""version"":""2"",""level"":""4"",""task"":""13"",""opcode"":""0"",""keywords"":""0x8000000000000000"",""systemTime"":""2020-04-24T10:25:35.003632200Z"",""eventRecordID"":""524"",""processID"":""2148"",""threadID"":""2680"",""channel"":""Microsoft-Windows-Sysmon/Operational"",""computer"":""DESKTOP-HUE026H"",""severityValue"":""INFORMATION"",""message"":""\""Registry value set:\r\nRuleName: T1031,T1050\r\nEventType: SetValue\r\nUtcTime: 2020-04-24 10:25:34.962\r\nProcessGuid: {df9fc3d3-be95-5ea2-0000-001031a80000}\r\nProcessId: 584\r\nImage: C:\\Windows\\system32\\services.exe\r\nTargetObject: HKLM\\System\\CurrentControlSet\\Services\\DevicesFlowUserSvc_3ea3f\\Start\r\nDetails: DWORD (0x00000003)\""""},""eventdata"":{""ruleName"":""T1031,T1050"",""eventType"":""SetValue"",""utcTime"":""2020-04-24 10:25:34.962"",""processGuid"":""{df9fc3d3-be95-5ea2-0000-001031a80000}"",""processId"":""584"",""image"":""C:\\\\Windows\\\\system32\\\\services.exe"",""targetObject"":""HKLM\\\\System\\\\CurrentControlSet\\\\Services\\\\DevicesFlowUserSvc_3ea3f\\\\Start"",""details"":""DWORD (0x00000003)""}}}","""Registry value set:
RuleName: T1031,T1050
EventType: SetValue
UtcTime: 2020-04-24 10:25:34.962
ProcessGuid: {df9fc3d3-be95-5ea2-0000-001031a80000}
ProcessId: 584
Image: C:\Windows\system32\services.exe
TargetObject: HKLM\System\CurrentControlSet\Services\DevicesFlowUserSvc_3ea3f\Start
Details: DWORD (0x00000003)"""
"Apr 24, 2020 @ 10:25:40.255",9,"ATT&CK T1058:Registry edit for new service","{""win"":{""system"":{""providerName"":""Microsoft-Windows-Sysmon"",""providerGuid"":""{5770385f-c22a-43e0-bf4c-06f5698ffbd9}"",""eventID"":""13"",""version"":""2"",""level"":""4"",""task"":""13"",""opcode"":""0"",""keywords"":""0x8000000000000000"",""systemTime"":""2020-04-24T10:25:35.001338600Z"",""eventRecordID"":""523"",""processID"":""2148"",""threadID"":""2680"",""channel"":""Microsoft-Windows-Sysmon/Operational"",""computer"":""DESKTOP-HUE026H"",""severityValue"":""INFORMATION"",""message"":""\""Registry value set:\r\nRuleName: T1031,T1050\r\nEventType: SetValue\r\nUtcTime: 2020-04-24 10:25:34.946\r\nProcessGuid: {df9fc3d3-be95-5ea2-0000-001031a80000}\r\nProcessId: 584\r\nImage: C:\\Windows\\system32\\services.exe\r\nTargetObject: HKLM\\System\\CurrentControlSet\\Services\\DevicePickerUserSvc_3ea3f\\ImagePath\r\nDetails: C:\\Windows\\system32\\svchost.exe -k DevicesFlow\""""},""eventdata"":{""ruleName"":""T1031,T1050"",""eventType"":""SetValue"",""utcTime"":""2020-04-24 10:25:34.946"",""processGuid"":""{df9fc3d3-be95-5ea2-0000-001031a80000}"",""processId"":""584"",""image"":""C:\\\\Windows\\\\system32\\\\services.exe"",""targetObject"":""HKLM\\\\System\\\\CurrentControlSet\\\\Services\\\\DevicePickerUserSvc_3ea3f\\\\ImagePath"",""details"":""C:\\\\Windows\\\\system32\\\\svchost.exe -k DevicesFlow""}}}","""Registry value set:
RuleName: T1031,T1050
EventType: SetValue
UtcTime: 2020-04-24 10:25:34.946
ProcessGuid: {df9fc3d3-be95-5ea2-0000-001031a80000}
ProcessId: 584
Image: C:\Windows\system32\services.exe
TargetObject: HKLM\System\CurrentControlSet\Services\DevicePickerUserSvc_3ea3f\ImagePath
Details: C:\Windows\system32\svchost.exe -k DevicesFlow"""
"Apr 24, 2020 @ 10:25:40.244",9,"ATT&CK T1058:Registry edit for new service","{""win"":{""system"":{""providerName"":""Microsoft-Windows-Sysmon"",""providerGuid"":""{5770385f-c22a-43e0-bf4c-06f5698ffbd9}"",""eventID"":""13"",""version"":""2"",""level"":""4"",""task"":""13"",""opcode"":""0"",""keywords"":""0x8000000000000000"",""systemTime"":""2020-04-24T10:25:35.000982500Z"",""eventRecordID"":""522"",""processID"":""2148"",""threadID"":""2680"",""channel"":""Microsoft-Windows-Sysmon/Operational"",""computer"":""DESKTOP-HUE026H"",""severityValue"":""INFORMATION"",""message"":""\""Registry value set:\r\nRuleName: T1031,T1050\r\nEventType: SetValue\r\nUtcTime: 2020-04-24 10:25:34.946\r\nProcessGuid: {df9fc3d3-be95-5ea2-0000-001031a80000}\r\nProcessId: 584\r\nImage: C:\\Windows\\system32\\services.exe\r\nTargetObject: HKLM\\System\\CurrentControlSet\\Services\\DevicePickerUserSvc_3ea3f\\Start\r\nDetails: DWORD (0x00000003)\""""},""eventdata"":{""ruleName"":""T1031,T1050"",""eventType"":""SetValue"",""utcTime"":""2020-04-24 10:25:34.946"",""processGuid"":""{df9fc3d3-be95-5ea2-0000-001031a80000}"",""processId"":""584"",""image"":""C:\\\\Windows\\\\system32\\\\services.exe"",""targetObject"":""HKLM\\\\System\\\\CurrentControlSet\\\\Services\\\\DevicePickerUserSvc_3ea3f\\\\Start"",""details"":""DWORD (0x00000003)""}}}","""Registry value set:
RuleName: T1031,T1050
EventType: SetValue
UtcTime: 2020-04-24 10:25:34.946
ProcessGuid: {df9fc3d3-be95-5ea2-0000-001031a80000}
ProcessId: 584
Image: C:\Windows\system32\services.exe
TargetObject: HKLM\System\CurrentControlSet\Services\DevicePickerUserSvc_3ea3f\Start
Details: DWORD (0x00000003)"""
"Apr 24, 2020 @ 10:25:40.218",9,"ATT&CK T1058:Registry edit for new service","{""win"":{""system"":{""providerName"":""Microsoft-Windows-Sysmon"",""providerGuid"":""{5770385f-c22a-43e0-bf4c-06f5698ffbd9}"",""eventID"":""13"",""version"":""2"",""level"":""4"",""task"":""13"",""opcode"":""0"",""keywords"":""0x8000000000000000"",""systemTime"":""2020-04-24T10:25:34.999775800Z"",""eventRecordID"":""521"",""processID"":""2148"",""threadID"":""2680"",""channel"":""Microsoft-Windows-Sysmon/Operational"",""computer"":""DESKTOP-HUE026H"",""severityValue"":""INFORMATION"",""message"":""\""Registry value set:\r\nRuleName: T1031,T1050\r\nEventType: SetValue\r\nUtcTime: 2020-04-24 10:25:34.946\r\nProcessGuid: {df9fc3d3-be95-5ea2-0000-001031a80000}\r\nProcessId: 584\r\nImage: C:\\Windows\\system32\\services.exe\r\nTargetObject: HKLM\\System\\CurrentControlSet\\Services\\DeviceAssociationBrokerSvc_3ea3f\\ImagePath\r\nDetails: C:\\Windows\\system32\\svchost.exe -k DevicesFlow -p\""""},""eventdata"":{""ruleName"":""T1031,T1050"",""eventType"":""SetValue"",""utcTime"":""2020-04-24 10:25:34.946"",""processGuid"":""{df9fc3d3-be95-5ea2-0000-001031a80000}"",""processId"":""584"",""image"":""C:\\\\Windows\\\\system32\\\\services.exe"",""targetObject"":""HKLM\\\\System\\\\CurrentControlSet\\\\Services\\\\DeviceAssociationBrokerSvc_3ea3f\\\\ImagePath"",""details"":""C:\\\\Windows\\\\system32\\\\svchost.exe -k DevicesFlow -p""}}}","""Registry value set:
RuleName: T1031,T1050
EventType: SetValue
UtcTime: 2020-04-24 10:25:34.946
ProcessGuid: {df9fc3d3-be95-5ea2-0000-001031a80000}
ProcessId: 584
Image: C:\Windows\system32\services.exe
TargetObject: HKLM\System\CurrentControlSet\Services\DeviceAssociationBrokerSvc_3ea3f\ImagePath
Details: C:\Windows\system32\svchost.exe -k DevicesFlow -p"""
"Apr 24, 2020 @ 10:25:40.202",9,"ATT&CK T1058:Registry edit for new service","{""win"":{""system"":{""providerName"":""Microsoft-Windows-Sysmon"",""providerGuid"":""{5770385f-c22a-43e0-bf4c-06f5698ffbd9}"",""eventID"":""13"",""version"":""2"",""level"":""4"",""task"":""13"",""opcode"":""0"",""keywords"":""0x8000000000000000"",""systemTime"":""2020-04-24T10:25:34.999409800Z"",""eventRecordID"":""520"",""processID"":""2148"",""threadID"":""2680"",""channel"":""Microsoft-Windows-Sysmon/Operational"",""computer"":""DESKTOP-HUE026H"",""severityValue"":""INFORMATION"",""message"":""\""Registry value set:\r\nRuleName: T1031,T1050\r\nEventType: SetValue\r\nUtcTime: 2020-04-24 10:25:34.946\r\nProcessGuid: {df9fc3d3-be95-5ea2-0000-001031a80000}\r\nProcessId: 584\r\nImage: C:\\Windows\\system32\\services.exe\r\nTargetObject: HKLM\\System\\CurrentControlSet\\Services\\DeviceAssociationBrokerSvc_3ea3f\\Start\r\nDetails: DWORD (0x00000003)\""""},""eventdata"":{""ruleName"":""T1031,T1050"",""eventType"":""SetValue"",""utcTime"":""2020-04-24 10:25:34.946"",""processGuid"":""{df9fc3d3-be95-5ea2-0000-001031a80000}"",""processId"":""584"",""image"":""C:\\\\Windows\\\\system32\\\\services.exe"",""targetObject"":""HKLM\\\\System\\\\CurrentControlSet\\\\Services\\\\DeviceAssociationBrokerSvc_3ea3f\\\\Start"",""details"":""DWORD (0x00000003)""}}}","""Registry value set:
RuleName: T1031,T1050
EventType: SetValue
UtcTime: 2020-04-24 10:25:34.946
ProcessGuid: {df9fc3d3-be95-5ea2-0000-001031a80000}
ProcessId: 584
Image: C:\Windows\system32\services.exe
TargetObject: HKLM\System\CurrentControlSet\Services\DeviceAssociationBrokerSvc_3ea3f\Start
Details: DWORD (0x00000003)"""
"Apr 24, 2020 @ 10:25:40.199",9,"ATT&CK T1058:Registry edit for new service","{""win"":{""system"":{""providerName"":""Microsoft-Windows-Sysmon"",""providerGuid"":""{5770385f-c22a-43e0-bf4c-06f5698ffbd9}"",""eventID"":""13"",""version"":""2"",""level"":""4"",""task"":""13"",""opcode"":""0"",""keywords"":""0x8000000000000000"",""systemTime"":""2020-04-24T10:25:34.997619500Z"",""eventRecordID"":""519"",""processID"":""2148"",""threadID"":""2680"",""channel"":""Microsoft-Windows-Sysmon/Operational"",""computer"":""DESKTOP-HUE026H"",""severityValue"":""INFORMATION"",""message"":""\""Registry value set:\r\nRuleName: T1031,T1050\r\nEventType: SetValue\r\nUtcTime: 2020-04-24 10:25:34.946\r\nProcessGuid: {df9fc3d3-be95-5ea2-0000-001031a80000}\r\nProcessId: 584\r\nImage: C:\\Windows\\system32\\services.exe\r\nTargetObject: HKLM\\System\\CurrentControlSet\\Services\\CredentialEnrollmentManagerUserSvc_3ea3f\\ImagePath\r\nDetails: C:\\Windows\\system32\\CredentialEnrollmentManager.exe\""""},""eventdata"":{""ruleName"":""T1031,T1050"",""eventType"":""SetValue"",""utcTime"":""2020-04-24 10:25:34.946"",""processGuid"":""{df9fc3d3-be95-5ea2-0000-001031a80000}"",""processId"":""584"",""image"":""C:\\\\Windows\\\\system32\\\\services.exe"",""targetObject"":""HKLM\\\\System\\\\CurrentControlSet\\\\Services\\\\CredentialEnrollmentManagerUserSvc_3ea3f\\\\ImagePath"",""details"":""C:\\\\Windows\\\\system32\\\\CredentialEnrollmentManager.exe""}}}","""Registry value set:
RuleName: T1031,T1050
EventType: SetValue
UtcTime: 2020-04-24 10:25:34.946
ProcessGuid: {df9fc3d3-be95-5ea2-0000-001031a80000}
ProcessId: 584
Image: C:\Windows\system32\services.exe
TargetObject: HKLM\System\CurrentControlSet\Services\CredentialEnrollmentManagerUserSvc_3ea3f\ImagePath
Details: C:\Windows\system32\CredentialEnrollmentManager.exe"""
"Apr 24, 2020 @ 10:25:40.140",9,"ATT&CK T1058:Registry edit for new service","{""win"":{""system"":{""providerName"":""Microsoft-Windows-Sysmon"",""providerGuid"":""{5770385f-c22a-43e0-bf4c-06f5698ffbd9}"",""eventID"":""13"",""version"":""2"",""level"":""4"",""task"":""13"",""opcode"":""0"",""keywords"":""0x8000000000000000"",""systemTime"":""2020-04-24T10:25:34.997386000Z"",""eventRecordID"":""518"",""processID"":""2148"",""threadID"":""2680"",""channel"":""Microsoft-Windows-Sysmon/Operational"",""computer"":""DESKTOP-HUE026H"",""severityValue"":""INFORMATION"",""message"":""\""Registry value set:\r\nRuleName: T1031,T1050\r\nEventType: SetValue\r\nUtcTime: 2020-04-24 10:25:34.946\r\nProcessGuid: {df9fc3d3-be95-5ea2-0000-001031a80000}\r\nProcessId: 584\r\nImage: C:\\Windows\\system32\\services.exe\r\nTargetObject: HKLM\\System\\CurrentControlSet\\Services\\CredentialEnrollmentManagerUserSvc_3ea3f\\Start\r\nDetails: DWORD (0x00000003)\""""},""eventdata"":{""ruleName"":""T1031,T1050"",""eventType"":""SetValue"",""utcTime"":""2020-04-24 10:25:34.946"",""processGuid"":""{df9fc3d3-be95-5ea2-0000-001031a80000}"",""processId"":""584"",""image"":""C:\\\\Windows\\\\system32\\\\services.exe"",""targetObject"":""HKLM\\\\System\\\\CurrentControlSet\\\\Services\\\\CredentialEnrollmentManagerUserSvc_3ea3f\\\\Start"",""details"":""DWORD (0x00000003)""}}}","""Registry value set:
RuleName: T1031,T1050
EventType: SetValue
UtcTime: 2020-04-24 10:25:34.946
ProcessGuid: {df9fc3d3-be95-5ea2-0000-001031a80000}
ProcessId: 584
Image: C:\Windows\system32\services.exe
TargetObject: HKLM\System\CurrentControlSet\Services\CredentialEnrollmentManagerUserSvc_3ea3f\Start
Details: DWORD (0x00000003)"""
